ARM GAS  /tmp/ccJ0pnR4.s 			page 1


   1              		.cpu cortex-m3
   2              		.eabi_attribute 20, 1
   3              		.eabi_attribute 21, 1
   4              		.eabi_attribute 23, 3
   5              		.eabi_attribute 24, 1
   6              		.eabi_attribute 25, 1
   7              		.eabi_attribute 26, 1
   8              		.eabi_attribute 30, 4
   9              		.eabi_attribute 34, 1
  10              		.eabi_attribute 18, 4
  11              		.file	"stm32f1xx_hal_dma.c"
  12              		.text
  13              		.section	.text.HAL_DMA_Init,"ax",%progbits
  14              		.align	1
  15              		.global	HAL_DMA_Init
  16              		.arch armv7-m
  17              		.syntax unified
  18              		.thumb
  19              		.thumb_func
  20              		.fpu softvfp
  22              	HAL_DMA_Init:
  23              		@ args = 0, pretend = 0, frame = 0
  24              		@ frame_needed = 0, uses_anonymous_args = 0
  25 0000 10B5     		push	{r4, lr}
  26 0002 0028     		cmp	r0, #0
  27 0004 30D0     		beq	.L5
  28 0006 0168     		ldr	r1, [r0]
  29 0008 184B     		ldr	r3, .L7
  30 000a 1424     		movs	r4, #20
  31 000c 9942     		cmp	r1, r3
  32 000e 23D8     		bhi	.L3
  33 0010 174A     		ldr	r2, .L7+4
  34 0012 A3F20743 		subw	r3, r3, #1031
  35 0016 0A44     		add	r2, r2, r1
  36 0018 B2FBF4F2 		udiv	r2, r2, r4
  37 001c 9200     		lsls	r2, r2, #2
  38 001e 0264     		str	r2, [r0, #64]
  39              	.L6:
  40 0020 C363     		str	r3, [r0, #60]
  41 0022 D0E90134 		ldrd	r3, r4, [r0, #4]
  42 0026 2343     		orrs	r3, r3, r4
  43 0028 C468     		ldr	r4, [r0, #12]
  44 002a 0A68     		ldr	r2, [r1]
  45 002c 2343     		orrs	r3, r3, r4
  46 002e 0469     		ldr	r4, [r0, #16]
  47 0030 22F47F52 		bic	r2, r2, #16320
  48 0034 2343     		orrs	r3, r3, r4
  49 0036 4469     		ldr	r4, [r0, #20]
  50 0038 22F03002 		bic	r2, r2, #48
  51 003c 2343     		orrs	r3, r3, r4
  52 003e 8469     		ldr	r4, [r0, #24]
  53 0040 2343     		orrs	r3, r3, r4
  54 0042 C469     		ldr	r4, [r0, #28]
  55 0044 2343     		orrs	r3, r3, r4
  56 0046 1343     		orrs	r3, r3, r2
  57 0048 0B60     		str	r3, [r1]
  58 004a 4FF48072 		mov	r2, #256
ARM GAS  /tmp/ccJ0pnR4.s 			page 2


  59 004e 0023     		movs	r3, #0
  60 0050 0284     		strh	r2, [r0, #32]	@ movhi
  61 0052 8363     		str	r3, [r0, #56]
  62 0054 1846     		mov	r0, r3
  63              	.L2:
  64 0056 10BD     		pop	{r4, pc}
  65              	.L3:
  66 0058 064B     		ldr	r3, .L7+8
  67 005a 0B44     		add	r3, r3, r1
  68 005c B3FBF4F3 		udiv	r3, r3, r4
  69 0060 9B00     		lsls	r3, r3, #2
  70 0062 0364     		str	r3, [r0, #64]
  71 0064 044B     		ldr	r3, .L7+12
  72 0066 DBE7     		b	.L6
  73              	.L5:
  74 0068 0120     		movs	r0, #1
  75 006a F4E7     		b	.L2
  76              	.L8:
  77              		.align	2
  78              	.L7:
  79 006c 07040240 		.word	1073873927
  80 0070 F8FFFDBF 		.word	-1073872904
  81 0074 F8FBFDBF 		.word	-1073873928
  82 0078 00040240 		.word	1073873920
  84              		.section	.text.HAL_DMA_DeInit,"ax",%progbits
  85              		.align	1
  86              		.global	HAL_DMA_DeInit
  87              		.syntax unified
  88              		.thumb
  89              		.thumb_func
  90              		.fpu softvfp
  92              	HAL_DMA_DeInit:
  93              		@ args = 0, pretend = 0, frame = 0
  94              		@ frame_needed = 0, uses_anonymous_args = 0
  95 0000 10B5     		push	{r4, lr}
  96 0002 58B3     		cbz	r0, .L13
  97 0004 0368     		ldr	r3, [r0]
  98 0006 1424     		movs	r4, #20
  99 0008 1A68     		ldr	r2, [r3]
 100 000a 22F00102 		bic	r2, r2, #1
 101 000e 1A60     		str	r2, [r3]
 102 0010 0022     		movs	r2, #0
 103 0012 1A60     		str	r2, [r3]
 104 0014 5A60     		str	r2, [r3, #4]
 105 0016 9A60     		str	r2, [r3, #8]
 106 0018 DA60     		str	r2, [r3, #12]
 107 001a 114A     		ldr	r2, .L15
 108 001c 9342     		cmp	r3, r2
 109 001e 15D8     		bhi	.L11
 110 0020 1049     		ldr	r1, .L15+4
 111 0022 1944     		add	r1, r1, r3
 112 0024 B1FBF4F1 		udiv	r1, r1, r4
 113 0028 0F4B     		ldr	r3, .L15+8
 114 002a 8900     		lsls	r1, r1, #2
 115 002c 0164     		str	r1, [r0, #64]
 116              	.L14:
 117 002e C363     		str	r3, [r0, #60]
ARM GAS  /tmp/ccJ0pnR4.s 			page 3


 118 0030 0123     		movs	r3, #1
 119 0032 D0E90F21 		ldrd	r2, r1, [r0, #60]
 120 0036 8B40     		lsls	r3, r3, r1
 121 0038 5360     		str	r3, [r2, #4]
 122 003a 0023     		movs	r3, #0
 123 003c C0E90A33 		strd	r3, r3, [r0, #40]
 124 0040 C0E90C33 		strd	r3, r3, [r0, #48]
 125 0044 8363     		str	r3, [r0, #56]
 126 0046 0384     		strh	r3, [r0, #32]	@ movhi
 127 0048 1846     		mov	r0, r3
 128              	.L10:
 129 004a 10BD     		pop	{r4, pc}
 130              	.L11:
 131 004c 074A     		ldr	r2, .L15+12
 132 004e 1A44     		add	r2, r2, r3
 133 0050 B2FBF4F2 		udiv	r2, r2, r4
 134 0054 9200     		lsls	r2, r2, #2
 135 0056 064B     		ldr	r3, .L15+16
 136 0058 0264     		str	r2, [r0, #64]
 137 005a E8E7     		b	.L14
 138              	.L13:
 139 005c 0120     		movs	r0, #1
 140 005e F4E7     		b	.L10
 141              	.L16:
 142              		.align	2
 143              	.L15:
 144 0060 07040240 		.word	1073873927
 145 0064 F8FFFDBF 		.word	-1073872904
 146 0068 00000240 		.word	1073872896
 147 006c F8FBFDBF 		.word	-1073873928
 148 0070 00040240 		.word	1073873920
 150              		.section	.text.HAL_DMA_Start,"ax",%progbits
 151              		.align	1
 152              		.global	HAL_DMA_Start
 153              		.syntax unified
 154              		.thumb
 155              		.thumb_func
 156              		.fpu softvfp
 158              	HAL_DMA_Start:
 159              		@ args = 0, pretend = 0, frame = 0
 160              		@ frame_needed = 0, uses_anonymous_args = 0
 161 0000 F0B5     		push	{r4, r5, r6, r7, lr}
 162 0002 90F82040 		ldrb	r4, [r0, #32]	@ zero_extendqisi2
 163 0006 012C     		cmp	r4, #1
 164 0008 26D0     		beq	.L22
 165 000a 0124     		movs	r4, #1
 166 000c 90F82150 		ldrb	r5, [r0, #33]	@ zero_extendqisi2
 167 0010 80F82040 		strb	r4, [r0, #32]
 168 0014 A542     		cmp	r5, r4
 169 0016 4FF00006 		mov	r6, #0
 170 001a 4FF00204 		mov	r4, #2
 171 001e 19D1     		bne	.L19
 172 0020 80F82140 		strb	r4, [r0, #33]
 173 0024 0468     		ldr	r4, [r0]
 174 0026 8663     		str	r6, [r0, #56]
 175 0028 2668     		ldr	r6, [r4]
 176 002a 26F00106 		bic	r6, r6, #1
ARM GAS  /tmp/ccJ0pnR4.s 			page 4


 177 002e 2660     		str	r6, [r4]
 178 0030 D0E90F67 		ldrd	r6, r7, [r0, #60]
 179 0034 BD40     		lsls	r5, r5, r7
 180 0036 7560     		str	r5, [r6, #4]
 181 0038 6360     		str	r3, [r4, #4]
 182 003a 4368     		ldr	r3, [r0, #4]
 183 003c 0020     		movs	r0, #0
 184 003e 102B     		cmp	r3, #16
 185 0040 0BBF     		itete	eq
 186 0042 A260     		streq	r2, [r4, #8]
 187 0044 A160     		strne	r1, [r4, #8]
 188 0046 E160     		streq	r1, [r4, #12]
 189 0048 E260     		strne	r2, [r4, #12]
 190 004a 2368     		ldr	r3, [r4]
 191 004c 43F00103 		orr	r3, r3, #1
 192 0050 2360     		str	r3, [r4]
 193              	.L18:
 194 0052 F0BD     		pop	{r4, r5, r6, r7, pc}
 195              	.L19:
 196 0054 80F82060 		strb	r6, [r0, #32]
 197              	.L22:
 198 0058 0220     		movs	r0, #2
 199 005a FAE7     		b	.L18
 201              		.section	.text.HAL_DMA_Start_IT,"ax",%progbits
 202              		.align	1
 203              		.global	HAL_DMA_Start_IT
 204              		.syntax unified
 205              		.thumb
 206              		.thumb_func
 207              		.fpu softvfp
 209              	HAL_DMA_Start_IT:
 210              		@ args = 0, pretend = 0, frame = 0
 211              		@ frame_needed = 0, uses_anonymous_args = 0
 212 0000 F0B5     		push	{r4, r5, r6, r7, lr}
 213 0002 90F82040 		ldrb	r4, [r0, #32]	@ zero_extendqisi2
 214 0006 012C     		cmp	r4, #1
 215 0008 34D0     		beq	.L30
 216 000a 0124     		movs	r4, #1
 217 000c 90F82150 		ldrb	r5, [r0, #33]	@ zero_extendqisi2
 218 0010 80F82040 		strb	r4, [r0, #32]
 219 0014 A542     		cmp	r5, r4
 220 0016 4FF00006 		mov	r6, #0
 221 001a 4FF00204 		mov	r4, #2
 222 001e 27D1     		bne	.L25
 223 0020 80F82140 		strb	r4, [r0, #33]
 224 0024 0468     		ldr	r4, [r0]
 225 0026 8663     		str	r6, [r0, #56]
 226 0028 2668     		ldr	r6, [r4]
 227 002a 26F00106 		bic	r6, r6, #1
 228 002e 2660     		str	r6, [r4]
 229 0030 D0E90F67 		ldrd	r6, r7, [r0, #60]
 230 0034 BD40     		lsls	r5, r5, r7
 231 0036 7560     		str	r5, [r6, #4]
 232 0038 6360     		str	r3, [r4, #4]
 233 003a 4368     		ldr	r3, [r0, #4]
 234 003c 102B     		cmp	r3, #16
 235 003e C36A     		ldr	r3, [r0, #44]
ARM GAS  /tmp/ccJ0pnR4.s 			page 5


 236 0040 0BBF     		itete	eq
 237 0042 A260     		streq	r2, [r4, #8]
 238 0044 A160     		strne	r1, [r4, #8]
 239 0046 E160     		streq	r1, [r4, #12]
 240 0048 E260     		strne	r2, [r4, #12]
 241 004a 4BB1     		cbz	r3, .L28
 242 004c 2368     		ldr	r3, [r4]
 243 004e 43F00E03 		orr	r3, r3, #14
 244              	.L31:
 245 0052 0020     		movs	r0, #0
 246 0054 2360     		str	r3, [r4]
 247 0056 2368     		ldr	r3, [r4]
 248 0058 43F00103 		orr	r3, r3, #1
 249 005c 2360     		str	r3, [r4]
 250              	.L24:
 251 005e F0BD     		pop	{r4, r5, r6, r7, pc}
 252              	.L28:
 253 0060 2368     		ldr	r3, [r4]
 254 0062 23F00403 		bic	r3, r3, #4
 255 0066 2360     		str	r3, [r4]
 256 0068 2368     		ldr	r3, [r4]
 257 006a 43F00A03 		orr	r3, r3, #10
 258 006e F0E7     		b	.L31
 259              	.L25:
 260 0070 80F82060 		strb	r6, [r0, #32]
 261              	.L30:
 262 0074 0220     		movs	r0, #2
 263 0076 F2E7     		b	.L24
 265              		.section	.text.HAL_DMA_Abort,"ax",%progbits
 266              		.align	1
 267              		.global	HAL_DMA_Abort
 268              		.syntax unified
 269              		.thumb
 270              		.thumb_func
 271              		.fpu softvfp
 273              	HAL_DMA_Abort:
 274              		@ args = 0, pretend = 0, frame = 0
 275              		@ frame_needed = 0, uses_anonymous_args = 0
 276              		@ link register save eliminated.
 277 0000 90F82130 		ldrb	r3, [r0, #33]	@ zero_extendqisi2
 278 0004 022B     		cmp	r3, #2
 279 0006 06D0     		beq	.L33
 280 0008 0423     		movs	r3, #4
 281 000a 8363     		str	r3, [r0, #56]
 282 000c 0023     		movs	r3, #0
 283 000e 80F82030 		strb	r3, [r0, #32]
 284 0012 0120     		movs	r0, #1
 285 0014 7047     		bx	lr
 286              	.L33:
 287 0016 0368     		ldr	r3, [r0]
 288 0018 1A68     		ldr	r2, [r3]
 289 001a 22F00E02 		bic	r2, r2, #14
 290 001e 1A60     		str	r2, [r3]
 291 0020 1A68     		ldr	r2, [r3]
 292 0022 22F00102 		bic	r2, r2, #1
 293 0026 1A60     		str	r2, [r3]
 294 0028 0123     		movs	r3, #1
ARM GAS  /tmp/ccJ0pnR4.s 			page 6


 295 002a D0E90F21 		ldrd	r2, r1, [r0, #60]
 296 002e 8B40     		lsls	r3, r3, r1
 297 0030 5360     		str	r3, [r2, #4]
 298 0032 4FF48073 		mov	r3, #256
 299 0036 0384     		strh	r3, [r0, #32]	@ movhi
 300 0038 0020     		movs	r0, #0
 301 003a 7047     		bx	lr
 303              		.section	.text.HAL_DMA_Abort_IT,"ax",%progbits
 304              		.align	1
 305              		.global	HAL_DMA_Abort_IT
 306              		.syntax unified
 307              		.thumb
 308              		.thumb_func
 309              		.fpu softvfp
 311              	HAL_DMA_Abort_IT:
 312              		@ args = 0, pretend = 0, frame = 0
 313              		@ frame_needed = 0, uses_anonymous_args = 0
 314 0000 08B5     		push	{r3, lr}
 315 0002 90F82130 		ldrb	r3, [r0, #33]	@ zero_extendqisi2
 316 0006 022B     		cmp	r3, #2
 317 0008 03D0     		beq	.L36
 318 000a 0423     		movs	r3, #4
 319 000c 8363     		str	r3, [r0, #56]
 320 000e 0120     		movs	r0, #1
 321              	.L37:
 322 0010 08BD     		pop	{r3, pc}
 323              	.L36:
 324 0012 0368     		ldr	r3, [r0]
 325 0014 4349     		ldr	r1, .L66
 326 0016 1A68     		ldr	r2, [r3]
 327 0018 22F00E02 		bic	r2, r2, #14
 328 001c 1A60     		str	r2, [r3]
 329 001e 1A68     		ldr	r2, [r3]
 330 0020 22F00102 		bic	r2, r2, #1
 331 0024 1A60     		str	r2, [r3]
 332 0026 404A     		ldr	r2, .L66+4
 333 0028 9342     		cmp	r3, r2
 334 002a 41D9     		bls	.L38
 335 002c 8B42     		cmp	r3, r1
 336 002e 38D0     		beq	.L49
 337 0030 1431     		adds	r1, r1, #20
 338 0032 8B42     		cmp	r3, r1
 339 0034 37D0     		beq	.L50
 340 0036 1431     		adds	r1, r1, #20
 341 0038 8B42     		cmp	r3, r1
 342 003a 36D0     		beq	.L51
 343 003c 1431     		adds	r1, r1, #20
 344 003e 8B42     		cmp	r3, r1
 345 0040 23D0     		beq	.L45
 346 0042 1431     		adds	r1, r1, #20
 347 0044 8B42     		cmp	r3, r1
 348 0046 23D0     		beq	.L46
 349 0048 1431     		adds	r1, r1, #20
 350 004a 8B42     		cmp	r3, r1
 351 004c 23D0     		beq	.L47
 352 004e 9342     		cmp	r3, r2
 353 0050 24D0     		beq	.L48
ARM GAS  /tmp/ccJ0pnR4.s 			page 7


 354 0052 02F56272 		add	r2, r2, #904
 355 0056 9342     		cmp	r3, r2
 356 0058 23D0     		beq	.L49
 357 005a 1432     		adds	r2, r2, #20
 358 005c 9342     		cmp	r3, r2
 359 005e 22D0     		beq	.L50
 360 0060 1432     		adds	r2, r2, #20
 361 0062 9342     		cmp	r3, r2
 362 0064 21D0     		beq	.L51
 363 0066 1432     		adds	r2, r2, #20
 364 0068 9342     		cmp	r3, r2
 365 006a 14BF     		ite	ne
 366 006c 4FF48033 		movne	r3, #65536
 367 0070 4FF48053 		moveq	r3, #4096
 368              	.L39:
 369 0074 2D4A     		ldr	r2, .L66+8
 370              	.L65:
 371 0076 5360     		str	r3, [r2, #4]
 372 0078 4FF48073 		mov	r3, #256
 373 007c 0384     		strh	r3, [r0, #32]	@ movhi
 374 007e 436B     		ldr	r3, [r0, #52]
 375 0080 002B     		cmp	r3, #0
 376 0082 4DD0     		beq	.L64
 377 0084 9847     		blx	r3
 378 0086 0020     		movs	r0, #0
 379 0088 C2E7     		b	.L37
 380              	.L45:
 381 008a 4FF48053 		mov	r3, #4096
 382 008e F1E7     		b	.L39
 383              	.L46:
 384 0090 4FF48033 		mov	r3, #65536
 385 0094 EEE7     		b	.L39
 386              	.L47:
 387 0096 4FF48013 		mov	r3, #1048576
 388 009a EBE7     		b	.L39
 389              	.L48:
 390 009c 4FF08073 		mov	r3, #16777216
 391 00a0 E8E7     		b	.L39
 392              	.L49:
 393 00a2 0123     		movs	r3, #1
 394 00a4 E6E7     		b	.L39
 395              	.L50:
 396 00a6 1023     		movs	r3, #16
 397 00a8 E4E7     		b	.L39
 398              	.L51:
 399 00aa 4FF48073 		mov	r3, #256
 400 00ae E1E7     		b	.L39
 401              	.L38:
 402 00b0 8B42     		cmp	r3, r1
 403 00b2 2ED0     		beq	.L60
 404 00b4 1E49     		ldr	r1, .L66+12
 405 00b6 8B42     		cmp	r3, r1
 406 00b8 2DD0     		beq	.L61
 407 00ba 1431     		adds	r1, r1, #20
 408 00bc 8B42     		cmp	r3, r1
 409 00be 2CD0     		beq	.L62
 410 00c0 1431     		adds	r1, r1, #20
ARM GAS  /tmp/ccJ0pnR4.s 			page 8


 411 00c2 8B42     		cmp	r3, r1
 412 00c4 19D0     		beq	.L56
 413 00c6 1431     		adds	r1, r1, #20
 414 00c8 8B42     		cmp	r3, r1
 415 00ca 19D0     		beq	.L57
 416 00cc 1431     		adds	r1, r1, #20
 417 00ce 8B42     		cmp	r3, r1
 418 00d0 19D0     		beq	.L58
 419 00d2 9342     		cmp	r3, r2
 420 00d4 1AD0     		beq	.L59
 421 00d6 174A     		ldr	r2, .L66+16
 422 00d8 9342     		cmp	r3, r2
 423 00da 1AD0     		beq	.L60
 424 00dc 1432     		adds	r2, r2, #20
 425 00de 9342     		cmp	r3, r2
 426 00e0 19D0     		beq	.L61
 427 00e2 1432     		adds	r2, r2, #20
 428 00e4 9342     		cmp	r3, r2
 429 00e6 18D0     		beq	.L62
 430 00e8 1432     		adds	r2, r2, #20
 431 00ea 9342     		cmp	r3, r2
 432 00ec 14BF     		ite	ne
 433 00ee 4FF48033 		movne	r3, #65536
 434 00f2 4FF48053 		moveq	r3, #4096
 435              	.L41:
 436 00f6 104A     		ldr	r2, .L66+20
 437 00f8 BDE7     		b	.L65
 438              	.L56:
 439 00fa 4FF48053 		mov	r3, #4096
 440 00fe FAE7     		b	.L41
 441              	.L57:
 442 0100 4FF48033 		mov	r3, #65536
 443 0104 F7E7     		b	.L41
 444              	.L58:
 445 0106 4FF48013 		mov	r3, #1048576
 446 010a F4E7     		b	.L41
 447              	.L59:
 448 010c 4FF08073 		mov	r3, #16777216
 449 0110 F1E7     		b	.L41
 450              	.L60:
 451 0112 0123     		movs	r3, #1
 452 0114 EFE7     		b	.L41
 453              	.L61:
 454 0116 1023     		movs	r3, #16
 455 0118 EDE7     		b	.L41
 456              	.L62:
 457 011a 4FF48073 		mov	r3, #256
 458 011e EAE7     		b	.L41
 459              	.L64:
 460 0120 1846     		mov	r0, r3
 461 0122 75E7     		b	.L37
 462              	.L67:
 463              		.align	2
 464              	.L66:
 465 0124 08000240 		.word	1073872904
 466 0128 80000240 		.word	1073873024
 467 012c 00040240 		.word	1073873920
ARM GAS  /tmp/ccJ0pnR4.s 			page 9


 468 0130 1C000240 		.word	1073872924
 469 0134 08040240 		.word	1073873928
 470 0138 00000240 		.word	1073872896
 472              		.section	.text.HAL_DMA_PollForTransfer,"ax",%progbits
 473              		.align	1
 474              		.global	HAL_DMA_PollForTransfer
 475              		.syntax unified
 476              		.thumb
 477              		.thumb_func
 478              		.fpu softvfp
 480              	HAL_DMA_PollForTransfer:
 481              		@ args = 0, pretend = 0, frame = 8
 482              		@ frame_needed = 0, uses_anonymous_args = 0
 483 0000 2DE9F74F 		push	{r0, r1, r2, r4, r5, r6, r7, r8, r9, r10, fp, lr}
 484 0004 90F82140 		ldrb	r4, [r0, #33]	@ zero_extendqisi2
 485 0008 0546     		mov	r5, r0
 486 000a 022C     		cmp	r4, #2
 487 000c 8846     		mov	r8, r1
 488 000e 9146     		mov	r9, r2
 489 0010 06D0     		beq	.L69
 490 0012 0423     		movs	r3, #4
 491 0014 8363     		str	r3, [r0, #56]
 492 0016 0023     		movs	r3, #0
 493 0018 80F82030 		strb	r3, [r0, #32]
 494              	.L192:
 495 001c 0120     		movs	r0, #1
 496 001e FFE0     		b	.L187
 497              	.L69:
 498 0020 0368     		ldr	r3, [r0]
 499 0022 1A68     		ldr	r2, [r3]
 500 0024 9206     		lsls	r2, r2, #26
 501 0026 03D5     		bpl	.L71
 502 0028 4FF48073 		mov	r3, #256
 503 002c 8363     		str	r3, [r0, #56]
 504 002e F5E7     		b	.L192
 505              	.L71:
 506 0030 C74F     		ldr	r7, .L214
 507 0032 C84E     		ldr	r6, .L214+4
 508 0034 0029     		cmp	r1, #0
 509 0036 74D1     		bne	.L72
 510 0038 BB42     		cmp	r3, r7
 511 003a 2AD0     		beq	.L73
 512 003c C64A     		ldr	r2, .L214+8
 513 003e 9342     		cmp	r3, r2
 514 0040 00F0A280 		beq	.L105
 515 0044 1432     		adds	r2, r2, #20
 516 0046 9342     		cmp	r3, r2
 517 0048 00F0A080 		beq	.L106
 518 004c 1432     		adds	r2, r2, #20
 519 004e 9342     		cmp	r3, r2
 520 0050 00F08C80 		beq	.L100
 521 0054 1432     		adds	r2, r2, #20
 522 0056 9342     		cmp	r3, r2
 523 0058 00F08B80 		beq	.L101
 524 005c 1432     		adds	r2, r2, #20
 525 005e 9342     		cmp	r3, r2
 526 0060 00F08A80 		beq	.L102
ARM GAS  /tmp/ccJ0pnR4.s 			page 10


 527 0064 B342     		cmp	r3, r6
 528 0066 00F08A80 		beq	.L103
 529 006a 02F56772 		add	r2, r2, #924
 530 006e 9342     		cmp	r3, r2
 531 0070 00F08880 		beq	.L104
 532 0074 1432     		adds	r2, r2, #20
 533 0076 9342     		cmp	r3, r2
 534 0078 00F08680 		beq	.L105
 535 007c 1432     		adds	r2, r2, #20
 536 007e 9342     		cmp	r3, r2
 537 0080 00F08480 		beq	.L106
 538 0084 B54C     		ldr	r4, .L214+12
 539 0086 A342     		cmp	r3, r4
 540 0088 14BF     		ite	ne
 541 008a 4FF40034 		movne	r4, #131072
 542 008e 4FF40054 		moveq	r4, #8192
 543              	.L73:
 544 0092 FFF7FEFF 		bl	HAL_GetTick
 545 0096 DFF8D4A2 		ldr	r10, .L214+28
 546 009a 0190     		str	r0, [sp, #4]
 547              	.L74:
 548 009c 2B68     		ldr	r3, [r5]
 549 009e B04A     		ldr	r2, .L214+16
 550 00a0 B049     		ldr	r1, .L214+20
 551 00a2 DFF8CCC2 		ldr	ip, .L214+32
 552 00a6 DFF8CCE2 		ldr	lr, .L214+36
 553              	.L79:
 554 00aa B342     		cmp	r3, r6
 555 00ac 40F2E880 		bls	.L82
 556 00b0 DAF80000 		ldr	r0, [r10]
 557 00b4 2042     		tst	r0, r4
 558 00b6 7FD0     		beq	.L83
 559 00b8 B8F1000F 		cmp	r8, #0
 560 00bc 00F01B81 		beq	.L93
 561 00c0 BB42     		cmp	r3, r7
 562 00c2 00F0B281 		beq	.L170
 563 00c6 A44A     		ldr	r2, .L214+8
 564 00c8 9342     		cmp	r3, r2
 565 00ca 00F0B081 		beq	.L171
 566 00ce 1432     		adds	r2, r2, #20
 567 00d0 9342     		cmp	r3, r2
 568 00d2 00F0AE81 		beq	.L172
 569 00d6 1432     		adds	r2, r2, #20
 570 00d8 9342     		cmp	r3, r2
 571 00da 00F09A81 		beq	.L166
 572 00de 1432     		adds	r2, r2, #20
 573 00e0 9342     		cmp	r3, r2
 574 00e2 00F09981 		beq	.L167
 575 00e6 1432     		adds	r2, r2, #20
 576 00e8 9342     		cmp	r3, r2
 577 00ea 00F09881 		beq	.L168
 578 00ee B342     		cmp	r3, r6
 579 00f0 00F09881 		beq	.L169
 580 00f4 02F56772 		add	r2, r2, #924
 581 00f8 9342     		cmp	r3, r2
 582 00fa 00F09681 		beq	.L170
 583 00fe 1432     		adds	r2, r2, #20
ARM GAS  /tmp/ccJ0pnR4.s 			page 11


 584 0100 9342     		cmp	r3, r2
 585 0102 00F09481 		beq	.L171
 586 0106 1432     		adds	r2, r2, #20
 587 0108 9342     		cmp	r3, r2
 588 010a 00F09281 		beq	.L172
 589 010e 1432     		adds	r2, r2, #20
 590 0110 9342     		cmp	r3, r2
 591 0112 14BF     		ite	ne
 592 0114 4FF48023 		movne	r3, #262144
 593 0118 4FF48043 		moveq	r3, #16384
 594              	.L91:
 595 011c CAF80430 		str	r3, [r10, #4]
 596 0120 12E1     		b	.L90
 597              	.L72:
 598 0122 BB42     		cmp	r3, r7
 599 0124 41D0     		beq	.L115
 600 0126 8C4A     		ldr	r2, .L214+8
 601 0128 9342     		cmp	r3, r2
 602 012a 40D0     		beq	.L116
 603 012c 1432     		adds	r2, r2, #20
 604 012e 9342     		cmp	r3, r2
 605 0130 3FD0     		beq	.L117
 606 0132 1432     		adds	r2, r2, #20
 607 0134 9342     		cmp	r3, r2
 608 0136 2CD0     		beq	.L111
 609 0138 1432     		adds	r2, r2, #20
 610 013a 9342     		cmp	r3, r2
 611 013c 2CD0     		beq	.L112
 612 013e 1432     		adds	r2, r2, #20
 613 0140 9342     		cmp	r3, r2
 614 0142 2CD0     		beq	.L113
 615 0144 B342     		cmp	r3, r6
 616 0146 2DD0     		beq	.L114
 617 0148 02F56772 		add	r2, r2, #924
 618 014c 9342     		cmp	r3, r2
 619 014e 2CD0     		beq	.L115
 620 0150 1432     		adds	r2, r2, #20
 621 0152 9342     		cmp	r3, r2
 622 0154 2BD0     		beq	.L116
 623 0156 1432     		adds	r2, r2, #20
 624 0158 9342     		cmp	r3, r2
 625 015a 2AD0     		beq	.L117
 626 015c 7F4C     		ldr	r4, .L214+12
 627 015e A342     		cmp	r3, r4
 628 0160 14BF     		ite	ne
 629 0162 4FF48024 		movne	r4, #262144
 630 0166 4FF48044 		moveq	r4, #16384
 631 016a 92E7     		b	.L73
 632              	.L100:
 633 016c 4FF40054 		mov	r4, #8192
 634 0170 8FE7     		b	.L73
 635              	.L101:
 636 0172 4FF40034 		mov	r4, #131072
 637 0176 8CE7     		b	.L73
 638              	.L102:
 639 0178 4FF40014 		mov	r4, #2097152
 640 017c 89E7     		b	.L73
ARM GAS  /tmp/ccJ0pnR4.s 			page 12


 641              	.L103:
 642 017e 4FF00074 		mov	r4, #33554432
 643 0182 86E7     		b	.L73
 644              	.L104:
 645 0184 0224     		movs	r4, #2
 646 0186 84E7     		b	.L73
 647              	.L105:
 648 0188 2024     		movs	r4, #32
 649 018a 82E7     		b	.L73
 650              	.L106:
 651 018c 4FF40074 		mov	r4, #512
 652 0190 7FE7     		b	.L73
 653              	.L111:
 654 0192 4FF48044 		mov	r4, #16384
 655 0196 7CE7     		b	.L73
 656              	.L112:
 657 0198 4FF48024 		mov	r4, #262144
 658 019c 79E7     		b	.L73
 659              	.L113:
 660 019e 4FF48004 		mov	r4, #4194304
 661 01a2 76E7     		b	.L73
 662              	.L114:
 663 01a4 4FF08064 		mov	r4, #67108864
 664 01a8 73E7     		b	.L73
 665              	.L115:
 666 01aa 0424     		movs	r4, #4
 667 01ac 71E7     		b	.L73
 668              	.L116:
 669 01ae 4024     		movs	r4, #64
 670 01b0 6FE7     		b	.L73
 671              	.L117:
 672 01b2 4FF48064 		mov	r4, #1024
 673 01b6 6CE7     		b	.L73
 674              	.L83:
 675 01b8 DAF800B0 		ldr	fp, [r10]
 676              	.L213:
 677 01bc BB42     		cmp	r3, r7
 678 01be 41D0     		beq	.L137
 679 01c0 6548     		ldr	r0, .L214+8
 680 01c2 8342     		cmp	r3, r0
 681 01c4 40D0     		beq	.L138
 682 01c6 1430     		adds	r0, r0, #20
 683 01c8 8342     		cmp	r3, r0
 684 01ca 3FD0     		beq	.L139
 685 01cc 1430     		adds	r0, r0, #20
 686 01ce 8342     		cmp	r3, r0
 687 01d0 2CD0     		beq	.L133
 688 01d2 9342     		cmp	r3, r2
 689 01d4 2DD0     		beq	.L134
 690 01d6 8B42     		cmp	r3, r1
 691 01d8 2ED0     		beq	.L135
 692 01da B342     		cmp	r3, r6
 693 01dc 2FD0     		beq	.L136
 694 01de 6345     		cmp	r3, ip
 695 01e0 30D0     		beq	.L137
 696 01e2 7345     		cmp	r3, lr
 697 01e4 30D0     		beq	.L138
ARM GAS  /tmp/ccJ0pnR4.s 			page 13


 698 01e6 00F57B70 		add	r0, r0, #1004
 699 01ea 8342     		cmp	r3, r0
 700 01ec 2ED0     		beq	.L139
 701 01ee 1430     		adds	r0, r0, #20
 702 01f0 8342     		cmp	r3, r0
 703 01f2 14BF     		ite	ne
 704 01f4 4FF40020 		movne	r0, #524288
 705 01f8 4FF40040 		moveq	r0, #32768
 706              	.L77:
 707 01fc 1BEA000F 		tst	fp, r0
 708 0200 14BF     		ite	ne
 709 0202 0120     		movne	r0, #1
 710 0204 0020     		moveq	r0, #0
 711 0206 20B3     		cbz	r0, .L78
 712 0208 0120     		movs	r0, #1
 713 020a 2B6C     		ldr	r3, [r5, #64]
 714 020c EA6B     		ldr	r2, [r5, #60]
 715 020e 00FA03F3 		lsl	r3, r0, r3
 716 0212 5360     		str	r3, [r2, #4]
 717 0214 AB6B     		ldr	r3, [r5, #56]
 718 0216 0343     		orrs	r3, r3, r0
 719 0218 AB63     		str	r3, [r5, #56]
 720 021a 4FF48073 		mov	r3, #256
 721 021e 2B84     		strh	r3, [r5, #32]	@ movhi
 722              	.L187:
 723 0220 03B0     		add	sp, sp, #12
 724              		@ sp needed
 725 0222 BDE8F08F 		pop	{r4, r5, r6, r7, r8, r9, r10, fp, pc}
 726              	.L85:
 727 0226 D0F800B0 		ldr	fp, [r0]
 728 022a C7E7     		b	.L213
 729              	.L133:
 730 022c 4FF40040 		mov	r0, #32768
 731 0230 E4E7     		b	.L77
 732              	.L134:
 733 0232 4FF40020 		mov	r0, #524288
 734 0236 E1E7     		b	.L77
 735              	.L135:
 736 0238 4FF40000 		mov	r0, #8388608
 737 023c DEE7     		b	.L77
 738              	.L136:
 739 023e 4FF00060 		mov	r0, #134217728
 740 0242 DBE7     		b	.L77
 741              	.L137:
 742 0244 0820     		movs	r0, #8
 743 0246 D9E7     		b	.L77
 744              	.L138:
 745 0248 8020     		movs	r0, #128
 746 024a D7E7     		b	.L77
 747              	.L139:
 748 024c 4FF40060 		mov	r0, #2048
 749 0250 D4E7     		b	.L77
 750              	.L78:
 751 0252 B9F1FF3F 		cmp	r9, #-1
 752 0256 3FF428AF 		beq	.L79
 753 025a B9F1000F 		cmp	r9, #0
 754 025e 07D1     		bne	.L80
ARM GAS  /tmp/ccJ0pnR4.s 			page 14


 755              	.L81:
 756 0260 AB6B     		ldr	r3, [r5, #56]
 757 0262 43F02003 		orr	r3, r3, #32
 758 0266 AB63     		str	r3, [r5, #56]
 759 0268 4FF48073 		mov	r3, #256
 760 026c 2B84     		strh	r3, [r5, #32]	@ movhi
 761 026e D5E6     		b	.L192
 762              	.L80:
 763 0270 FFF7FEFF 		bl	HAL_GetTick
 764 0274 019B     		ldr	r3, [sp, #4]
 765 0276 C01A     		subs	r0, r0, r3
 766 0278 4845     		cmp	r0, r9
 767 027a 7FF60FAF 		bls	.L74
 768 027e EFE7     		b	.L81
 769              	.L82:
 770 0280 3948     		ldr	r0, .L214+24
 771 0282 D0F800B0 		ldr	fp, [r0]
 772 0286 1BEA040F 		tst	fp, r4
 773 028a CCD0     		beq	.L85
 774 028c B8F1000F 		cmp	r8, #0
 775 0290 00F08580 		beq	.L95
 776 0294 BB42     		cmp	r3, r7
 777 0296 00F0DB80 		beq	.L181
 778 029a 2F4A     		ldr	r2, .L214+8
 779 029c 9342     		cmp	r3, r2
 780 029e 00F0D980 		beq	.L182
 781 02a2 1432     		adds	r2, r2, #20
 782 02a4 9342     		cmp	r3, r2
 783 02a6 00F0D780 		beq	.L183
 784 02aa 1432     		adds	r2, r2, #20
 785 02ac 9342     		cmp	r3, r2
 786 02ae 00F0C380 		beq	.L177
 787 02b2 1432     		adds	r2, r2, #20
 788 02b4 9342     		cmp	r3, r2
 789 02b6 00F0C280 		beq	.L178
 790 02ba 1432     		adds	r2, r2, #20
 791 02bc 9342     		cmp	r3, r2
 792 02be 00F0C180 		beq	.L179
 793 02c2 B342     		cmp	r3, r6
 794 02c4 00F0C180 		beq	.L180
 795 02c8 02F56772 		add	r2, r2, #924
 796 02cc 9342     		cmp	r3, r2
 797 02ce 00F0BF80 		beq	.L181
 798 02d2 1432     		adds	r2, r2, #20
 799 02d4 9342     		cmp	r3, r2
 800 02d6 00F0BD80 		beq	.L182
 801 02da 1432     		adds	r2, r2, #20
 802 02dc 9342     		cmp	r3, r2
 803 02de 00F0BB80 		beq	.L183
 804 02e2 1432     		adds	r2, r2, #20
 805 02e4 9342     		cmp	r3, r2
 806 02e6 14BF     		ite	ne
 807 02e8 4FF48023 		movne	r3, #262144
 808 02ec 4FF48043 		moveq	r3, #16384
 809              	.L92:
 810 02f0 1D4A     		ldr	r2, .L214+24
 811 02f2 5360     		str	r3, [r2, #4]
ARM GAS  /tmp/ccJ0pnR4.s 			page 15


 812 02f4 28E0     		b	.L90
 813              	.L93:
 814 02f6 BB42     		cmp	r3, r7
 815 02f8 4AD0     		beq	.L148
 816 02fa 174A     		ldr	r2, .L214+8
 817 02fc 9342     		cmp	r3, r2
 818 02fe 49D0     		beq	.L149
 819 0300 1432     		adds	r2, r2, #20
 820 0302 9342     		cmp	r3, r2
 821 0304 48D0     		beq	.L150
 822 0306 1432     		adds	r2, r2, #20
 823 0308 9342     		cmp	r3, r2
 824 030a 35D0     		beq	.L144
 825 030c 1432     		adds	r2, r2, #20
 826 030e 9342     		cmp	r3, r2
 827 0310 35D0     		beq	.L145
 828 0312 1432     		adds	r2, r2, #20
 829 0314 9342     		cmp	r3, r2
 830 0316 35D0     		beq	.L146
 831 0318 B342     		cmp	r3, r6
 832 031a 36D0     		beq	.L147
 833 031c 02F56772 		add	r2, r2, #924
 834 0320 9342     		cmp	r3, r2
 835 0322 35D0     		beq	.L148
 836 0324 1432     		adds	r2, r2, #20
 837 0326 9342     		cmp	r3, r2
 838 0328 34D0     		beq	.L149
 839 032a 1432     		adds	r2, r2, #20
 840 032c 9342     		cmp	r3, r2
 841 032e 33D0     		beq	.L150
 842 0330 1432     		adds	r2, r2, #20
 843 0332 9342     		cmp	r3, r2
 844 0334 14BF     		ite	ne
 845 0336 4FF40033 		movne	r3, #131072
 846 033a 4FF40053 		moveq	r3, #8192
 847              	.L87:
 848 033e CAF80430 		str	r3, [r10, #4]
 849              	.L88:
 850 0342 0123     		movs	r3, #1
 851 0344 85F82130 		strb	r3, [r5, #33]
 852              	.L90:
 853 0348 0020     		movs	r0, #0
 854 034a 85F82000 		strb	r0, [r5, #32]
 855 034e 67E7     		b	.L187
 856              	.L215:
 857              		.align	2
 858              	.L214:
 859 0350 08000240 		.word	1073872904
 860 0354 80000240 		.word	1073873024
 861 0358 1C000240 		.word	1073872924
 862 035c 44040240 		.word	1073873988
 863 0360 58000240 		.word	1073872984
 864 0364 6C000240 		.word	1073873004
 865 0368 00000240 		.word	1073872896
 866 036c 00040240 		.word	1073873920
 867 0370 08040240 		.word	1073873928
 868 0374 1C040240 		.word	1073873948
ARM GAS  /tmp/ccJ0pnR4.s 			page 16


 869              	.L144:
 870 0378 4FF40053 		mov	r3, #8192
 871 037c DFE7     		b	.L87
 872              	.L145:
 873 037e 4FF40033 		mov	r3, #131072
 874 0382 DCE7     		b	.L87
 875              	.L146:
 876 0384 4FF40013 		mov	r3, #2097152
 877 0388 D9E7     		b	.L87
 878              	.L147:
 879 038a 4FF00073 		mov	r3, #33554432
 880 038e D6E7     		b	.L87
 881              	.L148:
 882 0390 0223     		movs	r3, #2
 883 0392 D4E7     		b	.L87
 884              	.L149:
 885 0394 2023     		movs	r3, #32
 886 0396 D2E7     		b	.L87
 887              	.L150:
 888 0398 4FF40073 		mov	r3, #512
 889 039c CFE7     		b	.L87
 890              	.L95:
 891 039e BB42     		cmp	r3, r7
 892 03a0 30D0     		beq	.L159
 893 03a2 2F4A     		ldr	r2, .L216
 894 03a4 9342     		cmp	r3, r2
 895 03a6 2FD0     		beq	.L160
 896 03a8 1432     		adds	r2, r2, #20
 897 03aa 9342     		cmp	r3, r2
 898 03ac 2ED0     		beq	.L161
 899 03ae 1432     		adds	r2, r2, #20
 900 03b0 9342     		cmp	r3, r2
 901 03b2 1BD0     		beq	.L155
 902 03b4 1432     		adds	r2, r2, #20
 903 03b6 9342     		cmp	r3, r2
 904 03b8 1BD0     		beq	.L156
 905 03ba 1432     		adds	r2, r2, #20
 906 03bc 9342     		cmp	r3, r2
 907 03be 1BD0     		beq	.L157
 908 03c0 B342     		cmp	r3, r6
 909 03c2 1CD0     		beq	.L158
 910 03c4 02F56772 		add	r2, r2, #924
 911 03c8 9342     		cmp	r3, r2
 912 03ca 1BD0     		beq	.L159
 913 03cc 1432     		adds	r2, r2, #20
 914 03ce 9342     		cmp	r3, r2
 915 03d0 1AD0     		beq	.L160
 916 03d2 1432     		adds	r2, r2, #20
 917 03d4 9342     		cmp	r3, r2
 918 03d6 19D0     		beq	.L161
 919 03d8 1432     		adds	r2, r2, #20
 920 03da 9342     		cmp	r3, r2
 921 03dc 14BF     		ite	ne
 922 03de 4FF40033 		movne	r3, #131072
 923 03e2 4FF40053 		moveq	r3, #8192
 924              	.L89:
 925 03e6 1F4A     		ldr	r2, .L216+4
ARM GAS  /tmp/ccJ0pnR4.s 			page 17


 926 03e8 5360     		str	r3, [r2, #4]
 927 03ea AAE7     		b	.L88
 928              	.L155:
 929 03ec 4FF40053 		mov	r3, #8192
 930 03f0 F9E7     		b	.L89
 931              	.L156:
 932 03f2 4FF40033 		mov	r3, #131072
 933 03f6 F6E7     		b	.L89
 934              	.L157:
 935 03f8 4FF40013 		mov	r3, #2097152
 936 03fc F3E7     		b	.L89
 937              	.L158:
 938 03fe 4FF00073 		mov	r3, #33554432
 939 0402 F0E7     		b	.L89
 940              	.L159:
 941 0404 0223     		movs	r3, #2
 942 0406 EEE7     		b	.L89
 943              	.L160:
 944 0408 2023     		movs	r3, #32
 945 040a ECE7     		b	.L89
 946              	.L161:
 947 040c 4FF40073 		mov	r3, #512
 948 0410 E9E7     		b	.L89
 949              	.L166:
 950 0412 4FF48043 		mov	r3, #16384
 951 0416 81E6     		b	.L91
 952              	.L167:
 953 0418 4FF48023 		mov	r3, #262144
 954 041c 7EE6     		b	.L91
 955              	.L168:
 956 041e 4FF48003 		mov	r3, #4194304
 957 0422 7BE6     		b	.L91
 958              	.L169:
 959 0424 4FF08063 		mov	r3, #67108864
 960 0428 78E6     		b	.L91
 961              	.L170:
 962 042a 0423     		movs	r3, #4
 963 042c 76E6     		b	.L91
 964              	.L171:
 965 042e 4023     		movs	r3, #64
 966 0430 74E6     		b	.L91
 967              	.L172:
 968 0432 4FF48063 		mov	r3, #1024
 969 0436 71E6     		b	.L91
 970              	.L177:
 971 0438 4FF48043 		mov	r3, #16384
 972 043c 58E7     		b	.L92
 973              	.L178:
 974 043e 4FF48023 		mov	r3, #262144
 975 0442 55E7     		b	.L92
 976              	.L179:
 977 0444 4FF48003 		mov	r3, #4194304
 978 0448 52E7     		b	.L92
 979              	.L180:
 980 044a 4FF08063 		mov	r3, #67108864
 981 044e 4FE7     		b	.L92
 982              	.L181:
ARM GAS  /tmp/ccJ0pnR4.s 			page 18


 983 0450 0423     		movs	r3, #4
 984 0452 4DE7     		b	.L92
 985              	.L182:
 986 0454 4023     		movs	r3, #64
 987 0456 4BE7     		b	.L92
 988              	.L183:
 989 0458 4FF48063 		mov	r3, #1024
 990 045c 48E7     		b	.L92
 991              	.L217:
 992 045e 00BF     		.align	2
 993              	.L216:
 994 0460 1C000240 		.word	1073872924
 995 0464 00000240 		.word	1073872896
 997              		.section	.text.HAL_DMA_IRQHandler,"ax",%progbits
 998              		.align	1
 999              		.global	HAL_DMA_IRQHandler
 1000              		.syntax unified
 1001              		.thumb
 1002              		.thumb_func
 1003              		.fpu softvfp
 1005              	HAL_DMA_IRQHandler:
 1006              		@ args = 0, pretend = 0, frame = 0
 1007              		@ frame_needed = 0, uses_anonymous_args = 0
 1008              		@ link register save eliminated.
 1009 0000 70B4     		push	{r4, r5, r6}
 1010 0002 0425     		movs	r5, #4
 1011 0004 C66B     		ldr	r6, [r0, #60]
 1012 0006 026C     		ldr	r2, [r0, #64]
 1013 0008 3468     		ldr	r4, [r6]
 1014 000a 0368     		ldr	r3, [r0]
 1015 000c 9540     		lsls	r5, r5, r2
 1016 000e 2542     		tst	r5, r4
 1017 0010 1968     		ldr	r1, [r3]
 1018 0012 00F08580 		beq	.L219
 1019 0016 4D07     		lsls	r5, r1, #29
 1020 0018 40F18280 		bpl	.L219
 1021 001c 1A68     		ldr	r2, [r3]
 1022 001e 9149     		ldr	r1, .L308
 1023 0020 9606     		lsls	r6, r2, #26
 1024 0022 5EBF     		ittt	pl
 1025 0024 1A68     		ldrpl	r2, [r3]
 1026 0026 22F00402 		bicpl	r2, r2, #4
 1027 002a 1A60     		strpl	r2, [r3]
 1028 002c 8E4A     		ldr	r2, .L308+4
 1029 002e 9342     		cmp	r3, r2
 1030 0030 3ED9     		bls	.L221
 1031 0032 8B42     		cmp	r3, r1
 1032 0034 35D0     		beq	.L241
 1033 0036 1431     		adds	r1, r1, #20
 1034 0038 8B42     		cmp	r3, r1
 1035 003a 34D0     		beq	.L242
 1036 003c 1431     		adds	r1, r1, #20
 1037 003e 8B42     		cmp	r3, r1
 1038 0040 33D0     		beq	.L243
 1039 0042 1431     		adds	r1, r1, #20
 1040 0044 8B42     		cmp	r3, r1
 1041 0046 20D0     		beq	.L237
ARM GAS  /tmp/ccJ0pnR4.s 			page 19


 1042 0048 1431     		adds	r1, r1, #20
 1043 004a 8B42     		cmp	r3, r1
 1044 004c 20D0     		beq	.L238
 1045 004e 1431     		adds	r1, r1, #20
 1046 0050 8B42     		cmp	r3, r1
 1047 0052 20D0     		beq	.L239
 1048 0054 9342     		cmp	r3, r2
 1049 0056 21D0     		beq	.L240
 1050 0058 02F56272 		add	r2, r2, #904
 1051 005c 9342     		cmp	r3, r2
 1052 005e 20D0     		beq	.L241
 1053 0060 1432     		adds	r2, r2, #20
 1054 0062 9342     		cmp	r3, r2
 1055 0064 1FD0     		beq	.L242
 1056 0066 1432     		adds	r2, r2, #20
 1057 0068 9342     		cmp	r3, r2
 1058 006a 1ED0     		beq	.L243
 1059 006c 1432     		adds	r2, r2, #20
 1060 006e 9342     		cmp	r3, r2
 1061 0070 14BF     		ite	ne
 1062 0072 4FF48023 		movne	r3, #262144
 1063 0076 4FF48043 		moveq	r3, #16384
 1064              	.L222:
 1065 007a 7C4A     		ldr	r2, .L308+8
 1066              	.L302:
 1067 007c 5360     		str	r3, [r2, #4]
 1068 007e C36A     		ldr	r3, [r0, #44]
 1069              	.L306:
 1070 0080 002B     		cmp	r3, #0
 1071 0082 00F0ED80 		beq	.L218
 1072 0086 70BC     		pop	{r4, r5, r6}
 1073 0088 1847     		bx	r3	@ indirect register sibling call
 1074              	.L237:
 1075 008a 4FF48043 		mov	r3, #16384
 1076 008e F4E7     		b	.L222
 1077              	.L238:
 1078 0090 4FF48023 		mov	r3, #262144
 1079 0094 F1E7     		b	.L222
 1080              	.L239:
 1081 0096 4FF48003 		mov	r3, #4194304
 1082 009a EEE7     		b	.L222
 1083              	.L240:
 1084 009c 4FF08063 		mov	r3, #67108864
 1085 00a0 EBE7     		b	.L222
 1086              	.L241:
 1087 00a2 0423     		movs	r3, #4
 1088 00a4 E9E7     		b	.L222
 1089              	.L242:
 1090 00a6 4023     		movs	r3, #64
 1091 00a8 E7E7     		b	.L222
 1092              	.L243:
 1093 00aa 4FF48063 		mov	r3, #1024
 1094 00ae E4E7     		b	.L222
 1095              	.L221:
 1096 00b0 8B42     		cmp	r3, r1
 1097 00b2 2ED0     		beq	.L252
 1098 00b4 6E49     		ldr	r1, .L308+12
ARM GAS  /tmp/ccJ0pnR4.s 			page 20


 1099 00b6 8B42     		cmp	r3, r1
 1100 00b8 2DD0     		beq	.L253
 1101 00ba 1431     		adds	r1, r1, #20
 1102 00bc 8B42     		cmp	r3, r1
 1103 00be 2CD0     		beq	.L254
 1104 00c0 1431     		adds	r1, r1, #20
 1105 00c2 8B42     		cmp	r3, r1
 1106 00c4 19D0     		beq	.L248
 1107 00c6 1431     		adds	r1, r1, #20
 1108 00c8 8B42     		cmp	r3, r1
 1109 00ca 19D0     		beq	.L249
 1110 00cc 1431     		adds	r1, r1, #20
 1111 00ce 8B42     		cmp	r3, r1
 1112 00d0 19D0     		beq	.L250
 1113 00d2 9342     		cmp	r3, r2
 1114 00d4 1AD0     		beq	.L251
 1115 00d6 674A     		ldr	r2, .L308+16
 1116 00d8 9342     		cmp	r3, r2
 1117 00da 1AD0     		beq	.L252
 1118 00dc 1432     		adds	r2, r2, #20
 1119 00de 9342     		cmp	r3, r2
 1120 00e0 19D0     		beq	.L253
 1121 00e2 1432     		adds	r2, r2, #20
 1122 00e4 9342     		cmp	r3, r2
 1123 00e6 18D0     		beq	.L254
 1124 00e8 1432     		adds	r2, r2, #20
 1125 00ea 9342     		cmp	r3, r2
 1126 00ec 14BF     		ite	ne
 1127 00ee 4FF48023 		movne	r3, #262144
 1128 00f2 4FF48043 		moveq	r3, #16384
 1129              	.L224:
 1130 00f6 604A     		ldr	r2, .L308+20
 1131 00f8 C0E7     		b	.L302
 1132              	.L248:
 1133 00fa 4FF48043 		mov	r3, #16384
 1134 00fe FAE7     		b	.L224
 1135              	.L249:
 1136 0100 4FF48023 		mov	r3, #262144
 1137 0104 F7E7     		b	.L224
 1138              	.L250:
 1139 0106 4FF48003 		mov	r3, #4194304
 1140 010a F4E7     		b	.L224
 1141              	.L251:
 1142 010c 4FF08063 		mov	r3, #67108864
 1143 0110 F1E7     		b	.L224
 1144              	.L252:
 1145 0112 0423     		movs	r3, #4
 1146 0114 EFE7     		b	.L224
 1147              	.L253:
 1148 0116 4023     		movs	r3, #64
 1149 0118 EDE7     		b	.L224
 1150              	.L254:
 1151 011a 4FF48063 		mov	r3, #1024
 1152 011e EAE7     		b	.L224
 1153              	.L219:
 1154 0120 0225     		movs	r5, #2
 1155 0122 9540     		lsls	r5, r5, r2
ARM GAS  /tmp/ccJ0pnR4.s 			page 21


 1156 0124 2542     		tst	r5, r4
 1157 0126 00F08780 		beq	.L227
 1158 012a 8D07     		lsls	r5, r1, #30
 1159 012c 40F18480 		bpl	.L227
 1160 0130 1A68     		ldr	r2, [r3]
 1161 0132 9406     		lsls	r4, r2, #26
 1162 0134 06D4     		bmi	.L228
 1163 0136 1A68     		ldr	r2, [r3]
 1164 0138 22F00A02 		bic	r2, r2, #10
 1165 013c 1A60     		str	r2, [r3]
 1166 013e 0122     		movs	r2, #1
 1167 0140 80F82120 		strb	r2, [r0, #33]
 1168              	.L228:
 1169 0144 484A     		ldr	r2, .L308+4
 1170 0146 4749     		ldr	r1, .L308
 1171 0148 9342     		cmp	r3, r2
 1172 014a 3DD9     		bls	.L229
 1173 014c 8B42     		cmp	r3, r1
 1174 014e 34D0     		beq	.L263
 1175 0150 1431     		adds	r1, r1, #20
 1176 0152 8B42     		cmp	r3, r1
 1177 0154 33D0     		beq	.L264
 1178 0156 1431     		adds	r1, r1, #20
 1179 0158 8B42     		cmp	r3, r1
 1180 015a 32D0     		beq	.L265
 1181 015c 1431     		adds	r1, r1, #20
 1182 015e 8B42     		cmp	r3, r1
 1183 0160 1FD0     		beq	.L259
 1184 0162 1431     		adds	r1, r1, #20
 1185 0164 8B42     		cmp	r3, r1
 1186 0166 1FD0     		beq	.L260
 1187 0168 1431     		adds	r1, r1, #20
 1188 016a 8B42     		cmp	r3, r1
 1189 016c 1FD0     		beq	.L261
 1190 016e 9342     		cmp	r3, r2
 1191 0170 20D0     		beq	.L262
 1192 0172 02F56272 		add	r2, r2, #904
 1193 0176 9342     		cmp	r3, r2
 1194 0178 1FD0     		beq	.L263
 1195 017a 1432     		adds	r2, r2, #20
 1196 017c 9342     		cmp	r3, r2
 1197 017e 1ED0     		beq	.L264
 1198 0180 1432     		adds	r2, r2, #20
 1199 0182 9342     		cmp	r3, r2
 1200 0184 1DD0     		beq	.L265
 1201 0186 1432     		adds	r2, r2, #20
 1202 0188 9342     		cmp	r3, r2
 1203 018a 14BF     		ite	ne
 1204 018c 4FF40033 		movne	r3, #131072
 1205 0190 4FF40053 		moveq	r3, #8192
 1206              	.L230:
 1207 0194 354A     		ldr	r2, .L308+8
 1208              	.L303:
 1209 0196 5360     		str	r3, [r2, #4]
 1210 0198 0023     		movs	r3, #0
 1211 019a 80F82030 		strb	r3, [r0, #32]
 1212 019e 836A     		ldr	r3, [r0, #40]
ARM GAS  /tmp/ccJ0pnR4.s 			page 22


 1213 01a0 6EE7     		b	.L306
 1214              	.L259:
 1215 01a2 4FF40053 		mov	r3, #8192
 1216 01a6 F5E7     		b	.L230
 1217              	.L260:
 1218 01a8 4FF40033 		mov	r3, #131072
 1219 01ac F2E7     		b	.L230
 1220              	.L261:
 1221 01ae 4FF40013 		mov	r3, #2097152
 1222 01b2 EFE7     		b	.L230
 1223              	.L262:
 1224 01b4 4FF00073 		mov	r3, #33554432
 1225 01b8 ECE7     		b	.L230
 1226              	.L263:
 1227 01ba 0223     		movs	r3, #2
 1228 01bc EAE7     		b	.L230
 1229              	.L264:
 1230 01be 2023     		movs	r3, #32
 1231 01c0 E8E7     		b	.L230
 1232              	.L265:
 1233 01c2 4FF40073 		mov	r3, #512
 1234 01c6 E5E7     		b	.L230
 1235              	.L229:
 1236 01c8 8B42     		cmp	r3, r1
 1237 01ca 2ED0     		beq	.L274
 1238 01cc 2849     		ldr	r1, .L308+12
 1239 01ce 8B42     		cmp	r3, r1
 1240 01d0 2DD0     		beq	.L275
 1241 01d2 1431     		adds	r1, r1, #20
 1242 01d4 8B42     		cmp	r3, r1
 1243 01d6 2CD0     		beq	.L276
 1244 01d8 1431     		adds	r1, r1, #20
 1245 01da 8B42     		cmp	r3, r1
 1246 01dc 19D0     		beq	.L270
 1247 01de 1431     		adds	r1, r1, #20
 1248 01e0 8B42     		cmp	r3, r1
 1249 01e2 19D0     		beq	.L271
 1250 01e4 1431     		adds	r1, r1, #20
 1251 01e6 8B42     		cmp	r3, r1
 1252 01e8 19D0     		beq	.L272
 1253 01ea 9342     		cmp	r3, r2
 1254 01ec 1AD0     		beq	.L273
 1255 01ee 214A     		ldr	r2, .L308+16
 1256 01f0 9342     		cmp	r3, r2
 1257 01f2 1AD0     		beq	.L274
 1258 01f4 1432     		adds	r2, r2, #20
 1259 01f6 9342     		cmp	r3, r2
 1260 01f8 19D0     		beq	.L275
 1261 01fa 1432     		adds	r2, r2, #20
 1262 01fc 9342     		cmp	r3, r2
 1263 01fe 18D0     		beq	.L276
 1264 0200 1432     		adds	r2, r2, #20
 1265 0202 9342     		cmp	r3, r2
 1266 0204 14BF     		ite	ne
 1267 0206 4FF40033 		movne	r3, #131072
 1268 020a 4FF40053 		moveq	r3, #8192
 1269              	.L232:
ARM GAS  /tmp/ccJ0pnR4.s 			page 23


 1270 020e 1A4A     		ldr	r2, .L308+20
 1271 0210 C1E7     		b	.L303
 1272              	.L270:
 1273 0212 4FF40053 		mov	r3, #8192
 1274 0216 FAE7     		b	.L232
 1275              	.L271:
 1276 0218 4FF40033 		mov	r3, #131072
 1277 021c F7E7     		b	.L232
 1278              	.L272:
 1279 021e 4FF40013 		mov	r3, #2097152
 1280 0222 F4E7     		b	.L232
 1281              	.L273:
 1282 0224 4FF00073 		mov	r3, #33554432
 1283 0228 F1E7     		b	.L232
 1284              	.L274:
 1285 022a 0223     		movs	r3, #2
 1286 022c EFE7     		b	.L232
 1287              	.L275:
 1288 022e 2023     		movs	r3, #32
 1289 0230 EDE7     		b	.L232
 1290              	.L276:
 1291 0232 4FF40073 		mov	r3, #512
 1292 0236 EAE7     		b	.L232
 1293              	.L227:
 1294 0238 0825     		movs	r5, #8
 1295 023a 9540     		lsls	r5, r5, r2
 1296 023c 2542     		tst	r5, r4
 1297 023e 0FD0     		beq	.L218
 1298 0240 0907     		lsls	r1, r1, #28
 1299 0242 0DD5     		bpl	.L218
 1300 0244 1968     		ldr	r1, [r3]
 1301 0246 21F00E01 		bic	r1, r1, #14
 1302 024a 1960     		str	r1, [r3]
 1303 024c 0123     		movs	r3, #1
 1304 024e 03FA02F2 		lsl	r2, r3, r2
 1305 0252 7260     		str	r2, [r6, #4]
 1306 0254 8363     		str	r3, [r0, #56]
 1307 0256 4FF48073 		mov	r3, #256
 1308 025a 0384     		strh	r3, [r0, #32]	@ movhi
 1309 025c 036B     		ldr	r3, [r0, #48]
 1310 025e 0FE7     		b	.L306
 1311              	.L218:
 1312 0260 70BC     		pop	{r4, r5, r6}
 1313 0262 7047     		bx	lr
 1314              	.L309:
 1315              		.align	2
 1316              	.L308:
 1317 0264 08000240 		.word	1073872904
 1318 0268 80000240 		.word	1073873024
 1319 026c 00040240 		.word	1073873920
 1320 0270 1C000240 		.word	1073872924
 1321 0274 08040240 		.word	1073873928
 1322 0278 00000240 		.word	1073872896
 1324              		.section	.text.HAL_DMA_RegisterCallback,"ax",%progbits
 1325              		.align	1
 1326              		.global	HAL_DMA_RegisterCallback
 1327              		.syntax unified
ARM GAS  /tmp/ccJ0pnR4.s 			page 24


 1328              		.thumb
 1329              		.thumb_func
 1330              		.fpu softvfp
 1332              	HAL_DMA_RegisterCallback:
 1333              		@ args = 0, pretend = 0, frame = 0
 1334              		@ frame_needed = 0, uses_anonymous_args = 0
 1335              		@ link register save eliminated.
 1336 0000 0346     		mov	r3, r0
 1337 0002 90F82000 		ldrb	r0, [r0, #32]	@ zero_extendqisi2
 1338 0006 0128     		cmp	r0, #1
 1339 0008 18D0     		beq	.L318
 1340 000a 93F82100 		ldrb	r0, [r3, #33]	@ zero_extendqisi2
 1341 000e 0128     		cmp	r0, #1
 1342 0010 12D1     		bne	.L319
 1343 0012 0329     		cmp	r1, #3
 1344 0014 05D8     		bhi	.L312
 1345 0016 DFE801F0 		tbb	[pc, r1]
 1346              	.L314:
 1347 001a 02       		.byte	(.L317-.L314)/2
 1348 001b 08       		.byte	(.L316-.L314)/2
 1349 001c 0B       		.byte	(.L315-.L314)/2
 1350 001d 0D       		.byte	(.L313-.L314)/2
 1351              		.p2align 1
 1352              	.L317:
 1353 001e 0846     		mov	r0, r1
 1354 0020 9A62     		str	r2, [r3, #40]
 1355              	.L312:
 1356 0022 0022     		movs	r2, #0
 1357 0024 83F82020 		strb	r2, [r3, #32]
 1358 0028 7047     		bx	lr
 1359              	.L316:
 1360 002a DA62     		str	r2, [r3, #44]
 1361              	.L320:
 1362 002c 0020     		movs	r0, #0
 1363 002e F8E7     		b	.L312
 1364              	.L315:
 1365 0030 1A63     		str	r2, [r3, #48]
 1366 0032 FBE7     		b	.L320
 1367              	.L313:
 1368 0034 5A63     		str	r2, [r3, #52]
 1369 0036 F9E7     		b	.L320
 1370              	.L319:
 1371 0038 0120     		movs	r0, #1
 1372 003a F2E7     		b	.L312
 1373              	.L318:
 1374 003c 0220     		movs	r0, #2
 1375 003e 7047     		bx	lr
 1377              		.section	.text.HAL_DMA_UnRegisterCallback,"ax",%progbits
 1378              		.align	1
 1379              		.global	HAL_DMA_UnRegisterCallback
 1380              		.syntax unified
 1381              		.thumb
 1382              		.thumb_func
 1383              		.fpu softvfp
 1385              	HAL_DMA_UnRegisterCallback:
 1386              		@ args = 0, pretend = 0, frame = 0
 1387              		@ frame_needed = 0, uses_anonymous_args = 0
ARM GAS  /tmp/ccJ0pnR4.s 			page 25


 1388              		@ link register save eliminated.
 1389 0000 90F82020 		ldrb	r2, [r0, #32]	@ zero_extendqisi2
 1390 0004 0346     		mov	r3, r0
 1391 0006 012A     		cmp	r2, #1
 1392 0008 20D0     		beq	.L330
 1393 000a 0122     		movs	r2, #1
 1394 000c 80F82020 		strb	r2, [r0, #32]
 1395 0010 90F82100 		ldrb	r0, [r0, #33]	@ zero_extendqisi2
 1396 0014 9042     		cmp	r0, r2
 1397 0016 17D1     		bne	.L331
 1398 0018 0022     		movs	r2, #0
 1399 001a 0429     		cmp	r1, #4
 1400 001c 06D8     		bhi	.L323
 1401 001e DFE801F0 		tbb	[pc, r1]
 1402              	.L325:
 1403 0022 03       		.byte	(.L329-.L325)/2
 1404 0023 09       		.byte	(.L328-.L325)/2
 1405 0024 0C       		.byte	(.L327-.L325)/2
 1406 0025 11       		.byte	(.L326-.L325)/2
 1407 0026 0E       		.byte	(.L324-.L325)/2
 1408 0027 00       		.p2align 1
 1409              	.L329:
 1410 0028 0846     		mov	r0, r1
 1411 002a 9A62     		str	r2, [r3, #40]
 1412              	.L323:
 1413 002c 0022     		movs	r2, #0
 1414 002e 83F82020 		strb	r2, [r3, #32]
 1415 0032 7047     		bx	lr
 1416              	.L328:
 1417 0034 DA62     		str	r2, [r3, #44]
 1418              	.L332:
 1419 0036 0020     		movs	r0, #0
 1420 0038 F8E7     		b	.L323
 1421              	.L327:
 1422 003a 1A63     		str	r2, [r3, #48]
 1423 003c FBE7     		b	.L332
 1424              	.L324:
 1425 003e C3E90A22 		strd	r2, r2, [r3, #40]
 1426 0042 1A63     		str	r2, [r3, #48]
 1427              	.L326:
 1428 0044 5A63     		str	r2, [r3, #52]
 1429 0046 F6E7     		b	.L332
 1430              	.L331:
 1431 0048 1046     		mov	r0, r2
 1432 004a EFE7     		b	.L323
 1433              	.L330:
 1434 004c 0220     		movs	r0, #2
 1435 004e 7047     		bx	lr
 1437              		.section	.text.HAL_DMA_GetState,"ax",%progbits
 1438              		.align	1
 1439              		.global	HAL_DMA_GetState
 1440              		.syntax unified
 1441              		.thumb
 1442              		.thumb_func
 1443              		.fpu softvfp
 1445              	HAL_DMA_GetState:
 1446              		@ args = 0, pretend = 0, frame = 0
ARM GAS  /tmp/ccJ0pnR4.s 			page 26


 1447              		@ frame_needed = 0, uses_anonymous_args = 0
 1448              		@ link register save eliminated.
 1449 0000 90F82100 		ldrb	r0, [r0, #33]	@ zero_extendqisi2
 1450 0004 7047     		bx	lr
 1452              		.section	.text.HAL_DMA_GetError,"ax",%progbits
 1453              		.align	1
 1454              		.global	HAL_DMA_GetError
 1455              		.syntax unified
 1456              		.thumb
 1457              		.thumb_func
 1458              		.fpu softvfp
 1460              	HAL_DMA_GetError:
 1461              		@ args = 0, pretend = 0, frame = 0
 1462              		@ frame_needed = 0, uses_anonymous_args = 0
 1463              		@ link register save eliminated.
 1464 0000 806B     		ldr	r0, [r0, #56]
 1465 0002 7047     		bx	lr
 1467              		.ident	"GCC: (GNU Tools for Arm Embedded Processors 9-2019-q4-major) 9.2.1 20191025 (release) [ARM
ARM GAS  /tmp/ccJ0pnR4.s 			page 27


DEFINED SYMBOLS
                            *ABS*:0000000000000000 stm32f1xx_hal_dma.c
     /tmp/ccJ0pnR4.s:14     .text.HAL_DMA_Init:0000000000000000 $t
     /tmp/ccJ0pnR4.s:22     .text.HAL_DMA_Init:0000000000000000 HAL_DMA_Init
     /tmp/ccJ0pnR4.s:79     .text.HAL_DMA_Init:000000000000006c $d
     /tmp/ccJ0pnR4.s:85     .text.HAL_DMA_DeInit:0000000000000000 $t
     /tmp/ccJ0pnR4.s:92     .text.HAL_DMA_DeInit:0000000000000000 HAL_DMA_DeInit
     /tmp/ccJ0pnR4.s:144    .text.HAL_DMA_DeInit:0000000000000060 $d
     /tmp/ccJ0pnR4.s:151    .text.HAL_DMA_Start:0000000000000000 $t
     /tmp/ccJ0pnR4.s:158    .text.HAL_DMA_Start:0000000000000000 HAL_DMA_Start
     /tmp/ccJ0pnR4.s:202    .text.HAL_DMA_Start_IT:0000000000000000 $t
     /tmp/ccJ0pnR4.s:209    .text.HAL_DMA_Start_IT:0000000000000000 HAL_DMA_Start_IT
     /tmp/ccJ0pnR4.s:266    .text.HAL_DMA_Abort:0000000000000000 $t
     /tmp/ccJ0pnR4.s:273    .text.HAL_DMA_Abort:0000000000000000 HAL_DMA_Abort
     /tmp/ccJ0pnR4.s:304    .text.HAL_DMA_Abort_IT:0000000000000000 $t
     /tmp/ccJ0pnR4.s:311    .text.HAL_DMA_Abort_IT:0000000000000000 HAL_DMA_Abort_IT
     /tmp/ccJ0pnR4.s:465    .text.HAL_DMA_Abort_IT:0000000000000124 $d
     /tmp/ccJ0pnR4.s:473    .text.HAL_DMA_PollForTransfer:0000000000000000 $t
     /tmp/ccJ0pnR4.s:480    .text.HAL_DMA_PollForTransfer:0000000000000000 HAL_DMA_PollForTransfer
     /tmp/ccJ0pnR4.s:859    .text.HAL_DMA_PollForTransfer:0000000000000350 $d
     /tmp/ccJ0pnR4.s:870    .text.HAL_DMA_PollForTransfer:0000000000000378 $t
     /tmp/ccJ0pnR4.s:994    .text.HAL_DMA_PollForTransfer:0000000000000460 $d
     /tmp/ccJ0pnR4.s:998    .text.HAL_DMA_IRQHandler:0000000000000000 $t
     /tmp/ccJ0pnR4.s:1005   .text.HAL_DMA_IRQHandler:0000000000000000 HAL_DMA_IRQHandler
     /tmp/ccJ0pnR4.s:1317   .text.HAL_DMA_IRQHandler:0000000000000264 $d
     /tmp/ccJ0pnR4.s:1325   .text.HAL_DMA_RegisterCallback:0000000000000000 $t
     /tmp/ccJ0pnR4.s:1332   .text.HAL_DMA_RegisterCallback:0000000000000000 HAL_DMA_RegisterCallback
     /tmp/ccJ0pnR4.s:1347   .text.HAL_DMA_RegisterCallback:000000000000001a $d
     /tmp/ccJ0pnR4.s:1351   .text.HAL_DMA_RegisterCallback:000000000000001e $t
     /tmp/ccJ0pnR4.s:1378   .text.HAL_DMA_UnRegisterCallback:0000000000000000 $t
     /tmp/ccJ0pnR4.s:1385   .text.HAL_DMA_UnRegisterCallback:0000000000000000 HAL_DMA_UnRegisterCallback
     /tmp/ccJ0pnR4.s:1403   .text.HAL_DMA_UnRegisterCallback:0000000000000022 $d
     /tmp/ccJ0pnR4.s:1438   .text.HAL_DMA_GetState:0000000000000000 $t
     /tmp/ccJ0pnR4.s:1445   .text.HAL_DMA_GetState:0000000000000000 HAL_DMA_GetState
     /tmp/ccJ0pnR4.s:1453   .text.HAL_DMA_GetError:0000000000000000 $t
     /tmp/ccJ0pnR4.s:1460   .text.HAL_DMA_GetError:0000000000000000 HAL_DMA_GetError
     /tmp/ccJ0pnR4.s:1408   .text.HAL_DMA_UnRegisterCallback:0000000000000027 $d
     /tmp/ccJ0pnR4.s:1408   .text.HAL_DMA_UnRegisterCallback:0000000000000028 $t

UNDEFINED SYMBOLS
HAL_GetTick
