ARM GAS  /tmp/ccpW9ORG.s 			page 1


   1              		.cpu cortex-m3
   2              		.eabi_attribute 20, 1
   3              		.eabi_attribute 21, 1
   4              		.eabi_attribute 23, 3
   5              		.eabi_attribute 24, 1
   6              		.eabi_attribute 25, 1
   7              		.eabi_attribute 26, 1
   8              		.eabi_attribute 30, 4
   9              		.eabi_attribute 34, 1
  10              		.eabi_attribute 18, 4
  11              		.file	"stm32f1xx_ll_fsmc.c"
  12              		.text
  13              		.section	.text.FSMC_NORSRAM_Init,"ax",%progbits
  14              		.align	1
  15              		.global	FSMC_NORSRAM_Init
  16              		.arch armv7-m
  17              		.syntax unified
  18              		.thumb
  19              		.thumb_func
  20              		.fpu softvfp
  22              	FSMC_NORSRAM_Init:
  23              		@ args = 0, pretend = 0, frame = 0
  24              		@ frame_needed = 0, uses_anonymous_args = 0
  25 0000 0A68     		ldr	r2, [r1]
  26 0002 70B5     		push	{r4, r5, r6, lr}
  27 0004 50F82230 		ldr	r3, [r0, r2, lsl #2]
  28 0008 4E68     		ldr	r6, [r1, #4]
  29 000a 23F00103 		bic	r3, r3, #1
  30 000e 40F82230 		str	r3, [r0, r2, lsl #2]
  31 0012 8B68     		ldr	r3, [r1, #8]
  32 0014 50F82250 		ldr	r5, [r0, r2, lsl #2]
  33 0018 082B     		cmp	r3, #8
  34 001a 0CBF     		ite	eq
  35 001c 4024     		moveq	r4, #64
  36 001e 0024     		movne	r4, #0
  37 0020 3343     		orrs	r3, r3, r6
  38 0022 CE68     		ldr	r6, [r1, #12]
  39 0024 3343     		orrs	r3, r3, r6
  40 0026 0E69     		ldr	r6, [r1, #16]
  41 0028 3343     		orrs	r3, r3, r6
  42 002a 4E69     		ldr	r6, [r1, #20]
  43 002c 3343     		orrs	r3, r3, r6
  44 002e 8E69     		ldr	r6, [r1, #24]
  45 0030 3343     		orrs	r3, r3, r6
  46 0032 CE69     		ldr	r6, [r1, #28]
  47 0034 3343     		orrs	r3, r3, r6
  48 0036 0E6A     		ldr	r6, [r1, #32]
  49 0038 3343     		orrs	r3, r3, r6
  50 003a 4E6A     		ldr	r6, [r1, #36]
  51 003c 3343     		orrs	r3, r3, r6
  52 003e 8E6A     		ldr	r6, [r1, #40]
  53 0040 3343     		orrs	r3, r3, r6
  54 0042 CE6A     		ldr	r6, [r1, #44]
  55 0044 3343     		orrs	r3, r3, r6
  56 0046 0E6B     		ldr	r6, [r1, #48]
  57 0048 496B     		ldr	r1, [r1, #52]
  58 004a 3343     		orrs	r3, r3, r6
ARM GAS  /tmp/ccpW9ORG.s 			page 2


  59 004c 0B43     		orrs	r3, r3, r1
  60 004e 0449     		ldr	r1, .L4
  61 0050 2940     		ands	r1, r1, r5
  62 0052 0B43     		orrs	r3, r3, r1
  63 0054 2343     		orrs	r3, r3, r4
  64 0056 40F82230 		str	r3, [r0, r2, lsl #2]
  65 005a 0020     		movs	r0, #0
  66 005c 70BD     		pop	{r4, r5, r6, pc}
  67              	.L5:
  68 005e 00BF     		.align	2
  69              	.L4:
  70 0060 8000F0FF 		.word	-1048448
  72              		.section	.text.FSMC_NORSRAM_DeInit,"ax",%progbits
  73              		.align	1
  74              		.global	FSMC_NORSRAM_DeInit
  75              		.syntax unified
  76              		.thumb
  77              		.thumb_func
  78              		.fpu softvfp
  80              	FSMC_NORSRAM_DeInit:
  81              		@ args = 0, pretend = 0, frame = 0
  82              		@ frame_needed = 0, uses_anonymous_args = 0
  83 0000 50F82230 		ldr	r3, [r0, r2, lsl #2]
  84 0004 10B5     		push	{r4, lr}
  85 0006 23F00103 		bic	r3, r3, #1
  86 000a 00EB8204 		add	r4, r0, r2, lsl #2
  87 000e 40F82230 		str	r3, [r0, r2, lsl #2]
  88 0012 4AB9     		cbnz	r2, .L7
  89 0014 43F2DB03 		movw	r3, #12507
  90 0018 0360     		str	r3, [r0]
  91              	.L8:
  92 001a 6FF07043 		mvn	r3, #-268435456
  93 001e 0020     		movs	r0, #0
  94 0020 6360     		str	r3, [r4, #4]
  95 0022 41F82230 		str	r3, [r1, r2, lsl #2]
  96 0026 10BD     		pop	{r4, pc}
  97              	.L7:
  98 0028 43F2D203 		movw	r3, #12498
  99 002c 40F82230 		str	r3, [r0, r2, lsl #2]
 100 0030 F3E7     		b	.L8
 102              		.section	.text.FSMC_NORSRAM_Timing_Init,"ax",%progbits
 103              		.align	1
 104              		.global	FSMC_NORSRAM_Timing_Init
 105              		.syntax unified
 106              		.thumb
 107              		.thumb_func
 108              		.fpu softvfp
 110              	FSMC_NORSRAM_Timing_Init:
 111              		@ args = 0, pretend = 0, frame = 0
 112              		@ frame_needed = 0, uses_anonymous_args = 0
 113 0000 0B68     		ldr	r3, [r1]
 114 0002 10B5     		push	{r4, lr}
 115 0004 8C69     		ldr	r4, [r1, #24]
 116 0006 00EB8202 		add	r2, r0, r2, lsl #2
 117 000a 2343     		orrs	r3, r3, r4
 118 000c 4C68     		ldr	r4, [r1, #4]
 119 000e 5068     		ldr	r0, [r2, #4]
ARM GAS  /tmp/ccpW9ORG.s 			page 3


 120 0010 43EA0413 		orr	r3, r3, r4, lsl #4
 121 0014 8C68     		ldr	r4, [r1, #8]
 122 0016 43EA0423 		orr	r3, r3, r4, lsl #8
 123 001a CC68     		ldr	r4, [r1, #12]
 124 001c 43EA0443 		orr	r3, r3, r4, lsl #16
 125 0020 0C69     		ldr	r4, [r1, #16]
 126 0022 4969     		ldr	r1, [r1, #20]
 127 0024 013C     		subs	r4, r4, #1
 128 0026 43EA0453 		orr	r3, r3, r4, lsl #20
 129 002a 0239     		subs	r1, r1, #2
 130 002c 43EA0163 		orr	r3, r3, r1, lsl #24
 131 0030 00F04041 		and	r1, r0, #-1073741824
 132 0034 0B43     		orrs	r3, r3, r1
 133 0036 0020     		movs	r0, #0
 134 0038 5360     		str	r3, [r2, #4]
 135 003a 10BD     		pop	{r4, pc}
 137              		.section	.text.FSMC_NORSRAM_Extended_Timing_Init,"ax",%progbits
 138              		.align	1
 139              		.global	FSMC_NORSRAM_Extended_Timing_Init
 140              		.syntax unified
 141              		.thumb
 142              		.thumb_func
 143              		.fpu softvfp
 145              	FSMC_NORSRAM_Extended_Timing_Init:
 146              		@ args = 0, pretend = 0, frame = 0
 147              		@ frame_needed = 0, uses_anonymous_args = 0
 148 0000 B3F5804F 		cmp	r3, #16384
 149 0004 30B5     		push	{r4, r5, lr}
 150 0006 14D1     		bne	.L11
 151 0008 8D69     		ldr	r5, [r1, #24]
 152 000a 0B68     		ldr	r3, [r1]
 153 000c 50F82240 		ldr	r4, [r0, r2, lsl #2]
 154 0010 2B43     		orrs	r3, r3, r5
 155 0012 4D68     		ldr	r5, [r1, #4]
 156 0014 43EA0513 		orr	r3, r3, r5, lsl #4
 157 0018 8D68     		ldr	r5, [r1, #8]
 158 001a C968     		ldr	r1, [r1, #12]
 159 001c 43EA0523 		orr	r3, r3, r5, lsl #8
 160 0020 43EA0143 		orr	r3, r3, r1, lsl #16
 161 0024 0449     		ldr	r1, .L14
 162 0026 2140     		ands	r1, r1, r4
 163 0028 0B43     		orrs	r3, r3, r1
 164              	.L13:
 165 002a 40F82230 		str	r3, [r0, r2, lsl #2]
 166 002e 0020     		movs	r0, #0
 167 0030 30BD     		pop	{r4, r5, pc}
 168              	.L11:
 169 0032 6FF07043 		mvn	r3, #-268435456
 170 0036 F8E7     		b	.L13
 171              	.L15:
 172              		.align	2
 173              	.L14:
 174 0038 0000F0CF 		.word	-806354944
 176              		.section	.text.FSMC_NORSRAM_WriteOperation_Enable,"ax",%progbits
 177              		.align	1
 178              		.global	FSMC_NORSRAM_WriteOperation_Enable
 179              		.syntax unified
ARM GAS  /tmp/ccpW9ORG.s 			page 4


 180              		.thumb
 181              		.thumb_func
 182              		.fpu softvfp
 184              	FSMC_NORSRAM_WriteOperation_Enable:
 185              		@ args = 0, pretend = 0, frame = 0
 186              		@ frame_needed = 0, uses_anonymous_args = 0
 187              		@ link register save eliminated.
 188 0000 50F82130 		ldr	r3, [r0, r1, lsl #2]
 189 0004 43F48053 		orr	r3, r3, #4096
 190 0008 40F82130 		str	r3, [r0, r1, lsl #2]
 191 000c 0020     		movs	r0, #0
 192 000e 7047     		bx	lr
 194              		.section	.text.FSMC_NORSRAM_WriteOperation_Disable,"ax",%progbits
 195              		.align	1
 196              		.global	FSMC_NORSRAM_WriteOperation_Disable
 197              		.syntax unified
 198              		.thumb
 199              		.thumb_func
 200              		.fpu softvfp
 202              	FSMC_NORSRAM_WriteOperation_Disable:
 203              		@ args = 0, pretend = 0, frame = 0
 204              		@ frame_needed = 0, uses_anonymous_args = 0
 205              		@ link register save eliminated.
 206 0000 50F82130 		ldr	r3, [r0, r1, lsl #2]
 207 0004 23F48053 		bic	r3, r3, #4096
 208 0008 40F82130 		str	r3, [r0, r1, lsl #2]
 209 000c 0020     		movs	r0, #0
 210 000e 7047     		bx	lr
 212              		.section	.text.FSMC_NAND_Init,"ax",%progbits
 213              		.align	1
 214              		.global	FSMC_NAND_Init
 215              		.syntax unified
 216              		.thumb
 217              		.thumb_func
 218              		.fpu softvfp
 220              	FSMC_NAND_Init:
 221              		@ args = 0, pretend = 0, frame = 0
 222              		@ frame_needed = 0, uses_anonymous_args = 0
 223 0000 4B69     		ldr	r3, [r1, #20]
 224 0002 F0B5     		push	{r4, r5, r6, r7, lr}
 225 0004 D1E9012C 		ldrd	r2, ip, [r1, #4]
 226 0008 D1E90376 		ldrd	r7, r6, [r1, #12]
 227 000c 5C02     		lsls	r4, r3, #9
 228 000e 8B69     		ldr	r3, [r1, #24]
 229 0010 5D03     		lsls	r5, r3, #13
 230 0012 0B68     		ldr	r3, [r1]
 231 0014 0D49     		ldr	r1, .L21
 232 0016 102B     		cmp	r3, #16
 233 0018 42EA0C03 		orr	r3, r2, ip
 234 001c 0BD1     		bne	.L19
 235 001e 0268     		ldr	r2, [r0]
 236 0020 2B43     		orrs	r3, r3, r5
 237 0022 3B43     		orrs	r3, r3, r7
 238 0024 3343     		orrs	r3, r3, r6
 239 0026 0A40     		ands	r2, r2, r1
 240 0028 1343     		orrs	r3, r3, r2
 241 002a 2343     		orrs	r3, r3, r4
ARM GAS  /tmp/ccpW9ORG.s 			page 5


 242 002c 43F00803 		orr	r3, r3, #8
 243 0030 0360     		str	r3, [r0]
 244              	.L20:
 245 0032 0020     		movs	r0, #0
 246 0034 F0BD     		pop	{r4, r5, r6, r7, pc}
 247              	.L19:
 248 0036 026A     		ldr	r2, [r0, #32]
 249 0038 2B43     		orrs	r3, r3, r5
 250 003a 3B43     		orrs	r3, r3, r7
 251 003c 3343     		orrs	r3, r3, r6
 252 003e 0A40     		ands	r2, r2, r1
 253 0040 1343     		orrs	r3, r3, r2
 254 0042 2343     		orrs	r3, r3, r4
 255 0044 43F00803 		orr	r3, r3, #8
 256 0048 0362     		str	r3, [r0, #32]
 257 004a F2E7     		b	.L20
 258              	.L22:
 259              		.align	2
 260              	.L21:
 261 004c 8101F0FF 		.word	-1048191
 263              		.section	.text.FSMC_NAND_CommonSpace_Timing_Init,"ax",%progbits
 264              		.align	1
 265              		.global	FSMC_NAND_CommonSpace_Timing_Init
 266              		.syntax unified
 267              		.thumb
 268              		.thumb_func
 269              		.fpu softvfp
 271              	FSMC_NAND_CommonSpace_Timing_Init:
 272              		@ args = 0, pretend = 0, frame = 0
 273              		@ frame_needed = 0, uses_anonymous_args = 0
 274 0000 10B5     		push	{r4, lr}
 275 0002 D1E90143 		ldrd	r4, r3, [r1, #4]
 276 0006 1B04     		lsls	r3, r3, #16
 277 0008 43EA0423 		orr	r3, r3, r4, lsl #8
 278 000c 0C68     		ldr	r4, [r1]
 279 000e C968     		ldr	r1, [r1, #12]
 280 0010 2343     		orrs	r3, r3, r4
 281 0012 102A     		cmp	r2, #16
 282 0014 43EA0163 		orr	r3, r3, r1, lsl #24
 283 0018 0BBF     		itete	eq
 284 001a 8268     		ldreq	r2, [r0, #8]
 285 001c 826A     		ldrne	r2, [r0, #40]
 286 001e 8360     		streq	r3, [r0, #8]
 287 0020 8362     		strne	r3, [r0, #40]
 288 0022 0020     		movs	r0, #0
 289 0024 10BD     		pop	{r4, pc}
 291              		.section	.text.FSMC_NAND_AttributeSpace_Timing_Init,"ax",%progbits
 292              		.align	1
 293              		.global	FSMC_NAND_AttributeSpace_Timing_Init
 294              		.syntax unified
 295              		.thumb
 296              		.thumb_func
 297              		.fpu softvfp
 299              	FSMC_NAND_AttributeSpace_Timing_Init:
 300              		@ args = 0, pretend = 0, frame = 0
 301              		@ frame_needed = 0, uses_anonymous_args = 0
 302 0000 10B5     		push	{r4, lr}
ARM GAS  /tmp/ccpW9ORG.s 			page 6


 303 0002 D1E90143 		ldrd	r4, r3, [r1, #4]
 304 0006 1B04     		lsls	r3, r3, #16
 305 0008 43EA0423 		orr	r3, r3, r4, lsl #8
 306 000c 0C68     		ldr	r4, [r1]
 307 000e C968     		ldr	r1, [r1, #12]
 308 0010 2343     		orrs	r3, r3, r4
 309 0012 102A     		cmp	r2, #16
 310 0014 43EA0163 		orr	r3, r3, r1, lsl #24
 311 0018 0BBF     		itete	eq
 312 001a C268     		ldreq	r2, [r0, #12]
 313 001c C26A     		ldrne	r2, [r0, #44]
 314 001e C360     		streq	r3, [r0, #12]
 315 0020 C362     		strne	r3, [r0, #44]
 316 0022 0020     		movs	r0, #0
 317 0024 10BD     		pop	{r4, pc}
 319              		.section	.text.FSMC_NAND_DeInit,"ax",%progbits
 320              		.align	1
 321              		.global	FSMC_NAND_DeInit
 322              		.syntax unified
 323              		.thumb
 324              		.thumb_func
 325              		.fpu softvfp
 327              	FSMC_NAND_DeInit:
 328              		@ args = 0, pretend = 0, frame = 0
 329              		@ frame_needed = 0, uses_anonymous_args = 0
 330              		@ link register save eliminated.
 331 0000 1029     		cmp	r1, #16
 332 0002 4FF01802 		mov	r2, #24
 333 0006 0CD1     		bne	.L30
 334 0008 0368     		ldr	r3, [r0]
 335 000a 23F00403 		bic	r3, r3, #4
 336 000e 0360     		str	r3, [r0]
 337 0010 4023     		movs	r3, #64
 338 0012 0260     		str	r2, [r0]
 339 0014 4360     		str	r3, [r0, #4]
 340 0016 4FF0FC33 		mov	r3, #-50529028
 341 001a 8360     		str	r3, [r0, #8]
 342 001c C360     		str	r3, [r0, #12]
 343              	.L31:
 344 001e 0020     		movs	r0, #0
 345 0020 7047     		bx	lr
 346              	.L30:
 347 0022 036A     		ldr	r3, [r0, #32]
 348 0024 23F00403 		bic	r3, r3, #4
 349 0028 0362     		str	r3, [r0, #32]
 350 002a 4023     		movs	r3, #64
 351 002c 0262     		str	r2, [r0, #32]
 352 002e 4362     		str	r3, [r0, #36]
 353 0030 4FF0FC33 		mov	r3, #-50529028
 354 0034 8362     		str	r3, [r0, #40]
 355 0036 C362     		str	r3, [r0, #44]
 356 0038 F1E7     		b	.L31
 358              		.section	.text.FSMC_NAND_ECC_Enable,"ax",%progbits
 359              		.align	1
 360              		.global	FSMC_NAND_ECC_Enable
 361              		.syntax unified
 362              		.thumb
ARM GAS  /tmp/ccpW9ORG.s 			page 7


 363              		.thumb_func
 364              		.fpu softvfp
 366              	FSMC_NAND_ECC_Enable:
 367              		@ args = 0, pretend = 0, frame = 0
 368              		@ frame_needed = 0, uses_anonymous_args = 0
 369              		@ link register save eliminated.
 370 0000 1029     		cmp	r1, #16
 371 0002 0BBF     		itete	eq
 372 0004 0368     		ldreq	r3, [r0]
 373 0006 036A     		ldrne	r3, [r0, #32]
 374 0008 43F04003 		orreq	r3, r3, #64
 375 000c 43F04003 		orrne	r3, r3, #64
 376 0010 0CBF     		ite	eq
 377 0012 0360     		streq	r3, [r0]
 378 0014 0362     		strne	r3, [r0, #32]
 379 0016 0020     		movs	r0, #0
 380 0018 7047     		bx	lr
 382              		.section	.text.FSMC_NAND_ECC_Disable,"ax",%progbits
 383              		.align	1
 384              		.global	FSMC_NAND_ECC_Disable
 385              		.syntax unified
 386              		.thumb
 387              		.thumb_func
 388              		.fpu softvfp
 390              	FSMC_NAND_ECC_Disable:
 391              		@ args = 0, pretend = 0, frame = 0
 392              		@ frame_needed = 0, uses_anonymous_args = 0
 393              		@ link register save eliminated.
 394 0000 1029     		cmp	r1, #16
 395 0002 0BBF     		itete	eq
 396 0004 0368     		ldreq	r3, [r0]
 397 0006 036A     		ldrne	r3, [r0, #32]
 398 0008 23F04003 		biceq	r3, r3, #64
 399 000c 23F04003 		bicne	r3, r3, #64
 400 0010 0CBF     		ite	eq
 401 0012 0360     		streq	r3, [r0]
 402 0014 0362     		strne	r3, [r0, #32]
 403 0016 0020     		movs	r0, #0
 404 0018 7047     		bx	lr
 406              		.section	.text.FSMC_NAND_GetECC,"ax",%progbits
 407              		.align	1
 408              		.global	FSMC_NAND_GetECC
 409              		.syntax unified
 410              		.thumb
 411              		.thumb_func
 412              		.fpu softvfp
 414              	FSMC_NAND_GetECC:
 415              		@ args = 0, pretend = 0, frame = 0
 416              		@ frame_needed = 0, uses_anonymous_args = 0
 417 0000 2DE9F843 		push	{r3, r4, r5, r6, r7, r8, r9, lr}
 418 0004 0546     		mov	r5, r0
 419 0006 0E46     		mov	r6, r1
 420 0008 1746     		mov	r7, r2
 421 000a 9846     		mov	r8, r3
 422 000c FFF7FEFF 		bl	HAL_GetTick
 423 0010 8146     		mov	r9, r0
 424              	.L40:
ARM GAS  /tmp/ccpW9ORG.s 			page 8


 425 0012 102F     		cmp	r7, #16
 426 0014 0CBF     		ite	eq
 427 0016 6C68     		ldreq	r4, [r5, #4]
 428 0018 6C6A     		ldrne	r4, [r5, #36]
 429 001a 84F04004 		eor	r4, r4, #64
 430 001e C4F38010 		ubfx	r0, r4, #6, #1
 431 0022 30B9     		cbnz	r0, .L44
 432 0024 102F     		cmp	r7, #16
 433 0026 0CBF     		ite	eq
 434 0028 6B69     		ldreq	r3, [r5, #20]
 435 002a 6B6B     		ldrne	r3, [r5, #52]
 436 002c 3360     		str	r3, [r6]
 437              	.L41:
 438 002e BDE8F883 		pop	{r3, r4, r5, r6, r7, r8, r9, pc}
 439              	.L44:
 440 0032 B8F1FF3F 		cmp	r8, #-1
 441 0036 ECD0     		beq	.L40
 442 0038 FFF7FEFF 		bl	HAL_GetTick
 443 003c A0EB0900 		sub	r0, r0, r9
 444 0040 4045     		cmp	r0, r8
 445 0042 02D8     		bhi	.L47
 446 0044 B8F1000F 		cmp	r8, #0
 447 0048 E3D1     		bne	.L40
 448              	.L47:
 449 004a 0320     		movs	r0, #3
 450 004c EFE7     		b	.L41
 452              		.section	.text.FSMC_PCCARD_Init,"ax",%progbits
 453              		.align	1
 454              		.global	FSMC_PCCARD_Init
 455              		.syntax unified
 456              		.thumb
 457              		.thumb_func
 458              		.fpu softvfp
 460              	FSMC_PCCARD_Init:
 461              		@ args = 0, pretend = 0, frame = 0
 462              		@ frame_needed = 0, uses_anonymous_args = 0
 463              		@ link register save eliminated.
 464 0000 0368     		ldr	r3, [r0]
 465 0002 0A68     		ldr	r2, [r1]
 466 0004 23F4FF33 		bic	r3, r3, #130560
 467 0008 23F03A03 		bic	r3, r3, #58
 468 000c 1343     		orrs	r3, r3, r2
 469 000e 4A68     		ldr	r2, [r1, #4]
 470 0010 43EA4223 		orr	r3, r3, r2, lsl #9
 471 0014 8A68     		ldr	r2, [r1, #8]
 472 0016 43EA4233 		orr	r3, r3, r2, lsl #13
 473 001a 43F01003 		orr	r3, r3, #16
 474 001e 0360     		str	r3, [r0]
 475 0020 0020     		movs	r0, #0
 476 0022 7047     		bx	lr
 478              		.section	.text.FSMC_PCCARD_CommonSpace_Timing_Init,"ax",%progbits
 479              		.align	1
 480              		.global	FSMC_PCCARD_CommonSpace_Timing_Init
 481              		.syntax unified
 482              		.thumb
 483              		.thumb_func
 484              		.fpu softvfp
ARM GAS  /tmp/ccpW9ORG.s 			page 9


 486              	FSMC_PCCARD_CommonSpace_Timing_Init:
 487              		@ args = 0, pretend = 0, frame = 0
 488              		@ frame_needed = 0, uses_anonymous_args = 0
 489              		@ link register save eliminated.
 490 0000 8368     		ldr	r3, [r0, #8]
 491 0002 D1E90123 		ldrd	r2, r3, [r1, #4]
 492 0006 1B04     		lsls	r3, r3, #16
 493 0008 43EA0223 		orr	r3, r3, r2, lsl #8
 494 000c 0A68     		ldr	r2, [r1]
 495 000e 1343     		orrs	r3, r3, r2
 496 0010 CA68     		ldr	r2, [r1, #12]
 497 0012 43EA0263 		orr	r3, r3, r2, lsl #24
 498 0016 8360     		str	r3, [r0, #8]
 499 0018 0020     		movs	r0, #0
 500 001a 7047     		bx	lr
 502              		.section	.text.FSMC_PCCARD_AttributeSpace_Timing_Init,"ax",%progbits
 503              		.align	1
 504              		.global	FSMC_PCCARD_AttributeSpace_Timing_Init
 505              		.syntax unified
 506              		.thumb
 507              		.thumb_func
 508              		.fpu softvfp
 510              	FSMC_PCCARD_AttributeSpace_Timing_Init:
 511              		@ args = 0, pretend = 0, frame = 0
 512              		@ frame_needed = 0, uses_anonymous_args = 0
 513              		@ link register save eliminated.
 514 0000 C368     		ldr	r3, [r0, #12]
 515 0002 D1E90123 		ldrd	r2, r3, [r1, #4]
 516 0006 1B04     		lsls	r3, r3, #16
 517 0008 43EA0223 		orr	r3, r3, r2, lsl #8
 518 000c 0A68     		ldr	r2, [r1]
 519 000e 1343     		orrs	r3, r3, r2
 520 0010 CA68     		ldr	r2, [r1, #12]
 521 0012 43EA0263 		orr	r3, r3, r2, lsl #24
 522 0016 C360     		str	r3, [r0, #12]
 523 0018 0020     		movs	r0, #0
 524 001a 7047     		bx	lr
 526              		.section	.text.FSMC_PCCARD_IOSpace_Timing_Init,"ax",%progbits
 527              		.align	1
 528              		.global	FSMC_PCCARD_IOSpace_Timing_Init
 529              		.syntax unified
 530              		.thumb
 531              		.thumb_func
 532              		.fpu softvfp
 534              	FSMC_PCCARD_IOSpace_Timing_Init:
 535              		@ args = 0, pretend = 0, frame = 0
 536              		@ frame_needed = 0, uses_anonymous_args = 0
 537              		@ link register save eliminated.
 538 0000 0369     		ldr	r3, [r0, #16]
 539 0002 D1E90123 		ldrd	r2, r3, [r1, #4]
 540 0006 1B04     		lsls	r3, r3, #16
 541 0008 43EA0223 		orr	r3, r3, r2, lsl #8
 542 000c 0A68     		ldr	r2, [r1]
 543 000e 1343     		orrs	r3, r3, r2
 544 0010 CA68     		ldr	r2, [r1, #12]
 545 0012 43EA0263 		orr	r3, r3, r2, lsl #24
 546 0016 0361     		str	r3, [r0, #16]
ARM GAS  /tmp/ccpW9ORG.s 			page 10


 547 0018 0020     		movs	r0, #0
 548 001a 7047     		bx	lr
 550              		.section	.text.FSMC_PCCARD_DeInit,"ax",%progbits
 551              		.align	1
 552              		.global	FSMC_PCCARD_DeInit
 553              		.syntax unified
 554              		.thumb
 555              		.thumb_func
 556              		.fpu softvfp
 558              	FSMC_PCCARD_DeInit:
 559              		@ args = 0, pretend = 0, frame = 0
 560              		@ frame_needed = 0, uses_anonymous_args = 0
 561              		@ link register save eliminated.
 562 0000 0368     		ldr	r3, [r0]
 563 0002 23F00403 		bic	r3, r3, #4
 564 0006 0360     		str	r3, [r0]
 565 0008 1823     		movs	r3, #24
 566 000a 0360     		str	r3, [r0]
 567 000c 4023     		movs	r3, #64
 568 000e 4360     		str	r3, [r0, #4]
 569 0010 4FF0FC33 		mov	r3, #-50529028
 570 0014 8360     		str	r3, [r0, #8]
 571 0016 C360     		str	r3, [r0, #12]
 572 0018 0361     		str	r3, [r0, #16]
 573 001a 0020     		movs	r0, #0
 574 001c 7047     		bx	lr
 576              		.ident	"GCC: (GNU Tools for Arm Embedded Processors 9-2019-q4-major) 9.2.1 20191025 (release) [ARM
ARM GAS  /tmp/ccpW9ORG.s 			page 11


DEFINED SYMBOLS
                            *ABS*:0000000000000000 stm32f1xx_ll_fsmc.c
     /tmp/ccpW9ORG.s:14     .text.FSMC_NORSRAM_Init:0000000000000000 $t
     /tmp/ccpW9ORG.s:22     .text.FSMC_NORSRAM_Init:0000000000000000 FSMC_NORSRAM_Init
     /tmp/ccpW9ORG.s:70     .text.FSMC_NORSRAM_Init:0000000000000060 $d
     /tmp/ccpW9ORG.s:73     .text.FSMC_NORSRAM_DeInit:0000000000000000 $t
     /tmp/ccpW9ORG.s:80     .text.FSMC_NORSRAM_DeInit:0000000000000000 FSMC_NORSRAM_DeInit
     /tmp/ccpW9ORG.s:103    .text.FSMC_NORSRAM_Timing_Init:0000000000000000 $t
     /tmp/ccpW9ORG.s:110    .text.FSMC_NORSRAM_Timing_Init:0000000000000000 FSMC_NORSRAM_Timing_Init
     /tmp/ccpW9ORG.s:138    .text.FSMC_NORSRAM_Extended_Timing_Init:0000000000000000 $t
     /tmp/ccpW9ORG.s:145    .text.FSMC_NORSRAM_Extended_Timing_Init:0000000000000000 FSMC_NORSRAM_Extended_Timing_Init
     /tmp/ccpW9ORG.s:174    .text.FSMC_NORSRAM_Extended_Timing_Init:0000000000000038 $d
     /tmp/ccpW9ORG.s:177    .text.FSMC_NORSRAM_WriteOperation_Enable:0000000000000000 $t
     /tmp/ccpW9ORG.s:184    .text.FSMC_NORSRAM_WriteOperation_Enable:0000000000000000 FSMC_NORSRAM_WriteOperation_Enable
     /tmp/ccpW9ORG.s:195    .text.FSMC_NORSRAM_WriteOperation_Disable:0000000000000000 $t
     /tmp/ccpW9ORG.s:202    .text.FSMC_NORSRAM_WriteOperation_Disable:0000000000000000 FSMC_NORSRAM_WriteOperation_Disable
     /tmp/ccpW9ORG.s:213    .text.FSMC_NAND_Init:0000000000000000 $t
     /tmp/ccpW9ORG.s:220    .text.FSMC_NAND_Init:0000000000000000 FSMC_NAND_Init
     /tmp/ccpW9ORG.s:261    .text.FSMC_NAND_Init:000000000000004c $d
     /tmp/ccpW9ORG.s:264    .text.FSMC_NAND_CommonSpace_Timing_Init:0000000000000000 $t
     /tmp/ccpW9ORG.s:271    .text.FSMC_NAND_CommonSpace_Timing_Init:0000000000000000 FSMC_NAND_CommonSpace_Timing_Init
     /tmp/ccpW9ORG.s:292    .text.FSMC_NAND_AttributeSpace_Timing_Init:0000000000000000 $t
     /tmp/ccpW9ORG.s:299    .text.FSMC_NAND_AttributeSpace_Timing_Init:0000000000000000 FSMC_NAND_AttributeSpace_Timing_Init
     /tmp/ccpW9ORG.s:320    .text.FSMC_NAND_DeInit:0000000000000000 $t
     /tmp/ccpW9ORG.s:327    .text.FSMC_NAND_DeInit:0000000000000000 FSMC_NAND_DeInit
     /tmp/ccpW9ORG.s:359    .text.FSMC_NAND_ECC_Enable:0000000000000000 $t
     /tmp/ccpW9ORG.s:366    .text.FSMC_NAND_ECC_Enable:0000000000000000 FSMC_NAND_ECC_Enable
     /tmp/ccpW9ORG.s:383    .text.FSMC_NAND_ECC_Disable:0000000000000000 $t
     /tmp/ccpW9ORG.s:390    .text.FSMC_NAND_ECC_Disable:0000000000000000 FSMC_NAND_ECC_Disable
     /tmp/ccpW9ORG.s:407    .text.FSMC_NAND_GetECC:0000000000000000 $t
     /tmp/ccpW9ORG.s:414    .text.FSMC_NAND_GetECC:0000000000000000 FSMC_NAND_GetECC
     /tmp/ccpW9ORG.s:453    .text.FSMC_PCCARD_Init:0000000000000000 $t
     /tmp/ccpW9ORG.s:460    .text.FSMC_PCCARD_Init:0000000000000000 FSMC_PCCARD_Init
     /tmp/ccpW9ORG.s:479    .text.FSMC_PCCARD_CommonSpace_Timing_Init:0000000000000000 $t
     /tmp/ccpW9ORG.s:486    .text.FSMC_PCCARD_CommonSpace_Timing_Init:0000000000000000 FSMC_PCCARD_CommonSpace_Timing_Init
     /tmp/ccpW9ORG.s:503    .text.FSMC_PCCARD_AttributeSpace_Timing_Init:0000000000000000 $t
     /tmp/ccpW9ORG.s:510    .text.FSMC_PCCARD_AttributeSpace_Timing_Init:0000000000000000 FSMC_PCCARD_AttributeSpace_Timing_Init
     /tmp/ccpW9ORG.s:527    .text.FSMC_PCCARD_IOSpace_Timing_Init:0000000000000000 $t
     /tmp/ccpW9ORG.s:534    .text.FSMC_PCCARD_IOSpace_Timing_Init:0000000000000000 FSMC_PCCARD_IOSpace_Timing_Init
     /tmp/ccpW9ORG.s:551    .text.FSMC_PCCARD_DeInit:0000000000000000 $t
     /tmp/ccpW9ORG.s:558    .text.FSMC_PCCARD_DeInit:0000000000000000 FSMC_PCCARD_DeInit

UNDEFINED SYMBOLS
HAL_GetTick
