ARM GAS  /tmp/ccgbMsQY.s 			page 1


   1              		.cpu cortex-m3
   2              		.eabi_attribute 20, 1
   3              		.eabi_attribute 21, 1
   4              		.eabi_attribute 23, 3
   5              		.eabi_attribute 24, 1
   6              		.eabi_attribute 25, 1
   7              		.eabi_attribute 26, 1
   8              		.eabi_attribute 30, 4
   9              		.eabi_attribute 34, 1
  10              		.eabi_attribute 18, 4
  11              		.file	"stm32f1xx_hal_gpio.c"
  12              		.text
  13              		.section	.text.HAL_GPIO_Init,"ax",%progbits
  14              		.align	1
  15              		.global	HAL_GPIO_Init
  16              		.arch armv7-m
  17              		.syntax unified
  18              		.thumb
  19              		.thumb_func
  20              		.fpu softvfp
  22              	HAL_GPIO_Init:
  23              		@ args = 0, pretend = 0, frame = 8
  24              		@ frame_needed = 0, uses_anonymous_args = 0
  25 0000 2DE9F74F 		push	{r0, r1, r2, r4, r5, r6, r7, r8, r9, r10, fp, lr}
  26 0004 0022     		movs	r2, #0
  27 0006 1646     		mov	r6, r2
  28 0008 6B4F     		ldr	r7, .L44
  29 000a 6C4B     		ldr	r3, .L44+4
  30 000c DFF8B4C1 		ldr	ip, .L44+12
  31 0010 DFF8B4E1 		ldr	lr, .L44+16
  32              	.L2:
  33 0014 0C68     		ldr	r4, [r1]
  34 0016 34FA06F5 		lsrs	r5, r4, r6
  35 001a 02D1     		bne	.L25
  36 001c 03B0     		add	sp, sp, #12
  37              		@ sp needed
  38 001e BDE8F08F 		pop	{r4, r5, r6, r7, r8, r9, r10, fp, pc}
  39              	.L25:
  40 0022 4FF00108 		mov	r8, #1
  41 0026 08FA06F8 		lsl	r8, r8, r6
  42 002a 04EA0805 		and	r5, r4, r8
  43 002e 38EA0404 		bics	r4, r8, r4
  44 0032 40F08280 		bne	.L3
  45 0036 4C68     		ldr	r4, [r1, #4]
  46 0038 032C     		cmp	r4, #3
  47 003a 07D8     		bhi	.L4
  48 003c 013C     		subs	r4, r4, #1
  49 003e 022C     		cmp	r4, #2
  50 0040 00F28D80 		bhi	.L5
  51 0044 DFE804F0 		tbb	[pc, r4]
  52              	.L7:
  53 0048 9E       		.byte	(.L9-.L7)/2
  54 0049 A3       		.byte	(.L8-.L7)/2
  55 004a A9       		.byte	(.L26-.L7)/2
  56 004b 00       		.p2align 1
  57              	.L4:
  58 004c 122C     		cmp	r4, #18
ARM GAS  /tmp/ccgbMsQY.s 			page 2


  59 004e 00F0A180 		beq	.L10
  60 0052 74D8     		bhi	.L11
  61 0054 112C     		cmp	r4, #17
  62 0056 00F09780 		beq	.L12
  63              	.L6:
  64 005a FF2D     		cmp	r5, #255
  65 005c 98BF     		it	ls
  66 005e 8246     		movls	r10, r0
  67 0060 4FF00F09 		mov	r9, #15
  68 0064 88BF     		it	hi
  69 0066 00F1040A 		addhi	r10, r0, #4
  70 006a 4FEA8604 		lsl	r4, r6, #2
  71 006e DAF80080 		ldr	r8, [r10]
  72 0072 88BF     		it	hi
  73 0074 203C     		subhi	r4, r4, #32
  74 0076 09FA04FB 		lsl	fp, r9, r4
  75 007a 28EA0B08 		bic	r8, r8, fp
  76 007e 02FA04F4 		lsl	r4, r2, r4
  77 0082 48EA0404 		orr	r4, r8, r4
  78 0086 CAF80040 		str	r4, [r10]
  79 008a D1F804A0 		ldr	r10, [r1, #4]
  80 008e 1AF0805F 		tst	r10, #268435456
  81 0092 52D0     		beq	.L3
  82 0094 BC69     		ldr	r4, [r7, #24]
  83 0096 26F00308 		bic	r8, r6, #3
  84 009a 44F00104 		orr	r4, r4, #1
  85 009e BC61     		str	r4, [r7, #24]
  86 00a0 BC69     		ldr	r4, [r7, #24]
  87 00a2 08F18048 		add	r8, r8, #1073741824
  88 00a6 04F00104 		and	r4, r4, #1
  89 00aa 0194     		str	r4, [sp, #4]
  90 00ac 08F58038 		add	r8, r8, #65536
  91 00b0 06F0030B 		and	fp, r6, #3
  92 00b4 019C     		ldr	r4, [sp, #4]
  93 00b6 4FEA8B0B 		lsl	fp, fp, #2
  94 00ba D8F80840 		ldr	r4, [r8, #8]
  95 00be 09FA0BF9 		lsl	r9, r9, fp
  96 00c2 24EA0909 		bic	r9, r4, r9
  97 00c6 3E4C     		ldr	r4, .L44+8
  98 00c8 A042     		cmp	r0, r4
  99 00ca 6AD0     		beq	.L28
 100 00cc 04F58064 		add	r4, r4, #1024
 101 00d0 A042     		cmp	r0, r4
 102 00d2 68D0     		beq	.L29
 103 00d4 04F58064 		add	r4, r4, #1024
 104 00d8 A042     		cmp	r0, r4
 105 00da 66D0     		beq	.L30
 106 00dc 04F58064 		add	r4, r4, #1024
 107 00e0 A042     		cmp	r0, r4
 108 00e2 64D0     		beq	.L31
 109 00e4 04F58064 		add	r4, r4, #1024
 110 00e8 A042     		cmp	r0, r4
 111 00ea 62D0     		beq	.L32
 112 00ec 6045     		cmp	r0, ip
 113 00ee 0CBF     		ite	eq
 114 00f0 0524     		moveq	r4, #5
 115 00f2 0624     		movne	r4, #6
ARM GAS  /tmp/ccgbMsQY.s 			page 3


 116              	.L17:
 117 00f4 04FA0BF4 		lsl	r4, r4, fp
 118 00f8 44EA0904 		orr	r4, r4, r9
 119 00fc C8F80840 		str	r4, [r8, #8]
 120 0100 1C68     		ldr	r4, [r3]
 121 0102 1AF4803F 		tst	r10, #65536
 122 0106 14BF     		ite	ne
 123 0108 2C43     		orrne	r4, r4, r5
 124 010a AC43     		biceq	r4, r4, r5
 125 010c 1C60     		str	r4, [r3]
 126 010e 5C68     		ldr	r4, [r3, #4]
 127 0110 1AF4003F 		tst	r10, #131072
 128 0114 14BF     		ite	ne
 129 0116 2C43     		orrne	r4, r4, r5
 130 0118 AC43     		biceq	r4, r4, r5
 131 011a 5C60     		str	r4, [r3, #4]
 132 011c 9C68     		ldr	r4, [r3, #8]
 133 011e 1AF4801F 		tst	r10, #1048576
 134 0122 14BF     		ite	ne
 135 0124 2C43     		orrne	r4, r4, r5
 136 0126 AC43     		biceq	r4, r4, r5
 137 0128 9C60     		str	r4, [r3, #8]
 138 012a DC68     		ldr	r4, [r3, #12]
 139 012c 1AF4001F 		tst	r10, #2097152
 140 0130 14BF     		ite	ne
 141 0132 2543     		orrne	r5, r5, r4
 142 0134 24EA0505 		biceq	r5, r4, r5
 143 0138 DD60     		str	r5, [r3, #12]
 144              	.L3:
 145 013a 0136     		adds	r6, r6, #1
 146 013c 6AE7     		b	.L2
 147              	.L11:
 148 013e 7445     		cmp	r4, lr
 149 0140 0DD0     		beq	.L5
 150 0142 18D8     		bhi	.L13
 151 0144 DFF88490 		ldr	r9, .L44+20
 152 0148 4C45     		cmp	r4, r9
 153 014a 08D0     		beq	.L5
 154 014c 09F57029 		add	r9, r9, #983040
 155 0150 4C45     		cmp	r4, r9
 156 0152 04D0     		beq	.L5
 157 0154 A9F58019 		sub	r9, r9, #1048576
 158              	.L38:
 159 0158 4C45     		cmp	r4, r9
 160 015a 7FF47EAF 		bne	.L6
 161              	.L5:
 162 015e 8A68     		ldr	r2, [r1, #8]
 163 0160 EAB1     		cbz	r2, .L27
 164 0162 012A     		cmp	r2, #1
 165 0164 08BF     		it	eq
 166 0166 C0F81080 		streq	r8, [r0, #16]
 167 016a 4FF00802 		mov	r2, #8
 168 016e 18BF     		it	ne
 169 0170 C0F81480 		strne	r8, [r0, #20]
 170 0174 71E7     		b	.L6
 171              	.L13:
 172 0176 DFF85890 		ldr	r9, .L44+24
ARM GAS  /tmp/ccgbMsQY.s 			page 4


 173 017a 4C45     		cmp	r4, r9
 174 017c EFD0     		beq	.L5
 175 017e 09F58039 		add	r9, r9, #65536
 176 0182 E9E7     		b	.L38
 177              	.L9:
 178 0184 CA68     		ldr	r2, [r1, #12]
 179 0186 68E7     		b	.L6
 180              	.L12:
 181 0188 CA68     		ldr	r2, [r1, #12]
 182 018a 0432     		adds	r2, r2, #4
 183 018c 65E7     		b	.L6
 184              	.L8:
 185 018e CA68     		ldr	r2, [r1, #12]
 186 0190 0832     		adds	r2, r2, #8
 187 0192 62E7     		b	.L6
 188              	.L10:
 189 0194 CA68     		ldr	r2, [r1, #12]
 190 0196 0C32     		adds	r2, r2, #12
 191 0198 5FE7     		b	.L6
 192              	.L26:
 193 019a 0022     		movs	r2, #0
 194 019c 5DE7     		b	.L6
 195              	.L27:
 196 019e 0422     		movs	r2, #4
 197 01a0 5BE7     		b	.L6
 198              	.L28:
 199 01a2 0024     		movs	r4, #0
 200 01a4 A6E7     		b	.L17
 201              	.L29:
 202 01a6 0124     		movs	r4, #1
 203 01a8 A4E7     		b	.L17
 204              	.L30:
 205 01aa 0224     		movs	r4, #2
 206 01ac A2E7     		b	.L17
 207              	.L31:
 208 01ae 0324     		movs	r4, #3
 209 01b0 A0E7     		b	.L17
 210              	.L32:
 211 01b2 0424     		movs	r4, #4
 212 01b4 9EE7     		b	.L17
 213              	.L45:
 214 01b6 00BF     		.align	2
 215              	.L44:
 216 01b8 00100240 		.word	1073876992
 217 01bc 00040140 		.word	1073808384
 218 01c0 00080140 		.word	1073809408
 219 01c4 001C0140 		.word	1073814528
 220 01c8 00002210 		.word	270663680
 221 01cc 00001210 		.word	269615104
 222 01d0 00003110 		.word	271646720
 224              		.section	.text.HAL_GPIO_DeInit,"ax",%progbits
 225              		.align	1
 226              		.global	HAL_GPIO_DeInit
 227              		.syntax unified
 228              		.thumb
 229              		.thumb_func
 230              		.fpu softvfp
ARM GAS  /tmp/ccgbMsQY.s 			page 5


 232              	HAL_GPIO_DeInit:
 233              		@ args = 0, pretend = 0, frame = 0
 234              		@ frame_needed = 0, uses_anonymous_args = 0
 235 0000 2DE9F04F 		push	{r4, r5, r6, r7, r8, r9, r10, fp, lr}
 236 0004 0024     		movs	r4, #0
 237 0006 4FF0010A 		mov	r10, #1
 238 000a 4FF00F08 		mov	r8, #15
 239 000e 354B     		ldr	r3, .L63
 240 0010 DFF8D8B0 		ldr	fp, .L63+8
 241              	.L47:
 242 0014 31FA04F2 		lsrs	r2, r1, r4
 243 0018 01D1     		bne	.L53
 244 001a BDE8F08F 		pop	{r4, r5, r6, r7, r8, r9, r10, fp, pc}
 245              	.L53:
 246 001e 0AFA04F7 		lsl	r7, r10, r4
 247 0022 0F40     		ands	r7, r7, r1
 248 0024 52D0     		beq	.L48
 249 0026 24F00305 		bic	r5, r4, #3
 250 002a 05F18045 		add	r5, r5, #1073741824
 251 002e 2E4A     		ldr	r2, .L63+4
 252 0030 05F58035 		add	r5, r5, #65536
 253 0034 04F0030C 		and	ip, r4, #3
 254 0038 AE68     		ldr	r6, [r5, #8]
 255 003a 4FEA8C0C 		lsl	ip, ip, #2
 256 003e 08FA0CF9 		lsl	r9, r8, ip
 257 0042 9042     		cmp	r0, r2
 258 0044 09EA060E 		and	lr, r9, r6
 259 0048 42D0     		beq	.L54
 260 004a 02F58062 		add	r2, r2, #1024
 261 004e 9042     		cmp	r0, r2
 262 0050 40D0     		beq	.L55
 263 0052 02F58062 		add	r2, r2, #1024
 264 0056 9042     		cmp	r0, r2
 265 0058 3ED0     		beq	.L56
 266 005a 02F58062 		add	r2, r2, #1024
 267 005e 9042     		cmp	r0, r2
 268 0060 3CD0     		beq	.L57
 269 0062 02F58062 		add	r2, r2, #1024
 270 0066 9042     		cmp	r0, r2
 271 0068 3AD0     		beq	.L58
 272 006a 5845     		cmp	r0, fp
 273 006c 0CBF     		ite	eq
 274 006e 0522     		moveq	r2, #5
 275 0070 0622     		movne	r2, #6
 276              	.L49:
 277 0072 02FA0CF2 		lsl	r2, r2, ip
 278 0076 7245     		cmp	r2, lr
 279 0078 6FEA0706 		mvn	r6, r7
 280 007c 0FD1     		bne	.L50
 281 007e AA68     		ldr	r2, [r5, #8]
 282 0080 22EA0902 		bic	r2, r2, r9
 283 0084 AA60     		str	r2, [r5, #8]
 284 0086 1A68     		ldr	r2, [r3]
 285 0088 3240     		ands	r2, r2, r6
 286 008a 1A60     		str	r2, [r3]
 287 008c 5A68     		ldr	r2, [r3, #4]
 288 008e 3240     		ands	r2, r2, r6
ARM GAS  /tmp/ccgbMsQY.s 			page 6


 289 0090 5A60     		str	r2, [r3, #4]
 290 0092 9A68     		ldr	r2, [r3, #8]
 291 0094 3240     		ands	r2, r2, r6
 292 0096 9A60     		str	r2, [r3, #8]
 293 0098 DA68     		ldr	r2, [r3, #12]
 294 009a 3240     		ands	r2, r2, r6
 295 009c DA60     		str	r2, [r3, #12]
 296              	.L50:
 297 009e FF2F     		cmp	r7, #255
 298 00a0 98BF     		it	ls
 299 00a2 0746     		movls	r7, r0
 300 00a4 4FEA8402 		lsl	r2, r4, #2
 301 00a8 88BF     		it	hi
 302 00aa 071D     		addhi	r7, r0, #4
 303 00ac 3D68     		ldr	r5, [r7]
 304 00ae 88BF     		it	hi
 305 00b0 203A     		subhi	r2, r2, #32
 306 00b2 08FA02FC 		lsl	ip, r8, r2
 307 00b6 25EA0C05 		bic	r5, r5, ip
 308 00ba 4FF0040C 		mov	ip, #4
 309 00be 0CFA02F2 		lsl	r2, ip, r2
 310 00c2 2A43     		orrs	r2, r2, r5
 311 00c4 3A60     		str	r2, [r7]
 312 00c6 C268     		ldr	r2, [r0, #12]
 313 00c8 1640     		ands	r6, r6, r2
 314 00ca C660     		str	r6, [r0, #12]
 315              	.L48:
 316 00cc 0134     		adds	r4, r4, #1
 317 00ce A1E7     		b	.L47
 318              	.L54:
 319 00d0 0022     		movs	r2, #0
 320 00d2 CEE7     		b	.L49
 321              	.L55:
 322 00d4 0122     		movs	r2, #1
 323 00d6 CCE7     		b	.L49
 324              	.L56:
 325 00d8 0222     		movs	r2, #2
 326 00da CAE7     		b	.L49
 327              	.L57:
 328 00dc 0322     		movs	r2, #3
 329 00de C8E7     		b	.L49
 330              	.L58:
 331 00e0 0422     		movs	r2, #4
 332 00e2 C6E7     		b	.L49
 333              	.L64:
 334              		.align	2
 335              	.L63:
 336 00e4 00040140 		.word	1073808384
 337 00e8 00080140 		.word	1073809408
 338 00ec 001C0140 		.word	1073814528
 340              		.section	.text.HAL_GPIO_ReadPin,"ax",%progbits
 341              		.align	1
 342              		.global	HAL_GPIO_ReadPin
 343              		.syntax unified
 344              		.thumb
 345              		.thumb_func
 346              		.fpu softvfp
ARM GAS  /tmp/ccgbMsQY.s 			page 7


 348              	HAL_GPIO_ReadPin:
 349              		@ args = 0, pretend = 0, frame = 0
 350              		@ frame_needed = 0, uses_anonymous_args = 0
 351              		@ link register save eliminated.
 352 0000 8368     		ldr	r3, [r0, #8]
 353 0002 1942     		tst	r1, r3
 354 0004 14BF     		ite	ne
 355 0006 0120     		movne	r0, #1
 356 0008 0020     		moveq	r0, #0
 357 000a 7047     		bx	lr
 359              		.section	.text.HAL_GPIO_WritePin,"ax",%progbits
 360              		.align	1
 361              		.global	HAL_GPIO_WritePin
 362              		.syntax unified
 363              		.thumb
 364              		.thumb_func
 365              		.fpu softvfp
 367              	HAL_GPIO_WritePin:
 368              		@ args = 0, pretend = 0, frame = 0
 369              		@ frame_needed = 0, uses_anonymous_args = 0
 370              		@ link register save eliminated.
 371 0000 0AB1     		cbz	r2, .L67
 372              	.L69:
 373 0002 0161     		str	r1, [r0, #16]
 374 0004 7047     		bx	lr
 375              	.L67:
 376 0006 0904     		lsls	r1, r1, #16
 377 0008 FBE7     		b	.L69
 379              		.section	.text.HAL_GPIO_TogglePin,"ax",%progbits
 380              		.align	1
 381              		.global	HAL_GPIO_TogglePin
 382              		.syntax unified
 383              		.thumb
 384              		.thumb_func
 385              		.fpu softvfp
 387              	HAL_GPIO_TogglePin:
 388              		@ args = 0, pretend = 0, frame = 0
 389              		@ frame_needed = 0, uses_anonymous_args = 0
 390              		@ link register save eliminated.
 391 0000 C368     		ldr	r3, [r0, #12]
 392 0002 0B42     		tst	r3, r1
 393 0004 14BF     		ite	ne
 394 0006 4161     		strne	r1, [r0, #20]
 395 0008 0161     		streq	r1, [r0, #16]
 396 000a 7047     		bx	lr
 398              		.section	.text.HAL_GPIO_LockPin,"ax",%progbits
 399              		.align	1
 400              		.global	HAL_GPIO_LockPin
 401              		.syntax unified
 402              		.thumb
 403              		.thumb_func
 404              		.fpu softvfp
 406              	HAL_GPIO_LockPin:
 407              		@ args = 0, pretend = 0, frame = 8
 408              		@ frame_needed = 0, uses_anonymous_args = 0
 409              		@ link register save eliminated.
 410 0000 4FF48033 		mov	r3, #65536
ARM GAS  /tmp/ccgbMsQY.s 			page 8


 411 0004 82B0     		sub	sp, sp, #8
 412 0006 0193     		str	r3, [sp, #4]
 413 0008 019B     		ldr	r3, [sp, #4]
 414 000a 0B43     		orrs	r3, r3, r1
 415 000c 0193     		str	r3, [sp, #4]
 416 000e 019B     		ldr	r3, [sp, #4]
 417 0010 8361     		str	r3, [r0, #24]
 418 0012 8161     		str	r1, [r0, #24]
 419 0014 019B     		ldr	r3, [sp, #4]
 420 0016 8361     		str	r3, [r0, #24]
 421 0018 8369     		ldr	r3, [r0, #24]
 422 001a 0193     		str	r3, [sp, #4]
 423 001c 8069     		ldr	r0, [r0, #24]
 424 001e 80F48030 		eor	r0, r0, #65536
 425 0022 C0F30040 		ubfx	r0, r0, #16, #1
 426 0026 02B0     		add	sp, sp, #8
 427              		@ sp needed
 428 0028 7047     		bx	lr
 430              		.section	.text.HAL_GPIO_EXTI_Callback,"ax",%progbits
 431              		.align	1
 432              		.weak	HAL_GPIO_EXTI_Callback
 433              		.syntax unified
 434              		.thumb
 435              		.thumb_func
 436              		.fpu softvfp
 438              	HAL_GPIO_EXTI_Callback:
 439              		@ args = 0, pretend = 0, frame = 0
 440              		@ frame_needed = 0, uses_anonymous_args = 0
 441              		@ link register save eliminated.
 442 0000 7047     		bx	lr
 444              		.section	.text.HAL_GPIO_EXTI_IRQHandler,"ax",%progbits
 445              		.align	1
 446              		.global	HAL_GPIO_EXTI_IRQHandler
 447              		.syntax unified
 448              		.thumb
 449              		.thumb_func
 450              		.fpu softvfp
 452              	HAL_GPIO_EXTI_IRQHandler:
 453              		@ args = 0, pretend = 0, frame = 0
 454              		@ frame_needed = 0, uses_anonymous_args = 0
 455 0000 044A     		ldr	r2, .L80
 456 0002 08B5     		push	{r3, lr}
 457 0004 5169     		ldr	r1, [r2, #20]
 458 0006 0142     		tst	r1, r0
 459 0008 02D0     		beq	.L75
 460 000a 5061     		str	r0, [r2, #20]
 461 000c FFF7FEFF 		bl	HAL_GPIO_EXTI_Callback
 462              	.L75:
 463 0010 08BD     		pop	{r3, pc}
 464              	.L81:
 465 0012 00BF     		.align	2
 466              	.L80:
 467 0014 00040140 		.word	1073808384
 469              		.ident	"GCC: (GNU Tools for Arm Embedded Processors 9-2019-q4-major) 9.2.1 20191025 (release) [ARM
ARM GAS  /tmp/ccgbMsQY.s 			page 9


DEFINED SYMBOLS
                            *ABS*:0000000000000000 stm32f1xx_hal_gpio.c
     /tmp/ccgbMsQY.s:14     .text.HAL_GPIO_Init:0000000000000000 $t
     /tmp/ccgbMsQY.s:22     .text.HAL_GPIO_Init:0000000000000000 HAL_GPIO_Init
     /tmp/ccgbMsQY.s:53     .text.HAL_GPIO_Init:0000000000000048 $d
     /tmp/ccgbMsQY.s:216    .text.HAL_GPIO_Init:00000000000001b8 $d
     /tmp/ccgbMsQY.s:225    .text.HAL_GPIO_DeInit:0000000000000000 $t
     /tmp/ccgbMsQY.s:232    .text.HAL_GPIO_DeInit:0000000000000000 HAL_GPIO_DeInit
     /tmp/ccgbMsQY.s:336    .text.HAL_GPIO_DeInit:00000000000000e4 $d
     /tmp/ccgbMsQY.s:341    .text.HAL_GPIO_ReadPin:0000000000000000 $t
     /tmp/ccgbMsQY.s:348    .text.HAL_GPIO_ReadPin:0000000000000000 HAL_GPIO_ReadPin
     /tmp/ccgbMsQY.s:360    .text.HAL_GPIO_WritePin:0000000000000000 $t
     /tmp/ccgbMsQY.s:367    .text.HAL_GPIO_WritePin:0000000000000000 HAL_GPIO_WritePin
     /tmp/ccgbMsQY.s:380    .text.HAL_GPIO_TogglePin:0000000000000000 $t
     /tmp/ccgbMsQY.s:387    .text.HAL_GPIO_TogglePin:0000000000000000 HAL_GPIO_TogglePin
     /tmp/ccgbMsQY.s:399    .text.HAL_GPIO_LockPin:0000000000000000 $t
     /tmp/ccgbMsQY.s:406    .text.HAL_GPIO_LockPin:0000000000000000 HAL_GPIO_LockPin
     /tmp/ccgbMsQY.s:431    .text.HAL_GPIO_EXTI_Callback:0000000000000000 $t
     /tmp/ccgbMsQY.s:438    .text.HAL_GPIO_EXTI_Callback:0000000000000000 HAL_GPIO_EXTI_Callback
     /tmp/ccgbMsQY.s:445    .text.HAL_GPIO_EXTI_IRQHandler:0000000000000000 $t
     /tmp/ccgbMsQY.s:452    .text.HAL_GPIO_EXTI_IRQHandler:0000000000000000 HAL_GPIO_EXTI_IRQHandler
     /tmp/ccgbMsQY.s:467    .text.HAL_GPIO_EXTI_IRQHandler:0000000000000014 $d
     /tmp/ccgbMsQY.s:56     .text.HAL_GPIO_Init:000000000000004b $d
     /tmp/ccgbMsQY.s:56     .text.HAL_GPIO_Init:000000000000004c $t

NO UNDEFINED SYMBOLS
