ARM GAS  /tmp/ccqzSs8f.s 			page 1


   1              		.cpu cortex-m3
   2              		.eabi_attribute 20, 1
   3              		.eabi_attribute 21, 1
   4              		.eabi_attribute 23, 3
   5              		.eabi_attribute 24, 1
   6              		.eabi_attribute 25, 1
   7              		.eabi_attribute 26, 1
   8              		.eabi_attribute 30, 4
   9              		.eabi_attribute 34, 1
  10              		.eabi_attribute 18, 4
  11              		.file	"stm32f1xx_hal_tim_ex.c"
  12              		.text
  13              		.section	.text.HAL_TIMEx_HallSensor_MspInit,"ax",%progbits
  14              		.align	1
  15              		.weak	HAL_TIMEx_HallSensor_MspInit
  16              		.arch armv7-m
  17              		.syntax unified
  18              		.thumb
  19              		.thumb_func
  20              		.fpu softvfp
  22              	HAL_TIMEx_HallSensor_MspInit:
  23              		@ args = 0, pretend = 0, frame = 0
  24              		@ frame_needed = 0, uses_anonymous_args = 0
  25              		@ link register save eliminated.
  26 0000 7047     		bx	lr
  28              		.section	.text.TIMEx_DMACommutationCplt,"ax",%progbits
  29              		.align	1
  30              		.global	TIMEx_DMACommutationCplt
  31              		.syntax unified
  32              		.thumb
  33              		.thumb_func
  34              		.fpu softvfp
  36              	TIMEx_DMACommutationCplt:
  37              		@ args = 0, pretend = 0, frame = 0
  38              		@ frame_needed = 0, uses_anonymous_args = 0
  39              		@ link register save eliminated.
  40 0000 0123     		movs	r3, #1
  41 0002 406A     		ldr	r0, [r0, #36]
  42 0004 80F83D30 		strb	r3, [r0, #61]
  43 0008 D0F8A030 		ldr	r3, [r0, #160]
  44 000c 1847     		bx	r3	@ indirect register sibling call
  46              		.section	.text.TIMEx_DMACommutationHalfCplt,"ax",%progbits
  47              		.align	1
  48              		.global	TIMEx_DMACommutationHalfCplt
  49              		.syntax unified
  50              		.thumb
  51              		.thumb_func
  52              		.fpu softvfp
  54              	TIMEx_DMACommutationHalfCplt:
  55              		@ args = 0, pretend = 0, frame = 0
  56              		@ frame_needed = 0, uses_anonymous_args = 0
  57              		@ link register save eliminated.
  58 0000 0123     		movs	r3, #1
  59 0002 406A     		ldr	r0, [r0, #36]
  60 0004 80F83D30 		strb	r3, [r0, #61]
  61 0008 D0F8A430 		ldr	r3, [r0, #164]
  62 000c 1847     		bx	r3	@ indirect register sibling call
ARM GAS  /tmp/ccqzSs8f.s 			page 2


  64              		.section	.text.TIM_CCxNChannelCmd,"ax",%progbits
  65              		.align	1
  66              		.syntax unified
  67              		.thumb
  68              		.thumb_func
  69              		.fpu softvfp
  71              	TIM_CCxNChannelCmd:
  72              		@ args = 0, pretend = 0, frame = 0
  73              		@ frame_needed = 0, uses_anonymous_args = 0
  74 0000 10B5     		push	{r4, lr}
  75 0002 0424     		movs	r4, #4
  76 0004 036A     		ldr	r3, [r0, #32]
  77 0006 01F01F01 		and	r1, r1, #31
  78 000a 8C40     		lsls	r4, r4, r1
  79 000c 23EA0403 		bic	r3, r3, r4
  80 0010 0362     		str	r3, [r0, #32]
  81 0012 036A     		ldr	r3, [r0, #32]
  82 0014 8A40     		lsls	r2, r2, r1
  83 0016 1A43     		orrs	r2, r2, r3
  84 0018 0262     		str	r2, [r0, #32]
  85 001a 10BD     		pop	{r4, pc}
  87              		.section	.text.HAL_TIMEx_HallSensor_MspDeInit,"ax",%progbits
  88              		.align	1
  89              		.weak	HAL_TIMEx_HallSensor_MspDeInit
  90              		.syntax unified
  91              		.thumb
  92              		.thumb_func
  93              		.fpu softvfp
  95              	HAL_TIMEx_HallSensor_MspDeInit:
  96              		@ args = 0, pretend = 0, frame = 0
  97              		@ frame_needed = 0, uses_anonymous_args = 0
  98              		@ link register save eliminated.
  99 0000 7047     		bx	lr
 101              		.section	.text.HAL_TIMEx_HallSensor_Init,"ax",%progbits
 102              		.align	1
 103              		.global	HAL_TIMEx_HallSensor_Init
 104              		.syntax unified
 105              		.thumb
 106              		.thumb_func
 107              		.fpu softvfp
 109              	HAL_TIMEx_HallSensor_Init:
 110              		@ args = 0, pretend = 0, frame = 32
 111              		@ frame_needed = 0, uses_anonymous_args = 0
 112 0000 70B5     		push	{r4, r5, r6, lr}
 113 0002 0E46     		mov	r6, r1
 114 0004 0446     		mov	r4, r0
 115 0006 88B0     		sub	sp, sp, #32
 116 0008 0028     		cmp	r0, #0
 117 000a 55D0     		beq	.L10
 118 000c 90F83D30 		ldrb	r3, [r0, #61]	@ zero_extendqisi2
 119 0010 03F0FF02 		and	r2, r3, #255
 120 0014 53B9     		cbnz	r3, .L8
 121 0016 80F83C20 		strb	r2, [r0, #60]
 122 001a FFF7FEFF 		bl	TIM_ResetCallback
 123 001e 236F     		ldr	r3, [r4, #112]
 124 0020 0BB9     		cbnz	r3, .L9
 125 0022 264B     		ldr	r3, .L11
ARM GAS  /tmp/ccqzSs8f.s 			page 3


 126 0024 2367     		str	r3, [r4, #112]
 127              	.L9:
 128 0026 2046     		mov	r0, r4
 129 0028 236F     		ldr	r3, [r4, #112]
 130 002a 9847     		blx	r3
 131              	.L8:
 132 002c 0223     		movs	r3, #2
 133 002e 2068     		ldr	r0, [r4]
 134 0030 84F83D30 		strb	r3, [r4, #61]
 135 0034 211D     		adds	r1, r4, #4
 136 0036 FFF7FEFF 		bl	TIM_Base_SetConfig
 137 003a 0322     		movs	r2, #3
 138 003c B368     		ldr	r3, [r6, #8]
 139 003e 3168     		ldr	r1, [r6]
 140 0040 2068     		ldr	r0, [r4]
 141 0042 FFF7FEFF 		bl	TIM_TI1_SetConfig
 142 0046 2068     		ldr	r0, [r4]
 143 0048 7268     		ldr	r2, [r6, #4]
 144 004a 8369     		ldr	r3, [r0, #24]
 145 004c 0025     		movs	r5, #0
 146 004e 23F00C03 		bic	r3, r3, #12
 147 0052 8361     		str	r3, [r0, #24]
 148 0054 8369     		ldr	r3, [r0, #24]
 149 0056 01A9     		add	r1, sp, #4
 150 0058 1343     		orrs	r3, r3, r2
 151 005a 8361     		str	r3, [r0, #24]
 152 005c 4368     		ldr	r3, [r0, #4]
 153 005e 43F08003 		orr	r3, r3, #128
 154 0062 4360     		str	r3, [r0, #4]
 155 0064 8368     		ldr	r3, [r0, #8]
 156 0066 23F07003 		bic	r3, r3, #112
 157 006a 8360     		str	r3, [r0, #8]
 158 006c 8368     		ldr	r3, [r0, #8]
 159 006e 43F04003 		orr	r3, r3, #64
 160 0072 8360     		str	r3, [r0, #8]
 161 0074 8368     		ldr	r3, [r0, #8]
 162 0076 23F00703 		bic	r3, r3, #7
 163 007a 8360     		str	r3, [r0, #8]
 164 007c 8368     		ldr	r3, [r0, #8]
 165 007e 43F00403 		orr	r3, r3, #4
 166 0082 8360     		str	r3, [r0, #8]
 167 0084 7023     		movs	r3, #112
 168 0086 0193     		str	r3, [sp, #4]
 169 0088 F368     		ldr	r3, [r6, #12]
 170 008a CDE90555 		strd	r5, r5, [sp, #20]
 171 008e 0293     		str	r3, [sp, #8]
 172 0090 CDE90355 		strd	r5, r5, [sp, #12]
 173 0094 0795     		str	r5, [sp, #28]
 174 0096 FFF7FEFF 		bl	TIM_OC2_SetConfig
 175 009a 2368     		ldr	r3, [r4]
 176 009c 2846     		mov	r0, r5
 177 009e 5A68     		ldr	r2, [r3, #4]
 178 00a0 22F07002 		bic	r2, r2, #112
 179 00a4 5A60     		str	r2, [r3, #4]
 180 00a6 5A68     		ldr	r2, [r3, #4]
 181 00a8 42F05002 		orr	r2, r2, #80
 182 00ac 5A60     		str	r2, [r3, #4]
ARM GAS  /tmp/ccqzSs8f.s 			page 4


 183 00ae 0123     		movs	r3, #1
 184 00b0 84F83D30 		strb	r3, [r4, #61]
 185              	.L7:
 186 00b4 08B0     		add	sp, sp, #32
 187              		@ sp needed
 188 00b6 70BD     		pop	{r4, r5, r6, pc}
 189              	.L10:
 190 00b8 0120     		movs	r0, #1
 191 00ba FBE7     		b	.L7
 192              	.L12:
 193              		.align	2
 194              	.L11:
 195 00bc 00000000 		.word	HAL_TIMEx_HallSensor_MspInit
 197              		.section	.text.HAL_TIMEx_HallSensor_DeInit,"ax",%progbits
 198              		.align	1
 199              		.global	HAL_TIMEx_HallSensor_DeInit
 200              		.syntax unified
 201              		.thumb
 202              		.thumb_func
 203              		.fpu softvfp
 205              	HAL_TIMEx_HallSensor_DeInit:
 206              		@ args = 0, pretend = 0, frame = 0
 207              		@ frame_needed = 0, uses_anonymous_args = 0
 208 0000 0223     		movs	r3, #2
 209 0002 41F21112 		movw	r2, #4369
 210 0006 10B5     		push	{r4, lr}
 211 0008 80F83D30 		strb	r3, [r0, #61]
 212 000c 0368     		ldr	r3, [r0]
 213 000e 0446     		mov	r4, r0
 214 0010 196A     		ldr	r1, [r3, #32]
 215 0012 1142     		tst	r1, r2
 216 0014 08D1     		bne	.L14
 217 0016 40F24442 		movw	r2, #1092
 218 001a 196A     		ldr	r1, [r3, #32]
 219 001c 1142     		tst	r1, r2
 220 001e 02BF     		ittt	eq
 221 0020 1A68     		ldreq	r2, [r3]
 222 0022 22F00102 		biceq	r2, r2, #1
 223 0026 1A60     		streq	r2, [r3]
 224              	.L14:
 225 0028 636F     		ldr	r3, [r4, #116]
 226 002a 0BB9     		cbnz	r3, .L15
 227 002c 054B     		ldr	r3, .L16
 228 002e 6367     		str	r3, [r4, #116]
 229              	.L15:
 230 0030 2046     		mov	r0, r4
 231 0032 636F     		ldr	r3, [r4, #116]
 232 0034 9847     		blx	r3
 233 0036 0020     		movs	r0, #0
 234 0038 84F83D00 		strb	r0, [r4, #61]
 235 003c 84F83C00 		strb	r0, [r4, #60]
 236 0040 10BD     		pop	{r4, pc}
 237              	.L17:
 238 0042 00BF     		.align	2
 239              	.L16:
 240 0044 00000000 		.word	HAL_TIMEx_HallSensor_MspDeInit
 242              		.section	.text.HAL_TIMEx_HallSensor_Start,"ax",%progbits
ARM GAS  /tmp/ccqzSs8f.s 			page 5


 243              		.align	1
 244              		.global	HAL_TIMEx_HallSensor_Start
 245              		.syntax unified
 246              		.thumb
 247              		.thumb_func
 248              		.fpu softvfp
 250              	HAL_TIMEx_HallSensor_Start:
 251              		@ args = 0, pretend = 0, frame = 0
 252              		@ frame_needed = 0, uses_anonymous_args = 0
 253 0000 10B5     		push	{r4, lr}
 254 0002 0446     		mov	r4, r0
 255 0004 0122     		movs	r2, #1
 256 0006 0021     		movs	r1, #0
 257 0008 0068     		ldr	r0, [r0]
 258 000a FFF7FEFF 		bl	TIM_CCxChannelCmd
 259 000e 2368     		ldr	r3, [r4]
 260 0010 0020     		movs	r0, #0
 261 0012 9A68     		ldr	r2, [r3, #8]
 262 0014 02F00702 		and	r2, r2, #7
 263 0018 062A     		cmp	r2, #6
 264 001a 1EBF     		ittt	ne
 265 001c 1A68     		ldrne	r2, [r3]
 266 001e 42F00102 		orrne	r2, r2, #1
 267 0022 1A60     		strne	r2, [r3]
 268 0024 10BD     		pop	{r4, pc}
 270              		.section	.text.HAL_TIMEx_HallSensor_Stop,"ax",%progbits
 271              		.align	1
 272              		.global	HAL_TIMEx_HallSensor_Stop
 273              		.syntax unified
 274              		.thumb
 275              		.thumb_func
 276              		.fpu softvfp
 278              	HAL_TIMEx_HallSensor_Stop:
 279              		@ args = 0, pretend = 0, frame = 0
 280              		@ frame_needed = 0, uses_anonymous_args = 0
 281 0000 0022     		movs	r2, #0
 282 0002 10B5     		push	{r4, lr}
 283 0004 0446     		mov	r4, r0
 284 0006 1146     		mov	r1, r2
 285 0008 0068     		ldr	r0, [r0]
 286 000a FFF7FEFF 		bl	TIM_CCxChannelCmd
 287 000e 41F21112 		movw	r2, #4369
 288 0012 2368     		ldr	r3, [r4]
 289 0014 196A     		ldr	r1, [r3, #32]
 290 0016 1142     		tst	r1, r2
 291 0018 08D1     		bne	.L24
 292 001a 40F24442 		movw	r2, #1092
 293 001e 196A     		ldr	r1, [r3, #32]
 294 0020 1142     		tst	r1, r2
 295 0022 02BF     		ittt	eq
 296 0024 1A68     		ldreq	r2, [r3]
 297 0026 22F00102 		biceq	r2, r2, #1
 298 002a 1A60     		streq	r2, [r3]
 299              	.L24:
 300 002c 0020     		movs	r0, #0
 301 002e 10BD     		pop	{r4, pc}
 303              		.section	.text.HAL_TIMEx_HallSensor_Start_IT,"ax",%progbits
ARM GAS  /tmp/ccqzSs8f.s 			page 6


 304              		.align	1
 305              		.global	HAL_TIMEx_HallSensor_Start_IT
 306              		.syntax unified
 307              		.thumb
 308              		.thumb_func
 309              		.fpu softvfp
 311              	HAL_TIMEx_HallSensor_Start_IT:
 312              		@ args = 0, pretend = 0, frame = 0
 313              		@ frame_needed = 0, uses_anonymous_args = 0
 314 0000 10B5     		push	{r4, lr}
 315 0002 0446     		mov	r4, r0
 316 0004 0068     		ldr	r0, [r0]
 317 0006 0122     		movs	r2, #1
 318 0008 C368     		ldr	r3, [r0, #12]
 319 000a 0021     		movs	r1, #0
 320 000c 43F00203 		orr	r3, r3, #2
 321 0010 C360     		str	r3, [r0, #12]
 322 0012 FFF7FEFF 		bl	TIM_CCxChannelCmd
 323 0016 2368     		ldr	r3, [r4]
 324 0018 0020     		movs	r0, #0
 325 001a 9A68     		ldr	r2, [r3, #8]
 326 001c 02F00702 		and	r2, r2, #7
 327 0020 062A     		cmp	r2, #6
 328 0022 1EBF     		ittt	ne
 329 0024 1A68     		ldrne	r2, [r3]
 330 0026 42F00102 		orrne	r2, r2, #1
 331 002a 1A60     		strne	r2, [r3]
 332 002c 10BD     		pop	{r4, pc}
 334              		.section	.text.HAL_TIMEx_HallSensor_Stop_IT,"ax",%progbits
 335              		.align	1
 336              		.global	HAL_TIMEx_HallSensor_Stop_IT
 337              		.syntax unified
 338              		.thumb
 339              		.thumb_func
 340              		.fpu softvfp
 342              	HAL_TIMEx_HallSensor_Stop_IT:
 343              		@ args = 0, pretend = 0, frame = 0
 344              		@ frame_needed = 0, uses_anonymous_args = 0
 345 0000 0022     		movs	r2, #0
 346 0002 10B5     		push	{r4, lr}
 347 0004 0446     		mov	r4, r0
 348 0006 1146     		mov	r1, r2
 349 0008 0068     		ldr	r0, [r0]
 350 000a FFF7FEFF 		bl	TIM_CCxChannelCmd
 351 000e 2368     		ldr	r3, [r4]
 352 0010 DA68     		ldr	r2, [r3, #12]
 353 0012 22F00202 		bic	r2, r2, #2
 354 0016 DA60     		str	r2, [r3, #12]
 355 0018 41F21112 		movw	r2, #4369
 356 001c 196A     		ldr	r1, [r3, #32]
 357 001e 1142     		tst	r1, r2
 358 0020 08D1     		bne	.L31
 359 0022 40F24442 		movw	r2, #1092
 360 0026 196A     		ldr	r1, [r3, #32]
 361 0028 1142     		tst	r1, r2
 362 002a 02BF     		ittt	eq
 363 002c 1A68     		ldreq	r2, [r3]
ARM GAS  /tmp/ccqzSs8f.s 			page 7


 364 002e 22F00102 		biceq	r2, r2, #1
 365 0032 1A60     		streq	r2, [r3]
 366              	.L31:
 367 0034 0020     		movs	r0, #0
 368 0036 10BD     		pop	{r4, pc}
 370              		.section	.text.HAL_TIMEx_HallSensor_Start_DMA,"ax",%progbits
 371              		.align	1
 372              		.global	HAL_TIMEx_HallSensor_Start_DMA
 373              		.syntax unified
 374              		.thumb
 375              		.thumb_func
 376              		.fpu softvfp
 378              	HAL_TIMEx_HallSensor_Start_DMA:
 379              		@ args = 0, pretend = 0, frame = 0
 380              		@ frame_needed = 0, uses_anonymous_args = 0
 381 0000 70B5     		push	{r4, r5, r6, lr}
 382 0002 90F83D30 		ldrb	r3, [r0, #61]	@ zero_extendqisi2
 383 0006 0446     		mov	r4, r0
 384 0008 022B     		cmp	r3, #2
 385 000a 0D46     		mov	r5, r1
 386 000c 1646     		mov	r6, r2
 387 000e D8B2     		uxtb	r0, r3
 388 0010 06D0     		beq	.L33
 389 0012 94F83D30 		ldrb	r3, [r4, #61]	@ zero_extendqisi2
 390 0016 012B     		cmp	r3, #1
 391 0018 06D1     		bne	.L34
 392 001a 11B9     		cbnz	r1, .L35
 393 001c 0AB1     		cbz	r2, .L35
 394              	.L36:
 395 001e 0120     		movs	r0, #1
 396              	.L33:
 397 0020 70BD     		pop	{r4, r5, r6, pc}
 398              	.L35:
 399 0022 0223     		movs	r3, #2
 400 0024 84F83D30 		strb	r3, [r4, #61]
 401              	.L34:
 402 0028 0122     		movs	r2, #1
 403 002a 0021     		movs	r1, #0
 404 002c 2068     		ldr	r0, [r4]
 405 002e FFF7FEFF 		bl	TIM_CCxChannelCmd
 406 0032 606A     		ldr	r0, [r4, #36]
 407 0034 0E4B     		ldr	r3, .L46
 408 0036 2168     		ldr	r1, [r4]
 409 0038 8362     		str	r3, [r0, #40]
 410 003a 0E4B     		ldr	r3, .L46+4
 411 003c 2A46     		mov	r2, r5
 412 003e C362     		str	r3, [r0, #44]
 413 0040 0D4B     		ldr	r3, .L46+8
 414 0042 3431     		adds	r1, r1, #52
 415 0044 0363     		str	r3, [r0, #48]
 416 0046 3346     		mov	r3, r6
 417 0048 FFF7FEFF 		bl	HAL_DMA_Start_IT
 418 004c 0028     		cmp	r0, #0
 419 004e E6D1     		bne	.L36
 420 0050 2368     		ldr	r3, [r4]
 421 0052 DA68     		ldr	r2, [r3, #12]
 422 0054 42F40072 		orr	r2, r2, #512
ARM GAS  /tmp/ccqzSs8f.s 			page 8


 423 0058 DA60     		str	r2, [r3, #12]
 424 005a 9A68     		ldr	r2, [r3, #8]
 425 005c 02F00702 		and	r2, r2, #7
 426 0060 062A     		cmp	r2, #6
 427 0062 1EBF     		ittt	ne
 428 0064 1A68     		ldrne	r2, [r3]
 429 0066 42F00102 		orrne	r2, r2, #1
 430 006a 1A60     		strne	r2, [r3]
 431 006c D8E7     		b	.L33
 432              	.L47:
 433 006e 00BF     		.align	2
 434              	.L46:
 435 0070 00000000 		.word	TIM_DMACaptureCplt
 436 0074 00000000 		.word	TIM_DMACaptureHalfCplt
 437 0078 00000000 		.word	TIM_DMAError
 439              		.section	.text.HAL_TIMEx_HallSensor_Stop_DMA,"ax",%progbits
 440              		.align	1
 441              		.global	HAL_TIMEx_HallSensor_Stop_DMA
 442              		.syntax unified
 443              		.thumb
 444              		.thumb_func
 445              		.fpu softvfp
 447              	HAL_TIMEx_HallSensor_Stop_DMA:
 448              		@ args = 0, pretend = 0, frame = 0
 449              		@ frame_needed = 0, uses_anonymous_args = 0
 450 0000 0022     		movs	r2, #0
 451 0002 10B5     		push	{r4, lr}
 452 0004 0446     		mov	r4, r0
 453 0006 1146     		mov	r1, r2
 454 0008 0068     		ldr	r0, [r0]
 455 000a FFF7FEFF 		bl	TIM_CCxChannelCmd
 456 000e 2268     		ldr	r2, [r4]
 457 0010 606A     		ldr	r0, [r4, #36]
 458 0012 D368     		ldr	r3, [r2, #12]
 459 0014 23F40073 		bic	r3, r3, #512
 460 0018 D360     		str	r3, [r2, #12]
 461 001a FFF7FEFF 		bl	HAL_DMA_Abort_IT
 462 001e 41F21112 		movw	r2, #4369
 463 0022 2368     		ldr	r3, [r4]
 464 0024 196A     		ldr	r1, [r3, #32]
 465 0026 1142     		tst	r1, r2
 466 0028 08D1     		bne	.L49
 467 002a 40F24442 		movw	r2, #1092
 468 002e 196A     		ldr	r1, [r3, #32]
 469 0030 1142     		tst	r1, r2
 470 0032 02BF     		ittt	eq
 471 0034 1A68     		ldreq	r2, [r3]
 472 0036 22F00102 		biceq	r2, r2, #1
 473 003a 1A60     		streq	r2, [r3]
 474              	.L49:
 475 003c 0020     		movs	r0, #0
 476 003e 10BD     		pop	{r4, pc}
 478              		.section	.text.HAL_TIMEx_OCN_Start,"ax",%progbits
 479              		.align	1
 480              		.global	HAL_TIMEx_OCN_Start
 481              		.syntax unified
 482              		.thumb
ARM GAS  /tmp/ccqzSs8f.s 			page 9


 483              		.thumb_func
 484              		.fpu softvfp
 486              	HAL_TIMEx_OCN_Start:
 487              		@ args = 0, pretend = 0, frame = 0
 488              		@ frame_needed = 0, uses_anonymous_args = 0
 489 0000 10B5     		push	{r4, lr}
 490 0002 0446     		mov	r4, r0
 491 0004 0422     		movs	r2, #4
 492 0006 0068     		ldr	r0, [r0]
 493 0008 FFF7FEFF 		bl	TIM_CCxNChannelCmd
 494 000c 2368     		ldr	r3, [r4]
 495 000e 0020     		movs	r0, #0
 496 0010 5A6C     		ldr	r2, [r3, #68]
 497 0012 42F40042 		orr	r2, r2, #32768
 498 0016 5A64     		str	r2, [r3, #68]
 499 0018 9A68     		ldr	r2, [r3, #8]
 500 001a 02F00702 		and	r2, r2, #7
 501 001e 062A     		cmp	r2, #6
 502 0020 1EBF     		ittt	ne
 503 0022 1A68     		ldrne	r2, [r3]
 504 0024 42F00102 		orrne	r2, r2, #1
 505 0028 1A60     		strne	r2, [r3]
 506 002a 10BD     		pop	{r4, pc}
 508              		.section	.text.HAL_TIMEx_OCN_Stop,"ax",%progbits
 509              		.align	1
 510              		.global	HAL_TIMEx_OCN_Stop
 511              		.syntax unified
 512              		.thumb
 513              		.thumb_func
 514              		.fpu softvfp
 516              	HAL_TIMEx_OCN_Stop:
 517              		@ args = 0, pretend = 0, frame = 0
 518              		@ frame_needed = 0, uses_anonymous_args = 0
 519 0000 10B5     		push	{r4, lr}
 520 0002 0446     		mov	r4, r0
 521 0004 0022     		movs	r2, #0
 522 0006 0068     		ldr	r0, [r0]
 523 0008 FFF7FEFF 		bl	TIM_CCxNChannelCmd
 524 000c 41F21112 		movw	r2, #4369
 525 0010 2368     		ldr	r3, [r4]
 526 0012 196A     		ldr	r1, [r3, #32]
 527 0014 1142     		tst	r1, r2
 528 0016 08D1     		bne	.L56
 529 0018 40F24442 		movw	r2, #1092
 530 001c 196A     		ldr	r1, [r3, #32]
 531 001e 1142     		tst	r1, r2
 532 0020 02BF     		ittt	eq
 533 0022 5A6C     		ldreq	r2, [r3, #68]
 534 0024 22F40042 		biceq	r2, r2, #32768
 535 0028 5A64     		streq	r2, [r3, #68]
 536              	.L56:
 537 002a 41F21112 		movw	r2, #4369
 538 002e 196A     		ldr	r1, [r3, #32]
 539 0030 1142     		tst	r1, r2
 540 0032 08D1     		bne	.L57
 541 0034 40F24442 		movw	r2, #1092
 542 0038 196A     		ldr	r1, [r3, #32]
ARM GAS  /tmp/ccqzSs8f.s 			page 10


 543 003a 1142     		tst	r1, r2
 544 003c 02BF     		ittt	eq
 545 003e 1A68     		ldreq	r2, [r3]
 546 0040 22F00102 		biceq	r2, r2, #1
 547 0044 1A60     		streq	r2, [r3]
 548              	.L57:
 549 0046 0020     		movs	r0, #0
 550 0048 10BD     		pop	{r4, pc}
 552              		.section	.text.HAL_TIMEx_OCN_Start_IT,"ax",%progbits
 553              		.align	1
 554              		.global	HAL_TIMEx_OCN_Start_IT
 555              		.syntax unified
 556              		.thumb
 557              		.thumb_func
 558              		.fpu softvfp
 560              	HAL_TIMEx_OCN_Start_IT:
 561              		@ args = 0, pretend = 0, frame = 0
 562              		@ frame_needed = 0, uses_anonymous_args = 0
 563 0000 0429     		cmp	r1, #4
 564 0002 10B5     		push	{r4, lr}
 565 0004 0446     		mov	r4, r0
 566 0006 0068     		ldr	r0, [r0]
 567 0008 1DD0     		beq	.L59
 568 000a 0829     		cmp	r1, #8
 569 000c 1FD0     		beq	.L60
 570 000e 19B9     		cbnz	r1, .L61
 571 0010 C368     		ldr	r3, [r0, #12]
 572 0012 43F00203 		orr	r3, r3, #2
 573              	.L66:
 574 0016 C360     		str	r3, [r0, #12]
 575              	.L61:
 576 0018 C368     		ldr	r3, [r0, #12]
 577 001a 0422     		movs	r2, #4
 578 001c 43F08003 		orr	r3, r3, #128
 579 0020 C360     		str	r3, [r0, #12]
 580 0022 FFF7FEFF 		bl	TIM_CCxNChannelCmd
 581 0026 2368     		ldr	r3, [r4]
 582 0028 0020     		movs	r0, #0
 583 002a 5A6C     		ldr	r2, [r3, #68]
 584 002c 42F40042 		orr	r2, r2, #32768
 585 0030 5A64     		str	r2, [r3, #68]
 586 0032 9A68     		ldr	r2, [r3, #8]
 587 0034 02F00702 		and	r2, r2, #7
 588 0038 062A     		cmp	r2, #6
 589 003a 1EBF     		ittt	ne
 590 003c 1A68     		ldrne	r2, [r3]
 591 003e 42F00102 		orrne	r2, r2, #1
 592 0042 1A60     		strne	r2, [r3]
 593 0044 10BD     		pop	{r4, pc}
 594              	.L59:
 595 0046 C368     		ldr	r3, [r0, #12]
 596 0048 43F00403 		orr	r3, r3, #4
 597 004c E3E7     		b	.L66
 598              	.L60:
 599 004e C368     		ldr	r3, [r0, #12]
 600 0050 43F00803 		orr	r3, r3, #8
 601 0054 DFE7     		b	.L66
ARM GAS  /tmp/ccqzSs8f.s 			page 11


 603              		.section	.text.HAL_TIMEx_OCN_Stop_IT,"ax",%progbits
 604              		.align	1
 605              		.global	HAL_TIMEx_OCN_Stop_IT
 606              		.syntax unified
 607              		.thumb
 608              		.thumb_func
 609              		.fpu softvfp
 611              	HAL_TIMEx_OCN_Stop_IT:
 612              		@ args = 0, pretend = 0, frame = 0
 613              		@ frame_needed = 0, uses_anonymous_args = 0
 614 0000 0429     		cmp	r1, #4
 615 0002 10B5     		push	{r4, lr}
 616 0004 0446     		mov	r4, r0
 617 0006 0068     		ldr	r0, [r0]
 618 0008 31D0     		beq	.L68
 619 000a 0829     		cmp	r1, #8
 620 000c 33D0     		beq	.L69
 621 000e 19B9     		cbnz	r1, .L70
 622 0010 C368     		ldr	r3, [r0, #12]
 623 0012 23F00203 		bic	r3, r3, #2
 624              	.L74:
 625 0016 C360     		str	r3, [r0, #12]
 626              	.L70:
 627 0018 0022     		movs	r2, #0
 628 001a FFF7FEFF 		bl	TIM_CCxNChannelCmd
 629 001e 40F24442 		movw	r2, #1092
 630 0022 2368     		ldr	r3, [r4]
 631 0024 196A     		ldr	r1, [r3, #32]
 632 0026 1142     		tst	r1, r2
 633 0028 02BF     		ittt	eq
 634 002a DA68     		ldreq	r2, [r3, #12]
 635 002c 22F08002 		biceq	r2, r2, #128
 636 0030 DA60     		streq	r2, [r3, #12]
 637 0032 41F21112 		movw	r2, #4369
 638 0036 196A     		ldr	r1, [r3, #32]
 639 0038 1142     		tst	r1, r2
 640 003a 08D1     		bne	.L72
 641 003c 40F24442 		movw	r2, #1092
 642 0040 196A     		ldr	r1, [r3, #32]
 643 0042 1142     		tst	r1, r2
 644 0044 02BF     		ittt	eq
 645 0046 5A6C     		ldreq	r2, [r3, #68]
 646 0048 22F40042 		biceq	r2, r2, #32768
 647 004c 5A64     		streq	r2, [r3, #68]
 648              	.L72:
 649 004e 41F21112 		movw	r2, #4369
 650 0052 196A     		ldr	r1, [r3, #32]
 651 0054 1142     		tst	r1, r2
 652 0056 08D1     		bne	.L73
 653 0058 40F24442 		movw	r2, #1092
 654 005c 196A     		ldr	r1, [r3, #32]
 655 005e 1142     		tst	r1, r2
 656 0060 02BF     		ittt	eq
 657 0062 1A68     		ldreq	r2, [r3]
 658 0064 22F00102 		biceq	r2, r2, #1
 659 0068 1A60     		streq	r2, [r3]
 660              	.L73:
ARM GAS  /tmp/ccqzSs8f.s 			page 12


 661 006a 0020     		movs	r0, #0
 662 006c 10BD     		pop	{r4, pc}
 663              	.L68:
 664 006e C368     		ldr	r3, [r0, #12]
 665 0070 23F00403 		bic	r3, r3, #4
 666 0074 CFE7     		b	.L74
 667              	.L69:
 668 0076 C368     		ldr	r3, [r0, #12]
 669 0078 23F00803 		bic	r3, r3, #8
 670 007c CBE7     		b	.L74
 672              		.section	.text.HAL_TIMEx_OCN_Start_DMA,"ax",%progbits
 673              		.align	1
 674              		.global	HAL_TIMEx_OCN_Start_DMA
 675              		.syntax unified
 676              		.thumb
 677              		.thumb_func
 678              		.fpu softvfp
 680              	HAL_TIMEx_OCN_Start_DMA:
 681              		@ args = 0, pretend = 0, frame = 0
 682              		@ frame_needed = 0, uses_anonymous_args = 0
 683 0000 70B5     		push	{r4, r5, r6, lr}
 684 0002 0D46     		mov	r5, r1
 685 0004 1146     		mov	r1, r2
 686 0006 90F83D20 		ldrb	r2, [r0, #61]	@ zero_extendqisi2
 687 000a 0446     		mov	r4, r0
 688 000c 022A     		cmp	r2, #2
 689 000e D0B2     		uxtb	r0, r2
 690 0010 06D0     		beq	.L76
 691 0012 94F83D20 		ldrb	r2, [r4, #61]	@ zero_extendqisi2
 692 0016 012A     		cmp	r2, #1
 693 0018 06D1     		bne	.L77
 694 001a 11B9     		cbnz	r1, .L78
 695 001c 0BB1     		cbz	r3, .L78
 696              	.L82:
 697 001e 0120     		movs	r0, #1
 698              	.L76:
 699 0020 70BD     		pop	{r4, r5, r6, pc}
 700              	.L78:
 701 0022 0222     		movs	r2, #2
 702 0024 84F83D20 		strb	r2, [r4, #61]
 703              	.L77:
 704 0028 042D     		cmp	r5, #4
 705 002a 2268     		ldr	r2, [r4]
 706 002c 28D0     		beq	.L79
 707 002e 082D     		cmp	r5, #8
 708 0030 37D0     		beq	.L80
 709 0032 85B9     		cbnz	r5, .L81
 710 0034 606A     		ldr	r0, [r4, #36]
 711 0036 234E     		ldr	r6, .L91
 712 0038 3432     		adds	r2, r2, #52
 713 003a 8662     		str	r6, [r0, #40]
 714 003c 224E     		ldr	r6, .L91+4
 715 003e C662     		str	r6, [r0, #44]
 716 0040 224E     		ldr	r6, .L91+8
 717 0042 0663     		str	r6, [r0, #48]
 718 0044 FFF7FEFF 		bl	HAL_DMA_Start_IT
 719 0048 0028     		cmp	r0, #0
ARM GAS  /tmp/ccqzSs8f.s 			page 13


 720 004a E8D1     		bne	.L82
 721 004c 2268     		ldr	r2, [r4]
 722 004e D368     		ldr	r3, [r2, #12]
 723 0050 43F40073 		orr	r3, r3, #512
 724              	.L90:
 725 0054 D360     		str	r3, [r2, #12]
 726              	.L81:
 727 0056 0422     		movs	r2, #4
 728 0058 2068     		ldr	r0, [r4]
 729 005a 2946     		mov	r1, r5
 730 005c FFF7FEFF 		bl	TIM_CCxNChannelCmd
 731 0060 2368     		ldr	r3, [r4]
 732 0062 0020     		movs	r0, #0
 733 0064 5A6C     		ldr	r2, [r3, #68]
 734 0066 42F40042 		orr	r2, r2, #32768
 735 006a 5A64     		str	r2, [r3, #68]
 736 006c 9A68     		ldr	r2, [r3, #8]
 737 006e 02F00702 		and	r2, r2, #7
 738 0072 062A     		cmp	r2, #6
 739 0074 1EBF     		ittt	ne
 740 0076 1A68     		ldrne	r2, [r3]
 741 0078 42F00102 		orrne	r2, r2, #1
 742 007c 1A60     		strne	r2, [r3]
 743 007e CFE7     		b	.L76
 744              	.L79:
 745 0080 A06A     		ldr	r0, [r4, #40]
 746 0082 104E     		ldr	r6, .L91
 747 0084 3832     		adds	r2, r2, #56
 748 0086 8662     		str	r6, [r0, #40]
 749 0088 0F4E     		ldr	r6, .L91+4
 750 008a C662     		str	r6, [r0, #44]
 751 008c 0F4E     		ldr	r6, .L91+8
 752 008e 0663     		str	r6, [r0, #48]
 753 0090 FFF7FEFF 		bl	HAL_DMA_Start_IT
 754 0094 0028     		cmp	r0, #0
 755 0096 C2D1     		bne	.L82
 756 0098 2268     		ldr	r2, [r4]
 757 009a D368     		ldr	r3, [r2, #12]
 758 009c 43F48063 		orr	r3, r3, #1024
 759 00a0 D8E7     		b	.L90
 760              	.L80:
 761 00a2 E06A     		ldr	r0, [r4, #44]
 762 00a4 074E     		ldr	r6, .L91
 763 00a6 3C32     		adds	r2, r2, #60
 764 00a8 8662     		str	r6, [r0, #40]
 765 00aa 074E     		ldr	r6, .L91+4
 766 00ac C662     		str	r6, [r0, #44]
 767 00ae 074E     		ldr	r6, .L91+8
 768 00b0 0663     		str	r6, [r0, #48]
 769 00b2 FFF7FEFF 		bl	HAL_DMA_Start_IT
 770 00b6 0028     		cmp	r0, #0
 771 00b8 B1D1     		bne	.L82
 772 00ba 2268     		ldr	r2, [r4]
 773 00bc D368     		ldr	r3, [r2, #12]
 774 00be 43F40063 		orr	r3, r3, #2048
 775 00c2 C7E7     		b	.L90
 776              	.L92:
ARM GAS  /tmp/ccqzSs8f.s 			page 14


 777              		.align	2
 778              	.L91:
 779 00c4 00000000 		.word	TIM_DMADelayPulseCplt
 780 00c8 00000000 		.word	TIM_DMADelayPulseHalfCplt
 781 00cc 00000000 		.word	TIM_DMAError
 783              		.section	.text.HAL_TIMEx_OCN_Stop_DMA,"ax",%progbits
 784              		.align	1
 785              		.global	HAL_TIMEx_OCN_Stop_DMA
 786              		.syntax unified
 787              		.thumb
 788              		.thumb_func
 789              		.fpu softvfp
 791              	HAL_TIMEx_OCN_Stop_DMA:
 792              		@ args = 0, pretend = 0, frame = 0
 793              		@ frame_needed = 0, uses_anonymous_args = 0
 794 0000 0429     		cmp	r1, #4
 795 0002 38B5     		push	{r3, r4, r5, lr}
 796 0004 0446     		mov	r4, r0
 797 0006 0D46     		mov	r5, r1
 798 0008 0368     		ldr	r3, [r0]
 799 000a 30D0     		beq	.L94
 800 000c 0829     		cmp	r1, #8
 801 000e 34D0     		beq	.L95
 802 0010 31B9     		cbnz	r1, .L96
 803 0012 DA68     		ldr	r2, [r3, #12]
 804 0014 406A     		ldr	r0, [r0, #36]
 805 0016 22F40072 		bic	r2, r2, #512
 806 001a DA60     		str	r2, [r3, #12]
 807              	.L99:
 808 001c FFF7FEFF 		bl	HAL_DMA_Abort_IT
 809              	.L96:
 810 0020 0022     		movs	r2, #0
 811 0022 2946     		mov	r1, r5
 812 0024 2068     		ldr	r0, [r4]
 813 0026 FFF7FEFF 		bl	TIM_CCxNChannelCmd
 814 002a 41F21112 		movw	r2, #4369
 815 002e 2368     		ldr	r3, [r4]
 816 0030 196A     		ldr	r1, [r3, #32]
 817 0032 1142     		tst	r1, r2
 818 0034 08D1     		bne	.L97
 819 0036 40F24442 		movw	r2, #1092
 820 003a 196A     		ldr	r1, [r3, #32]
 821 003c 1142     		tst	r1, r2
 822 003e 02BF     		ittt	eq
 823 0040 5A6C     		ldreq	r2, [r3, #68]
 824 0042 22F40042 		biceq	r2, r2, #32768
 825 0046 5A64     		streq	r2, [r3, #68]
 826              	.L97:
 827 0048 41F21112 		movw	r2, #4369
 828 004c 196A     		ldr	r1, [r3, #32]
 829 004e 1142     		tst	r1, r2
 830 0050 08D1     		bne	.L98
 831 0052 40F24442 		movw	r2, #1092
 832 0056 196A     		ldr	r1, [r3, #32]
 833 0058 1142     		tst	r1, r2
 834 005a 02BF     		ittt	eq
 835 005c 1A68     		ldreq	r2, [r3]
ARM GAS  /tmp/ccqzSs8f.s 			page 15


 836 005e 22F00102 		biceq	r2, r2, #1
 837 0062 1A60     		streq	r2, [r3]
 838              	.L98:
 839 0064 0123     		movs	r3, #1
 840 0066 0020     		movs	r0, #0
 841 0068 84F83D30 		strb	r3, [r4, #61]
 842 006c 38BD     		pop	{r3, r4, r5, pc}
 843              	.L94:
 844 006e DA68     		ldr	r2, [r3, #12]
 845 0070 806A     		ldr	r0, [r0, #40]
 846 0072 22F48062 		bic	r2, r2, #1024
 847 0076 DA60     		str	r2, [r3, #12]
 848 0078 D0E7     		b	.L99
 849              	.L95:
 850 007a DA68     		ldr	r2, [r3, #12]
 851 007c C06A     		ldr	r0, [r0, #44]
 852 007e 22F40062 		bic	r2, r2, #2048
 853 0082 DA60     		str	r2, [r3, #12]
 854 0084 CAE7     		b	.L99
 856              		.section	.text.HAL_TIMEx_PWMN_Start,"ax",%progbits
 857              		.align	1
 858              		.global	HAL_TIMEx_PWMN_Start
 859              		.syntax unified
 860              		.thumb
 861              		.thumb_func
 862              		.fpu softvfp
 864              	HAL_TIMEx_PWMN_Start:
 865              		@ args = 0, pretend = 0, frame = 0
 866              		@ frame_needed = 0, uses_anonymous_args = 0
 867              		@ link register save eliminated.
 868 0000 FFF7FEBF 		b	HAL_TIMEx_OCN_Start
 870              		.section	.text.HAL_TIMEx_PWMN_Stop,"ax",%progbits
 871              		.align	1
 872              		.global	HAL_TIMEx_PWMN_Stop
 873              		.syntax unified
 874              		.thumb
 875              		.thumb_func
 876              		.fpu softvfp
 878              	HAL_TIMEx_PWMN_Stop:
 879              		@ args = 0, pretend = 0, frame = 0
 880              		@ frame_needed = 0, uses_anonymous_args = 0
 881              		@ link register save eliminated.
 882 0000 FFF7FEBF 		b	HAL_TIMEx_OCN_Stop
 884              		.section	.text.HAL_TIMEx_PWMN_Start_IT,"ax",%progbits
 885              		.align	1
 886              		.global	HAL_TIMEx_PWMN_Start_IT
 887              		.syntax unified
 888              		.thumb
 889              		.thumb_func
 890              		.fpu softvfp
 892              	HAL_TIMEx_PWMN_Start_IT:
 893              		@ args = 0, pretend = 0, frame = 0
 894              		@ frame_needed = 0, uses_anonymous_args = 0
 895              		@ link register save eliminated.
 896 0000 FFF7FEBF 		b	HAL_TIMEx_OCN_Start_IT
 898              		.section	.text.HAL_TIMEx_PWMN_Stop_IT,"ax",%progbits
 899              		.align	1
ARM GAS  /tmp/ccqzSs8f.s 			page 16


 900              		.global	HAL_TIMEx_PWMN_Stop_IT
 901              		.syntax unified
 902              		.thumb
 903              		.thumb_func
 904              		.fpu softvfp
 906              	HAL_TIMEx_PWMN_Stop_IT:
 907              		@ args = 0, pretend = 0, frame = 0
 908              		@ frame_needed = 0, uses_anonymous_args = 0
 909              		@ link register save eliminated.
 910 0000 FFF7FEBF 		b	HAL_TIMEx_OCN_Stop_IT
 912              		.section	.text.HAL_TIMEx_PWMN_Start_DMA,"ax",%progbits
 913              		.align	1
 914              		.global	HAL_TIMEx_PWMN_Start_DMA
 915              		.syntax unified
 916              		.thumb
 917              		.thumb_func
 918              		.fpu softvfp
 920              	HAL_TIMEx_PWMN_Start_DMA:
 921              		@ args = 0, pretend = 0, frame = 0
 922              		@ frame_needed = 0, uses_anonymous_args = 0
 923              		@ link register save eliminated.
 924 0000 FFF7FEBF 		b	HAL_TIMEx_OCN_Start_DMA
 926              		.section	.text.HAL_TIMEx_PWMN_Stop_DMA,"ax",%progbits
 927              		.align	1
 928              		.global	HAL_TIMEx_PWMN_Stop_DMA
 929              		.syntax unified
 930              		.thumb
 931              		.thumb_func
 932              		.fpu softvfp
 934              	HAL_TIMEx_PWMN_Stop_DMA:
 935              		@ args = 0, pretend = 0, frame = 0
 936              		@ frame_needed = 0, uses_anonymous_args = 0
 937              		@ link register save eliminated.
 938 0000 FFF7FEBF 		b	HAL_TIMEx_OCN_Stop_DMA
 940              		.section	.text.HAL_TIMEx_OnePulseN_Start,"ax",%progbits
 941              		.align	1
 942              		.global	HAL_TIMEx_OnePulseN_Start
 943              		.syntax unified
 944              		.thumb
 945              		.thumb_func
 946              		.fpu softvfp
 948              	HAL_TIMEx_OnePulseN_Start:
 949              		@ args = 0, pretend = 0, frame = 0
 950              		@ frame_needed = 0, uses_anonymous_args = 0
 951 0000 10B5     		push	{r4, lr}
 952 0002 0446     		mov	r4, r0
 953 0004 0422     		movs	r2, #4
 954 0006 0068     		ldr	r0, [r0]
 955 0008 FFF7FEFF 		bl	TIM_CCxNChannelCmd
 956 000c 2268     		ldr	r2, [r4]
 957 000e 0020     		movs	r0, #0
 958 0010 536C     		ldr	r3, [r2, #68]
 959 0012 43F40043 		orr	r3, r3, #32768
 960 0016 5364     		str	r3, [r2, #68]
 961 0018 10BD     		pop	{r4, pc}
 963              		.section	.text.HAL_TIMEx_OnePulseN_Stop,"ax",%progbits
 964              		.align	1
ARM GAS  /tmp/ccqzSs8f.s 			page 17


 965              		.global	HAL_TIMEx_OnePulseN_Stop
 966              		.syntax unified
 967              		.thumb
 968              		.thumb_func
 969              		.fpu softvfp
 971              	HAL_TIMEx_OnePulseN_Stop:
 972              		@ args = 0, pretend = 0, frame = 0
 973              		@ frame_needed = 0, uses_anonymous_args = 0
 974              		@ link register save eliminated.
 975 0000 FFF7FEBF 		b	HAL_TIMEx_OCN_Stop
 977              		.section	.text.HAL_TIMEx_OnePulseN_Start_IT,"ax",%progbits
 978              		.align	1
 979              		.global	HAL_TIMEx_OnePulseN_Start_IT
 980              		.syntax unified
 981              		.thumb
 982              		.thumb_func
 983              		.fpu softvfp
 985              	HAL_TIMEx_OnePulseN_Start_IT:
 986              		@ args = 0, pretend = 0, frame = 0
 987              		@ frame_needed = 0, uses_anonymous_args = 0
 988 0000 10B5     		push	{r4, lr}
 989 0002 0446     		mov	r4, r0
 990 0004 0068     		ldr	r0, [r0]
 991 0006 0422     		movs	r2, #4
 992 0008 C368     		ldr	r3, [r0, #12]
 993 000a 43F00203 		orr	r3, r3, #2
 994 000e C360     		str	r3, [r0, #12]
 995 0010 C368     		ldr	r3, [r0, #12]
 996 0012 43F00403 		orr	r3, r3, #4
 997 0016 C360     		str	r3, [r0, #12]
 998 0018 FFF7FEFF 		bl	TIM_CCxNChannelCmd
 999 001c 2268     		ldr	r2, [r4]
 1000 001e 0020     		movs	r0, #0
 1001 0020 536C     		ldr	r3, [r2, #68]
 1002 0022 43F40043 		orr	r3, r3, #32768
 1003 0026 5364     		str	r3, [r2, #68]
 1004 0028 10BD     		pop	{r4, pc}
 1006              		.section	.text.HAL_TIMEx_OnePulseN_Stop_IT,"ax",%progbits
 1007              		.align	1
 1008              		.global	HAL_TIMEx_OnePulseN_Stop_IT
 1009              		.syntax unified
 1010              		.thumb
 1011              		.thumb_func
 1012              		.fpu softvfp
 1014              	HAL_TIMEx_OnePulseN_Stop_IT:
 1015              		@ args = 0, pretend = 0, frame = 0
 1016              		@ frame_needed = 0, uses_anonymous_args = 0
 1017 0000 10B5     		push	{r4, lr}
 1018 0002 0446     		mov	r4, r0
 1019 0004 0068     		ldr	r0, [r0]
 1020 0006 0022     		movs	r2, #0
 1021 0008 C368     		ldr	r3, [r0, #12]
 1022 000a 23F00203 		bic	r3, r3, #2
 1023 000e C360     		str	r3, [r0, #12]
 1024 0010 C368     		ldr	r3, [r0, #12]
 1025 0012 23F00403 		bic	r3, r3, #4
 1026 0016 C360     		str	r3, [r0, #12]
ARM GAS  /tmp/ccqzSs8f.s 			page 18


 1027 0018 FFF7FEFF 		bl	TIM_CCxNChannelCmd
 1028 001c 41F21112 		movw	r2, #4369
 1029 0020 2368     		ldr	r3, [r4]
 1030 0022 196A     		ldr	r1, [r3, #32]
 1031 0024 1142     		tst	r1, r2
 1032 0026 08D1     		bne	.L110
 1033 0028 40F24442 		movw	r2, #1092
 1034 002c 196A     		ldr	r1, [r3, #32]
 1035 002e 1142     		tst	r1, r2
 1036 0030 02BF     		ittt	eq
 1037 0032 5A6C     		ldreq	r2, [r3, #68]
 1038 0034 22F40042 		biceq	r2, r2, #32768
 1039 0038 5A64     		streq	r2, [r3, #68]
 1040              	.L110:
 1041 003a 41F21112 		movw	r2, #4369
 1042 003e 196A     		ldr	r1, [r3, #32]
 1043 0040 1142     		tst	r1, r2
 1044 0042 08D1     		bne	.L111
 1045 0044 40F24442 		movw	r2, #1092
 1046 0048 196A     		ldr	r1, [r3, #32]
 1047 004a 1142     		tst	r1, r2
 1048 004c 02BF     		ittt	eq
 1049 004e 1A68     		ldreq	r2, [r3]
 1050 0050 22F00102 		biceq	r2, r2, #1
 1051 0054 1A60     		streq	r2, [r3]
 1052              	.L111:
 1053 0056 0020     		movs	r0, #0
 1054 0058 10BD     		pop	{r4, pc}
 1056              		.section	.text.HAL_TIMEx_ConfigCommutEvent,"ax",%progbits
 1057              		.align	1
 1058              		.global	HAL_TIMEx_ConfigCommutEvent
 1059              		.syntax unified
 1060              		.thumb
 1061              		.thumb_func
 1062              		.fpu softvfp
 1064              	HAL_TIMEx_ConfigCommutEvent:
 1065              		@ args = 0, pretend = 0, frame = 0
 1066              		@ frame_needed = 0, uses_anonymous_args = 0
 1067 0000 10B5     		push	{r4, lr}
 1068 0002 90F83C30 		ldrb	r3, [r0, #60]	@ zero_extendqisi2
 1069 0006 012B     		cmp	r3, #1
 1070 0008 25D0     		beq	.L115
 1071 000a 0123     		movs	r3, #1
 1072 000c 80F83C30 		strb	r3, [r0, #60]
 1073 0010 31F03003 		bics	r3, r1, #48
 1074 0014 0368     		ldr	r3, [r0]
 1075 0016 06D1     		bne	.L114
 1076 0018 9C68     		ldr	r4, [r3, #8]
 1077 001a 24F07004 		bic	r4, r4, #112
 1078 001e 9C60     		str	r4, [r3, #8]
 1079 0020 9C68     		ldr	r4, [r3, #8]
 1080 0022 2143     		orrs	r1, r1, r4
 1081 0024 9960     		str	r1, [r3, #8]
 1082              	.L114:
 1083 0026 5968     		ldr	r1, [r3, #4]
 1084 0028 41F00101 		orr	r1, r1, #1
 1085 002c 5960     		str	r1, [r3, #4]
ARM GAS  /tmp/ccqzSs8f.s 			page 19


 1086 002e 5968     		ldr	r1, [r3, #4]
 1087 0030 21F00401 		bic	r1, r1, #4
 1088 0034 5960     		str	r1, [r3, #4]
 1089 0036 5968     		ldr	r1, [r3, #4]
 1090 0038 0A43     		orrs	r2, r2, r1
 1091 003a 5A60     		str	r2, [r3, #4]
 1092 003c DA68     		ldr	r2, [r3, #12]
 1093 003e 22F02002 		bic	r2, r2, #32
 1094 0042 DA60     		str	r2, [r3, #12]
 1095 0044 DA68     		ldr	r2, [r3, #12]
 1096 0046 22F40052 		bic	r2, r2, #8192
 1097 004a DA60     		str	r2, [r3, #12]
 1098 004c 0023     		movs	r3, #0
 1099 004e 80F83C30 		strb	r3, [r0, #60]
 1100 0052 1846     		mov	r0, r3
 1101              	.L113:
 1102 0054 10BD     		pop	{r4, pc}
 1103              	.L115:
 1104 0056 0220     		movs	r0, #2
 1105 0058 FCE7     		b	.L113
 1107              		.section	.text.HAL_TIMEx_ConfigCommutEvent_IT,"ax",%progbits
 1108              		.align	1
 1109              		.global	HAL_TIMEx_ConfigCommutEvent_IT
 1110              		.syntax unified
 1111              		.thumb
 1112              		.thumb_func
 1113              		.fpu softvfp
 1115              	HAL_TIMEx_ConfigCommutEvent_IT:
 1116              		@ args = 0, pretend = 0, frame = 0
 1117              		@ frame_needed = 0, uses_anonymous_args = 0
 1118 0000 10B5     		push	{r4, lr}
 1119 0002 90F83C30 		ldrb	r3, [r0, #60]	@ zero_extendqisi2
 1120 0006 012B     		cmp	r3, #1
 1121 0008 25D0     		beq	.L119
 1122 000a 0123     		movs	r3, #1
 1123 000c 80F83C30 		strb	r3, [r0, #60]
 1124 0010 31F03003 		bics	r3, r1, #48
 1125 0014 0368     		ldr	r3, [r0]
 1126 0016 06D1     		bne	.L118
 1127 0018 9C68     		ldr	r4, [r3, #8]
 1128 001a 24F07004 		bic	r4, r4, #112
 1129 001e 9C60     		str	r4, [r3, #8]
 1130 0020 9C68     		ldr	r4, [r3, #8]
 1131 0022 2143     		orrs	r1, r1, r4
 1132 0024 9960     		str	r1, [r3, #8]
 1133              	.L118:
 1134 0026 5968     		ldr	r1, [r3, #4]
 1135 0028 41F00101 		orr	r1, r1, #1
 1136 002c 5960     		str	r1, [r3, #4]
 1137 002e 5968     		ldr	r1, [r3, #4]
 1138 0030 21F00401 		bic	r1, r1, #4
 1139 0034 5960     		str	r1, [r3, #4]
 1140 0036 5968     		ldr	r1, [r3, #4]
 1141 0038 0A43     		orrs	r2, r2, r1
 1142 003a 5A60     		str	r2, [r3, #4]
 1143 003c DA68     		ldr	r2, [r3, #12]
 1144 003e 22F40052 		bic	r2, r2, #8192
ARM GAS  /tmp/ccqzSs8f.s 			page 20


 1145 0042 DA60     		str	r2, [r3, #12]
 1146 0044 DA68     		ldr	r2, [r3, #12]
 1147 0046 42F02002 		orr	r2, r2, #32
 1148 004a DA60     		str	r2, [r3, #12]
 1149 004c 0023     		movs	r3, #0
 1150 004e 80F83C30 		strb	r3, [r0, #60]
 1151 0052 1846     		mov	r0, r3
 1152              	.L117:
 1153 0054 10BD     		pop	{r4, pc}
 1154              	.L119:
 1155 0056 0220     		movs	r0, #2
 1156 0058 FCE7     		b	.L117
 1158              		.section	.text.HAL_TIMEx_ConfigCommutEvent_DMA,"ax",%progbits
 1159              		.align	1
 1160              		.global	HAL_TIMEx_ConfigCommutEvent_DMA
 1161              		.syntax unified
 1162              		.thumb
 1163              		.thumb_func
 1164              		.fpu softvfp
 1166              	HAL_TIMEx_ConfigCommutEvent_DMA:
 1167              		@ args = 0, pretend = 0, frame = 0
 1168              		@ frame_needed = 0, uses_anonymous_args = 0
 1169 0000 10B5     		push	{r4, lr}
 1170 0002 90F83C30 		ldrb	r3, [r0, #60]	@ zero_extendqisi2
 1171 0006 012B     		cmp	r3, #1
 1172 0008 2CD0     		beq	.L123
 1173 000a 0123     		movs	r3, #1
 1174 000c 80F83C30 		strb	r3, [r0, #60]
 1175 0010 31F03003 		bics	r3, r1, #48
 1176 0014 0368     		ldr	r3, [r0]
 1177 0016 06D1     		bne	.L122
 1178 0018 9C68     		ldr	r4, [r3, #8]
 1179 001a 24F07004 		bic	r4, r4, #112
 1180 001e 9C60     		str	r4, [r3, #8]
 1181 0020 9C68     		ldr	r4, [r3, #8]
 1182 0022 2143     		orrs	r1, r1, r4
 1183 0024 9960     		str	r1, [r3, #8]
 1184              	.L122:
 1185 0026 5968     		ldr	r1, [r3, #4]
 1186 0028 41F00101 		orr	r1, r1, #1
 1187 002c 5960     		str	r1, [r3, #4]
 1188 002e 5968     		ldr	r1, [r3, #4]
 1189 0030 21F00401 		bic	r1, r1, #4
 1190 0034 5960     		str	r1, [r3, #4]
 1191 0036 5968     		ldr	r1, [r3, #4]
 1192 0038 0A43     		orrs	r2, r2, r1
 1193 003a 5A60     		str	r2, [r3, #4]
 1194 003c 0A49     		ldr	r1, .L124
 1195 003e 426B     		ldr	r2, [r0, #52]
 1196 0040 9162     		str	r1, [r2, #40]
 1197 0042 0A49     		ldr	r1, .L124+4
 1198 0044 D162     		str	r1, [r2, #44]
 1199 0046 0A49     		ldr	r1, .L124+8
 1200 0048 1163     		str	r1, [r2, #48]
 1201 004a DA68     		ldr	r2, [r3, #12]
 1202 004c 22F02002 		bic	r2, r2, #32
 1203 0050 DA60     		str	r2, [r3, #12]
ARM GAS  /tmp/ccqzSs8f.s 			page 21


 1204 0052 DA68     		ldr	r2, [r3, #12]
 1205 0054 42F40052 		orr	r2, r2, #8192
 1206 0058 DA60     		str	r2, [r3, #12]
 1207 005a 0023     		movs	r3, #0
 1208 005c 80F83C30 		strb	r3, [r0, #60]
 1209 0060 1846     		mov	r0, r3
 1210              	.L121:
 1211 0062 10BD     		pop	{r4, pc}
 1212              	.L123:
 1213 0064 0220     		movs	r0, #2
 1214 0066 FCE7     		b	.L121
 1215              	.L125:
 1216              		.align	2
 1217              	.L124:
 1218 0068 00000000 		.word	TIMEx_DMACommutationCplt
 1219 006c 00000000 		.word	TIMEx_DMACommutationHalfCplt
 1220 0070 00000000 		.word	TIM_DMAError
 1222              		.section	.text.HAL_TIMEx_MasterConfigSynchronization,"ax",%progbits
 1223              		.align	1
 1224              		.global	HAL_TIMEx_MasterConfigSynchronization
 1225              		.syntax unified
 1226              		.thumb
 1227              		.thumb_func
 1228              		.fpu softvfp
 1230              	HAL_TIMEx_MasterConfigSynchronization:
 1231              		@ args = 0, pretend = 0, frame = 0
 1232              		@ frame_needed = 0, uses_anonymous_args = 0
 1233 0000 30B5     		push	{r4, r5, lr}
 1234 0002 90F83C20 		ldrb	r2, [r0, #60]	@ zero_extendqisi2
 1235 0006 0346     		mov	r3, r0
 1236 0008 012A     		cmp	r2, #1
 1237 000a 4FF00200 		mov	r0, #2
 1238 000e 14D0     		beq	.L127
 1239 0010 1C68     		ldr	r4, [r3]
 1240 0012 83F83D00 		strb	r0, [r3, #61]
 1241 0016 6068     		ldr	r0, [r4, #4]
 1242 0018 A268     		ldr	r2, [r4, #8]
 1243 001a 0D68     		ldr	r5, [r1]
 1244 001c 4968     		ldr	r1, [r1, #4]
 1245 001e 20F07000 		bic	r0, r0, #112
 1246 0022 22F08002 		bic	r2, r2, #128
 1247 0026 2843     		orrs	r0, r0, r5
 1248 0028 0A43     		orrs	r2, r2, r1
 1249 002a 6060     		str	r0, [r4, #4]
 1250 002c A260     		str	r2, [r4, #8]
 1251 002e 0020     		movs	r0, #0
 1252 0030 0122     		movs	r2, #1
 1253 0032 83F83C00 		strb	r0, [r3, #60]
 1254 0036 83F83D20 		strb	r2, [r3, #61]
 1255              	.L127:
 1256 003a 30BD     		pop	{r4, r5, pc}
 1258              		.section	.text.HAL_TIMEx_ConfigBreakDeadTime,"ax",%progbits
 1259              		.align	1
 1260              		.global	HAL_TIMEx_ConfigBreakDeadTime
 1261              		.syntax unified
 1262              		.thumb
 1263              		.thumb_func
ARM GAS  /tmp/ccqzSs8f.s 			page 22


 1264              		.fpu softvfp
 1266              	HAL_TIMEx_ConfigBreakDeadTime:
 1267              		@ args = 0, pretend = 0, frame = 0
 1268              		@ frame_needed = 0, uses_anonymous_args = 0
 1269              		@ link register save eliminated.
 1270 0000 90F83C30 		ldrb	r3, [r0, #60]	@ zero_extendqisi2
 1271 0004 012B     		cmp	r3, #1
 1272 0006 1FD0     		beq	.L131
 1273 0008 CB68     		ldr	r3, [r1, #12]
 1274 000a 8A68     		ldr	r2, [r1, #8]
 1275 000c 23F44073 		bic	r3, r3, #768
 1276 0010 1343     		orrs	r3, r3, r2
 1277 0012 4A68     		ldr	r2, [r1, #4]
 1278 0014 23F48063 		bic	r3, r3, #1024
 1279 0018 1343     		orrs	r3, r3, r2
 1280 001a 0A68     		ldr	r2, [r1]
 1281 001c 23F40063 		bic	r3, r3, #2048
 1282 0020 1343     		orrs	r3, r3, r2
 1283 0022 0A69     		ldr	r2, [r1, #16]
 1284 0024 23F48053 		bic	r3, r3, #4096
 1285 0028 1343     		orrs	r3, r3, r2
 1286 002a 4A69     		ldr	r2, [r1, #20]
 1287 002c 23F40053 		bic	r3, r3, #8192
 1288 0030 1343     		orrs	r3, r3, r2
 1289 0032 CA69     		ldr	r2, [r1, #28]
 1290 0034 23F48043 		bic	r3, r3, #16384
 1291 0038 1343     		orrs	r3, r3, r2
 1292 003a 0268     		ldr	r2, [r0]
 1293 003c 5364     		str	r3, [r2, #68]
 1294 003e 0023     		movs	r3, #0
 1295 0040 80F83C30 		strb	r3, [r0, #60]
 1296 0044 1846     		mov	r0, r3
 1297 0046 7047     		bx	lr
 1298              	.L131:
 1299 0048 0220     		movs	r0, #2
 1300 004a 7047     		bx	lr
 1302              		.section	.text.HAL_TIMEx_RemapConfig,"ax",%progbits
 1303              		.align	1
 1304              		.global	HAL_TIMEx_RemapConfig
 1305              		.syntax unified
 1306              		.thumb
 1307              		.thumb_func
 1308              		.fpu softvfp
 1310              	HAL_TIMEx_RemapConfig:
 1311              		@ args = 0, pretend = 0, frame = 0
 1312              		@ frame_needed = 0, uses_anonymous_args = 0
 1313              		@ link register save eliminated.
 1314 0000 0020     		movs	r0, #0
 1315 0002 7047     		bx	lr
 1317              		.section	.text.HAL_TIMEx_CommutCallback,"ax",%progbits
 1318              		.align	1
 1319              		.weak	HAL_TIMEx_CommutCallback
 1320              		.syntax unified
 1321              		.thumb
 1322              		.thumb_func
 1323              		.fpu softvfp
 1325              	HAL_TIMEx_CommutCallback:
ARM GAS  /tmp/ccqzSs8f.s 			page 23


 1326              		@ args = 0, pretend = 0, frame = 0
 1327              		@ frame_needed = 0, uses_anonymous_args = 0
 1328              		@ link register save eliminated.
 1329 0000 7047     		bx	lr
 1331              		.section	.text.HAL_TIMEx_CommutHalfCpltCallback,"ax",%progbits
 1332              		.align	1
 1333              		.weak	HAL_TIMEx_CommutHalfCpltCallback
 1334              		.syntax unified
 1335              		.thumb
 1336              		.thumb_func
 1337              		.fpu softvfp
 1339              	HAL_TIMEx_CommutHalfCpltCallback:
 1340              		@ args = 0, pretend = 0, frame = 0
 1341              		@ frame_needed = 0, uses_anonymous_args = 0
 1342              		@ link register save eliminated.
 1343 0000 7047     		bx	lr
 1345              		.section	.text.HAL_TIMEx_BreakCallback,"ax",%progbits
 1346              		.align	1
 1347              		.weak	HAL_TIMEx_BreakCallback
 1348              		.syntax unified
 1349              		.thumb
 1350              		.thumb_func
 1351              		.fpu softvfp
 1353              	HAL_TIMEx_BreakCallback:
 1354              		@ args = 0, pretend = 0, frame = 0
 1355              		@ frame_needed = 0, uses_anonymous_args = 0
 1356              		@ link register save eliminated.
 1357 0000 7047     		bx	lr
 1359              		.section	.text.HAL_TIMEx_HallSensor_GetState,"ax",%progbits
 1360              		.align	1
 1361              		.global	HAL_TIMEx_HallSensor_GetState
 1362              		.syntax unified
 1363              		.thumb
 1364              		.thumb_func
 1365              		.fpu softvfp
 1367              	HAL_TIMEx_HallSensor_GetState:
 1368              		@ args = 0, pretend = 0, frame = 0
 1369              		@ frame_needed = 0, uses_anonymous_args = 0
 1370              		@ link register save eliminated.
 1371 0000 90F83D00 		ldrb	r0, [r0, #61]	@ zero_extendqisi2
 1372 0004 7047     		bx	lr
 1374              		.ident	"GCC: (GNU Tools for Arm Embedded Processors 9-2019-q4-major) 9.2.1 20191025 (release) [ARM
ARM GAS  /tmp/ccqzSs8f.s 			page 24


DEFINED SYMBOLS
                            *ABS*:0000000000000000 stm32f1xx_hal_tim_ex.c
     /tmp/ccqzSs8f.s:14     .text.HAL_TIMEx_HallSensor_MspInit:0000000000000000 $t
     /tmp/ccqzSs8f.s:22     .text.HAL_TIMEx_HallSensor_MspInit:0000000000000000 HAL_TIMEx_HallSensor_MspInit
     /tmp/ccqzSs8f.s:29     .text.TIMEx_DMACommutationCplt:0000000000000000 $t
     /tmp/ccqzSs8f.s:36     .text.TIMEx_DMACommutationCplt:0000000000000000 TIMEx_DMACommutationCplt
     /tmp/ccqzSs8f.s:47     .text.TIMEx_DMACommutationHalfCplt:0000000000000000 $t
     /tmp/ccqzSs8f.s:54     .text.TIMEx_DMACommutationHalfCplt:0000000000000000 TIMEx_DMACommutationHalfCplt
     /tmp/ccqzSs8f.s:65     .text.TIM_CCxNChannelCmd:0000000000000000 $t
     /tmp/ccqzSs8f.s:71     .text.TIM_CCxNChannelCmd:0000000000000000 TIM_CCxNChannelCmd
     /tmp/ccqzSs8f.s:88     .text.HAL_TIMEx_HallSensor_MspDeInit:0000000000000000 $t
     /tmp/ccqzSs8f.s:95     .text.HAL_TIMEx_HallSensor_MspDeInit:0000000000000000 HAL_TIMEx_HallSensor_MspDeInit
     /tmp/ccqzSs8f.s:102    .text.HAL_TIMEx_HallSensor_Init:0000000000000000 $t
     /tmp/ccqzSs8f.s:109    .text.HAL_TIMEx_HallSensor_Init:0000000000000000 HAL_TIMEx_HallSensor_Init
     /tmp/ccqzSs8f.s:195    .text.HAL_TIMEx_HallSensor_Init:00000000000000bc $d
     /tmp/ccqzSs8f.s:198    .text.HAL_TIMEx_HallSensor_DeInit:0000000000000000 $t
     /tmp/ccqzSs8f.s:205    .text.HAL_TIMEx_HallSensor_DeInit:0000000000000000 HAL_TIMEx_HallSensor_DeInit
     /tmp/ccqzSs8f.s:240    .text.HAL_TIMEx_HallSensor_DeInit:0000000000000044 $d
     /tmp/ccqzSs8f.s:243    .text.HAL_TIMEx_HallSensor_Start:0000000000000000 $t
     /tmp/ccqzSs8f.s:250    .text.HAL_TIMEx_HallSensor_Start:0000000000000000 HAL_TIMEx_HallSensor_Start
     /tmp/ccqzSs8f.s:271    .text.HAL_TIMEx_HallSensor_Stop:0000000000000000 $t
     /tmp/ccqzSs8f.s:278    .text.HAL_TIMEx_HallSensor_Stop:0000000000000000 HAL_TIMEx_HallSensor_Stop
     /tmp/ccqzSs8f.s:304    .text.HAL_TIMEx_HallSensor_Start_IT:0000000000000000 $t
     /tmp/ccqzSs8f.s:311    .text.HAL_TIMEx_HallSensor_Start_IT:0000000000000000 HAL_TIMEx_HallSensor_Start_IT
     /tmp/ccqzSs8f.s:335    .text.HAL_TIMEx_HallSensor_Stop_IT:0000000000000000 $t
     /tmp/ccqzSs8f.s:342    .text.HAL_TIMEx_HallSensor_Stop_IT:0000000000000000 HAL_TIMEx_HallSensor_Stop_IT
     /tmp/ccqzSs8f.s:371    .text.HAL_TIMEx_HallSensor_Start_DMA:0000000000000000 $t
     /tmp/ccqzSs8f.s:378    .text.HAL_TIMEx_HallSensor_Start_DMA:0000000000000000 HAL_TIMEx_HallSensor_Start_DMA
     /tmp/ccqzSs8f.s:435    .text.HAL_TIMEx_HallSensor_Start_DMA:0000000000000070 $d
     /tmp/ccqzSs8f.s:440    .text.HAL_TIMEx_HallSensor_Stop_DMA:0000000000000000 $t
     /tmp/ccqzSs8f.s:447    .text.HAL_TIMEx_HallSensor_Stop_DMA:0000000000000000 HAL_TIMEx_HallSensor_Stop_DMA
     /tmp/ccqzSs8f.s:479    .text.HAL_TIMEx_OCN_Start:0000000000000000 $t
     /tmp/ccqzSs8f.s:486    .text.HAL_TIMEx_OCN_Start:0000000000000000 HAL_TIMEx_OCN_Start
     /tmp/ccqzSs8f.s:509    .text.HAL_TIMEx_OCN_Stop:0000000000000000 $t
     /tmp/ccqzSs8f.s:516    .text.HAL_TIMEx_OCN_Stop:0000000000000000 HAL_TIMEx_OCN_Stop
     /tmp/ccqzSs8f.s:553    .text.HAL_TIMEx_OCN_Start_IT:0000000000000000 $t
     /tmp/ccqzSs8f.s:560    .text.HAL_TIMEx_OCN_Start_IT:0000000000000000 HAL_TIMEx_OCN_Start_IT
     /tmp/ccqzSs8f.s:604    .text.HAL_TIMEx_OCN_Stop_IT:0000000000000000 $t
     /tmp/ccqzSs8f.s:611    .text.HAL_TIMEx_OCN_Stop_IT:0000000000000000 HAL_TIMEx_OCN_Stop_IT
     /tmp/ccqzSs8f.s:673    .text.HAL_TIMEx_OCN_Start_DMA:0000000000000000 $t
     /tmp/ccqzSs8f.s:680    .text.HAL_TIMEx_OCN_Start_DMA:0000000000000000 HAL_TIMEx_OCN_Start_DMA
     /tmp/ccqzSs8f.s:779    .text.HAL_TIMEx_OCN_Start_DMA:00000000000000c4 $d
     /tmp/ccqzSs8f.s:784    .text.HAL_TIMEx_OCN_Stop_DMA:0000000000000000 $t
     /tmp/ccqzSs8f.s:791    .text.HAL_TIMEx_OCN_Stop_DMA:0000000000000000 HAL_TIMEx_OCN_Stop_DMA
     /tmp/ccqzSs8f.s:857    .text.HAL_TIMEx_PWMN_Start:0000000000000000 $t
     /tmp/ccqzSs8f.s:864    .text.HAL_TIMEx_PWMN_Start:0000000000000000 HAL_TIMEx_PWMN_Start
     /tmp/ccqzSs8f.s:871    .text.HAL_TIMEx_PWMN_Stop:0000000000000000 $t
     /tmp/ccqzSs8f.s:878    .text.HAL_TIMEx_PWMN_Stop:0000000000000000 HAL_TIMEx_PWMN_Stop
     /tmp/ccqzSs8f.s:885    .text.HAL_TIMEx_PWMN_Start_IT:0000000000000000 $t
     /tmp/ccqzSs8f.s:892    .text.HAL_TIMEx_PWMN_Start_IT:0000000000000000 HAL_TIMEx_PWMN_Start_IT
     /tmp/ccqzSs8f.s:899    .text.HAL_TIMEx_PWMN_Stop_IT:0000000000000000 $t
     /tmp/ccqzSs8f.s:906    .text.HAL_TIMEx_PWMN_Stop_IT:0000000000000000 HAL_TIMEx_PWMN_Stop_IT
     /tmp/ccqzSs8f.s:913    .text.HAL_TIMEx_PWMN_Start_DMA:0000000000000000 $t
     /tmp/ccqzSs8f.s:920    .text.HAL_TIMEx_PWMN_Start_DMA:0000000000000000 HAL_TIMEx_PWMN_Start_DMA
     /tmp/ccqzSs8f.s:927    .text.HAL_TIMEx_PWMN_Stop_DMA:0000000000000000 $t
     /tmp/ccqzSs8f.s:934    .text.HAL_TIMEx_PWMN_Stop_DMA:0000000000000000 HAL_TIMEx_PWMN_Stop_DMA
     /tmp/ccqzSs8f.s:941    .text.HAL_TIMEx_OnePulseN_Start:0000000000000000 $t
ARM GAS  /tmp/ccqzSs8f.s 			page 25


     /tmp/ccqzSs8f.s:948    .text.HAL_TIMEx_OnePulseN_Start:0000000000000000 HAL_TIMEx_OnePulseN_Start
     /tmp/ccqzSs8f.s:964    .text.HAL_TIMEx_OnePulseN_Stop:0000000000000000 $t
     /tmp/ccqzSs8f.s:971    .text.HAL_TIMEx_OnePulseN_Stop:0000000000000000 HAL_TIMEx_OnePulseN_Stop
     /tmp/ccqzSs8f.s:978    .text.HAL_TIMEx_OnePulseN_Start_IT:0000000000000000 $t
     /tmp/ccqzSs8f.s:985    .text.HAL_TIMEx_OnePulseN_Start_IT:0000000000000000 HAL_TIMEx_OnePulseN_Start_IT
     /tmp/ccqzSs8f.s:1007   .text.HAL_TIMEx_OnePulseN_Stop_IT:0000000000000000 $t
     /tmp/ccqzSs8f.s:1014   .text.HAL_TIMEx_OnePulseN_Stop_IT:0000000000000000 HAL_TIMEx_OnePulseN_Stop_IT
     /tmp/ccqzSs8f.s:1057   .text.HAL_TIMEx_ConfigCommutEvent:0000000000000000 $t
     /tmp/ccqzSs8f.s:1064   .text.HAL_TIMEx_ConfigCommutEvent:0000000000000000 HAL_TIMEx_ConfigCommutEvent
     /tmp/ccqzSs8f.s:1108   .text.HAL_TIMEx_ConfigCommutEvent_IT:0000000000000000 $t
     /tmp/ccqzSs8f.s:1115   .text.HAL_TIMEx_ConfigCommutEvent_IT:0000000000000000 HAL_TIMEx_ConfigCommutEvent_IT
     /tmp/ccqzSs8f.s:1159   .text.HAL_TIMEx_ConfigCommutEvent_DMA:0000000000000000 $t
     /tmp/ccqzSs8f.s:1166   .text.HAL_TIMEx_ConfigCommutEvent_DMA:0000000000000000 HAL_TIMEx_ConfigCommutEvent_DMA
     /tmp/ccqzSs8f.s:1218   .text.HAL_TIMEx_ConfigCommutEvent_DMA:0000000000000068 $d
     /tmp/ccqzSs8f.s:1223   .text.HAL_TIMEx_MasterConfigSynchronization:0000000000000000 $t
     /tmp/ccqzSs8f.s:1230   .text.HAL_TIMEx_MasterConfigSynchronization:0000000000000000 HAL_TIMEx_MasterConfigSynchronization
     /tmp/ccqzSs8f.s:1259   .text.HAL_TIMEx_ConfigBreakDeadTime:0000000000000000 $t
     /tmp/ccqzSs8f.s:1266   .text.HAL_TIMEx_ConfigBreakDeadTime:0000000000000000 HAL_TIMEx_ConfigBreakDeadTime
     /tmp/ccqzSs8f.s:1303   .text.HAL_TIMEx_RemapConfig:0000000000000000 $t
     /tmp/ccqzSs8f.s:1310   .text.HAL_TIMEx_RemapConfig:0000000000000000 HAL_TIMEx_RemapConfig
     /tmp/ccqzSs8f.s:1318   .text.HAL_TIMEx_CommutCallback:0000000000000000 $t
     /tmp/ccqzSs8f.s:1325   .text.HAL_TIMEx_CommutCallback:0000000000000000 HAL_TIMEx_CommutCallback
     /tmp/ccqzSs8f.s:1332   .text.HAL_TIMEx_CommutHalfCpltCallback:0000000000000000 $t
     /tmp/ccqzSs8f.s:1339   .text.HAL_TIMEx_CommutHalfCpltCallback:0000000000000000 HAL_TIMEx_CommutHalfCpltCallback
     /tmp/ccqzSs8f.s:1346   .text.HAL_TIMEx_BreakCallback:0000000000000000 $t
     /tmp/ccqzSs8f.s:1353   .text.HAL_TIMEx_BreakCallback:0000000000000000 HAL_TIMEx_BreakCallback
     /tmp/ccqzSs8f.s:1360   .text.HAL_TIMEx_HallSensor_GetState:0000000000000000 $t
     /tmp/ccqzSs8f.s:1367   .text.HAL_TIMEx_HallSensor_GetState:0000000000000000 HAL_TIMEx_HallSensor_GetState

UNDEFINED SYMBOLS
TIM_ResetCallback
TIM_Base_SetConfig
TIM_TI1_SetConfig
TIM_OC2_SetConfig
TIM_CCxChannelCmd
HAL_DMA_Start_IT
TIM_DMACaptureCplt
TIM_DMACaptureHalfCplt
TIM_DMAError
HAL_DMA_Abort_IT
TIM_DMADelayPulseCplt
TIM_DMADelayPulseHalfCplt
