ARM GAS  /tmp/ccqLTgpr.s 			page 1


   1              		.cpu cortex-m3
   2              		.eabi_attribute 20, 1
   3              		.eabi_attribute 21, 1
   4              		.eabi_attribute 23, 3
   5              		.eabi_attribute 24, 1
   6              		.eabi_attribute 25, 1
   7              		.eabi_attribute 26, 1
   8              		.eabi_attribute 30, 4
   9              		.eabi_attribute 34, 1
  10              		.eabi_attribute 18, 4
  11              		.file	"stm32f1xx_hal_irda.c"
  12              		.text
  13              		.section	.text.IRDA_EndRxTransfer,"ax",%progbits
  14              		.align	1
  15              		.arch armv7-m
  16              		.syntax unified
  17              		.thumb
  18              		.thumb_func
  19              		.fpu softvfp
  21              	IRDA_EndRxTransfer:
  22              		@ args = 0, pretend = 0, frame = 0
  23              		@ frame_needed = 0, uses_anonymous_args = 0
  24              		@ link register save eliminated.
  25 0000 0368     		ldr	r3, [r0]
  26 0002 DA68     		ldr	r2, [r3, #12]
  27 0004 22F49072 		bic	r2, r2, #288
  28 0008 DA60     		str	r2, [r3, #12]
  29 000a 5A69     		ldr	r2, [r3, #20]
  30 000c 22F00102 		bic	r2, r2, #1
  31 0010 5A61     		str	r2, [r3, #20]
  32 0012 2023     		movs	r3, #32
  33 0014 80F83630 		strb	r3, [r0, #54]
  34 0018 7047     		bx	lr
  36              		.section	.text.IRDA_WaitOnFlagUntilTimeout.constprop.0,"ax",%progbits
  37              		.align	1
  38              		.syntax unified
  39              		.thumb
  40              		.thumb_func
  41              		.fpu softvfp
  43              	IRDA_WaitOnFlagUntilTimeout.constprop.0:
  44              		@ args = 0, pretend = 0, frame = 0
  45              		@ frame_needed = 0, uses_anonymous_args = 0
  46 0000 F8B5     		push	{r3, r4, r5, r6, r7, lr}
  47 0002 0446     		mov	r4, r0
  48 0004 0E46     		mov	r6, r1
  49 0006 1746     		mov	r7, r2
  50 0008 1D46     		mov	r5, r3
  51              	.L3:
  52 000a 2268     		ldr	r2, [r4]
  53              	.L4:
  54 000c 1368     		ldr	r3, [r2]
  55 000e 36EA0303 		bics	r3, r6, r3
  56 0012 01D1     		bne	.L8
  57 0014 0020     		movs	r0, #0
  58 0016 14E0     		b	.L6
  59              	.L8:
  60 0018 6B1C     		adds	r3, r5, #1
ARM GAS  /tmp/ccqLTgpr.s 			page 2


  61 001a F7D0     		beq	.L4
  62 001c 95B9     		cbnz	r5, .L5
  63              	.L7:
  64 001e 2368     		ldr	r3, [r4]
  65 0020 0320     		movs	r0, #3
  66 0022 DA68     		ldr	r2, [r3, #12]
  67 0024 22F4D072 		bic	r2, r2, #416
  68 0028 DA60     		str	r2, [r3, #12]
  69 002a 5A69     		ldr	r2, [r3, #20]
  70 002c 22F00102 		bic	r2, r2, #1
  71 0030 5A61     		str	r2, [r3, #20]
  72 0032 2023     		movs	r3, #32
  73 0034 84F83530 		strb	r3, [r4, #53]
  74 0038 84F83630 		strb	r3, [r4, #54]
  75 003c 0023     		movs	r3, #0
  76 003e 84F83430 		strb	r3, [r4, #52]
  77              	.L6:
  78 0042 F8BD     		pop	{r3, r4, r5, r6, r7, pc}
  79              	.L5:
  80 0044 FFF7FEFF 		bl	HAL_GetTick
  81 0048 C01B     		subs	r0, r0, r7
  82 004a 8542     		cmp	r5, r0
  83 004c DDD2     		bcs	.L3
  84 004e E6E7     		b	.L7
  86              		.section	.text.HAL_IRDA_MspInit,"ax",%progbits
  87              		.align	1
  88              		.weak	HAL_IRDA_MspInit
  89              		.syntax unified
  90              		.thumb
  91              		.thumb_func
  92              		.fpu softvfp
  94              	HAL_IRDA_MspInit:
  95              		@ args = 0, pretend = 0, frame = 0
  96              		@ frame_needed = 0, uses_anonymous_args = 0
  97              		@ link register save eliminated.
  98 0000 7047     		bx	lr
 100              		.section	.text.HAL_IRDA_Init,"ax",%progbits
 101              		.align	1
 102              		.global	HAL_IRDA_Init
 103              		.syntax unified
 104              		.thumb
 105              		.thumb_func
 106              		.fpu softvfp
 108              	HAL_IRDA_Init:
 109              		@ args = 0, pretend = 0, frame = 0
 110              		@ frame_needed = 0, uses_anonymous_args = 0
 111 0000 70B5     		push	{r4, r5, r6, lr}
 112 0002 0446     		mov	r4, r0
 113 0004 0028     		cmp	r0, #0
 114 0006 68D0     		beq	.L17
 115 0008 90F83530 		ldrb	r3, [r0, #53]	@ zero_extendqisi2
 116 000c 03F0FF02 		and	r2, r3, #255
 117 0010 1BB9     		cbnz	r3, .L14
 118 0012 80F83420 		strb	r2, [r0, #52]
 119 0016 FFF7FEFF 		bl	HAL_IRDA_MspInit
 120              	.L14:
 121 001a 2423     		movs	r3, #36
ARM GAS  /tmp/ccqLTgpr.s 			page 3


 122 001c 84F83530 		strb	r3, [r4, #53]
 123 0020 2368     		ldr	r3, [r4]
 124 0022 DA68     		ldr	r2, [r3, #12]
 125 0024 22F40052 		bic	r2, r2, #8192
 126 0028 DA60     		str	r2, [r3, #12]
 127 002a 1A69     		ldr	r2, [r3, #16]
 128 002c 22F44052 		bic	r2, r2, #12288
 129 0030 1A61     		str	r2, [r3, #16]
 130 0032 DA68     		ldr	r2, [r3, #12]
 131 0034 22F4B052 		bic	r2, r2, #5632
 132 0038 22F00C02 		bic	r2, r2, #12
 133 003c DA60     		str	r2, [r3, #12]
 134 003e D4E90220 		ldrd	r2, r0, [r4, #8]
 135 0042 0243     		orrs	r2, r2, r0
 136 0044 2069     		ldr	r0, [r4, #16]
 137 0046 D968     		ldr	r1, [r3, #12]
 138 0048 0243     		orrs	r2, r2, r0
 139 004a 0A43     		orrs	r2, r2, r1
 140 004c DA60     		str	r2, [r3, #12]
 141 004e 5A69     		ldr	r2, [r3, #20]
 142 0050 22F44072 		bic	r2, r2, #768
 143 0054 5A61     		str	r2, [r3, #20]
 144 0056 224A     		ldr	r2, .L19
 145 0058 9342     		cmp	r3, r2
 146 005a 3BD1     		bne	.L15
 147 005c FFF7FEFF 		bl	HAL_RCC_GetPCLK2Freq
 148              	.L18:
 149 0060 1923     		movs	r3, #25
 150 0062 5843     		muls	r0, r3, r0
 151 0064 6268     		ldr	r2, [r4, #4]
 152 0066 2168     		ldr	r1, [r4]
 153 0068 9200     		lsls	r2, r2, #2
 154 006a B0FBF2F0 		udiv	r0, r0, r2
 155 006e 6422     		movs	r2, #100
 156 0070 B0FBF2F6 		udiv	r6, r0, r2
 157 0074 02FB1603 		mls	r3, r2, r6, r0
 158 0078 1B01     		lsls	r3, r3, #4
 159 007a 3233     		adds	r3, r3, #50
 160 007c B3FBF2F3 		udiv	r3, r3, r2
 161 0080 8D68     		ldr	r5, [r1, #8]
 162 0082 03EB0613 		add	r3, r3, r6, lsl #4
 163 0086 2B43     		orrs	r3, r3, r5
 164 0088 8B60     		str	r3, [r1, #8]
 165 008a 2368     		ldr	r3, [r4]
 166 008c 0020     		movs	r0, #0
 167 008e 1A69     		ldr	r2, [r3, #16]
 168 0090 22F4F042 		bic	r2, r2, #30720
 169 0094 1A61     		str	r2, [r3, #16]
 170 0096 5A69     		ldr	r2, [r3, #20]
 171 0098 22F02802 		bic	r2, r2, #40
 172 009c 5A61     		str	r2, [r3, #20]
 173 009e DA68     		ldr	r2, [r3, #12]
 174 00a0 42F40052 		orr	r2, r2, #8192
 175 00a4 DA60     		str	r2, [r3, #12]
 176 00a6 9A69     		ldr	r2, [r3, #24]
 177 00a8 217D     		ldrb	r1, [r4, #20]	@ zero_extendqisi2
 178 00aa 22F0FF02 		bic	r2, r2, #255
ARM GAS  /tmp/ccqLTgpr.s 			page 4


 179 00ae 0A43     		orrs	r2, r2, r1
 180 00b0 9A61     		str	r2, [r3, #24]
 181 00b2 5A69     		ldr	r2, [r3, #20]
 182 00b4 A169     		ldr	r1, [r4, #24]
 183 00b6 22F00402 		bic	r2, r2, #4
 184 00ba 0A43     		orrs	r2, r2, r1
 185 00bc 5A61     		str	r2, [r3, #20]
 186 00be 5A69     		ldr	r2, [r3, #20]
 187 00c0 42F00202 		orr	r2, r2, #2
 188 00c4 5A61     		str	r2, [r3, #20]
 189 00c6 2023     		movs	r3, #32
 190 00c8 A063     		str	r0, [r4, #56]
 191 00ca 84F83530 		strb	r3, [r4, #53]
 192 00ce 84F83630 		strb	r3, [r4, #54]
 193              	.L13:
 194 00d2 70BD     		pop	{r4, r5, r6, pc}
 195              	.L15:
 196 00d4 FFF7FEFF 		bl	HAL_RCC_GetPCLK1Freq
 197 00d8 C2E7     		b	.L18
 198              	.L17:
 199 00da 0120     		movs	r0, #1
 200 00dc F9E7     		b	.L13
 201              	.L20:
 202 00de 00BF     		.align	2
 203              	.L19:
 204 00e0 00380140 		.word	1073821696
 206              		.section	.text.HAL_IRDA_MspDeInit,"ax",%progbits
 207              		.align	1
 208              		.weak	HAL_IRDA_MspDeInit
 209              		.syntax unified
 210              		.thumb
 211              		.thumb_func
 212              		.fpu softvfp
 214              	HAL_IRDA_MspDeInit:
 215              		@ args = 0, pretend = 0, frame = 0
 216              		@ frame_needed = 0, uses_anonymous_args = 0
 217              		@ link register save eliminated.
 218 0000 7047     		bx	lr
 220              		.section	.text.HAL_IRDA_DeInit,"ax",%progbits
 221              		.align	1
 222              		.global	HAL_IRDA_DeInit
 223              		.syntax unified
 224              		.thumb
 225              		.thumb_func
 226              		.fpu softvfp
 228              	HAL_IRDA_DeInit:
 229              		@ args = 0, pretend = 0, frame = 0
 230              		@ frame_needed = 0, uses_anonymous_args = 0
 231 0000 10B5     		push	{r4, lr}
 232 0002 0446     		mov	r4, r0
 233 0004 90B1     		cbz	r0, .L24
 234 0006 2423     		movs	r3, #36
 235 0008 0268     		ldr	r2, [r0]
 236 000a 80F83530 		strb	r3, [r0, #53]
 237 000e D368     		ldr	r3, [r2, #12]
 238 0010 23F40053 		bic	r3, r3, #8192
 239 0014 D360     		str	r3, [r2, #12]
ARM GAS  /tmp/ccqLTgpr.s 			page 5


 240 0016 FFF7FEFF 		bl	HAL_IRDA_MspDeInit
 241 001a 0020     		movs	r0, #0
 242 001c A063     		str	r0, [r4, #56]
 243 001e 84F83400 		strb	r0, [r4, #52]
 244 0022 84F83500 		strb	r0, [r4, #53]
 245 0026 84F83600 		strb	r0, [r4, #54]
 246              	.L23:
 247 002a 10BD     		pop	{r4, pc}
 248              	.L24:
 249 002c 0120     		movs	r0, #1
 250 002e FCE7     		b	.L23
 252              		.section	.text.HAL_IRDA_Transmit,"ax",%progbits
 253              		.align	1
 254              		.global	HAL_IRDA_Transmit
 255              		.syntax unified
 256              		.thumb
 257              		.thumb_func
 258              		.fpu softvfp
 260              	HAL_IRDA_Transmit:
 261              		@ args = 0, pretend = 0, frame = 0
 262              		@ frame_needed = 0, uses_anonymous_args = 0
 263 0000 2DE9F041 		push	{r4, r5, r6, r7, r8, lr}
 264 0004 1F46     		mov	r7, r3
 265 0006 90F83530 		ldrb	r3, [r0, #53]	@ zero_extendqisi2
 266 000a 0446     		mov	r4, r0
 267 000c 202B     		cmp	r3, #32
 268 000e 0D46     		mov	r5, r1
 269 0010 9046     		mov	r8, r2
 270 0012 4ED1     		bne	.L37
 271 0014 0029     		cmp	r1, #0
 272 0016 4AD0     		beq	.L36
 273 0018 002A     		cmp	r2, #0
 274 001a 48D0     		beq	.L36
 275 001c 90F83430 		ldrb	r3, [r0, #52]	@ zero_extendqisi2
 276 0020 012B     		cmp	r3, #1
 277 0022 46D0     		beq	.L37
 278 0024 0123     		movs	r3, #1
 279 0026 80F83430 		strb	r3, [r0, #52]
 280 002a 0023     		movs	r3, #0
 281 002c 8363     		str	r3, [r0, #56]
 282 002e 2123     		movs	r3, #33
 283 0030 80F83530 		strb	r3, [r0, #53]
 284 0034 FFF7FEFF 		bl	HAL_GetTick
 285 0038 0646     		mov	r6, r0
 286 003a A4F82080 		strh	r8, [r4, #32]	@ movhi
 287 003e A4F82280 		strh	r8, [r4, #34]	@ movhi
 288              	.L27:
 289 0042 638C     		ldrh	r3, [r4, #34]
 290 0044 9BB2     		uxth	r3, r3
 291 0046 63B9     		cbnz	r3, .L33
 292 0048 3B46     		mov	r3, r7
 293 004a 3246     		mov	r2, r6
 294 004c 4021     		movs	r1, #64
 295 004e 2046     		mov	r0, r4
 296 0050 FFF7FEFF 		bl	IRDA_WaitOnFlagUntilTimeout.constprop.0
 297 0054 A0B9     		cbnz	r0, .L32
 298 0056 2023     		movs	r3, #32
ARM GAS  /tmp/ccqLTgpr.s 			page 6


 299 0058 84F83400 		strb	r0, [r4, #52]
 300 005c 84F83530 		strb	r3, [r4, #53]
 301 0060 0FE0     		b	.L26
 302              	.L33:
 303 0062 638C     		ldrh	r3, [r4, #34]
 304 0064 3246     		mov	r2, r6
 305 0066 013B     		subs	r3, r3, #1
 306 0068 9BB2     		uxth	r3, r3
 307 006a 6384     		strh	r3, [r4, #34]	@ movhi
 308 006c A368     		ldr	r3, [r4, #8]
 309 006e 8021     		movs	r1, #128
 310 0070 B3F5805F 		cmp	r3, #4096
 311 0074 2046     		mov	r0, r4
 312 0076 3B46     		mov	r3, r7
 313 0078 10D1     		bne	.L28
 314 007a FFF7FEFF 		bl	IRDA_WaitOnFlagUntilTimeout.constprop.0
 315 007e 10B1     		cbz	r0, .L29
 316              	.L32:
 317 0080 0320     		movs	r0, #3
 318              	.L26:
 319 0082 BDE8F081 		pop	{r4, r5, r6, r7, r8, pc}
 320              	.L29:
 321 0086 2B88     		ldrh	r3, [r5]
 322 0088 2268     		ldr	r2, [r4]
 323 008a C3F30803 		ubfx	r3, r3, #0, #9
 324 008e 5360     		str	r3, [r2, #4]
 325 0090 E368     		ldr	r3, [r4, #12]
 326 0092 0BB9     		cbnz	r3, .L30
 327 0094 0235     		adds	r5, r5, #2
 328 0096 D4E7     		b	.L27
 329              	.L30:
 330 0098 0135     		adds	r5, r5, #1
 331 009a D2E7     		b	.L27
 332              	.L28:
 333 009c FFF7FEFF 		bl	IRDA_WaitOnFlagUntilTimeout.constprop.0
 334 00a0 0028     		cmp	r0, #0
 335 00a2 EDD1     		bne	.L32
 336 00a4 2368     		ldr	r3, [r4]
 337 00a6 15F8012B 		ldrb	r2, [r5], #1	@ zero_extendqisi2
 338 00aa 5A60     		str	r2, [r3, #4]
 339 00ac C9E7     		b	.L27
 340              	.L36:
 341 00ae 0120     		movs	r0, #1
 342 00b0 E7E7     		b	.L26
 343              	.L37:
 344 00b2 0220     		movs	r0, #2
 345 00b4 E5E7     		b	.L26
 347              		.section	.text.HAL_IRDA_Receive,"ax",%progbits
 348              		.align	1
 349              		.global	HAL_IRDA_Receive
 350              		.syntax unified
 351              		.thumb
 352              		.thumb_func
 353              		.fpu softvfp
 355              	HAL_IRDA_Receive:
 356              		@ args = 0, pretend = 0, frame = 0
 357              		@ frame_needed = 0, uses_anonymous_args = 0
ARM GAS  /tmp/ccqLTgpr.s 			page 7


 358 0000 2DE9F041 		push	{r4, r5, r6, r7, r8, lr}
 359 0004 1E46     		mov	r6, r3
 360 0006 90F83630 		ldrb	r3, [r0, #54]	@ zero_extendqisi2
 361 000a 0446     		mov	r4, r0
 362 000c 202B     		cmp	r3, #32
 363 000e 0D46     		mov	r5, r1
 364 0010 9046     		mov	r8, r2
 365 0012 52D1     		bne	.L51
 366 0014 0029     		cmp	r1, #0
 367 0016 4ED0     		beq	.L50
 368 0018 002A     		cmp	r2, #0
 369 001a 4CD0     		beq	.L50
 370 001c 90F83430 		ldrb	r3, [r0, #52]	@ zero_extendqisi2
 371 0020 012B     		cmp	r3, #1
 372 0022 4AD0     		beq	.L51
 373 0024 0123     		movs	r3, #1
 374 0026 80F83430 		strb	r3, [r0, #52]
 375 002a 0023     		movs	r3, #0
 376 002c 8363     		str	r3, [r0, #56]
 377 002e 2223     		movs	r3, #34
 378 0030 80F83630 		strb	r3, [r0, #54]
 379 0034 FFF7FEFF 		bl	HAL_GetTick
 380 0038 0746     		mov	r7, r0
 381 003a A4F82880 		strh	r8, [r4, #40]	@ movhi
 382 003e A4F82A80 		strh	r8, [r4, #42]	@ movhi
 383              	.L40:
 384 0042 608D     		ldrh	r0, [r4, #42]
 385 0044 80B2     		uxth	r0, r0
 386 0046 28B9     		cbnz	r0, .L47
 387 0048 2023     		movs	r3, #32
 388 004a 84F83400 		strb	r0, [r4, #52]
 389 004e 84F83630 		strb	r3, [r4, #54]
 390 0052 10E0     		b	.L39
 391              	.L47:
 392 0054 618D     		ldrh	r1, [r4, #42]
 393 0056 A368     		ldr	r3, [r4, #8]
 394 0058 0139     		subs	r1, r1, #1
 395 005a 89B2     		uxth	r1, r1
 396 005c B3F5805F 		cmp	r3, #4096
 397 0060 6185     		strh	r1, [r4, #42]	@ movhi
 398 0062 3346     		mov	r3, r6
 399 0064 3A46     		mov	r2, r7
 400 0066 4FF02001 		mov	r1, #32
 401 006a 2046     		mov	r0, r4
 402 006c 15D1     		bne	.L41
 403 006e FFF7FEFF 		bl	IRDA_WaitOnFlagUntilTimeout.constprop.0
 404 0072 10B1     		cbz	r0, .L42
 405              	.L45:
 406 0074 0320     		movs	r0, #3
 407              	.L39:
 408 0076 BDE8F081 		pop	{r4, r5, r6, r7, r8, pc}
 409              	.L42:
 410 007a 2368     		ldr	r3, [r4]
 411 007c E268     		ldr	r2, [r4, #12]
 412 007e 5B68     		ldr	r3, [r3, #4]
 413 0080 32B9     		cbnz	r2, .L43
 414 0082 2946     		mov	r1, r5
ARM GAS  /tmp/ccqLTgpr.s 			page 8


 415 0084 C3F30803 		ubfx	r3, r3, #0, #9
 416 0088 21F8023B 		strh	r3, [r1], #2	@ movhi
 417              	.L44:
 418 008c 0D46     		mov	r5, r1
 419 008e D8E7     		b	.L40
 420              	.L43:
 421 0090 2946     		mov	r1, r5
 422 0092 DBB2     		uxtb	r3, r3
 423 0094 21F8013B 		strh	r3, [r1], #1	@ movhi
 424 0098 F8E7     		b	.L44
 425              	.L41:
 426 009a FFF7FEFF 		bl	IRDA_WaitOnFlagUntilTimeout.constprop.0
 427 009e 0028     		cmp	r0, #0
 428 00a0 E8D1     		bne	.L45
 429 00a2 2368     		ldr	r3, [r4]
 430 00a4 E268     		ldr	r2, [r4, #12]
 431 00a6 5B68     		ldr	r3, [r3, #4]
 432 00a8 691C     		adds	r1, r5, #1
 433 00aa 0AB9     		cbnz	r2, .L46
 434              	.L52:
 435 00ac 2B70     		strb	r3, [r5]
 436 00ae EDE7     		b	.L44
 437              	.L46:
 438 00b0 03F07F03 		and	r3, r3, #127
 439 00b4 FAE7     		b	.L52
 440              	.L50:
 441 00b6 0120     		movs	r0, #1
 442 00b8 DDE7     		b	.L39
 443              	.L51:
 444 00ba 0220     		movs	r0, #2
 445 00bc DBE7     		b	.L39
 447              		.section	.text.HAL_IRDA_Transmit_IT,"ax",%progbits
 448              		.align	1
 449              		.global	HAL_IRDA_Transmit_IT
 450              		.syntax unified
 451              		.thumb
 452              		.thumb_func
 453              		.fpu softvfp
 455              	HAL_IRDA_Transmit_IT:
 456              		@ args = 0, pretend = 0, frame = 0
 457              		@ frame_needed = 0, uses_anonymous_args = 0
 458              		@ link register save eliminated.
 459 0000 90F83530 		ldrb	r3, [r0, #53]	@ zero_extendqisi2
 460 0004 202B     		cmp	r3, #32
 461 0006 18D1     		bne	.L58
 462 0008 A9B1     		cbz	r1, .L57
 463 000a A2B1     		cbz	r2, .L57
 464 000c 90F83430 		ldrb	r3, [r0, #52]	@ zero_extendqisi2
 465 0010 012B     		cmp	r3, #1
 466 0012 12D0     		beq	.L58
 467 0014 4284     		strh	r2, [r0, #34]	@ movhi
 468 0016 0023     		movs	r3, #0
 469 0018 0284     		strh	r2, [r0, #32]	@ movhi
 470 001a 2122     		movs	r2, #33
 471 001c C161     		str	r1, [r0, #28]
 472 001e 0168     		ldr	r1, [r0]
 473 0020 8363     		str	r3, [r0, #56]
ARM GAS  /tmp/ccqLTgpr.s 			page 9


 474 0022 80F83430 		strb	r3, [r0, #52]
 475 0026 80F83520 		strb	r2, [r0, #53]
 476 002a CA68     		ldr	r2, [r1, #12]
 477 002c 1846     		mov	r0, r3
 478 002e 42F08002 		orr	r2, r2, #128
 479 0032 CA60     		str	r2, [r1, #12]
 480 0034 7047     		bx	lr
 481              	.L57:
 482 0036 0120     		movs	r0, #1
 483 0038 7047     		bx	lr
 484              	.L58:
 485 003a 0220     		movs	r0, #2
 486 003c 7047     		bx	lr
 488              		.section	.text.HAL_IRDA_Receive_IT,"ax",%progbits
 489              		.align	1
 490              		.global	HAL_IRDA_Receive_IT
 491              		.syntax unified
 492              		.thumb
 493              		.thumb_func
 494              		.fpu softvfp
 496              	HAL_IRDA_Receive_IT:
 497              		@ args = 0, pretend = 0, frame = 0
 498              		@ frame_needed = 0, uses_anonymous_args = 0
 499              		@ link register save eliminated.
 500 0000 90F83630 		ldrb	r3, [r0, #54]	@ zero_extendqisi2
 501 0004 202B     		cmp	r3, #32
 502 0006 1CD1     		bne	.L64
 503 0008 C9B1     		cbz	r1, .L63
 504 000a C2B1     		cbz	r2, .L63
 505 000c 90F83430 		ldrb	r3, [r0, #52]	@ zero_extendqisi2
 506 0010 012B     		cmp	r3, #1
 507 0012 16D0     		beq	.L64
 508 0014 4285     		strh	r2, [r0, #42]	@ movhi
 509 0016 0285     		strh	r2, [r0, #40]	@ movhi
 510 0018 0023     		movs	r3, #0
 511 001a 2222     		movs	r2, #34
 512 001c 8363     		str	r3, [r0, #56]
 513 001e 80F83620 		strb	r2, [r0, #54]
 514 0022 0268     		ldr	r2, [r0]
 515 0024 80F83430 		strb	r3, [r0, #52]
 516 0028 4162     		str	r1, [r0, #36]
 517 002a D168     		ldr	r1, [r2, #12]
 518 002c 1846     		mov	r0, r3
 519 002e 41F49071 		orr	r1, r1, #288
 520 0032 D160     		str	r1, [r2, #12]
 521 0034 5169     		ldr	r1, [r2, #20]
 522 0036 41F00101 		orr	r1, r1, #1
 523 003a 5161     		str	r1, [r2, #20]
 524 003c 7047     		bx	lr
 525              	.L63:
 526 003e 0120     		movs	r0, #1
 527 0040 7047     		bx	lr
 528              	.L64:
 529 0042 0220     		movs	r0, #2
 530 0044 7047     		bx	lr
 532              		.section	.text.HAL_IRDA_Transmit_DMA,"ax",%progbits
 533              		.align	1
ARM GAS  /tmp/ccqLTgpr.s 			page 10


 534              		.global	HAL_IRDA_Transmit_DMA
 535              		.syntax unified
 536              		.thumb
 537              		.thumb_func
 538              		.fpu softvfp
 540              	HAL_IRDA_Transmit_DMA:
 541              		@ args = 0, pretend = 0, frame = 0
 542              		@ frame_needed = 0, uses_anonymous_args = 0
 543 0000 38B5     		push	{r3, r4, r5, lr}
 544 0002 0446     		mov	r4, r0
 545 0004 1346     		mov	r3, r2
 546 0006 94F83520 		ldrb	r2, [r4, #53]	@ zero_extendqisi2
 547 000a 202A     		cmp	r2, #32
 548 000c 2AD1     		bne	.L70
 549 000e 39B3     		cbz	r1, .L69
 550 0010 33B3     		cbz	r3, .L69
 551 0012 94F83420 		ldrb	r2, [r4, #52]	@ zero_extendqisi2
 552 0016 012A     		cmp	r2, #1
 553 0018 24D0     		beq	.L70
 554 001a 0122     		movs	r2, #1
 555 001c 0025     		movs	r5, #0
 556 001e 84F83420 		strb	r2, [r4, #52]
 557 0022 2122     		movs	r2, #33
 558 0024 6384     		strh	r3, [r4, #34]	@ movhi
 559 0026 E06A     		ldr	r0, [r4, #44]
 560 0028 A563     		str	r5, [r4, #56]
 561 002a 84F83520 		strb	r2, [r4, #53]
 562 002e 0E4A     		ldr	r2, .L71
 563 0030 2384     		strh	r3, [r4, #32]	@ movhi
 564 0032 E161     		str	r1, [r4, #28]
 565 0034 8262     		str	r2, [r0, #40]
 566 0036 0D4A     		ldr	r2, .L71+4
 567 0038 C262     		str	r2, [r0, #44]
 568 003a 0D4A     		ldr	r2, .L71+8
 569 003c C0E90C25 		strd	r2, r5, [r0, #48]
 570 0040 2268     		ldr	r2, [r4]
 571 0042 0432     		adds	r2, r2, #4
 572 0044 FFF7FEFF 		bl	HAL_DMA_Start_IT
 573 0048 6FF04002 		mvn	r2, #64
 574 004c 2846     		mov	r0, r5
 575 004e 2368     		ldr	r3, [r4]
 576 0050 1A60     		str	r2, [r3]
 577 0052 84F83450 		strb	r5, [r4, #52]
 578 0056 5A69     		ldr	r2, [r3, #20]
 579 0058 42F08002 		orr	r2, r2, #128
 580 005c 5A61     		str	r2, [r3, #20]
 581              	.L66:
 582 005e 38BD     		pop	{r3, r4, r5, pc}
 583              	.L69:
 584 0060 0120     		movs	r0, #1
 585 0062 FCE7     		b	.L66
 586              	.L70:
 587 0064 0220     		movs	r0, #2
 588 0066 FAE7     		b	.L66
 589              	.L72:
 590              		.align	2
 591              	.L71:
ARM GAS  /tmp/ccqLTgpr.s 			page 11


 592 0068 00000000 		.word	IRDA_DMATransmitCplt
 593 006c 00000000 		.word	IRDA_DMATransmitHalfCplt
 594 0070 00000000 		.word	IRDA_DMAError
 596              		.section	.text.HAL_IRDA_Receive_DMA,"ax",%progbits
 597              		.align	1
 598              		.global	HAL_IRDA_Receive_DMA
 599              		.syntax unified
 600              		.thumb
 601              		.thumb_func
 602              		.fpu softvfp
 604              	HAL_IRDA_Receive_DMA:
 605              		@ args = 0, pretend = 0, frame = 8
 606              		@ frame_needed = 0, uses_anonymous_args = 0
 607 0000 73B5     		push	{r0, r1, r4, r5, r6, lr}
 608 0002 1346     		mov	r3, r2
 609 0004 90F83620 		ldrb	r2, [r0, #54]	@ zero_extendqisi2
 610 0008 0446     		mov	r4, r0
 611 000a 202A     		cmp	r2, #32
 612 000c 38D1     		bne	.L78
 613 000e 0029     		cmp	r1, #0
 614 0010 34D0     		beq	.L77
 615 0012 002B     		cmp	r3, #0
 616 0014 32D0     		beq	.L77
 617 0016 90F83420 		ldrb	r2, [r0, #52]	@ zero_extendqisi2
 618 001a 012A     		cmp	r2, #1
 619 001c 30D0     		beq	.L78
 620 001e 0122     		movs	r2, #1
 621 0020 0025     		movs	r5, #0
 622 0022 80F83420 		strb	r2, [r0, #52]
 623 0026 2222     		movs	r2, #34
 624 0028 0385     		strh	r3, [r0, #40]	@ movhi
 625 002a 4162     		str	r1, [r0, #36]
 626 002c 8563     		str	r5, [r0, #56]
 627 002e 80F83620 		strb	r2, [r0, #54]
 628 0032 006B     		ldr	r0, [r0, #48]
 629 0034 134A     		ldr	r2, .L79
 630 0036 2668     		ldr	r6, [r4]
 631 0038 8262     		str	r2, [r0, #40]
 632 003a 134A     		ldr	r2, .L79+4
 633 003c C262     		str	r2, [r0, #44]
 634 003e 134A     		ldr	r2, .L79+8
 635 0040 C0E90C25 		strd	r2, r5, [r0, #48]
 636 0044 0A46     		mov	r2, r1
 637 0046 311D     		adds	r1, r6, #4
 638 0048 FFF7FEFF 		bl	HAL_DMA_Start_IT
 639 004c 2846     		mov	r0, r5
 640 004e 2368     		ldr	r3, [r4]
 641 0050 0195     		str	r5, [sp, #4]
 642 0052 1A68     		ldr	r2, [r3]
 643 0054 0192     		str	r2, [sp, #4]
 644 0056 5A68     		ldr	r2, [r3, #4]
 645 0058 84F83450 		strb	r5, [r4, #52]
 646 005c 0192     		str	r2, [sp, #4]
 647 005e 019A     		ldr	r2, [sp, #4]
 648 0060 DA68     		ldr	r2, [r3, #12]
 649 0062 42F48072 		orr	r2, r2, #256
 650 0066 DA60     		str	r2, [r3, #12]
ARM GAS  /tmp/ccqLTgpr.s 			page 12


 651 0068 5A69     		ldr	r2, [r3, #20]
 652 006a 42F00102 		orr	r2, r2, #1
 653 006e 5A61     		str	r2, [r3, #20]
 654 0070 5A69     		ldr	r2, [r3, #20]
 655 0072 42F04002 		orr	r2, r2, #64
 656 0076 5A61     		str	r2, [r3, #20]
 657              	.L74:
 658 0078 02B0     		add	sp, sp, #8
 659              		@ sp needed
 660 007a 70BD     		pop	{r4, r5, r6, pc}
 661              	.L77:
 662 007c 0120     		movs	r0, #1
 663 007e FBE7     		b	.L74
 664              	.L78:
 665 0080 0220     		movs	r0, #2
 666 0082 F9E7     		b	.L74
 667              	.L80:
 668              		.align	2
 669              	.L79:
 670 0084 00000000 		.word	IRDA_DMAReceiveCplt
 671 0088 00000000 		.word	IRDA_DMAReceiveHalfCplt
 672 008c 00000000 		.word	IRDA_DMAError
 674              		.section	.text.HAL_IRDA_DMAPause,"ax",%progbits
 675              		.align	1
 676              		.global	HAL_IRDA_DMAPause
 677              		.syntax unified
 678              		.thumb
 679              		.thumb_func
 680              		.fpu softvfp
 682              	HAL_IRDA_DMAPause:
 683              		@ args = 0, pretend = 0, frame = 0
 684              		@ frame_needed = 0, uses_anonymous_args = 0
 685              		@ link register save eliminated.
 686 0000 90F83430 		ldrb	r3, [r0, #52]	@ zero_extendqisi2
 687 0004 012B     		cmp	r3, #1
 688 0006 26D0     		beq	.L85
 689 0008 0123     		movs	r3, #1
 690 000a 80F83430 		strb	r3, [r0, #52]
 691 000e 0368     		ldr	r3, [r0]
 692 0010 5A69     		ldr	r2, [r3, #20]
 693 0012 90F83510 		ldrb	r1, [r0, #53]	@ zero_extendqisi2
 694 0016 2129     		cmp	r1, #33
 695 0018 05D1     		bne	.L83
 696 001a 1106     		lsls	r1, r2, #24
 697 001c 42BF     		ittt	mi
 698 001e 5A69     		ldrmi	r2, [r3, #20]
 699 0020 22F08002 		bicmi	r2, r2, #128
 700 0024 5A61     		strmi	r2, [r3, #20]
 701              	.L83:
 702 0026 5A69     		ldr	r2, [r3, #20]
 703 0028 90F83610 		ldrb	r1, [r0, #54]	@ zero_extendqisi2
 704 002c 2229     		cmp	r1, #34
 705 002e 0DD1     		bne	.L84
 706 0030 5206     		lsls	r2, r2, #25
 707 0032 0BD5     		bpl	.L84
 708 0034 DA68     		ldr	r2, [r3, #12]
 709 0036 22F48072 		bic	r2, r2, #256
ARM GAS  /tmp/ccqLTgpr.s 			page 13


 710 003a DA60     		str	r2, [r3, #12]
 711 003c 5A69     		ldr	r2, [r3, #20]
 712 003e 22F00102 		bic	r2, r2, #1
 713 0042 5A61     		str	r2, [r3, #20]
 714 0044 5A69     		ldr	r2, [r3, #20]
 715 0046 22F04002 		bic	r2, r2, #64
 716 004a 5A61     		str	r2, [r3, #20]
 717              	.L84:
 718 004c 0023     		movs	r3, #0
 719 004e 80F83430 		strb	r3, [r0, #52]
 720 0052 1846     		mov	r0, r3
 721 0054 7047     		bx	lr
 722              	.L85:
 723 0056 0220     		movs	r0, #2
 724 0058 7047     		bx	lr
 726              		.section	.text.HAL_IRDA_DMAResume,"ax",%progbits
 727              		.align	1
 728              		.global	HAL_IRDA_DMAResume
 729              		.syntax unified
 730              		.thumb
 731              		.thumb_func
 732              		.fpu softvfp
 734              	HAL_IRDA_DMAResume:
 735              		@ args = 0, pretend = 0, frame = 8
 736              		@ frame_needed = 0, uses_anonymous_args = 0
 737              		@ link register save eliminated.
 738 0000 90F83430 		ldrb	r3, [r0, #52]	@ zero_extendqisi2
 739 0004 82B0     		sub	sp, sp, #8
 740 0006 012B     		cmp	r3, #1
 741 0008 29D0     		beq	.L96
 742 000a 0123     		movs	r3, #1
 743 000c 80F83430 		strb	r3, [r0, #52]
 744 0010 90F83530 		ldrb	r3, [r0, #53]	@ zero_extendqisi2
 745 0014 212B     		cmp	r3, #33
 746 0016 01BF     		itttt	eq
 747 0018 0268     		ldreq	r2, [r0]
 748 001a 5369     		ldreq	r3, [r2, #20]
 749 001c 43F08003 		orreq	r3, r3, #128
 750 0020 5361     		streq	r3, [r2, #20]
 751 0022 90F83630 		ldrb	r3, [r0, #54]	@ zero_extendqisi2
 752 0026 222B     		cmp	r3, #34
 753 0028 13D1     		bne	.L95
 754 002a 0023     		movs	r3, #0
 755 002c 0193     		str	r3, [sp, #4]
 756 002e 0368     		ldr	r3, [r0]
 757 0030 1A68     		ldr	r2, [r3]
 758 0032 0192     		str	r2, [sp, #4]
 759 0034 5A68     		ldr	r2, [r3, #4]
 760 0036 0192     		str	r2, [sp, #4]
 761 0038 019A     		ldr	r2, [sp, #4]
 762 003a DA68     		ldr	r2, [r3, #12]
 763 003c 42F48072 		orr	r2, r2, #256
 764 0040 DA60     		str	r2, [r3, #12]
 765 0042 5A69     		ldr	r2, [r3, #20]
 766 0044 42F00102 		orr	r2, r2, #1
 767 0048 5A61     		str	r2, [r3, #20]
 768 004a 5A69     		ldr	r2, [r3, #20]
ARM GAS  /tmp/ccqLTgpr.s 			page 14


 769 004c 42F04002 		orr	r2, r2, #64
 770 0050 5A61     		str	r2, [r3, #20]
 771              	.L95:
 772 0052 0023     		movs	r3, #0
 773 0054 80F83430 		strb	r3, [r0, #52]
 774 0058 1846     		mov	r0, r3
 775              	.L93:
 776 005a 02B0     		add	sp, sp, #8
 777              		@ sp needed
 778 005c 7047     		bx	lr
 779              	.L96:
 780 005e 0220     		movs	r0, #2
 781 0060 FBE7     		b	.L93
 783              		.section	.text.HAL_IRDA_DMAStop,"ax",%progbits
 784              		.align	1
 785              		.global	HAL_IRDA_DMAStop
 786              		.syntax unified
 787              		.thumb
 788              		.thumb_func
 789              		.fpu softvfp
 791              	HAL_IRDA_DMAStop:
 792              		@ args = 0, pretend = 0, frame = 0
 793              		@ frame_needed = 0, uses_anonymous_args = 0
 794 0000 10B5     		push	{r4, lr}
 795 0002 0368     		ldr	r3, [r0]
 796 0004 0446     		mov	r4, r0
 797 0006 5A69     		ldr	r2, [r3, #20]
 798 0008 90F83510 		ldrb	r1, [r0, #53]	@ zero_extendqisi2
 799 000c 2129     		cmp	r1, #33
 800 000e 11D1     		bne	.L98
 801 0010 1106     		lsls	r1, r2, #24
 802 0012 0FD5     		bpl	.L98
 803 0014 5A69     		ldr	r2, [r3, #20]
 804 0016 C06A     		ldr	r0, [r0, #44]
 805 0018 22F08002 		bic	r2, r2, #128
 806 001c 5A61     		str	r2, [r3, #20]
 807 001e 08B1     		cbz	r0, .L99
 808 0020 FFF7FEFF 		bl	HAL_DMA_Abort
 809              	.L99:
 810 0024 2268     		ldr	r2, [r4]
 811 0026 D368     		ldr	r3, [r2, #12]
 812 0028 23F0C003 		bic	r3, r3, #192
 813 002c D360     		str	r3, [r2, #12]
 814 002e 2023     		movs	r3, #32
 815 0030 84F83530 		strb	r3, [r4, #53]
 816              	.L98:
 817 0034 2368     		ldr	r3, [r4]
 818 0036 5A69     		ldr	r2, [r3, #20]
 819 0038 94F83610 		ldrb	r1, [r4, #54]	@ zero_extendqisi2
 820 003c 2229     		cmp	r1, #34
 821 003e 0CD1     		bne	.L100
 822 0040 5206     		lsls	r2, r2, #25
 823 0042 0AD5     		bpl	.L100
 824 0044 5A69     		ldr	r2, [r3, #20]
 825 0046 206B     		ldr	r0, [r4, #48]
 826 0048 22F04002 		bic	r2, r2, #64
 827 004c 5A61     		str	r2, [r3, #20]
ARM GAS  /tmp/ccqLTgpr.s 			page 15


 828 004e 08B1     		cbz	r0, .L101
 829 0050 FFF7FEFF 		bl	HAL_DMA_Abort
 830              	.L101:
 831 0054 2046     		mov	r0, r4
 832 0056 FFF7FEFF 		bl	IRDA_EndRxTransfer
 833              	.L100:
 834 005a 0020     		movs	r0, #0
 835 005c 10BD     		pop	{r4, pc}
 837              		.section	.text.HAL_IRDA_Abort,"ax",%progbits
 838              		.align	1
 839              		.global	HAL_IRDA_Abort
 840              		.syntax unified
 841              		.thumb
 842              		.thumb_func
 843              		.fpu softvfp
 845              	HAL_IRDA_Abort:
 846              		@ args = 0, pretend = 0, frame = 0
 847              		@ frame_needed = 0, uses_anonymous_args = 0
 848 0000 0368     		ldr	r3, [r0]
 849 0002 10B5     		push	{r4, lr}
 850 0004 DA68     		ldr	r2, [r3, #12]
 851 0006 0446     		mov	r4, r0
 852 0008 22F4F072 		bic	r2, r2, #480
 853 000c DA60     		str	r2, [r3, #12]
 854 000e 5A69     		ldr	r2, [r3, #20]
 855 0010 22F00102 		bic	r2, r2, #1
 856 0014 5A61     		str	r2, [r3, #20]
 857 0016 5A69     		ldr	r2, [r3, #20]
 858 0018 1106     		lsls	r1, r2, #24
 859 001a 09D5     		bpl	.L116
 860 001c 5A69     		ldr	r2, [r3, #20]
 861 001e C06A     		ldr	r0, [r0, #44]
 862 0020 22F08002 		bic	r2, r2, #128
 863 0024 5A61     		str	r2, [r3, #20]
 864 0026 18B1     		cbz	r0, .L116
 865 0028 0023     		movs	r3, #0
 866 002a 4363     		str	r3, [r0, #52]
 867 002c FFF7FEFF 		bl	HAL_DMA_Abort
 868              	.L116:
 869 0030 2368     		ldr	r3, [r4]
 870 0032 5A69     		ldr	r2, [r3, #20]
 871 0034 5206     		lsls	r2, r2, #25
 872 0036 09D5     		bpl	.L119
 873 0038 5A69     		ldr	r2, [r3, #20]
 874 003a 206B     		ldr	r0, [r4, #48]
 875 003c 22F04002 		bic	r2, r2, #64
 876 0040 5A61     		str	r2, [r3, #20]
 877 0042 18B1     		cbz	r0, .L119
 878 0044 0023     		movs	r3, #0
 879 0046 4363     		str	r3, [r0, #52]
 880 0048 FFF7FEFF 		bl	HAL_DMA_Abort
 881              	.L119:
 882 004c 0020     		movs	r0, #0
 883 004e 2023     		movs	r3, #32
 884 0050 6084     		strh	r0, [r4, #34]	@ movhi
 885 0052 6085     		strh	r0, [r4, #42]	@ movhi
 886 0054 A063     		str	r0, [r4, #56]
ARM GAS  /tmp/ccqLTgpr.s 			page 16


 887 0056 84F83630 		strb	r3, [r4, #54]
 888 005a 84F83530 		strb	r3, [r4, #53]
 889 005e 10BD     		pop	{r4, pc}
 891              		.section	.text.HAL_IRDA_AbortTransmit,"ax",%progbits
 892              		.align	1
 893              		.global	HAL_IRDA_AbortTransmit
 894              		.syntax unified
 895              		.thumb
 896              		.thumb_func
 897              		.fpu softvfp
 899              	HAL_IRDA_AbortTransmit:
 900              		@ args = 0, pretend = 0, frame = 0
 901              		@ frame_needed = 0, uses_anonymous_args = 0
 902 0000 0368     		ldr	r3, [r0]
 903 0002 10B5     		push	{r4, lr}
 904 0004 DA68     		ldr	r2, [r3, #12]
 905 0006 0446     		mov	r4, r0
 906 0008 22F0C002 		bic	r2, r2, #192
 907 000c DA60     		str	r2, [r3, #12]
 908 000e 5A69     		ldr	r2, [r3, #20]
 909 0010 1206     		lsls	r2, r2, #24
 910 0012 09D5     		bpl	.L129
 911 0014 5A69     		ldr	r2, [r3, #20]
 912 0016 C06A     		ldr	r0, [r0, #44]
 913 0018 22F08002 		bic	r2, r2, #128
 914 001c 5A61     		str	r2, [r3, #20]
 915 001e 18B1     		cbz	r0, .L129
 916 0020 0023     		movs	r3, #0
 917 0022 4363     		str	r3, [r0, #52]
 918 0024 FFF7FEFF 		bl	HAL_DMA_Abort
 919              	.L129:
 920 0028 0020     		movs	r0, #0
 921 002a 2023     		movs	r3, #32
 922 002c 6084     		strh	r0, [r4, #34]	@ movhi
 923 002e 84F83530 		strb	r3, [r4, #53]
 924 0032 10BD     		pop	{r4, pc}
 926              		.section	.text.HAL_IRDA_AbortReceive,"ax",%progbits
 927              		.align	1
 928              		.global	HAL_IRDA_AbortReceive
 929              		.syntax unified
 930              		.thumb
 931              		.thumb_func
 932              		.fpu softvfp
 934              	HAL_IRDA_AbortReceive:
 935              		@ args = 0, pretend = 0, frame = 0
 936              		@ frame_needed = 0, uses_anonymous_args = 0
 937 0000 0368     		ldr	r3, [r0]
 938 0002 10B5     		push	{r4, lr}
 939 0004 DA68     		ldr	r2, [r3, #12]
 940 0006 0446     		mov	r4, r0
 941 0008 22F49072 		bic	r2, r2, #288
 942 000c DA60     		str	r2, [r3, #12]
 943 000e 5A69     		ldr	r2, [r3, #20]
 944 0010 22F00102 		bic	r2, r2, #1
 945 0014 5A61     		str	r2, [r3, #20]
 946 0016 5A69     		ldr	r2, [r3, #20]
 947 0018 5206     		lsls	r2, r2, #25
ARM GAS  /tmp/ccqLTgpr.s 			page 17


 948 001a 09D5     		bpl	.L136
 949 001c 5A69     		ldr	r2, [r3, #20]
 950 001e 006B     		ldr	r0, [r0, #48]
 951 0020 22F04002 		bic	r2, r2, #64
 952 0024 5A61     		str	r2, [r3, #20]
 953 0026 18B1     		cbz	r0, .L136
 954 0028 0023     		movs	r3, #0
 955 002a 4363     		str	r3, [r0, #52]
 956 002c FFF7FEFF 		bl	HAL_DMA_Abort
 957              	.L136:
 958 0030 0020     		movs	r0, #0
 959 0032 2023     		movs	r3, #32
 960 0034 6085     		strh	r0, [r4, #42]	@ movhi
 961 0036 84F83630 		strb	r3, [r4, #54]
 962 003a 10BD     		pop	{r4, pc}
 964              		.section	.text.HAL_IRDA_TxCpltCallback,"ax",%progbits
 965              		.align	1
 966              		.weak	HAL_IRDA_TxCpltCallback
 967              		.syntax unified
 968              		.thumb
 969              		.thumb_func
 970              		.fpu softvfp
 972              	HAL_IRDA_TxCpltCallback:
 973              		@ args = 0, pretend = 0, frame = 0
 974              		@ frame_needed = 0, uses_anonymous_args = 0
 975              		@ link register save eliminated.
 976 0000 7047     		bx	lr
 978              		.section	.text.IRDA_DMATransmitCplt,"ax",%progbits
 979              		.align	1
 980              		.syntax unified
 981              		.thumb
 982              		.thumb_func
 983              		.fpu softvfp
 985              	IRDA_DMATransmitCplt:
 986              		@ args = 0, pretend = 0, frame = 0
 987              		@ frame_needed = 0, uses_anonymous_args = 0
 988 0000 08B5     		push	{r3, lr}
 989 0002 0346     		mov	r3, r0
 990 0004 1B68     		ldr	r3, [r3]
 991 0006 406A     		ldr	r0, [r0, #36]
 992 0008 1B68     		ldr	r3, [r3]
 993 000a 13F02003 		ands	r3, r3, #32
 994 000e 0AD1     		bne	.L143
 995 0010 4384     		strh	r3, [r0, #34]	@ movhi
 996 0012 0368     		ldr	r3, [r0]
 997 0014 5A69     		ldr	r2, [r3, #20]
 998 0016 22F08002 		bic	r2, r2, #128
 999 001a 5A61     		str	r2, [r3, #20]
 1000 001c DA68     		ldr	r2, [r3, #12]
 1001 001e 42F04002 		orr	r2, r2, #64
 1002 0022 DA60     		str	r2, [r3, #12]
 1003              	.L142:
 1004 0024 08BD     		pop	{r3, pc}
 1005              	.L143:
 1006 0026 FFF7FEFF 		bl	HAL_IRDA_TxCpltCallback
 1007 002a FBE7     		b	.L142
 1009              		.section	.text.HAL_IRDA_TxHalfCpltCallback,"ax",%progbits
ARM GAS  /tmp/ccqLTgpr.s 			page 18


 1010              		.align	1
 1011              		.weak	HAL_IRDA_TxHalfCpltCallback
 1012              		.syntax unified
 1013              		.thumb
 1014              		.thumb_func
 1015              		.fpu softvfp
 1017              	HAL_IRDA_TxHalfCpltCallback:
 1018              		@ args = 0, pretend = 0, frame = 0
 1019              		@ frame_needed = 0, uses_anonymous_args = 0
 1020              		@ link register save eliminated.
 1021 0000 7047     		bx	lr
 1023              		.section	.text.IRDA_DMATransmitHalfCplt,"ax",%progbits
 1024              		.align	1
 1025              		.syntax unified
 1026              		.thumb
 1027              		.thumb_func
 1028              		.fpu softvfp
 1030              	IRDA_DMATransmitHalfCplt:
 1031              		@ args = 0, pretend = 0, frame = 0
 1032              		@ frame_needed = 0, uses_anonymous_args = 0
 1033 0000 08B5     		push	{r3, lr}
 1034 0002 406A     		ldr	r0, [r0, #36]
 1035 0004 FFF7FEFF 		bl	HAL_IRDA_TxHalfCpltCallback
 1036 0008 08BD     		pop	{r3, pc}
 1038              		.section	.text.HAL_IRDA_RxCpltCallback,"ax",%progbits
 1039              		.align	1
 1040              		.weak	HAL_IRDA_RxCpltCallback
 1041              		.syntax unified
 1042              		.thumb
 1043              		.thumb_func
 1044              		.fpu softvfp
 1046              	HAL_IRDA_RxCpltCallback:
 1047              		@ args = 0, pretend = 0, frame = 0
 1048              		@ frame_needed = 0, uses_anonymous_args = 0
 1049              		@ link register save eliminated.
 1050 0000 7047     		bx	lr
 1052              		.section	.text.IRDA_DMAReceiveCplt,"ax",%progbits
 1053              		.align	1
 1054              		.syntax unified
 1055              		.thumb
 1056              		.thumb_func
 1057              		.fpu softvfp
 1059              	IRDA_DMAReceiveCplt:
 1060              		@ args = 0, pretend = 0, frame = 0
 1061              		@ frame_needed = 0, uses_anonymous_args = 0
 1062 0000 08B5     		push	{r3, lr}
 1063 0002 0346     		mov	r3, r0
 1064 0004 1B68     		ldr	r3, [r3]
 1065 0006 406A     		ldr	r0, [r0, #36]
 1066 0008 1B68     		ldr	r3, [r3]
 1067 000a 13F02003 		ands	r3, r3, #32
 1068 000e 10D1     		bne	.L149
 1069 0010 4385     		strh	r3, [r0, #42]	@ movhi
 1070 0012 0368     		ldr	r3, [r0]
 1071 0014 DA68     		ldr	r2, [r3, #12]
 1072 0016 22F48072 		bic	r2, r2, #256
 1073 001a DA60     		str	r2, [r3, #12]
ARM GAS  /tmp/ccqLTgpr.s 			page 19


 1074 001c 5A69     		ldr	r2, [r3, #20]
 1075 001e 22F00102 		bic	r2, r2, #1
 1076 0022 5A61     		str	r2, [r3, #20]
 1077 0024 5A69     		ldr	r2, [r3, #20]
 1078 0026 22F04002 		bic	r2, r2, #64
 1079 002a 5A61     		str	r2, [r3, #20]
 1080 002c 2023     		movs	r3, #32
 1081 002e 80F83630 		strb	r3, [r0, #54]
 1082              	.L149:
 1083 0032 FFF7FEFF 		bl	HAL_IRDA_RxCpltCallback
 1084 0036 08BD     		pop	{r3, pc}
 1086              		.section	.text.IRDA_Receive_IT,"ax",%progbits
 1087              		.align	1
 1088              		.syntax unified
 1089              		.thumb
 1090              		.thumb_func
 1091              		.fpu softvfp
 1093              	IRDA_Receive_IT:
 1094              		@ args = 0, pretend = 0, frame = 0
 1095              		@ frame_needed = 0, uses_anonymous_args = 0
 1096 0000 10B5     		push	{r4, lr}
 1097 0002 90F83630 		ldrb	r3, [r0, #54]	@ zero_extendqisi2
 1098 0006 222B     		cmp	r3, #34
 1099 0008 34D1     		bne	.L156
 1100 000a 8168     		ldr	r1, [r0, #8]
 1101 000c 0368     		ldr	r3, [r0]
 1102 000e B1F5805F 		cmp	r1, #4096
 1103 0012 5B68     		ldr	r3, [r3, #4]
 1104 0014 C468     		ldr	r4, [r0, #12]
 1105 0016 426A     		ldr	r2, [r0, #36]
 1106 0018 23D1     		bne	.L152
 1107 001a 9BB2     		uxth	r3, r3
 1108 001c ECB9     		cbnz	r4, .L153
 1109 001e C3F30803 		ubfx	r3, r3, #0, #9
 1110 0022 22F8023B 		strh	r3, [r2], #2	@ movhi
 1111              	.L158:
 1112 0026 4262     		str	r2, [r0, #36]
 1113              	.L154:
 1114 0028 448D     		ldrh	r4, [r0, #42]
 1115 002a 013C     		subs	r4, r4, #1
 1116 002c A4B2     		uxth	r4, r4
 1117 002e 4485     		strh	r4, [r0, #42]	@ movhi
 1118 0030 8CB9     		cbnz	r4, .L157
 1119 0032 0368     		ldr	r3, [r0]
 1120 0034 DA68     		ldr	r2, [r3, #12]
 1121 0036 22F02002 		bic	r2, r2, #32
 1122 003a DA60     		str	r2, [r3, #12]
 1123 003c DA68     		ldr	r2, [r3, #12]
 1124 003e 22F48072 		bic	r2, r2, #256
 1125 0042 DA60     		str	r2, [r3, #12]
 1126 0044 5A69     		ldr	r2, [r3, #20]
 1127 0046 22F00102 		bic	r2, r2, #1
 1128 004a 5A61     		str	r2, [r3, #20]
 1129 004c 2023     		movs	r3, #32
 1130 004e 80F83630 		strb	r3, [r0, #54]
 1131 0052 FFF7FEFF 		bl	HAL_IRDA_RxCpltCallback
 1132              	.L157:
ARM GAS  /tmp/ccqLTgpr.s 			page 20


 1133 0056 0020     		movs	r0, #0
 1134 0058 0DE0     		b	.L151
 1135              	.L153:
 1136 005a DBB2     		uxtb	r3, r3
 1137 005c 22F8013B 		strh	r3, [r2], #1	@ movhi
 1138 0060 E1E7     		b	.L158
 1139              	.L152:
 1140 0062 511C     		adds	r1, r2, #1
 1141 0064 DBB2     		uxtb	r3, r3
 1142 0066 4162     		str	r1, [r0, #36]
 1143 0068 0CB9     		cbnz	r4, .L155
 1144              	.L159:
 1145 006a 1370     		strb	r3, [r2]
 1146 006c DCE7     		b	.L154
 1147              	.L155:
 1148 006e 03F07F03 		and	r3, r3, #127
 1149 0072 FAE7     		b	.L159
 1150              	.L156:
 1151 0074 0220     		movs	r0, #2
 1152              	.L151:
 1153 0076 10BD     		pop	{r4, pc}
 1155              		.section	.text.HAL_IRDA_RxHalfCpltCallback,"ax",%progbits
 1156              		.align	1
 1157              		.weak	HAL_IRDA_RxHalfCpltCallback
 1158              		.syntax unified
 1159              		.thumb
 1160              		.thumb_func
 1161              		.fpu softvfp
 1163              	HAL_IRDA_RxHalfCpltCallback:
 1164              		@ args = 0, pretend = 0, frame = 0
 1165              		@ frame_needed = 0, uses_anonymous_args = 0
 1166              		@ link register save eliminated.
 1167 0000 7047     		bx	lr
 1169              		.section	.text.IRDA_DMAReceiveHalfCplt,"ax",%progbits
 1170              		.align	1
 1171              		.syntax unified
 1172              		.thumb
 1173              		.thumb_func
 1174              		.fpu softvfp
 1176              	IRDA_DMAReceiveHalfCplt:
 1177              		@ args = 0, pretend = 0, frame = 0
 1178              		@ frame_needed = 0, uses_anonymous_args = 0
 1179 0000 08B5     		push	{r3, lr}
 1180 0002 406A     		ldr	r0, [r0, #36]
 1181 0004 FFF7FEFF 		bl	HAL_IRDA_RxHalfCpltCallback
 1182 0008 08BD     		pop	{r3, pc}
 1184              		.section	.text.HAL_IRDA_ErrorCallback,"ax",%progbits
 1185              		.align	1
 1186              		.weak	HAL_IRDA_ErrorCallback
 1187              		.syntax unified
 1188              		.thumb
 1189              		.thumb_func
 1190              		.fpu softvfp
 1192              	HAL_IRDA_ErrorCallback:
 1193              		@ args = 0, pretend = 0, frame = 0
 1194              		@ frame_needed = 0, uses_anonymous_args = 0
 1195              		@ link register save eliminated.
ARM GAS  /tmp/ccqLTgpr.s 			page 21


 1196 0000 7047     		bx	lr
 1198              		.section	.text.IRDA_DMAError,"ax",%progbits
 1199              		.align	1
 1200              		.syntax unified
 1201              		.thumb
 1202              		.thumb_func
 1203              		.fpu softvfp
 1205              	IRDA_DMAError:
 1206              		@ args = 0, pretend = 0, frame = 0
 1207              		@ frame_needed = 0, uses_anonymous_args = 0
 1208 0000 08B5     		push	{r3, lr}
 1209 0002 406A     		ldr	r0, [r0, #36]
 1210 0004 0368     		ldr	r3, [r0]
 1211 0006 5A69     		ldr	r2, [r3, #20]
 1212 0008 90F83510 		ldrb	r1, [r0, #53]	@ zero_extendqisi2
 1213 000c 2129     		cmp	r1, #33
 1214 000e 0AD1     		bne	.L164
 1215 0010 1206     		lsls	r2, r2, #24
 1216 0012 08D5     		bpl	.L164
 1217 0014 0022     		movs	r2, #0
 1218 0016 4284     		strh	r2, [r0, #34]	@ movhi
 1219 0018 DA68     		ldr	r2, [r3, #12]
 1220 001a 22F0C002 		bic	r2, r2, #192
 1221 001e DA60     		str	r2, [r3, #12]
 1222 0020 2022     		movs	r2, #32
 1223 0022 80F83520 		strb	r2, [r0, #53]
 1224              	.L164:
 1225 0026 5B69     		ldr	r3, [r3, #20]
 1226 0028 90F83620 		ldrb	r2, [r0, #54]	@ zero_extendqisi2
 1227 002c 222A     		cmp	r2, #34
 1228 002e 05D1     		bne	.L165
 1229 0030 5B06     		lsls	r3, r3, #25
 1230 0032 03D5     		bpl	.L165
 1231 0034 0023     		movs	r3, #0
 1232 0036 4385     		strh	r3, [r0, #42]	@ movhi
 1233 0038 FFF7FEFF 		bl	IRDA_EndRxTransfer
 1234              	.L165:
 1235 003c 836B     		ldr	r3, [r0, #56]
 1236 003e 43F01003 		orr	r3, r3, #16
 1237 0042 8363     		str	r3, [r0, #56]
 1238 0044 FFF7FEFF 		bl	HAL_IRDA_ErrorCallback
 1239 0048 08BD     		pop	{r3, pc}
 1241              		.section	.text.HAL_IRDA_IRQHandler,"ax",%progbits
 1242              		.align	1
 1243              		.global	HAL_IRDA_IRQHandler
 1244              		.syntax unified
 1245              		.thumb
 1246              		.thumb_func
 1247              		.fpu softvfp
 1249              	HAL_IRDA_IRQHandler:
 1250              		@ args = 0, pretend = 0, frame = 0
 1251              		@ frame_needed = 0, uses_anonymous_args = 0
 1252 0000 0368     		ldr	r3, [r0]
 1253 0002 70B5     		push	{r4, r5, r6, lr}
 1254 0004 1A68     		ldr	r2, [r3]
 1255 0006 0446     		mov	r4, r0
 1256 0008 1607     		lsls	r6, r2, #28
ARM GAS  /tmp/ccqLTgpr.s 			page 22


 1257 000a D968     		ldr	r1, [r3, #12]
 1258 000c 5D69     		ldr	r5, [r3, #20]
 1259 000e 07D1     		bne	.L173
 1260 0010 9606     		lsls	r6, r2, #26
 1261 0012 59D5     		bpl	.L174
 1262 0014 8D06     		lsls	r5, r1, #26
 1263 0016 57D5     		bpl	.L174
 1264 0018 BDE87040 		pop	{r4, r5, r6, lr}
 1265 001c FFF7FEBF 		b	IRDA_Receive_IT
 1266              	.L173:
 1267 0020 05F00100 		and	r0, r5, #1
 1268 0024 01F49075 		and	r5, r1, #288
 1269 0028 0543     		orrs	r5, r5, r0
 1270 002a 4DD0     		beq	.L174
 1271 002c D607     		lsls	r6, r2, #31
 1272 002e 05D5     		bpl	.L175
 1273 0030 CD05     		lsls	r5, r1, #23
 1274 0032 42BF     		ittt	mi
 1275 0034 A36B     		ldrmi	r3, [r4, #56]
 1276 0036 43F00103 		orrmi	r3, r3, #1
 1277 003a A363     		strmi	r3, [r4, #56]
 1278              	.L175:
 1279 003c 5307     		lsls	r3, r2, #29
 1280 003e 04D5     		bpl	.L176
 1281 0040 18B1     		cbz	r0, .L176
 1282 0042 A36B     		ldr	r3, [r4, #56]
 1283 0044 43F00203 		orr	r3, r3, #2
 1284 0048 A363     		str	r3, [r4, #56]
 1285              	.L176:
 1286 004a 9607     		lsls	r6, r2, #30
 1287 004c 04D5     		bpl	.L177
 1288 004e 18B1     		cbz	r0, .L177
 1289 0050 A36B     		ldr	r3, [r4, #56]
 1290 0052 43F00403 		orr	r3, r3, #4
 1291 0056 A363     		str	r3, [r4, #56]
 1292              	.L177:
 1293 0058 1507     		lsls	r5, r2, #28
 1294 005a 04D5     		bpl	.L178
 1295 005c 18B1     		cbz	r0, .L178
 1296 005e A36B     		ldr	r3, [r4, #56]
 1297 0060 43F00803 		orr	r3, r3, #8
 1298 0064 A363     		str	r3, [r4, #56]
 1299              	.L178:
 1300 0066 A36B     		ldr	r3, [r4, #56]
 1301 0068 4BB3     		cbz	r3, .L172
 1302 006a 9006     		lsls	r0, r2, #26
 1303 006c 04D5     		bpl	.L181
 1304 006e 8906     		lsls	r1, r1, #26
 1305 0070 02D5     		bpl	.L181
 1306 0072 2046     		mov	r0, r4
 1307 0074 FFF7FEFF 		bl	IRDA_Receive_IT
 1308              	.L181:
 1309 0078 2368     		ldr	r3, [r4]
 1310 007a 2046     		mov	r0, r4
 1311 007c 5B69     		ldr	r3, [r3, #20]
 1312 007e A56B     		ldr	r5, [r4, #56]
 1313 0080 03F04003 		and	r3, r3, #64
ARM GAS  /tmp/ccqLTgpr.s 			page 23


 1314 0084 05F00805 		and	r5, r5, #8
 1315 0088 1D43     		orrs	r5, r3, r5
 1316 008a 19D0     		beq	.L182
 1317 008c FFF7FEFF 		bl	IRDA_EndRxTransfer
 1318 0090 2368     		ldr	r3, [r4]
 1319 0092 5A69     		ldr	r2, [r3, #20]
 1320 0094 5206     		lsls	r2, r2, #25
 1321 0096 0FD5     		bpl	.L183
 1322 0098 5A69     		ldr	r2, [r3, #20]
 1323 009a 206B     		ldr	r0, [r4, #48]
 1324 009c 22F04002 		bic	r2, r2, #64
 1325 00a0 5A61     		str	r2, [r3, #20]
 1326 00a2 48B1     		cbz	r0, .L183
 1327 00a4 274B     		ldr	r3, .L250
 1328 00a6 4363     		str	r3, [r0, #52]
 1329 00a8 FFF7FEFF 		bl	HAL_DMA_Abort_IT
 1330 00ac 38B1     		cbz	r0, .L172
 1331 00ae 206B     		ldr	r0, [r4, #48]
 1332 00b0 BDE87040 		pop	{r4, r5, r6, lr}
 1333 00b4 436B     		ldr	r3, [r0, #52]
 1334 00b6 1847     		bx	r3	@ indirect register sibling call
 1335              	.L183:
 1336 00b8 2046     		mov	r0, r4
 1337 00ba FFF7FEFF 		bl	HAL_IRDA_ErrorCallback
 1338              	.L172:
 1339 00be 70BD     		pop	{r4, r5, r6, pc}
 1340              	.L182:
 1341 00c0 FFF7FEFF 		bl	HAL_IRDA_ErrorCallback
 1342 00c4 A563     		str	r5, [r4, #56]
 1343 00c6 FAE7     		b	.L172
 1344              	.L174:
 1345 00c8 1606     		lsls	r6, r2, #24
 1346 00ca 28D5     		bpl	.L185
 1347 00cc 0D06     		lsls	r5, r1, #24
 1348 00ce 26D5     		bpl	.L185
 1349 00d0 94F83520 		ldrb	r2, [r4, #53]	@ zero_extendqisi2
 1350 00d4 212A     		cmp	r2, #33
 1351 00d6 F2D1     		bne	.L172
 1352 00d8 A168     		ldr	r1, [r4, #8]
 1353 00da E269     		ldr	r2, [r4, #28]
 1354 00dc B1F5805F 		cmp	r1, #4096
 1355 00e0 18D1     		bne	.L186
 1356 00e2 1188     		ldrh	r1, [r2]
 1357 00e4 C1F30801 		ubfx	r1, r1, #0, #9
 1358 00e8 5960     		str	r1, [r3, #4]
 1359 00ea E168     		ldr	r1, [r4, #12]
 1360 00ec 81B9     		cbnz	r1, .L187
 1361 00ee 0232     		adds	r2, r2, #2
 1362              	.L249:
 1363 00f0 E261     		str	r2, [r4, #28]
 1364              	.L188:
 1365 00f2 628C     		ldrh	r2, [r4, #34]
 1366 00f4 013A     		subs	r2, r2, #1
 1367 00f6 92B2     		uxth	r2, r2
 1368 00f8 6284     		strh	r2, [r4, #34]	@ movhi
 1369 00fa 002A     		cmp	r2, #0
 1370 00fc DFD1     		bne	.L172
ARM GAS  /tmp/ccqLTgpr.s 			page 24


 1371 00fe DA68     		ldr	r2, [r3, #12]
 1372 0100 22F08002 		bic	r2, r2, #128
 1373 0104 DA60     		str	r2, [r3, #12]
 1374 0106 DA68     		ldr	r2, [r3, #12]
 1375 0108 42F04002 		orr	r2, r2, #64
 1376 010c DA60     		str	r2, [r3, #12]
 1377 010e D6E7     		b	.L172
 1378              	.L187:
 1379 0110 0132     		adds	r2, r2, #1
 1380 0112 EDE7     		b	.L249
 1381              	.L186:
 1382 0114 511C     		adds	r1, r2, #1
 1383 0116 E161     		str	r1, [r4, #28]
 1384 0118 1278     		ldrb	r2, [r2]	@ zero_extendqisi2
 1385 011a 5A60     		str	r2, [r3, #4]
 1386 011c E9E7     		b	.L188
 1387              	.L185:
 1388 011e 5006     		lsls	r0, r2, #25
 1389 0120 CDD5     		bpl	.L172
 1390 0122 4A06     		lsls	r2, r1, #25
 1391 0124 CBD5     		bpl	.L172
 1392 0126 DA68     		ldr	r2, [r3, #12]
 1393 0128 2046     		mov	r0, r4
 1394 012a 22F04002 		bic	r2, r2, #64
 1395 012e DA60     		str	r2, [r3, #12]
 1396 0130 5A69     		ldr	r2, [r3, #20]
 1397 0132 22F00102 		bic	r2, r2, #1
 1398 0136 5A61     		str	r2, [r3, #20]
 1399 0138 2023     		movs	r3, #32
 1400 013a 84F83530 		strb	r3, [r4, #53]
 1401 013e FFF7FEFF 		bl	HAL_IRDA_TxCpltCallback
 1402 0142 BCE7     		b	.L172
 1403              	.L251:
 1404              		.align	2
 1405              	.L250:
 1406 0144 00000000 		.word	IRDA_DMAAbortOnError
 1408              		.section	.text.IRDA_DMAAbortOnError,"ax",%progbits
 1409              		.align	1
 1410              		.syntax unified
 1411              		.thumb
 1412              		.thumb_func
 1413              		.fpu softvfp
 1415              	IRDA_DMAAbortOnError:
 1416              		@ args = 0, pretend = 0, frame = 0
 1417              		@ frame_needed = 0, uses_anonymous_args = 0
 1418 0000 08B5     		push	{r3, lr}
 1419 0002 0023     		movs	r3, #0
 1420 0004 406A     		ldr	r0, [r0, #36]
 1421 0006 4385     		strh	r3, [r0, #42]	@ movhi
 1422 0008 4384     		strh	r3, [r0, #34]	@ movhi
 1423 000a FFF7FEFF 		bl	HAL_IRDA_ErrorCallback
 1424 000e 08BD     		pop	{r3, pc}
 1426              		.section	.text.HAL_IRDA_AbortCpltCallback,"ax",%progbits
 1427              		.align	1
 1428              		.weak	HAL_IRDA_AbortCpltCallback
 1429              		.syntax unified
 1430              		.thumb
ARM GAS  /tmp/ccqLTgpr.s 			page 25


 1431              		.thumb_func
 1432              		.fpu softvfp
 1434              	HAL_IRDA_AbortCpltCallback:
 1435              		@ args = 0, pretend = 0, frame = 0
 1436              		@ frame_needed = 0, uses_anonymous_args = 0
 1437              		@ link register save eliminated.
 1438 0000 7047     		bx	lr
 1440              		.section	.text.HAL_IRDA_Abort_IT,"ax",%progbits
 1441              		.align	1
 1442              		.global	HAL_IRDA_Abort_IT
 1443              		.syntax unified
 1444              		.thumb
 1445              		.thumb_func
 1446              		.fpu softvfp
 1448              	HAL_IRDA_Abort_IT:
 1449              		@ args = 0, pretend = 0, frame = 0
 1450              		@ frame_needed = 0, uses_anonymous_args = 0
 1451 0000 0368     		ldr	r3, [r0]
 1452 0002 10B5     		push	{r4, lr}
 1453 0004 DA68     		ldr	r2, [r3, #12]
 1454 0006 0446     		mov	r4, r0
 1455 0008 22F4F072 		bic	r2, r2, #480
 1456 000c DA60     		str	r2, [r3, #12]
 1457 000e 5A69     		ldr	r2, [r3, #20]
 1458 0010 C06A     		ldr	r0, [r0, #44]
 1459 0012 22F00102 		bic	r2, r2, #1
 1460 0016 5A61     		str	r2, [r3, #20]
 1461 0018 28B1     		cbz	r0, .L255
 1462 001a 5A69     		ldr	r2, [r3, #20]
 1463 001c 12F08002 		ands	r2, r2, #128
 1464 0020 18BF     		it	ne
 1465 0022 1F4A     		ldrne	r2, .L284
 1466 0024 4263     		str	r2, [r0, #52]
 1467              	.L255:
 1468 0026 216B     		ldr	r1, [r4, #48]
 1469 0028 29B1     		cbz	r1, .L257
 1470 002a 5A69     		ldr	r2, [r3, #20]
 1471 002c 12F04002 		ands	r2, r2, #64
 1472 0030 18BF     		it	ne
 1473 0032 1C4A     		ldrne	r2, .L284+4
 1474 0034 4A63     		str	r2, [r1, #52]
 1475              	.L257:
 1476 0036 5A69     		ldr	r2, [r3, #20]
 1477 0038 1206     		lsls	r2, r2, #24
 1478 003a 1DD4     		bmi	.L259
 1479              	.L283:
 1480 003c 0123     		movs	r3, #1
 1481              	.L260:
 1482 003e 2268     		ldr	r2, [r4]
 1483 0040 5169     		ldr	r1, [r2, #20]
 1484 0042 4906     		lsls	r1, r1, #25
 1485 0044 27D5     		bpl	.L262
 1486 0046 5169     		ldr	r1, [r2, #20]
 1487 0048 206B     		ldr	r0, [r4, #48]
 1488 004a 21F04001 		bic	r1, r1, #64
 1489 004e 5161     		str	r1, [r2, #20]
 1490 0050 08B3     		cbz	r0, .L262
ARM GAS  /tmp/ccqLTgpr.s 			page 26


 1491 0052 FFF7FEFF 		bl	HAL_DMA_Abort_IT
 1492 0056 00B3     		cbz	r0, .L264
 1493 0058 0022     		movs	r2, #0
 1494 005a 236B     		ldr	r3, [r4, #48]
 1495 005c 5A63     		str	r2, [r3, #52]
 1496              	.L265:
 1497 005e 0023     		movs	r3, #0
 1498 0060 6384     		strh	r3, [r4, #34]	@ movhi
 1499 0062 6385     		strh	r3, [r4, #42]	@ movhi
 1500 0064 A363     		str	r3, [r4, #56]
 1501 0066 2023     		movs	r3, #32
 1502 0068 2046     		mov	r0, r4
 1503 006a 84F83530 		strb	r3, [r4, #53]
 1504 006e 84F83630 		strb	r3, [r4, #54]
 1505 0072 FFF7FEFF 		bl	HAL_IRDA_AbortCpltCallback
 1506 0076 10E0     		b	.L264
 1507              	.L259:
 1508 0078 5A69     		ldr	r2, [r3, #20]
 1509 007a 22F08002 		bic	r2, r2, #128
 1510 007e 5A61     		str	r2, [r3, #20]
 1511 0080 0028     		cmp	r0, #0
 1512 0082 DBD0     		beq	.L283
 1513 0084 FFF7FEFF 		bl	HAL_DMA_Abort_IT
 1514 0088 0346     		mov	r3, r0
 1515 008a 0028     		cmp	r0, #0
 1516 008c D7D0     		beq	.L260
 1517 008e 0022     		movs	r2, #0
 1518 0090 E36A     		ldr	r3, [r4, #44]
 1519 0092 5A63     		str	r2, [r3, #52]
 1520 0094 D2E7     		b	.L283
 1521              	.L262:
 1522 0096 002B     		cmp	r3, #0
 1523 0098 E1D1     		bne	.L265
 1524              	.L264:
 1525 009a 0020     		movs	r0, #0
 1526 009c 10BD     		pop	{r4, pc}
 1527              	.L285:
 1528 009e 00BF     		.align	2
 1529              	.L284:
 1530 00a0 00000000 		.word	IRDA_DMATxAbortCallback
 1531 00a4 00000000 		.word	IRDA_DMARxAbortCallback
 1533              		.section	.text.IRDA_DMARxAbortCallback,"ax",%progbits
 1534              		.align	1
 1535              		.syntax unified
 1536              		.thumb
 1537              		.thumb_func
 1538              		.fpu softvfp
 1540              	IRDA_DMARxAbortCallback:
 1541              		@ args = 0, pretend = 0, frame = 0
 1542              		@ frame_needed = 0, uses_anonymous_args = 0
 1543 0000 08B5     		push	{r3, lr}
 1544 0002 0023     		movs	r3, #0
 1545 0004 406A     		ldr	r0, [r0, #36]
 1546 0006 026B     		ldr	r2, [r0, #48]
 1547 0008 5363     		str	r3, [r2, #52]
 1548 000a C26A     		ldr	r2, [r0, #44]
 1549 000c 0AB1     		cbz	r2, .L287
ARM GAS  /tmp/ccqLTgpr.s 			page 27


 1550 000e 526B     		ldr	r2, [r2, #52]
 1551 0010 4AB9     		cbnz	r2, .L286
 1552              	.L287:
 1553 0012 4384     		strh	r3, [r0, #34]	@ movhi
 1554 0014 4385     		strh	r3, [r0, #42]	@ movhi
 1555 0016 8363     		str	r3, [r0, #56]
 1556 0018 2023     		movs	r3, #32
 1557 001a 80F83530 		strb	r3, [r0, #53]
 1558 001e 80F83630 		strb	r3, [r0, #54]
 1559 0022 FFF7FEFF 		bl	HAL_IRDA_AbortCpltCallback
 1560              	.L286:
 1561 0026 08BD     		pop	{r3, pc}
 1563              		.section	.text.IRDA_DMATxAbortCallback,"ax",%progbits
 1564              		.align	1
 1565              		.syntax unified
 1566              		.thumb
 1567              		.thumb_func
 1568              		.fpu softvfp
 1570              	IRDA_DMATxAbortCallback:
 1571              		@ args = 0, pretend = 0, frame = 0
 1572              		@ frame_needed = 0, uses_anonymous_args = 0
 1573 0000 08B5     		push	{r3, lr}
 1574 0002 0023     		movs	r3, #0
 1575 0004 406A     		ldr	r0, [r0, #36]
 1576 0006 C26A     		ldr	r2, [r0, #44]
 1577 0008 5363     		str	r3, [r2, #52]
 1578 000a 026B     		ldr	r2, [r0, #48]
 1579 000c 0AB1     		cbz	r2, .L293
 1580 000e 526B     		ldr	r2, [r2, #52]
 1581 0010 4AB9     		cbnz	r2, .L292
 1582              	.L293:
 1583 0012 4384     		strh	r3, [r0, #34]	@ movhi
 1584 0014 4385     		strh	r3, [r0, #42]	@ movhi
 1585 0016 8363     		str	r3, [r0, #56]
 1586 0018 2023     		movs	r3, #32
 1587 001a 80F83530 		strb	r3, [r0, #53]
 1588 001e 80F83630 		strb	r3, [r0, #54]
 1589 0022 FFF7FEFF 		bl	HAL_IRDA_AbortCpltCallback
 1590              	.L292:
 1591 0026 08BD     		pop	{r3, pc}
 1593              		.section	.text.HAL_IRDA_AbortTransmitCpltCallback,"ax",%progbits
 1594              		.align	1
 1595              		.weak	HAL_IRDA_AbortTransmitCpltCallback
 1596              		.syntax unified
 1597              		.thumb
 1598              		.thumb_func
 1599              		.fpu softvfp
 1601              	HAL_IRDA_AbortTransmitCpltCallback:
 1602              		@ args = 0, pretend = 0, frame = 0
 1603              		@ frame_needed = 0, uses_anonymous_args = 0
 1604              		@ link register save eliminated.
 1605 0000 7047     		bx	lr
 1607              		.section	.text.HAL_IRDA_AbortTransmit_IT,"ax",%progbits
 1608              		.align	1
 1609              		.global	HAL_IRDA_AbortTransmit_IT
 1610              		.syntax unified
 1611              		.thumb
ARM GAS  /tmp/ccqLTgpr.s 			page 28


 1612              		.thumb_func
 1613              		.fpu softvfp
 1615              	HAL_IRDA_AbortTransmit_IT:
 1616              		@ args = 0, pretend = 0, frame = 0
 1617              		@ frame_needed = 0, uses_anonymous_args = 0
 1618 0000 0368     		ldr	r3, [r0]
 1619 0002 10B5     		push	{r4, lr}
 1620 0004 DA68     		ldr	r2, [r3, #12]
 1621 0006 0446     		mov	r4, r0
 1622 0008 22F0C002 		bic	r2, r2, #192
 1623 000c DA60     		str	r2, [r3, #12]
 1624 000e 5A69     		ldr	r2, [r3, #20]
 1625 0010 12F08002 		ands	r2, r2, #128
 1626 0014 17D0     		beq	.L300
 1627 0016 5A69     		ldr	r2, [r3, #20]
 1628 0018 22F08002 		bic	r2, r2, #128
 1629 001c 5A61     		str	r2, [r3, #20]
 1630 001e C36A     		ldr	r3, [r0, #44]
 1631 0020 53B1     		cbz	r3, .L301
 1632 0022 0A4A     		ldr	r2, .L307
 1633 0024 1846     		mov	r0, r3
 1634 0026 5A63     		str	r2, [r3, #52]
 1635 0028 FFF7FEFF 		bl	HAL_DMA_Abort_IT
 1636 002c 10B1     		cbz	r0, .L302
 1637 002e E06A     		ldr	r0, [r4, #44]
 1638 0030 436B     		ldr	r3, [r0, #52]
 1639 0032 9847     		blx	r3
 1640              	.L302:
 1641 0034 0020     		movs	r0, #0
 1642 0036 10BD     		pop	{r4, pc}
 1643              	.L301:
 1644 0038 4384     		strh	r3, [r0, #34]	@ movhi
 1645              	.L306:
 1646 003a 2023     		movs	r3, #32
 1647 003c 84F83530 		strb	r3, [r4, #53]
 1648 0040 FFF7FEFF 		bl	HAL_IRDA_AbortTransmitCpltCallback
 1649 0044 F6E7     		b	.L302
 1650              	.L300:
 1651 0046 4284     		strh	r2, [r0, #34]	@ movhi
 1652 0048 F7E7     		b	.L306
 1653              	.L308:
 1654 004a 00BF     		.align	2
 1655              	.L307:
 1656 004c 00000000 		.word	IRDA_DMATxOnlyAbortCallback
 1658              		.section	.text.IRDA_DMATxOnlyAbortCallback,"ax",%progbits
 1659              		.align	1
 1660              		.syntax unified
 1661              		.thumb
 1662              		.thumb_func
 1663              		.fpu softvfp
 1665              	IRDA_DMATxOnlyAbortCallback:
 1666              		@ args = 0, pretend = 0, frame = 0
 1667              		@ frame_needed = 0, uses_anonymous_args = 0
 1668 0000 08B5     		push	{r3, lr}
 1669 0002 0023     		movs	r3, #0
 1670 0004 406A     		ldr	r0, [r0, #36]
 1671 0006 4384     		strh	r3, [r0, #34]	@ movhi
ARM GAS  /tmp/ccqLTgpr.s 			page 29


 1672 0008 2023     		movs	r3, #32
 1673 000a 80F83530 		strb	r3, [r0, #53]
 1674 000e FFF7FEFF 		bl	HAL_IRDA_AbortTransmitCpltCallback
 1675 0012 08BD     		pop	{r3, pc}
 1677              		.section	.text.HAL_IRDA_AbortReceiveCpltCallback,"ax",%progbits
 1678              		.align	1
 1679              		.weak	HAL_IRDA_AbortReceiveCpltCallback
 1680              		.syntax unified
 1681              		.thumb
 1682              		.thumb_func
 1683              		.fpu softvfp
 1685              	HAL_IRDA_AbortReceiveCpltCallback:
 1686              		@ args = 0, pretend = 0, frame = 0
 1687              		@ frame_needed = 0, uses_anonymous_args = 0
 1688              		@ link register save eliminated.
 1689 0000 7047     		bx	lr
 1691              		.section	.text.HAL_IRDA_AbortReceive_IT,"ax",%progbits
 1692              		.align	1
 1693              		.global	HAL_IRDA_AbortReceive_IT
 1694              		.syntax unified
 1695              		.thumb
 1696              		.thumb_func
 1697              		.fpu softvfp
 1699              	HAL_IRDA_AbortReceive_IT:
 1700              		@ args = 0, pretend = 0, frame = 0
 1701              		@ frame_needed = 0, uses_anonymous_args = 0
 1702 0000 0368     		ldr	r3, [r0]
 1703 0002 10B5     		push	{r4, lr}
 1704 0004 DA68     		ldr	r2, [r3, #12]
 1705 0006 0446     		mov	r4, r0
 1706 0008 22F49072 		bic	r2, r2, #288
 1707 000c DA60     		str	r2, [r3, #12]
 1708 000e 5A69     		ldr	r2, [r3, #20]
 1709 0010 22F00102 		bic	r2, r2, #1
 1710 0014 5A61     		str	r2, [r3, #20]
 1711 0016 5A69     		ldr	r2, [r3, #20]
 1712 0018 12F04002 		ands	r2, r2, #64
 1713 001c 17D0     		beq	.L312
 1714 001e 5A69     		ldr	r2, [r3, #20]
 1715 0020 22F04002 		bic	r2, r2, #64
 1716 0024 5A61     		str	r2, [r3, #20]
 1717 0026 036B     		ldr	r3, [r0, #48]
 1718 0028 53B1     		cbz	r3, .L313
 1719 002a 0A4A     		ldr	r2, .L319
 1720 002c 1846     		mov	r0, r3
 1721 002e 5A63     		str	r2, [r3, #52]
 1722 0030 FFF7FEFF 		bl	HAL_DMA_Abort_IT
 1723 0034 10B1     		cbz	r0, .L314
 1724 0036 206B     		ldr	r0, [r4, #48]
 1725 0038 436B     		ldr	r3, [r0, #52]
 1726 003a 9847     		blx	r3
 1727              	.L314:
 1728 003c 0020     		movs	r0, #0
 1729 003e 10BD     		pop	{r4, pc}
 1730              	.L313:
 1731 0040 4385     		strh	r3, [r0, #42]	@ movhi
 1732              	.L318:
ARM GAS  /tmp/ccqLTgpr.s 			page 30


 1733 0042 2023     		movs	r3, #32
 1734 0044 84F83630 		strb	r3, [r4, #54]
 1735 0048 FFF7FEFF 		bl	HAL_IRDA_AbortReceiveCpltCallback
 1736 004c F6E7     		b	.L314
 1737              	.L312:
 1738 004e 4285     		strh	r2, [r0, #42]	@ movhi
 1739 0050 F7E7     		b	.L318
 1740              	.L320:
 1741 0052 00BF     		.align	2
 1742              	.L319:
 1743 0054 00000000 		.word	IRDA_DMARxOnlyAbortCallback
 1745              		.section	.text.IRDA_DMARxOnlyAbortCallback,"ax",%progbits
 1746              		.align	1
 1747              		.syntax unified
 1748              		.thumb
 1749              		.thumb_func
 1750              		.fpu softvfp
 1752              	IRDA_DMARxOnlyAbortCallback:
 1753              		@ args = 0, pretend = 0, frame = 0
 1754              		@ frame_needed = 0, uses_anonymous_args = 0
 1755 0000 08B5     		push	{r3, lr}
 1756 0002 0023     		movs	r3, #0
 1757 0004 406A     		ldr	r0, [r0, #36]
 1758 0006 4385     		strh	r3, [r0, #42]	@ movhi
 1759 0008 2023     		movs	r3, #32
 1760 000a 80F83630 		strb	r3, [r0, #54]
 1761 000e FFF7FEFF 		bl	HAL_IRDA_AbortReceiveCpltCallback
 1762 0012 08BD     		pop	{r3, pc}
 1764              		.section	.text.HAL_IRDA_GetState,"ax",%progbits
 1765              		.align	1
 1766              		.global	HAL_IRDA_GetState
 1767              		.syntax unified
 1768              		.thumb
 1769              		.thumb_func
 1770              		.fpu softvfp
 1772              	HAL_IRDA_GetState:
 1773              		@ args = 0, pretend = 0, frame = 0
 1774              		@ frame_needed = 0, uses_anonymous_args = 0
 1775              		@ link register save eliminated.
 1776 0000 90F83520 		ldrb	r2, [r0, #53]	@ zero_extendqisi2
 1777 0004 90F83600 		ldrb	r0, [r0, #54]	@ zero_extendqisi2
 1778 0008 1043     		orrs	r0, r0, r2
 1779 000a 7047     		bx	lr
 1781              		.section	.text.HAL_IRDA_GetError,"ax",%progbits
 1782              		.align	1
 1783              		.global	HAL_IRDA_GetError
 1784              		.syntax unified
 1785              		.thumb
 1786              		.thumb_func
 1787              		.fpu softvfp
 1789              	HAL_IRDA_GetError:
 1790              		@ args = 0, pretend = 0, frame = 0
 1791              		@ frame_needed = 0, uses_anonymous_args = 0
 1792              		@ link register save eliminated.
 1793 0000 806B     		ldr	r0, [r0, #56]
 1794 0002 7047     		bx	lr
 1796              		.ident	"GCC: (GNU Tools for Arm Embedded Processors 9-2019-q4-major) 9.2.1 20191025 (release) [ARM
ARM GAS  /tmp/ccqLTgpr.s 			page 31


ARM GAS  /tmp/ccqLTgpr.s 			page 32


DEFINED SYMBOLS
                            *ABS*:0000000000000000 stm32f1xx_hal_irda.c
     /tmp/ccqLTgpr.s:14     .text.IRDA_EndRxTransfer:0000000000000000 $t
     /tmp/ccqLTgpr.s:21     .text.IRDA_EndRxTransfer:0000000000000000 IRDA_EndRxTransfer
     /tmp/ccqLTgpr.s:37     .text.IRDA_WaitOnFlagUntilTimeout.constprop.0:0000000000000000 $t
     /tmp/ccqLTgpr.s:43     .text.IRDA_WaitOnFlagUntilTimeout.constprop.0:0000000000000000 IRDA_WaitOnFlagUntilTimeout.constprop.0
     /tmp/ccqLTgpr.s:87     .text.HAL_IRDA_MspInit:0000000000000000 $t
     /tmp/ccqLTgpr.s:94     .text.HAL_IRDA_MspInit:0000000000000000 HAL_IRDA_MspInit
     /tmp/ccqLTgpr.s:101    .text.HAL_IRDA_Init:0000000000000000 $t
     /tmp/ccqLTgpr.s:108    .text.HAL_IRDA_Init:0000000000000000 HAL_IRDA_Init
     /tmp/ccqLTgpr.s:204    .text.HAL_IRDA_Init:00000000000000e0 $d
     /tmp/ccqLTgpr.s:207    .text.HAL_IRDA_MspDeInit:0000000000000000 $t
     /tmp/ccqLTgpr.s:214    .text.HAL_IRDA_MspDeInit:0000000000000000 HAL_IRDA_MspDeInit
     /tmp/ccqLTgpr.s:221    .text.HAL_IRDA_DeInit:0000000000000000 $t
     /tmp/ccqLTgpr.s:228    .text.HAL_IRDA_DeInit:0000000000000000 HAL_IRDA_DeInit
     /tmp/ccqLTgpr.s:253    .text.HAL_IRDA_Transmit:0000000000000000 $t
     /tmp/ccqLTgpr.s:260    .text.HAL_IRDA_Transmit:0000000000000000 HAL_IRDA_Transmit
     /tmp/ccqLTgpr.s:348    .text.HAL_IRDA_Receive:0000000000000000 $t
     /tmp/ccqLTgpr.s:355    .text.HAL_IRDA_Receive:0000000000000000 HAL_IRDA_Receive
     /tmp/ccqLTgpr.s:448    .text.HAL_IRDA_Transmit_IT:0000000000000000 $t
     /tmp/ccqLTgpr.s:455    .text.HAL_IRDA_Transmit_IT:0000000000000000 HAL_IRDA_Transmit_IT
     /tmp/ccqLTgpr.s:489    .text.HAL_IRDA_Receive_IT:0000000000000000 $t
     /tmp/ccqLTgpr.s:496    .text.HAL_IRDA_Receive_IT:0000000000000000 HAL_IRDA_Receive_IT
     /tmp/ccqLTgpr.s:533    .text.HAL_IRDA_Transmit_DMA:0000000000000000 $t
     /tmp/ccqLTgpr.s:540    .text.HAL_IRDA_Transmit_DMA:0000000000000000 HAL_IRDA_Transmit_DMA
     /tmp/ccqLTgpr.s:592    .text.HAL_IRDA_Transmit_DMA:0000000000000068 $d
     /tmp/ccqLTgpr.s:985    .text.IRDA_DMATransmitCplt:0000000000000000 IRDA_DMATransmitCplt
     /tmp/ccqLTgpr.s:1030   .text.IRDA_DMATransmitHalfCplt:0000000000000000 IRDA_DMATransmitHalfCplt
     /tmp/ccqLTgpr.s:1205   .text.IRDA_DMAError:0000000000000000 IRDA_DMAError
     /tmp/ccqLTgpr.s:597    .text.HAL_IRDA_Receive_DMA:0000000000000000 $t
     /tmp/ccqLTgpr.s:604    .text.HAL_IRDA_Receive_DMA:0000000000000000 HAL_IRDA_Receive_DMA
     /tmp/ccqLTgpr.s:670    .text.HAL_IRDA_Receive_DMA:0000000000000084 $d
     /tmp/ccqLTgpr.s:1059   .text.IRDA_DMAReceiveCplt:0000000000000000 IRDA_DMAReceiveCplt
     /tmp/ccqLTgpr.s:1176   .text.IRDA_DMAReceiveHalfCplt:0000000000000000 IRDA_DMAReceiveHalfCplt
     /tmp/ccqLTgpr.s:675    .text.HAL_IRDA_DMAPause:0000000000000000 $t
     /tmp/ccqLTgpr.s:682    .text.HAL_IRDA_DMAPause:0000000000000000 HAL_IRDA_DMAPause
     /tmp/ccqLTgpr.s:727    .text.HAL_IRDA_DMAResume:0000000000000000 $t
     /tmp/ccqLTgpr.s:734    .text.HAL_IRDA_DMAResume:0000000000000000 HAL_IRDA_DMAResume
     /tmp/ccqLTgpr.s:784    .text.HAL_IRDA_DMAStop:0000000000000000 $t
     /tmp/ccqLTgpr.s:791    .text.HAL_IRDA_DMAStop:0000000000000000 HAL_IRDA_DMAStop
     /tmp/ccqLTgpr.s:838    .text.HAL_IRDA_Abort:0000000000000000 $t
     /tmp/ccqLTgpr.s:845    .text.HAL_IRDA_Abort:0000000000000000 HAL_IRDA_Abort
     /tmp/ccqLTgpr.s:892    .text.HAL_IRDA_AbortTransmit:0000000000000000 $t
     /tmp/ccqLTgpr.s:899    .text.HAL_IRDA_AbortTransmit:0000000000000000 HAL_IRDA_AbortTransmit
     /tmp/ccqLTgpr.s:927    .text.HAL_IRDA_AbortReceive:0000000000000000 $t
     /tmp/ccqLTgpr.s:934    .text.HAL_IRDA_AbortReceive:0000000000000000 HAL_IRDA_AbortReceive
     /tmp/ccqLTgpr.s:965    .text.HAL_IRDA_TxCpltCallback:0000000000000000 $t
     /tmp/ccqLTgpr.s:972    .text.HAL_IRDA_TxCpltCallback:0000000000000000 HAL_IRDA_TxCpltCallback
     /tmp/ccqLTgpr.s:979    .text.IRDA_DMATransmitCplt:0000000000000000 $t
     /tmp/ccqLTgpr.s:1010   .text.HAL_IRDA_TxHalfCpltCallback:0000000000000000 $t
     /tmp/ccqLTgpr.s:1017   .text.HAL_IRDA_TxHalfCpltCallback:0000000000000000 HAL_IRDA_TxHalfCpltCallback
     /tmp/ccqLTgpr.s:1024   .text.IRDA_DMATransmitHalfCplt:0000000000000000 $t
     /tmp/ccqLTgpr.s:1039   .text.HAL_IRDA_RxCpltCallback:0000000000000000 $t
     /tmp/ccqLTgpr.s:1046   .text.HAL_IRDA_RxCpltCallback:0000000000000000 HAL_IRDA_RxCpltCallback
     /tmp/ccqLTgpr.s:1053   .text.IRDA_DMAReceiveCplt:0000000000000000 $t
     /tmp/ccqLTgpr.s:1087   .text.IRDA_Receive_IT:0000000000000000 $t
     /tmp/ccqLTgpr.s:1093   .text.IRDA_Receive_IT:0000000000000000 IRDA_Receive_IT
ARM GAS  /tmp/ccqLTgpr.s 			page 33


     /tmp/ccqLTgpr.s:1156   .text.HAL_IRDA_RxHalfCpltCallback:0000000000000000 $t
     /tmp/ccqLTgpr.s:1163   .text.HAL_IRDA_RxHalfCpltCallback:0000000000000000 HAL_IRDA_RxHalfCpltCallback
     /tmp/ccqLTgpr.s:1170   .text.IRDA_DMAReceiveHalfCplt:0000000000000000 $t
     /tmp/ccqLTgpr.s:1185   .text.HAL_IRDA_ErrorCallback:0000000000000000 $t
     /tmp/ccqLTgpr.s:1192   .text.HAL_IRDA_ErrorCallback:0000000000000000 HAL_IRDA_ErrorCallback
     /tmp/ccqLTgpr.s:1199   .text.IRDA_DMAError:0000000000000000 $t
     /tmp/ccqLTgpr.s:1242   .text.HAL_IRDA_IRQHandler:0000000000000000 $t
     /tmp/ccqLTgpr.s:1249   .text.HAL_IRDA_IRQHandler:0000000000000000 HAL_IRDA_IRQHandler
     /tmp/ccqLTgpr.s:1406   .text.HAL_IRDA_IRQHandler:0000000000000144 $d
     /tmp/ccqLTgpr.s:1415   .text.IRDA_DMAAbortOnError:0000000000000000 IRDA_DMAAbortOnError
     /tmp/ccqLTgpr.s:1409   .text.IRDA_DMAAbortOnError:0000000000000000 $t
     /tmp/ccqLTgpr.s:1427   .text.HAL_IRDA_AbortCpltCallback:0000000000000000 $t
     /tmp/ccqLTgpr.s:1434   .text.HAL_IRDA_AbortCpltCallback:0000000000000000 HAL_IRDA_AbortCpltCallback
     /tmp/ccqLTgpr.s:1441   .text.HAL_IRDA_Abort_IT:0000000000000000 $t
     /tmp/ccqLTgpr.s:1448   .text.HAL_IRDA_Abort_IT:0000000000000000 HAL_IRDA_Abort_IT
     /tmp/ccqLTgpr.s:1530   .text.HAL_IRDA_Abort_IT:00000000000000a0 $d
     /tmp/ccqLTgpr.s:1570   .text.IRDA_DMATxAbortCallback:0000000000000000 IRDA_DMATxAbortCallback
     /tmp/ccqLTgpr.s:1540   .text.IRDA_DMARxAbortCallback:0000000000000000 IRDA_DMARxAbortCallback
     /tmp/ccqLTgpr.s:1534   .text.IRDA_DMARxAbortCallback:0000000000000000 $t
     /tmp/ccqLTgpr.s:1564   .text.IRDA_DMATxAbortCallback:0000000000000000 $t
     /tmp/ccqLTgpr.s:1594   .text.HAL_IRDA_AbortTransmitCpltCallback:0000000000000000 $t
     /tmp/ccqLTgpr.s:1601   .text.HAL_IRDA_AbortTransmitCpltCallback:0000000000000000 HAL_IRDA_AbortTransmitCpltCallback
     /tmp/ccqLTgpr.s:1608   .text.HAL_IRDA_AbortTransmit_IT:0000000000000000 $t
     /tmp/ccqLTgpr.s:1615   .text.HAL_IRDA_AbortTransmit_IT:0000000000000000 HAL_IRDA_AbortTransmit_IT
     /tmp/ccqLTgpr.s:1656   .text.HAL_IRDA_AbortTransmit_IT:000000000000004c $d
     /tmp/ccqLTgpr.s:1665   .text.IRDA_DMATxOnlyAbortCallback:0000000000000000 IRDA_DMATxOnlyAbortCallback
     /tmp/ccqLTgpr.s:1659   .text.IRDA_DMATxOnlyAbortCallback:0000000000000000 $t
     /tmp/ccqLTgpr.s:1678   .text.HAL_IRDA_AbortReceiveCpltCallback:0000000000000000 $t
     /tmp/ccqLTgpr.s:1685   .text.HAL_IRDA_AbortReceiveCpltCallback:0000000000000000 HAL_IRDA_AbortReceiveCpltCallback
     /tmp/ccqLTgpr.s:1692   .text.HAL_IRDA_AbortReceive_IT:0000000000000000 $t
     /tmp/ccqLTgpr.s:1699   .text.HAL_IRDA_AbortReceive_IT:0000000000000000 HAL_IRDA_AbortReceive_IT
     /tmp/ccqLTgpr.s:1743   .text.HAL_IRDA_AbortReceive_IT:0000000000000054 $d
     /tmp/ccqLTgpr.s:1752   .text.IRDA_DMARxOnlyAbortCallback:0000000000000000 IRDA_DMARxOnlyAbortCallback
     /tmp/ccqLTgpr.s:1746   .text.IRDA_DMARxOnlyAbortCallback:0000000000000000 $t
     /tmp/ccqLTgpr.s:1765   .text.HAL_IRDA_GetState:0000000000000000 $t
     /tmp/ccqLTgpr.s:1772   .text.HAL_IRDA_GetState:0000000000000000 HAL_IRDA_GetState
     /tmp/ccqLTgpr.s:1782   .text.HAL_IRDA_GetError:0000000000000000 $t
     /tmp/ccqLTgpr.s:1789   .text.HAL_IRDA_GetError:0000000000000000 HAL_IRDA_GetError

UNDEFINED SYMBOLS
HAL_GetTick
HAL_RCC_GetPCLK2Freq
HAL_RCC_GetPCLK1Freq
HAL_DMA_Start_IT
HAL_DMA_Abort
HAL_DMA_Abort_IT
