ARM GAS  /tmp/ccz37EXw.s 			page 1


   1              		.cpu cortex-m3
   2              		.eabi_attribute 20, 1
   3              		.eabi_attribute 21, 1
   4              		.eabi_attribute 23, 3
   5              		.eabi_attribute 24, 1
   6              		.eabi_attribute 25, 1
   7              		.eabi_attribute 26, 1
   8              		.eabi_attribute 30, 4
   9              		.eabi_attribute 34, 1
  10              		.eabi_attribute 18, 4
  11              		.file	"stm32f1xx_hal_rcc.c"
  12              		.text
  13              		.section	.text.HAL_RCC_DeInit,"ax",%progbits
  14              		.align	1
  15              		.global	HAL_RCC_DeInit
  16              		.arch armv7-m
  17              		.syntax unified
  18              		.thumb
  19              		.thumb_func
  20              		.fpu softvfp
  22              	HAL_RCC_DeInit:
  23              		@ args = 0, pretend = 0, frame = 0
  24              		@ frame_needed = 0, uses_anonymous_args = 0
  25 0000 70B5     		push	{r4, r5, r6, lr}
  26 0002 FFF7FEFF 		bl	HAL_GetTick
  27 0006 0546     		mov	r5, r0
  28 0008 2F4C     		ldr	r4, .L14
  29 000a 2368     		ldr	r3, [r4]
  30 000c 43F00103 		orr	r3, r3, #1
  31 0010 2360     		str	r3, [r4]
  32              	.L2:
  33 0012 2368     		ldr	r3, [r4]
  34 0014 9B07     		lsls	r3, r3, #30
  35 0016 3BD5     		bpl	.L4
  36 0018 2368     		ldr	r3, [r4]
  37 001a 41F28836 		movw	r6, #5000
  38 001e 23F0F803 		bic	r3, r3, #248
  39 0022 43F08003 		orr	r3, r3, #128
  40 0026 2360     		str	r3, [r4]
  41 0028 FFF7FEFF 		bl	HAL_GetTick
  42 002c 0023     		movs	r3, #0
  43 002e 0546     		mov	r5, r0
  44 0030 6360     		str	r3, [r4, #4]
  45              	.L5:
  46 0032 6368     		ldr	r3, [r4, #4]
  47 0034 13F00C0F 		tst	r3, #12
  48 0038 32D1     		bne	.L7
  49 003a 244B     		ldr	r3, .L14+4
  50 003c 244A     		ldr	r2, .L14+8
  51 003e 1A60     		str	r2, [r3]
  52 0040 244B     		ldr	r3, .L14+12
  53 0042 1868     		ldr	r0, [r3]
  54 0044 FFF7FEFF 		bl	HAL_InitTick
  55 0048 0546     		mov	r5, r0
  56 004a 0028     		cmp	r0, #0
  57 004c 3AD1     		bne	.L12
  58 004e FFF7FEFF 		bl	HAL_GetTick
ARM GAS  /tmp/ccz37EXw.s 			page 2


  59 0052 0646     		mov	r6, r0
  60 0054 2368     		ldr	r3, [r4]
  61 0056 23F08073 		bic	r3, r3, #16777216
  62 005a 2360     		str	r3, [r4]
  63              	.L8:
  64 005c 2368     		ldr	r3, [r4]
  65 005e 13F00073 		ands	r3, r3, #33554432
  66 0062 23D1     		bne	.L9
  67 0064 6360     		str	r3, [r4, #4]
  68 0066 FFF7FEFF 		bl	HAL_GetTick
  69 006a 0646     		mov	r6, r0
  70 006c 2368     		ldr	r3, [r4]
  71 006e 23F41023 		bic	r3, r3, #589824
  72 0072 2360     		str	r3, [r4]
  73              	.L10:
  74 0074 2368     		ldr	r3, [r4]
  75 0076 13F40033 		ands	r3, r3, #131072
  76 007a 1DD1     		bne	.L11
  77 007c 2268     		ldr	r2, [r4]
  78 007e 22F48022 		bic	r2, r2, #262144
  79 0082 2260     		str	r2, [r4]
  80 0084 626A     		ldr	r2, [r4, #36]
  81 0086 42F08072 		orr	r2, r2, #16777216
  82 008a 6262     		str	r2, [r4, #36]
  83 008c A360     		str	r3, [r4, #8]
  84 008e 05E0     		b	.L3
  85              	.L4:
  86 0090 FFF7FEFF 		bl	HAL_GetTick
  87 0094 401B     		subs	r0, r0, r5
  88 0096 0228     		cmp	r0, #2
  89 0098 BBD9     		bls	.L2
  90              	.L6:
  91 009a 0325     		movs	r5, #3
  92              	.L3:
  93 009c 2846     		mov	r0, r5
  94 009e 70BD     		pop	{r4, r5, r6, pc}
  95              	.L7:
  96 00a0 FFF7FEFF 		bl	HAL_GetTick
  97 00a4 401B     		subs	r0, r0, r5
  98 00a6 B042     		cmp	r0, r6
  99 00a8 C3D9     		bls	.L5
 100 00aa F6E7     		b	.L6
 101              	.L9:
 102 00ac FFF7FEFF 		bl	HAL_GetTick
 103 00b0 801B     		subs	r0, r0, r6
 104 00b2 0228     		cmp	r0, #2
 105 00b4 D2D9     		bls	.L8
 106 00b6 F0E7     		b	.L6
 107              	.L11:
 108 00b8 FFF7FEFF 		bl	HAL_GetTick
 109 00bc 801B     		subs	r0, r0, r6
 110 00be 6428     		cmp	r0, #100
 111 00c0 D8D9     		bls	.L10
 112 00c2 EAE7     		b	.L6
 113              	.L12:
 114 00c4 0125     		movs	r5, #1
 115 00c6 E9E7     		b	.L3
ARM GAS  /tmp/ccz37EXw.s 			page 3


 116              	.L15:
 117              		.align	2
 118              	.L14:
 119 00c8 00100240 		.word	1073876992
 120 00cc 00000000 		.word	SystemCoreClock
 121 00d0 00127A00 		.word	8000000
 122 00d4 00000000 		.word	uwTickPrio
 124              		.section	.text.HAL_RCC_OscConfig,"ax",%progbits
 125              		.align	1
 126              		.global	HAL_RCC_OscConfig
 127              		.syntax unified
 128              		.thumb
 129              		.thumb_func
 130              		.fpu softvfp
 132              	HAL_RCC_OscConfig:
 133              		@ args = 0, pretend = 0, frame = 8
 134              		@ frame_needed = 0, uses_anonymous_args = 0
 135 0000 2DE9F341 		push	{r0, r1, r4, r5, r6, r7, r8, lr}
 136 0004 0546     		mov	r5, r0
 137 0006 38B3     		cbz	r0, .L17
 138 0008 0368     		ldr	r3, [r0]
 139 000a DB07     		lsls	r3, r3, #31
 140 000c 10D4     		bmi	.L18
 141              	.L23:
 142 000e 2B68     		ldr	r3, [r5]
 143 0010 9F07     		lsls	r7, r3, #30
 144 0012 5ED4     		bmi	.L19
 145              	.L35:
 146 0014 2B68     		ldr	r3, [r5]
 147 0016 1907     		lsls	r1, r3, #28
 148 0018 00F19580 		bmi	.L44
 149              	.L51:
 150 001c 2B68     		ldr	r3, [r5]
 151 001e 5A07     		lsls	r2, r3, #29
 152 0020 00F1BF80 		bmi	.L45
 153              	.L54:
 154 0024 E869     		ldr	r0, [r5, #28]
 155 0026 0028     		cmp	r0, #0
 156 0028 40F02C81 		bne	.L72
 157              	.L80:
 158 002c 0020     		movs	r0, #0
 159 002e 29E0     		b	.L31
 160              	.L18:
 161 0030 8F4C     		ldr	r4, .L114
 162 0032 6368     		ldr	r3, [r4, #4]
 163 0034 03F00C03 		and	r3, r3, #12
 164 0038 042B     		cmp	r3, #4
 165 003a 07D0     		beq	.L21
 166 003c 6368     		ldr	r3, [r4, #4]
 167 003e 03F00C03 		and	r3, r3, #12
 168 0042 082B     		cmp	r3, #8
 169 0044 0AD1     		bne	.L22
 170 0046 6368     		ldr	r3, [r4, #4]
 171 0048 DE03     		lsls	r6, r3, #15
 172 004a 07D5     		bpl	.L22
 173              	.L21:
 174 004c 2368     		ldr	r3, [r4]
ARM GAS  /tmp/ccz37EXw.s 			page 4


 175 004e 9C03     		lsls	r4, r3, #14
 176 0050 DDD5     		bpl	.L23
 177 0052 6B68     		ldr	r3, [r5, #4]
 178 0054 002B     		cmp	r3, #0
 179 0056 DAD1     		bne	.L23
 180              	.L17:
 181 0058 0120     		movs	r0, #1
 182 005a 13E0     		b	.L31
 183              	.L22:
 184 005c 6B68     		ldr	r3, [r5, #4]
 185 005e B3F5803F 		cmp	r3, #65536
 186 0062 12D1     		bne	.L24
 187              	.L112:
 188 0064 2368     		ldr	r3, [r4]
 189 0066 43F48033 		orr	r3, r3, #65536
 190              	.L109:
 191 006a 2360     		str	r3, [r4]
 192 006c FFF7FEFF 		bl	HAL_GetTick
 193 0070 0646     		mov	r6, r0
 194              	.L30:
 195 0072 2368     		ldr	r3, [r4]
 196 0074 9803     		lsls	r0, r3, #14
 197 0076 CAD4     		bmi	.L23
 198 0078 FFF7FEFF 		bl	HAL_GetTick
 199 007c 801B     		subs	r0, r0, r6
 200 007e 6428     		cmp	r0, #100
 201 0080 F7D9     		bls	.L30
 202              	.L33:
 203 0082 0320     		movs	r0, #3
 204              	.L31:
 205 0084 02B0     		add	sp, sp, #8
 206              		@ sp needed
 207 0086 BDE8F081 		pop	{r4, r5, r6, r7, r8, pc}
 208              	.L24:
 209 008a 9BB9     		cbnz	r3, .L26
 210 008c 2368     		ldr	r3, [r4]
 211 008e 23F48033 		bic	r3, r3, #65536
 212 0092 2360     		str	r3, [r4]
 213 0094 2368     		ldr	r3, [r4]
 214 0096 23F48023 		bic	r3, r3, #262144
 215 009a 2360     		str	r3, [r4]
 216 009c FFF7FEFF 		bl	HAL_GetTick
 217 00a0 0646     		mov	r6, r0
 218              	.L27:
 219 00a2 2368     		ldr	r3, [r4]
 220 00a4 9903     		lsls	r1, r3, #14
 221 00a6 B2D5     		bpl	.L23
 222 00a8 FFF7FEFF 		bl	HAL_GetTick
 223 00ac 801B     		subs	r0, r0, r6
 224 00ae 6428     		cmp	r0, #100
 225 00b0 F7D9     		bls	.L27
 226 00b2 E6E7     		b	.L33
 227              	.L26:
 228 00b4 B3F5A02F 		cmp	r3, #327680
 229 00b8 2368     		ldr	r3, [r4]
 230 00ba 03D1     		bne	.L28
 231 00bc 43F48023 		orr	r3, r3, #262144
ARM GAS  /tmp/ccz37EXw.s 			page 5


 232 00c0 2360     		str	r3, [r4]
 233 00c2 CFE7     		b	.L112
 234              	.L28:
 235 00c4 23F48033 		bic	r3, r3, #65536
 236 00c8 2360     		str	r3, [r4]
 237 00ca 2368     		ldr	r3, [r4]
 238 00cc 23F48023 		bic	r3, r3, #262144
 239 00d0 CBE7     		b	.L109
 240              	.L19:
 241 00d2 674C     		ldr	r4, .L114
 242 00d4 6368     		ldr	r3, [r4, #4]
 243 00d6 13F00C0F 		tst	r3, #12
 244 00da 07D0     		beq	.L36
 245 00dc 6368     		ldr	r3, [r4, #4]
 246 00de 03F00C03 		and	r3, r3, #12
 247 00e2 082B     		cmp	r3, #8
 248 00e4 10D1     		bne	.L37
 249 00e6 6368     		ldr	r3, [r4, #4]
 250 00e8 DA03     		lsls	r2, r3, #15
 251 00ea 0DD4     		bmi	.L37
 252              	.L36:
 253 00ec 2368     		ldr	r3, [r4]
 254 00ee 9B07     		lsls	r3, r3, #30
 255 00f0 02D5     		bpl	.L110
 256 00f2 2B69     		ldr	r3, [r5, #16]
 257 00f4 012B     		cmp	r3, #1
 258 00f6 AFD1     		bne	.L17
 259              	.L110:
 260 00f8 2368     		ldr	r3, [r4]
 261 00fa 6A69     		ldr	r2, [r5, #20]
 262 00fc 23F0F803 		bic	r3, r3, #248
 263 0100 43EAC203 		orr	r3, r3, r2, lsl #3
 264 0104 2360     		str	r3, [r4]
 265 0106 85E7     		b	.L35
 266              	.L37:
 267 0108 2A69     		ldr	r2, [r5, #16]
 268 010a 5A4B     		ldr	r3, .L114+4
 269 010c 6AB1     		cbz	r2, .L39
 270 010e 0122     		movs	r2, #1
 271 0110 1A60     		str	r2, [r3]
 272 0112 FFF7FEFF 		bl	HAL_GetTick
 273 0116 0646     		mov	r6, r0
 274              	.L40:
 275 0118 2368     		ldr	r3, [r4]
 276 011a 9F07     		lsls	r7, r3, #30
 277 011c ECD4     		bmi	.L110
 278 011e FFF7FEFF 		bl	HAL_GetTick
 279 0122 801B     		subs	r0, r0, r6
 280 0124 0228     		cmp	r0, #2
 281 0126 F7D9     		bls	.L40
 282 0128 ABE7     		b	.L33
 283              	.L39:
 284 012a 1A60     		str	r2, [r3]
 285 012c FFF7FEFF 		bl	HAL_GetTick
 286 0130 0646     		mov	r6, r0
 287              	.L42:
 288 0132 2368     		ldr	r3, [r4]
ARM GAS  /tmp/ccz37EXw.s 			page 6


 289 0134 9807     		lsls	r0, r3, #30
 290 0136 7FF56DAF 		bpl	.L35
 291 013a FFF7FEFF 		bl	HAL_GetTick
 292 013e 801B     		subs	r0, r0, r6
 293 0140 0228     		cmp	r0, #2
 294 0142 F6D9     		bls	.L42
 295 0144 9DE7     		b	.L33
 296              	.L44:
 297 0146 AA69     		ldr	r2, [r5, #24]
 298 0148 494E     		ldr	r6, .L114
 299 014a 4B4B     		ldr	r3, .L114+8
 300 014c DAB1     		cbz	r2, .L47
 301 014e 0122     		movs	r2, #1
 302 0150 1A60     		str	r2, [r3]
 303 0152 FFF7FEFF 		bl	HAL_GetTick
 304 0156 0446     		mov	r4, r0
 305              	.L48:
 306 0158 736A     		ldr	r3, [r6, #36]
 307 015a 9B07     		lsls	r3, r3, #30
 308 015c 0DD5     		bpl	.L49
 309 015e 4FF4FA52 		mov	r2, #8000
 310 0162 464B     		ldr	r3, .L114+12
 311 0164 1B68     		ldr	r3, [r3]
 312 0166 B3FBF2F3 		udiv	r3, r3, r2
 313 016a 0193     		str	r3, [sp, #4]
 314              	.L50:
 315              		.syntax unified
 316              	@ 1370 "src/stm32f1xx_hal_rcc.c" 1
 317 016c 00BF     		nop
 318              	@ 0 "" 2
 319              		.thumb
 320              		.syntax unified
 321 016e 019B     		ldr	r3, [sp, #4]
 322 0170 5A1E     		subs	r2, r3, #1
 323 0172 0192     		str	r2, [sp, #4]
 324 0174 002B     		cmp	r3, #0
 325 0176 F9D1     		bne	.L50
 326 0178 50E7     		b	.L51
 327              	.L49:
 328 017a FFF7FEFF 		bl	HAL_GetTick
 329 017e 001B     		subs	r0, r0, r4
 330 0180 0228     		cmp	r0, #2
 331 0182 E9D9     		bls	.L48
 332 0184 7DE7     		b	.L33
 333              	.L47:
 334 0186 1A60     		str	r2, [r3]
 335 0188 FFF7FEFF 		bl	HAL_GetTick
 336 018c 0446     		mov	r4, r0
 337              	.L52:
 338 018e 736A     		ldr	r3, [r6, #36]
 339 0190 9F07     		lsls	r7, r3, #30
 340 0192 7FF543AF 		bpl	.L51
 341 0196 FFF7FEFF 		bl	HAL_GetTick
 342 019a 001B     		subs	r0, r0, r4
 343 019c 0228     		cmp	r0, #2
 344 019e F6D9     		bls	.L52
 345 01a0 6FE7     		b	.L33
ARM GAS  /tmp/ccz37EXw.s 			page 7


 346              	.L45:
 347 01a2 334C     		ldr	r4, .L114
 348 01a4 E369     		ldr	r3, [r4, #28]
 349 01a6 D800     		lsls	r0, r3, #3
 350 01a8 24D4     		bmi	.L83
 351 01aa 0127     		movs	r7, #1
 352 01ac E369     		ldr	r3, [r4, #28]
 353 01ae 43F08053 		orr	r3, r3, #268435456
 354 01b2 E361     		str	r3, [r4, #28]
 355 01b4 E369     		ldr	r3, [r4, #28]
 356 01b6 03F08053 		and	r3, r3, #268435456
 357 01ba 0093     		str	r3, [sp]
 358 01bc 009B     		ldr	r3, [sp]
 359              	.L55:
 360 01be 304E     		ldr	r6, .L114+16
 361 01c0 3368     		ldr	r3, [r6]
 362 01c2 D905     		lsls	r1, r3, #23
 363 01c4 18D5     		bpl	.L56
 364              	.L61:
 365 01c6 EB68     		ldr	r3, [r5, #12]
 366 01c8 012B     		cmp	r3, #1
 367 01ca 26D1     		bne	.L108
 368              	.L113:
 369 01cc 236A     		ldr	r3, [r4, #32]
 370 01ce 43F00103 		orr	r3, r3, #1
 371              	.L111:
 372 01d2 2362     		str	r3, [r4, #32]
 373 01d4 FFF7FEFF 		bl	HAL_GetTick
 374 01d8 41F28838 		movw	r8, #5000
 375 01dc 0646     		mov	r6, r0
 376              	.L67:
 377 01de 236A     		ldr	r3, [r4, #32]
 378 01e0 9B07     		lsls	r3, r3, #30
 379 01e2 3FD5     		bpl	.L68
 380              	.L71:
 381 01e4 002F     		cmp	r7, #0
 382 01e6 3FF41DAF 		beq	.L54
 383 01ea E369     		ldr	r3, [r4, #28]
 384 01ec 23F08053 		bic	r3, r3, #268435456
 385 01f0 E361     		str	r3, [r4, #28]
 386 01f2 17E7     		b	.L54
 387              	.L83:
 388 01f4 0027     		movs	r7, #0
 389 01f6 E2E7     		b	.L55
 390              	.L56:
 391 01f8 3368     		ldr	r3, [r6]
 392 01fa 43F48073 		orr	r3, r3, #256
 393 01fe 3360     		str	r3, [r6]
 394 0200 FFF7FEFF 		bl	HAL_GetTick
 395 0204 8046     		mov	r8, r0
 396              	.L59:
 397 0206 3368     		ldr	r3, [r6]
 398 0208 DA05     		lsls	r2, r3, #23
 399 020a DCD4     		bmi	.L61
 400 020c FFF7FEFF 		bl	HAL_GetTick
 401 0210 A0EB0800 		sub	r0, r0, r8
 402 0214 6428     		cmp	r0, #100
ARM GAS  /tmp/ccz37EXw.s 			page 8


 403 0216 F6D9     		bls	.L59
 404 0218 33E7     		b	.L33
 405              	.L108:
 406 021a ABB9     		cbnz	r3, .L63
 407 021c 236A     		ldr	r3, [r4, #32]
 408 021e 41F28838 		movw	r8, #5000
 409 0222 23F00103 		bic	r3, r3, #1
 410 0226 2362     		str	r3, [r4, #32]
 411 0228 236A     		ldr	r3, [r4, #32]
 412 022a 23F00403 		bic	r3, r3, #4
 413 022e 2362     		str	r3, [r4, #32]
 414 0230 FFF7FEFF 		bl	HAL_GetTick
 415 0234 0646     		mov	r6, r0
 416              	.L64:
 417 0236 236A     		ldr	r3, [r4, #32]
 418 0238 9807     		lsls	r0, r3, #30
 419 023a D3D5     		bpl	.L71
 420 023c FFF7FEFF 		bl	HAL_GetTick
 421 0240 801B     		subs	r0, r0, r6
 422 0242 4045     		cmp	r0, r8
 423 0244 F7D9     		bls	.L64
 424 0246 1CE7     		b	.L33
 425              	.L63:
 426 0248 052B     		cmp	r3, #5
 427 024a 236A     		ldr	r3, [r4, #32]
 428 024c 03D1     		bne	.L65
 429 024e 43F00403 		orr	r3, r3, #4
 430 0252 2362     		str	r3, [r4, #32]
 431 0254 BAE7     		b	.L113
 432              	.L65:
 433 0256 23F00103 		bic	r3, r3, #1
 434 025a 2362     		str	r3, [r4, #32]
 435 025c 236A     		ldr	r3, [r4, #32]
 436 025e 23F00403 		bic	r3, r3, #4
 437 0262 B6E7     		b	.L111
 438              	.L68:
 439 0264 FFF7FEFF 		bl	HAL_GetTick
 440 0268 801B     		subs	r0, r0, r6
 441 026a 4045     		cmp	r0, r8
 442 026c B7D9     		bls	.L67
 443 026e 08E7     		b	.L33
 444              	.L115:
 445              		.align	2
 446              	.L114:
 447 0270 00100240 		.word	1073876992
 448 0274 00004242 		.word	1111621632
 449 0278 80044242 		.word	1111622784
 450 027c 00000000 		.word	SystemCoreClock
 451 0280 00700040 		.word	1073770496
 452              	.L72:
 453 0284 2A4B     		ldr	r3, .L116
 454 0286 5A68     		ldr	r2, [r3, #4]
 455 0288 1C46     		mov	r4, r3
 456 028a 02F00C02 		and	r2, r2, #12
 457 028e 082A     		cmp	r2, #8
 458 0290 3DD0     		beq	.L73
 459 0292 0023     		movs	r3, #0
ARM GAS  /tmp/ccz37EXw.s 			page 9


 460 0294 274E     		ldr	r6, .L116+4
 461 0296 0228     		cmp	r0, #2
 462 0298 3360     		str	r3, [r6]
 463 029a 2BD1     		bne	.L74
 464 029c FFF7FEFF 		bl	HAL_GetTick
 465 02a0 0746     		mov	r7, r0
 466              	.L75:
 467 02a2 2368     		ldr	r3, [r4]
 468 02a4 9901     		lsls	r1, r3, #6
 469 02a6 1FD4     		bmi	.L76
 470 02a8 2B6A     		ldr	r3, [r5, #32]
 471 02aa B3F5803F 		cmp	r3, #65536
 472 02ae 05D1     		bne	.L77
 473 02b0 6268     		ldr	r2, [r4, #4]
 474 02b2 A968     		ldr	r1, [r5, #8]
 475 02b4 22F40032 		bic	r2, r2, #131072
 476 02b8 0A43     		orrs	r2, r2, r1
 477 02ba 6260     		str	r2, [r4, #4]
 478              	.L77:
 479 02bc 696A     		ldr	r1, [r5, #36]
 480 02be 6268     		ldr	r2, [r4, #4]
 481 02c0 0B43     		orrs	r3, r3, r1
 482 02c2 22F47412 		bic	r2, r2, #3997696
 483 02c6 1343     		orrs	r3, r3, r2
 484 02c8 6360     		str	r3, [r4, #4]
 485 02ca 0123     		movs	r3, #1
 486 02cc 3360     		str	r3, [r6]
 487 02ce FFF7FEFF 		bl	HAL_GetTick
 488 02d2 0546     		mov	r5, r0
 489              	.L78:
 490 02d4 2368     		ldr	r3, [r4]
 491 02d6 9A01     		lsls	r2, r3, #6
 492 02d8 3FF5A8AE 		bmi	.L80
 493 02dc FFF7FEFF 		bl	HAL_GetTick
 494 02e0 401B     		subs	r0, r0, r5
 495 02e2 0228     		cmp	r0, #2
 496 02e4 F6D9     		bls	.L78
 497 02e6 CCE6     		b	.L33
 498              	.L76:
 499 02e8 FFF7FEFF 		bl	HAL_GetTick
 500 02ec C01B     		subs	r0, r0, r7
 501 02ee 0228     		cmp	r0, #2
 502 02f0 D7D9     		bls	.L75
 503 02f2 C6E6     		b	.L33
 504              	.L74:
 505 02f4 FFF7FEFF 		bl	HAL_GetTick
 506 02f8 0546     		mov	r5, r0
 507              	.L81:
 508 02fa 2368     		ldr	r3, [r4]
 509 02fc 9B01     		lsls	r3, r3, #6
 510 02fe 7FF595AE 		bpl	.L80
 511 0302 FFF7FEFF 		bl	HAL_GetTick
 512 0306 401B     		subs	r0, r0, r5
 513 0308 0228     		cmp	r0, #2
 514 030a F6D9     		bls	.L81
 515 030c B9E6     		b	.L33
 516              	.L73:
ARM GAS  /tmp/ccz37EXw.s 			page 10


 517 030e 0128     		cmp	r0, #1
 518 0310 3FF4B8AE 		beq	.L31
 519 0314 5B68     		ldr	r3, [r3, #4]
 520 0316 2A6A     		ldr	r2, [r5, #32]
 521 0318 03F48031 		and	r1, r3, #65536
 522 031c 9142     		cmp	r1, r2
 523 031e 7FF49BAE 		bne	.L17
 524 0322 6A6A     		ldr	r2, [r5, #36]
 525 0324 03F47013 		and	r3, r3, #3932160
 526 0328 9342     		cmp	r3, r2
 527 032a 3FF47FAE 		beq	.L80
 528 032e 93E6     		b	.L17
 529              	.L117:
 530              		.align	2
 531              	.L116:
 532 0330 00100240 		.word	1073876992
 533 0334 60004242 		.word	1111621728
 535              		.section	.text.HAL_RCC_MCOConfig,"ax",%progbits
 536              		.align	1
 537              		.global	HAL_RCC_MCOConfig
 538              		.syntax unified
 539              		.thumb
 540              		.thumb_func
 541              		.fpu softvfp
 543              	HAL_RCC_MCOConfig:
 544              		@ args = 0, pretend = 0, frame = 24
 545              		@ frame_needed = 0, uses_anonymous_args = 0
 546 0000 0223     		movs	r3, #2
 547 0002 30B5     		push	{r4, r5, lr}
 548 0004 87B0     		sub	sp, sp, #28
 549 0006 0393     		str	r3, [sp, #12]
 550 0008 0D46     		mov	r5, r1
 551 000a 0023     		movs	r3, #0
 552 000c 0321     		movs	r1, #3
 553 000e CDE90431 		strd	r3, r1, [sp, #16]
 554 0012 4FF48073 		mov	r3, #256
 555 0016 0B4C     		ldr	r4, .L119
 556 0018 0293     		str	r3, [sp, #8]
 557 001a A369     		ldr	r3, [r4, #24]
 558 001c 0A48     		ldr	r0, .L119+4
 559 001e 43F00403 		orr	r3, r3, #4
 560 0022 A361     		str	r3, [r4, #24]
 561 0024 A369     		ldr	r3, [r4, #24]
 562 0026 02A9     		add	r1, sp, #8
 563 0028 03F00403 		and	r3, r3, #4
 564 002c 0193     		str	r3, [sp, #4]
 565 002e 019B     		ldr	r3, [sp, #4]
 566 0030 FFF7FEFF 		bl	HAL_GPIO_Init
 567 0034 6368     		ldr	r3, [r4, #4]
 568 0036 23F0E063 		bic	r3, r3, #117440512
 569 003a 2B43     		orrs	r3, r3, r5
 570 003c 6360     		str	r3, [r4, #4]
 571 003e 07B0     		add	sp, sp, #28
 572              		@ sp needed
 573 0040 30BD     		pop	{r4, r5, pc}
 574              	.L120:
 575 0042 00BF     		.align	2
ARM GAS  /tmp/ccz37EXw.s 			page 11


 576              	.L119:
 577 0044 00100240 		.word	1073876992
 578 0048 00080140 		.word	1073809408
 580              		.section	.text.HAL_RCC_EnableCSS,"ax",%progbits
 581              		.align	1
 582              		.global	HAL_RCC_EnableCSS
 583              		.syntax unified
 584              		.thumb
 585              		.thumb_func
 586              		.fpu softvfp
 588              	HAL_RCC_EnableCSS:
 589              		@ args = 0, pretend = 0, frame = 0
 590              		@ frame_needed = 0, uses_anonymous_args = 0
 591              		@ link register save eliminated.
 592 0000 0122     		movs	r2, #1
 593 0002 014B     		ldr	r3, .L122
 594 0004 1A60     		str	r2, [r3]
 595 0006 7047     		bx	lr
 596              	.L123:
 597              		.align	2
 598              	.L122:
 599 0008 4C004242 		.word	1111621708
 601              		.section	.text.HAL_RCC_DisableCSS,"ax",%progbits
 602              		.align	1
 603              		.global	HAL_RCC_DisableCSS
 604              		.syntax unified
 605              		.thumb
 606              		.thumb_func
 607              		.fpu softvfp
 609              	HAL_RCC_DisableCSS:
 610              		@ args = 0, pretend = 0, frame = 0
 611              		@ frame_needed = 0, uses_anonymous_args = 0
 612              		@ link register save eliminated.
 613 0000 0022     		movs	r2, #0
 614 0002 014B     		ldr	r3, .L125
 615 0004 1A60     		str	r2, [r3]
 616 0006 7047     		bx	lr
 617              	.L126:
 618              		.align	2
 619              	.L125:
 620 0008 4C004242 		.word	1111621708
 622              		.section	.rodata.HAL_RCC_GetSysClockFreq.str1.1,"aMS",%progbits,1
 623              	.LC0:
 624 0000 02030405 		.ascii	"\002\003\004\005\006\007\010\011\012\013\014\015\016"
 624      06070809 
 624      0A0B0C0D 
 624      0E
 625 000d 0F101000 		.ascii	"\017\020\020\000"
 626              		.section	.text.HAL_RCC_GetSysClockFreq,"ax",%progbits
 627              		.align	1
 628              		.global	HAL_RCC_GetSysClockFreq
 629              		.syntax unified
 630              		.thumb
 631              		.thumb_func
 632              		.fpu softvfp
 634              	HAL_RCC_GetSysClockFreq:
 635              		@ args = 0, pretend = 0, frame = 24
ARM GAS  /tmp/ccz37EXw.s 			page 12


 636              		@ frame_needed = 0, uses_anonymous_args = 0
 637 0000 30B5     		push	{r4, r5, lr}
 638 0002 1A4B     		ldr	r3, .L134
 639 0004 87B0     		sub	sp, sp, #28
 640 0006 02AC     		add	r4, sp, #8
 641 0008 03F11005 		add	r5, r3, #16
 642              	.L128:
 643 000c 2246     		mov	r2, r4
 644 000e 1868     		ldr	r0, [r3]	@ unaligned
 645 0010 5968     		ldr	r1, [r3, #4]	@ unaligned
 646 0012 0833     		adds	r3, r3, #8
 647 0014 03C2     		stmia	r2!, {r0, r1}
 648 0016 AB42     		cmp	r3, r5
 649 0018 1446     		mov	r4, r2
 650 001a F7D1     		bne	.L128
 651 001c 40F20123 		movw	r3, #513
 652 0020 1349     		ldr	r1, .L134+4
 653 0022 ADF80430 		strh	r3, [sp, #4]	@ movhi
 654 0026 4B68     		ldr	r3, [r1, #4]
 655 0028 03F00C02 		and	r2, r3, #12
 656 002c 042A     		cmp	r2, #4
 657 002e 19D0     		beq	.L131
 658 0030 082A     		cmp	r2, #8
 659 0032 19D1     		bne	.L132
 660 0034 C3F38342 		ubfx	r2, r3, #18, #4
 661 0038 06A8     		add	r0, sp, #24
 662 003a 0244     		add	r2, r2, r0
 663 003c DB03     		lsls	r3, r3, #15
 664 003e 12F8102C 		ldrb	r2, [r2, #-16]	@ zero_extendqisi2
 665 0042 0CD5     		bpl	.L130
 666 0044 4B68     		ldr	r3, [r1, #4]
 667 0046 0B48     		ldr	r0, .L134+8
 668 0048 C3F34043 		ubfx	r3, r3, #17, #1
 669 004c 5043     		muls	r0, r2, r0
 670 004e 06AA     		add	r2, sp, #24
 671 0050 1344     		add	r3, r3, r2
 672 0052 13F8143C 		ldrb	r3, [r3, #-20]	@ zero_extendqisi2
 673 0056 B0FBF3F0 		udiv	r0, r0, r3
 674              	.L127:
 675 005a 07B0     		add	sp, sp, #28
 676              		@ sp needed
 677 005c 30BD     		pop	{r4, r5, pc}
 678              	.L130:
 679 005e 0648     		ldr	r0, .L134+12
 680 0060 5043     		muls	r0, r2, r0
 681 0062 FAE7     		b	.L127
 682              	.L131:
 683 0064 0348     		ldr	r0, .L134+8
 684 0066 F8E7     		b	.L127
 685              	.L132:
 686 0068 0448     		ldr	r0, .L134+16
 687 006a F6E7     		b	.L127
 688              	.L135:
 689              		.align	2
 690              	.L134:
 691 006c 00000000 		.word	.LC0
 692 0070 00100240 		.word	1073876992
ARM GAS  /tmp/ccz37EXw.s 			page 13


 693 0074 0024F400 		.word	16000000
 694 0078 00093D00 		.word	4000000
 695 007c 00127A00 		.word	8000000
 697              		.section	.text.HAL_RCC_ClockConfig,"ax",%progbits
 698              		.align	1
 699              		.global	HAL_RCC_ClockConfig
 700              		.syntax unified
 701              		.thumb
 702              		.thumb_func
 703              		.fpu softvfp
 705              	HAL_RCC_ClockConfig:
 706              		@ args = 0, pretend = 0, frame = 0
 707              		@ frame_needed = 0, uses_anonymous_args = 0
 708 0000 2DE9F041 		push	{r4, r5, r6, r7, r8, lr}
 709 0004 0D46     		mov	r5, r1
 710 0006 0446     		mov	r4, r0
 711 0008 10B9     		cbnz	r0, .L137
 712              	.L142:
 713 000a 0120     		movs	r0, #1
 714              	.L138:
 715 000c BDE8F081 		pop	{r4, r5, r6, r7, r8, pc}
 716              	.L137:
 717 0010 444A     		ldr	r2, .L180
 718 0012 1368     		ldr	r3, [r2]
 719 0014 03F00703 		and	r3, r3, #7
 720 0018 8B42     		cmp	r3, r1
 721 001a 28D3     		bcc	.L139
 722              	.L143:
 723 001c 2168     		ldr	r1, [r4]
 724 001e 8E07     		lsls	r6, r1, #30
 725 0020 30D4     		bmi	.L140
 726              	.L141:
 727 0022 CA07     		lsls	r2, r1, #31
 728 0024 43D4     		bmi	.L146
 729              	.L154:
 730 0026 3F4A     		ldr	r2, .L180
 731 0028 1368     		ldr	r3, [r2]
 732 002a 03F00703 		and	r3, r3, #7
 733 002e AB42     		cmp	r3, r5
 734 0030 65D8     		bhi	.L147
 735              	.L148:
 736 0032 2268     		ldr	r2, [r4]
 737 0034 3C4D     		ldr	r5, .L180+4
 738 0036 12F0040F 		tst	r2, #4
 739 003a 6CD1     		bne	.L155
 740              	.L156:
 741 003c 1307     		lsls	r3, r2, #28
 742 003e 06D5     		bpl	.L157
 743 0040 6B68     		ldr	r3, [r5, #4]
 744 0042 2269     		ldr	r2, [r4, #16]
 745 0044 23F46053 		bic	r3, r3, #14336
 746 0048 43EAC203 		orr	r3, r3, r2, lsl #3
 747 004c 6B60     		str	r3, [r5, #4]
 748              	.L157:
 749 004e FFF7FEFF 		bl	HAL_RCC_GetSysClockFreq
 750 0052 6B68     		ldr	r3, [r5, #4]
 751 0054 354A     		ldr	r2, .L180+8
ARM GAS  /tmp/ccz37EXw.s 			page 14


 752 0056 C3F30313 		ubfx	r3, r3, #4, #4
 753 005a D35C     		ldrb	r3, [r2, r3]	@ zero_extendqisi2
 754 005c D840     		lsrs	r0, r0, r3
 755 005e 344B     		ldr	r3, .L180+12
 756 0060 1860     		str	r0, [r3]
 757 0062 344B     		ldr	r3, .L180+16
 758 0064 1868     		ldr	r0, [r3]
 759 0066 FFF7FEFF 		bl	HAL_InitTick
 760 006a 0020     		movs	r0, #0
 761 006c CEE7     		b	.L138
 762              	.L139:
 763 006e 1368     		ldr	r3, [r2]
 764 0070 23F00703 		bic	r3, r3, #7
 765 0074 0B43     		orrs	r3, r3, r1
 766 0076 1360     		str	r3, [r2]
 767 0078 1368     		ldr	r3, [r2]
 768 007a 03F00703 		and	r3, r3, #7
 769 007e 8B42     		cmp	r3, r1
 770 0080 C3D1     		bne	.L142
 771 0082 CBE7     		b	.L143
 772              	.L140:
 773 0084 284B     		ldr	r3, .L180+4
 774 0086 11F0040F 		tst	r1, #4
 775 008a 1EBF     		ittt	ne
 776 008c 5A68     		ldrne	r2, [r3, #4]
 777 008e 42F4E062 		orrne	r2, r2, #1792
 778 0092 5A60     		strne	r2, [r3, #4]
 779 0094 0807     		lsls	r0, r1, #28
 780 0096 42BF     		ittt	mi
 781 0098 5A68     		ldrmi	r2, [r3, #4]
 782 009a 42F46052 		orrmi	r2, r2, #14336
 783 009e 5A60     		strmi	r2, [r3, #4]
 784 00a0 5A68     		ldr	r2, [r3, #4]
 785 00a2 A068     		ldr	r0, [r4, #8]
 786 00a4 22F0F002 		bic	r2, r2, #240
 787 00a8 0243     		orrs	r2, r2, r0
 788 00aa 5A60     		str	r2, [r3, #4]
 789 00ac B9E7     		b	.L141
 790              	.L146:
 791 00ae 6268     		ldr	r2, [r4, #4]
 792 00b0 1D4E     		ldr	r6, .L180+4
 793 00b2 012A     		cmp	r2, #1
 794 00b4 3368     		ldr	r3, [r6]
 795 00b6 1AD1     		bne	.L149
 796 00b8 13F4003F 		tst	r3, #131072
 797              	.L178:
 798 00bc A5D0     		beq	.L142
 799 00be 7368     		ldr	r3, [r6, #4]
 800 00c0 41F28838 		movw	r8, #5000
 801 00c4 23F00303 		bic	r3, r3, #3
 802 00c8 1343     		orrs	r3, r3, r2
 803 00ca 7360     		str	r3, [r6, #4]
 804 00cc FFF7FEFF 		bl	HAL_GetTick
 805 00d0 0746     		mov	r7, r0
 806              	.L152:
 807 00d2 7368     		ldr	r3, [r6, #4]
 808 00d4 6268     		ldr	r2, [r4, #4]
ARM GAS  /tmp/ccz37EXw.s 			page 15


 809 00d6 03F00C03 		and	r3, r3, #12
 810 00da B3EB820F 		cmp	r3, r2, lsl #2
 811 00de A2D0     		beq	.L154
 812 00e0 FFF7FEFF 		bl	HAL_GetTick
 813 00e4 C01B     		subs	r0, r0, r7
 814 00e6 4045     		cmp	r0, r8
 815 00e8 F3D9     		bls	.L152
 816 00ea 0320     		movs	r0, #3
 817 00ec 8EE7     		b	.L138
 818              	.L149:
 819 00ee 022A     		cmp	r2, #2
 820 00f0 02D1     		bne	.L151
 821 00f2 13F0007F 		tst	r3, #33554432
 822 00f6 E1E7     		b	.L178
 823              	.L151:
 824 00f8 13F0020F 		tst	r3, #2
 825 00fc DEE7     		b	.L178
 826              	.L147:
 827 00fe 1368     		ldr	r3, [r2]
 828 0100 23F00703 		bic	r3, r3, #7
 829 0104 2B43     		orrs	r3, r3, r5
 830 0106 1360     		str	r3, [r2]
 831 0108 1368     		ldr	r3, [r2]
 832 010a 03F00703 		and	r3, r3, #7
 833 010e AB42     		cmp	r3, r5
 834 0110 7FF47BAF 		bne	.L142
 835 0114 8DE7     		b	.L148
 836              	.L155:
 837 0116 6B68     		ldr	r3, [r5, #4]
 838 0118 E168     		ldr	r1, [r4, #12]
 839 011a 23F4E063 		bic	r3, r3, #1792
 840 011e 0B43     		orrs	r3, r3, r1
 841 0120 6B60     		str	r3, [r5, #4]
 842 0122 8BE7     		b	.L156
 843              	.L181:
 844              		.align	2
 845              	.L180:
 846 0124 00200240 		.word	1073881088
 847 0128 00100240 		.word	1073876992
 848 012c 00000000 		.word	AHBPrescTable
 849 0130 00000000 		.word	SystemCoreClock
 850 0134 00000000 		.word	uwTickPrio
 852              		.section	.text.HAL_RCC_GetHCLKFreq,"ax",%progbits
 853              		.align	1
 854              		.global	HAL_RCC_GetHCLKFreq
 855              		.syntax unified
 856              		.thumb
 857              		.thumb_func
 858              		.fpu softvfp
 860              	HAL_RCC_GetHCLKFreq:
 861              		@ args = 0, pretend = 0, frame = 0
 862              		@ frame_needed = 0, uses_anonymous_args = 0
 863              		@ link register save eliminated.
 864 0000 014B     		ldr	r3, .L183
 865 0002 1868     		ldr	r0, [r3]
 866 0004 7047     		bx	lr
 867              	.L184:
ARM GAS  /tmp/ccz37EXw.s 			page 16


 868 0006 00BF     		.align	2
 869              	.L183:
 870 0008 00000000 		.word	SystemCoreClock
 872              		.section	.text.HAL_RCC_GetPCLK1Freq,"ax",%progbits
 873              		.align	1
 874              		.global	HAL_RCC_GetPCLK1Freq
 875              		.syntax unified
 876              		.thumb
 877              		.thumb_func
 878              		.fpu softvfp
 880              	HAL_RCC_GetPCLK1Freq:
 881              		@ args = 0, pretend = 0, frame = 0
 882              		@ frame_needed = 0, uses_anonymous_args = 0
 883              		@ link register save eliminated.
 884 0000 044B     		ldr	r3, .L186
 885 0002 054A     		ldr	r2, .L186+4
 886 0004 5B68     		ldr	r3, [r3, #4]
 887 0006 C3F30223 		ubfx	r3, r3, #8, #3
 888 000a D35C     		ldrb	r3, [r2, r3]	@ zero_extendqisi2
 889 000c 034A     		ldr	r2, .L186+8
 890 000e 1068     		ldr	r0, [r2]
 891 0010 D840     		lsrs	r0, r0, r3
 892 0012 7047     		bx	lr
 893              	.L187:
 894              		.align	2
 895              	.L186:
 896 0014 00100240 		.word	1073876992
 897 0018 00000000 		.word	APBPrescTable
 898 001c 00000000 		.word	SystemCoreClock
 900              		.section	.text.HAL_RCC_GetPCLK2Freq,"ax",%progbits
 901              		.align	1
 902              		.global	HAL_RCC_GetPCLK2Freq
 903              		.syntax unified
 904              		.thumb
 905              		.thumb_func
 906              		.fpu softvfp
 908              	HAL_RCC_GetPCLK2Freq:
 909              		@ args = 0, pretend = 0, frame = 0
 910              		@ frame_needed = 0, uses_anonymous_args = 0
 911              		@ link register save eliminated.
 912 0000 044B     		ldr	r3, .L189
 913 0002 054A     		ldr	r2, .L189+4
 914 0004 5B68     		ldr	r3, [r3, #4]
 915 0006 C3F3C223 		ubfx	r3, r3, #11, #3
 916 000a D35C     		ldrb	r3, [r2, r3]	@ zero_extendqisi2
 917 000c 034A     		ldr	r2, .L189+8
 918 000e 1068     		ldr	r0, [r2]
 919 0010 D840     		lsrs	r0, r0, r3
 920 0012 7047     		bx	lr
 921              	.L190:
 922              		.align	2
 923              	.L189:
 924 0014 00100240 		.word	1073876992
 925 0018 00000000 		.word	APBPrescTable
 926 001c 00000000 		.word	SystemCoreClock
 928              		.section	.text.HAL_RCC_GetOscConfig,"ax",%progbits
 929              		.align	1
ARM GAS  /tmp/ccz37EXw.s 			page 17


 930              		.global	HAL_RCC_GetOscConfig
 931              		.syntax unified
 932              		.thumb
 933              		.thumb_func
 934              		.fpu softvfp
 936              	HAL_RCC_GetOscConfig:
 937              		@ args = 0, pretend = 0, frame = 0
 938              		@ frame_needed = 0, uses_anonymous_args = 0
 939              		@ link register save eliminated.
 940 0000 0F23     		movs	r3, #15
 941 0002 0360     		str	r3, [r0]
 942 0004 1C4B     		ldr	r3, .L200
 943 0006 1A68     		ldr	r2, [r3]
 944 0008 5103     		lsls	r1, r2, #13
 945 000a 27D5     		bpl	.L192
 946 000c 4FF4A022 		mov	r2, #327680
 947              	.L194:
 948 0010 4260     		str	r2, [r0, #4]
 949 0012 5A68     		ldr	r2, [r3, #4]
 950 0014 02F40032 		and	r2, r2, #131072
 951 0018 8260     		str	r2, [r0, #8]
 952 001a 1A68     		ldr	r2, [r3]
 953 001c 02F00102 		and	r2, r2, #1
 954 0020 0261     		str	r2, [r0, #16]
 955 0022 1A68     		ldr	r2, [r3]
 956 0024 C2F3C402 		ubfx	r2, r2, #3, #5
 957 0028 4261     		str	r2, [r0, #20]
 958 002a 1A6A     		ldr	r2, [r3, #32]
 959 002c 5207     		lsls	r2, r2, #29
 960 002e 1CD5     		bpl	.L195
 961 0030 0522     		movs	r2, #5
 962              	.L197:
 963 0032 C260     		str	r2, [r0, #12]
 964 0034 5A6A     		ldr	r2, [r3, #36]
 965 0036 02F00102 		and	r2, r2, #1
 966 003a 8261     		str	r2, [r0, #24]
 967 003c 1A68     		ldr	r2, [r3]
 968 003e 12F0807F 		tst	r2, #16777216
 969 0042 14BF     		ite	ne
 970 0044 0222     		movne	r2, #2
 971 0046 0122     		moveq	r2, #1
 972 0048 C261     		str	r2, [r0, #28]
 973 004a 5A68     		ldr	r2, [r3, #4]
 974 004c 02F48032 		and	r2, r2, #65536
 975 0050 0262     		str	r2, [r0, #32]
 976 0052 5B68     		ldr	r3, [r3, #4]
 977 0054 03F47013 		and	r3, r3, #3932160
 978 0058 4362     		str	r3, [r0, #36]
 979 005a 7047     		bx	lr
 980              	.L192:
 981 005c 1A68     		ldr	r2, [r3]
 982 005e 12F48032 		ands	r2, r2, #65536
 983 0062 18BF     		it	ne
 984 0064 4FF48032 		movne	r2, #65536
 985 0068 D2E7     		b	.L194
 986              	.L195:
 987 006a 1A6A     		ldr	r2, [r3, #32]
ARM GAS  /tmp/ccz37EXw.s 			page 18


 988 006c 12F00102 		ands	r2, r2, #1
 989 0070 18BF     		it	ne
 990 0072 0122     		movne	r2, #1
 991 0074 DDE7     		b	.L197
 992              	.L201:
 993 0076 00BF     		.align	2
 994              	.L200:
 995 0078 00100240 		.word	1073876992
 997              		.section	.text.HAL_RCC_GetClockConfig,"ax",%progbits
 998              		.align	1
 999              		.global	HAL_RCC_GetClockConfig
 1000              		.syntax unified
 1001              		.thumb
 1002              		.thumb_func
 1003              		.fpu softvfp
 1005              	HAL_RCC_GetClockConfig:
 1006              		@ args = 0, pretend = 0, frame = 0
 1007              		@ frame_needed = 0, uses_anonymous_args = 0
 1008              		@ link register save eliminated.
 1009 0000 0F23     		movs	r3, #15
 1010 0002 0360     		str	r3, [r0]
 1011 0004 0B4B     		ldr	r3, .L203
 1012 0006 5A68     		ldr	r2, [r3, #4]
 1013 0008 02F00302 		and	r2, r2, #3
 1014 000c 4260     		str	r2, [r0, #4]
 1015 000e 5A68     		ldr	r2, [r3, #4]
 1016 0010 02F0F002 		and	r2, r2, #240
 1017 0014 8260     		str	r2, [r0, #8]
 1018 0016 5A68     		ldr	r2, [r3, #4]
 1019 0018 02F4E062 		and	r2, r2, #1792
 1020 001c C260     		str	r2, [r0, #12]
 1021 001e 5B68     		ldr	r3, [r3, #4]
 1022 0020 DB08     		lsrs	r3, r3, #3
 1023 0022 03F4E063 		and	r3, r3, #1792
 1024 0026 0361     		str	r3, [r0, #16]
 1025 0028 034B     		ldr	r3, .L203+4
 1026 002a 1B68     		ldr	r3, [r3]
 1027 002c 03F00703 		and	r3, r3, #7
 1028 0030 0B60     		str	r3, [r1]
 1029 0032 7047     		bx	lr
 1030              	.L204:
 1031              		.align	2
 1032              	.L203:
 1033 0034 00100240 		.word	1073876992
 1034 0038 00200240 		.word	1073881088
 1036              		.section	.text.HAL_RCC_CSSCallback,"ax",%progbits
 1037              		.align	1
 1038              		.weak	HAL_RCC_CSSCallback
 1039              		.syntax unified
 1040              		.thumb
 1041              		.thumb_func
 1042              		.fpu softvfp
 1044              	HAL_RCC_CSSCallback:
 1045              		@ args = 0, pretend = 0, frame = 0
 1046              		@ frame_needed = 0, uses_anonymous_args = 0
 1047              		@ link register save eliminated.
 1048 0000 7047     		bx	lr
ARM GAS  /tmp/ccz37EXw.s 			page 19


 1050              		.section	.text.HAL_RCC_NMI_IRQHandler,"ax",%progbits
 1051              		.align	1
 1052              		.global	HAL_RCC_NMI_IRQHandler
 1053              		.syntax unified
 1054              		.thumb
 1055              		.thumb_func
 1056              		.fpu softvfp
 1058              	HAL_RCC_NMI_IRQHandler:
 1059              		@ args = 0, pretend = 0, frame = 0
 1060              		@ frame_needed = 0, uses_anonymous_args = 0
 1061 0000 08B5     		push	{r3, lr}
 1062 0002 054B     		ldr	r3, .L211
 1063 0004 9B68     		ldr	r3, [r3, #8]
 1064 0006 1B06     		lsls	r3, r3, #24
 1065 0008 04D5     		bpl	.L206
 1066 000a FFF7FEFF 		bl	HAL_RCC_CSSCallback
 1067 000e 8022     		movs	r2, #128
 1068 0010 024B     		ldr	r3, .L211+4
 1069 0012 1A70     		strb	r2, [r3]
 1070              	.L206:
 1071 0014 08BD     		pop	{r3, pc}
 1072              	.L212:
 1073 0016 00BF     		.align	2
 1074              	.L211:
 1075 0018 00100240 		.word	1073876992
 1076 001c 0A100240 		.word	1073877002
 1078              		.ident	"GCC: (GNU Tools for Arm Embedded Processors 9-2019-q4-major) 9.2.1 20191025 (release) [ARM
ARM GAS  /tmp/ccz37EXw.s 			page 20


DEFINED SYMBOLS
                            *ABS*:0000000000000000 stm32f1xx_hal_rcc.c
     /tmp/ccz37EXw.s:14     .text.HAL_RCC_DeInit:0000000000000000 $t
     /tmp/ccz37EXw.s:22     .text.HAL_RCC_DeInit:0000000000000000 HAL_RCC_DeInit
     /tmp/ccz37EXw.s:119    .text.HAL_RCC_DeInit:00000000000000c8 $d
     /tmp/ccz37EXw.s:125    .text.HAL_RCC_OscConfig:0000000000000000 $t
     /tmp/ccz37EXw.s:132    .text.HAL_RCC_OscConfig:0000000000000000 HAL_RCC_OscConfig
     /tmp/ccz37EXw.s:447    .text.HAL_RCC_OscConfig:0000000000000270 $d
     /tmp/ccz37EXw.s:453    .text.HAL_RCC_OscConfig:0000000000000284 $t
     /tmp/ccz37EXw.s:532    .text.HAL_RCC_OscConfig:0000000000000330 $d
     /tmp/ccz37EXw.s:536    .text.HAL_RCC_MCOConfig:0000000000000000 $t
     /tmp/ccz37EXw.s:543    .text.HAL_RCC_MCOConfig:0000000000000000 HAL_RCC_MCOConfig
     /tmp/ccz37EXw.s:577    .text.HAL_RCC_MCOConfig:0000000000000044 $d
     /tmp/ccz37EXw.s:581    .text.HAL_RCC_EnableCSS:0000000000000000 $t
     /tmp/ccz37EXw.s:588    .text.HAL_RCC_EnableCSS:0000000000000000 HAL_RCC_EnableCSS
     /tmp/ccz37EXw.s:599    .text.HAL_RCC_EnableCSS:0000000000000008 $d
     /tmp/ccz37EXw.s:602    .text.HAL_RCC_DisableCSS:0000000000000000 $t
     /tmp/ccz37EXw.s:609    .text.HAL_RCC_DisableCSS:0000000000000000 HAL_RCC_DisableCSS
     /tmp/ccz37EXw.s:620    .text.HAL_RCC_DisableCSS:0000000000000008 $d
     /tmp/ccz37EXw.s:627    .text.HAL_RCC_GetSysClockFreq:0000000000000000 $t
     /tmp/ccz37EXw.s:634    .text.HAL_RCC_GetSysClockFreq:0000000000000000 HAL_RCC_GetSysClockFreq
     /tmp/ccz37EXw.s:691    .text.HAL_RCC_GetSysClockFreq:000000000000006c $d
     /tmp/ccz37EXw.s:698    .text.HAL_RCC_ClockConfig:0000000000000000 $t
     /tmp/ccz37EXw.s:705    .text.HAL_RCC_ClockConfig:0000000000000000 HAL_RCC_ClockConfig
     /tmp/ccz37EXw.s:846    .text.HAL_RCC_ClockConfig:0000000000000124 $d
     /tmp/ccz37EXw.s:853    .text.HAL_RCC_GetHCLKFreq:0000000000000000 $t
     /tmp/ccz37EXw.s:860    .text.HAL_RCC_GetHCLKFreq:0000000000000000 HAL_RCC_GetHCLKFreq
     /tmp/ccz37EXw.s:870    .text.HAL_RCC_GetHCLKFreq:0000000000000008 $d
     /tmp/ccz37EXw.s:873    .text.HAL_RCC_GetPCLK1Freq:0000000000000000 $t
     /tmp/ccz37EXw.s:880    .text.HAL_RCC_GetPCLK1Freq:0000000000000000 HAL_RCC_GetPCLK1Freq
     /tmp/ccz37EXw.s:896    .text.HAL_RCC_GetPCLK1Freq:0000000000000014 $d
     /tmp/ccz37EXw.s:901    .text.HAL_RCC_GetPCLK2Freq:0000000000000000 $t
     /tmp/ccz37EXw.s:908    .text.HAL_RCC_GetPCLK2Freq:0000000000000000 HAL_RCC_GetPCLK2Freq
     /tmp/ccz37EXw.s:924    .text.HAL_RCC_GetPCLK2Freq:0000000000000014 $d
     /tmp/ccz37EXw.s:929    .text.HAL_RCC_GetOscConfig:0000000000000000 $t
     /tmp/ccz37EXw.s:936    .text.HAL_RCC_GetOscConfig:0000000000000000 HAL_RCC_GetOscConfig
     /tmp/ccz37EXw.s:995    .text.HAL_RCC_GetOscConfig:0000000000000078 $d
     /tmp/ccz37EXw.s:998    .text.HAL_RCC_GetClockConfig:0000000000000000 $t
     /tmp/ccz37EXw.s:1005   .text.HAL_RCC_GetClockConfig:0000000000000000 HAL_RCC_GetClockConfig
     /tmp/ccz37EXw.s:1033   .text.HAL_RCC_GetClockConfig:0000000000000034 $d
     /tmp/ccz37EXw.s:1037   .text.HAL_RCC_CSSCallback:0000000000000000 $t
     /tmp/ccz37EXw.s:1044   .text.HAL_RCC_CSSCallback:0000000000000000 HAL_RCC_CSSCallback
     /tmp/ccz37EXw.s:1051   .text.HAL_RCC_NMI_IRQHandler:0000000000000000 $t
     /tmp/ccz37EXw.s:1058   .text.HAL_RCC_NMI_IRQHandler:0000000000000000 HAL_RCC_NMI_IRQHandler
     /tmp/ccz37EXw.s:1075   .text.HAL_RCC_NMI_IRQHandler:0000000000000018 $d

UNDEFINED SYMBOLS
HAL_GetTick
HAL_InitTick
SystemCoreClock
uwTickPrio
HAL_GPIO_Init
AHBPrescTable
APBPrescTable
