ARM GAS  /tmp/cc55D8Qx.s 			page 1


   1              		.cpu cortex-m3
   2              		.eabi_attribute 20, 1
   3              		.eabi_attribute 21, 1
   4              		.eabi_attribute 23, 3
   5              		.eabi_attribute 24, 1
   6              		.eabi_attribute 25, 1
   7              		.eabi_attribute 26, 1
   8              		.eabi_attribute 30, 4
   9              		.eabi_attribute 34, 1
  10              		.eabi_attribute 18, 4
  11              		.file	"stm32f1xx_hal_crc.c"
  12              		.text
  13              		.section	.text.HAL_CRC_MspInit,"ax",%progbits
  14              		.align	1
  15              		.weak	HAL_CRC_MspInit
  16              		.arch armv7-m
  17              		.syntax unified
  18              		.thumb
  19              		.thumb_func
  20              		.fpu softvfp
  22              	HAL_CRC_MspInit:
  23              		@ args = 0, pretend = 0, frame = 0
  24              		@ frame_needed = 0, uses_anonymous_args = 0
  25              		@ link register save eliminated.
  26 0000 7047     		bx	lr
  28              		.section	.text.HAL_CRC_Init,"ax",%progbits
  29              		.align	1
  30              		.global	HAL_CRC_Init
  31              		.syntax unified
  32              		.thumb
  33              		.thumb_func
  34              		.fpu softvfp
  36              	HAL_CRC_Init:
  37              		@ args = 0, pretend = 0, frame = 0
  38              		@ frame_needed = 0, uses_anonymous_args = 0
  39 0000 10B5     		push	{r4, lr}
  40 0002 0446     		mov	r4, r0
  41 0004 50B1     		cbz	r0, .L5
  42 0006 4379     		ldrb	r3, [r0, #5]	@ zero_extendqisi2
  43 0008 03F0FF02 		and	r2, r3, #255
  44 000c 13B9     		cbnz	r3, .L4
  45 000e 0271     		strb	r2, [r0, #4]
  46 0010 FFF7FEFF 		bl	HAL_CRC_MspInit
  47              	.L4:
  48 0014 0123     		movs	r3, #1
  49 0016 0020     		movs	r0, #0
  50 0018 6371     		strb	r3, [r4, #5]
  51              	.L3:
  52 001a 10BD     		pop	{r4, pc}
  53              	.L5:
  54 001c 0120     		movs	r0, #1
  55 001e FCE7     		b	.L3
  57              		.section	.text.HAL_CRC_MspDeInit,"ax",%progbits
  58              		.align	1
  59              		.weak	HAL_CRC_MspDeInit
  60              		.syntax unified
  61              		.thumb
ARM GAS  /tmp/cc55D8Qx.s 			page 2


  62              		.thumb_func
  63              		.fpu softvfp
  65              	HAL_CRC_MspDeInit:
  66              		@ args = 0, pretend = 0, frame = 0
  67              		@ frame_needed = 0, uses_anonymous_args = 0
  68              		@ link register save eliminated.
  69 0000 7047     		bx	lr
  71              		.section	.text.HAL_CRC_DeInit,"ax",%progbits
  72              		.align	1
  73              		.global	HAL_CRC_DeInit
  74              		.syntax unified
  75              		.thumb
  76              		.thumb_func
  77              		.fpu softvfp
  79              	HAL_CRC_DeInit:
  80              		@ args = 0, pretend = 0, frame = 0
  81              		@ frame_needed = 0, uses_anonymous_args = 0
  82 0000 38B5     		push	{r3, r4, r5, lr}
  83 0002 0546     		mov	r5, r0
  84 0004 98B1     		cbz	r0, .L9
  85 0006 4379     		ldrb	r3, [r0, #5]	@ zero_extendqisi2
  86 0008 022B     		cmp	r3, #2
  87 000a DCB2     		uxtb	r4, r3
  88 000c 0DD0     		beq	.L8
  89 000e 0223     		movs	r3, #2
  90 0010 0024     		movs	r4, #0
  91 0012 4371     		strb	r3, [r0, #5]
  92 0014 0368     		ldr	r3, [r0]
  93 0016 9A68     		ldr	r2, [r3, #8]
  94 0018 42F00102 		orr	r2, r2, #1
  95 001c 9A60     		str	r2, [r3, #8]
  96 001e 1A79     		ldrb	r2, [r3, #4]	@ zero_extendqisi2
  97 0020 1C71     		strb	r4, [r3, #4]
  98 0022 FFF7FEFF 		bl	HAL_CRC_MspDeInit
  99 0026 6C71     		strb	r4, [r5, #5]
 100 0028 2C71     		strb	r4, [r5, #4]
 101              	.L8:
 102 002a 2046     		mov	r0, r4
 103 002c 38BD     		pop	{r3, r4, r5, pc}
 104              	.L9:
 105 002e 0124     		movs	r4, #1
 106 0030 FBE7     		b	.L8
 108              		.section	.text.HAL_CRC_Accumulate,"ax",%progbits
 109              		.align	1
 110              		.global	HAL_CRC_Accumulate
 111              		.syntax unified
 112              		.thumb
 113              		.thumb_func
 114              		.fpu softvfp
 116              	HAL_CRC_Accumulate:
 117              		@ args = 0, pretend = 0, frame = 0
 118              		@ frame_needed = 0, uses_anonymous_args = 0
 119 0000 0346     		mov	r3, r0
 120 0002 0220     		movs	r0, #2
 121 0004 10B5     		push	{r4, lr}
 122 0006 5871     		strb	r0, [r3, #5]
 123 0008 1868     		ldr	r0, [r3]
ARM GAS  /tmp/cc55D8Qx.s 			page 3


 124 000a 01EB8202 		add	r2, r1, r2, lsl #2
 125              	.L14:
 126 000e 9142     		cmp	r1, r2
 127 0010 03D1     		bne	.L15
 128 0012 0122     		movs	r2, #1
 129 0014 0068     		ldr	r0, [r0]
 130 0016 5A71     		strb	r2, [r3, #5]
 131 0018 10BD     		pop	{r4, pc}
 132              	.L15:
 133 001a 51F8044B 		ldr	r4, [r1], #4
 134 001e 0460     		str	r4, [r0]
 135 0020 F5E7     		b	.L14
 137              		.section	.text.HAL_CRC_Calculate,"ax",%progbits
 138              		.align	1
 139              		.global	HAL_CRC_Calculate
 140              		.syntax unified
 141              		.thumb
 142              		.thumb_func
 143              		.fpu softvfp
 145              	HAL_CRC_Calculate:
 146              		@ args = 0, pretend = 0, frame = 0
 147              		@ frame_needed = 0, uses_anonymous_args = 0
 148 0000 0346     		mov	r3, r0
 149 0002 0220     		movs	r0, #2
 150 0004 5871     		strb	r0, [r3, #5]
 151 0006 1868     		ldr	r0, [r3]
 152 0008 10B5     		push	{r4, lr}
 153 000a 8468     		ldr	r4, [r0, #8]
 154 000c 01EB8202 		add	r2, r1, r2, lsl #2
 155 0010 44F00104 		orr	r4, r4, #1
 156 0014 8460     		str	r4, [r0, #8]
 157              	.L17:
 158 0016 9142     		cmp	r1, r2
 159 0018 03D1     		bne	.L18
 160 001a 0122     		movs	r2, #1
 161 001c 0068     		ldr	r0, [r0]
 162 001e 5A71     		strb	r2, [r3, #5]
 163 0020 10BD     		pop	{r4, pc}
 164              	.L18:
 165 0022 51F8044B 		ldr	r4, [r1], #4
 166 0026 0460     		str	r4, [r0]
 167 0028 F5E7     		b	.L17
 169              		.section	.text.HAL_CRC_GetState,"ax",%progbits
 170              		.align	1
 171              		.global	HAL_CRC_GetState
 172              		.syntax unified
 173              		.thumb
 174              		.thumb_func
 175              		.fpu softvfp
 177              	HAL_CRC_GetState:
 178              		@ args = 0, pretend = 0, frame = 0
 179              		@ frame_needed = 0, uses_anonymous_args = 0
 180              		@ link register save eliminated.
 181 0000 4079     		ldrb	r0, [r0, #5]	@ zero_extendqisi2
 182 0002 7047     		bx	lr
 184              		.ident	"GCC: (GNU Tools for Arm Embedded Processors 9-2019-q4-major) 9.2.1 20191025 (release) [ARM
ARM GAS  /tmp/cc55D8Qx.s 			page 4


DEFINED SYMBOLS
                            *ABS*:0000000000000000 stm32f1xx_hal_crc.c
     /tmp/cc55D8Qx.s:14     .text.HAL_CRC_MspInit:0000000000000000 $t
     /tmp/cc55D8Qx.s:22     .text.HAL_CRC_MspInit:0000000000000000 HAL_CRC_MspInit
     /tmp/cc55D8Qx.s:29     .text.HAL_CRC_Init:0000000000000000 $t
     /tmp/cc55D8Qx.s:36     .text.HAL_CRC_Init:0000000000000000 HAL_CRC_Init
     /tmp/cc55D8Qx.s:58     .text.HAL_CRC_MspDeInit:0000000000000000 $t
     /tmp/cc55D8Qx.s:65     .text.HAL_CRC_MspDeInit:0000000000000000 HAL_CRC_MspDeInit
     /tmp/cc55D8Qx.s:72     .text.HAL_CRC_DeInit:0000000000000000 $t
     /tmp/cc55D8Qx.s:79     .text.HAL_CRC_DeInit:0000000000000000 HAL_CRC_DeInit
     /tmp/cc55D8Qx.s:109    .text.HAL_CRC_Accumulate:0000000000000000 $t
     /tmp/cc55D8Qx.s:116    .text.HAL_CRC_Accumulate:0000000000000000 HAL_CRC_Accumulate
     /tmp/cc55D8Qx.s:138    .text.HAL_CRC_Calculate:0000000000000000 $t
     /tmp/cc55D8Qx.s:145    .text.HAL_CRC_Calculate:0000000000000000 HAL_CRC_Calculate
     /tmp/cc55D8Qx.s:170    .text.HAL_CRC_GetState:0000000000000000 $t
     /tmp/cc55D8Qx.s:177    .text.HAL_CRC_GetState:0000000000000000 HAL_CRC_GetState

NO UNDEFINED SYMBOLS
