ARM GAS  /tmp/ccyFdaTw.s 			page 1


   1              		.cpu cortex-m3
   2              		.eabi_attribute 20, 1
   3              		.eabi_attribute 21, 1
   4              		.eabi_attribute 23, 3
   5              		.eabi_attribute 24, 1
   6              		.eabi_attribute 25, 1
   7              		.eabi_attribute 26, 1
   8              		.eabi_attribute 30, 4
   9              		.eabi_attribute 34, 1
  10              		.eabi_attribute 18, 4
  11              		.file	"stm32f1xx_hal_sram.c"
  12              		.text
  13              		.section	.text.HAL_SRAM_MspInit,"ax",%progbits
  14              		.align	1
  15              		.weak	HAL_SRAM_MspInit
  16              		.arch armv7-m
  17              		.syntax unified
  18              		.thumb
  19              		.thumb_func
  20              		.fpu softvfp
  22              	HAL_SRAM_MspInit:
  23              		@ args = 0, pretend = 0, frame = 0
  24              		@ frame_needed = 0, uses_anonymous_args = 0
  25              		@ link register save eliminated.
  26 0000 7047     		bx	lr
  28              		.section	.text.HAL_SRAM_Init,"ax",%progbits
  29              		.align	1
  30              		.global	HAL_SRAM_Init
  31              		.syntax unified
  32              		.thumb
  33              		.thumb_func
  34              		.fpu softvfp
  36              	HAL_SRAM_Init:
  37              		@ args = 0, pretend = 0, frame = 0
  38              		@ frame_needed = 0, uses_anonymous_args = 0
  39 0000 70B5     		push	{r4, r5, r6, lr}
  40 0002 0E46     		mov	r6, r1
  41 0004 1546     		mov	r5, r2
  42 0006 0446     		mov	r4, r0
  43 0008 28B3     		cbz	r0, .L5
  44 000a 90F84130 		ldrb	r3, [r0, #65]	@ zero_extendqisi2
  45 000e 03F0FF02 		and	r2, r3, #255
  46 0012 1BB9     		cbnz	r3, .L4
  47 0014 80F84020 		strb	r2, [r0, #64]
  48 0018 FFF7FEFF 		bl	HAL_SRAM_MspInit
  49              	.L4:
  50 001c 04F10801 		add	r1, r4, #8
  51 0020 2068     		ldr	r0, [r4]
  52 0022 FFF7FEFF 		bl	FSMC_NORSRAM_Init
  53 0026 3146     		mov	r1, r6
  54 0028 A268     		ldr	r2, [r4, #8]
  55 002a 2068     		ldr	r0, [r4]
  56 002c FFF7FEFF 		bl	FSMC_NORSRAM_Timing_Init
  57 0030 2946     		mov	r1, r5
  58 0032 236B     		ldr	r3, [r4, #48]
  59 0034 A268     		ldr	r2, [r4, #8]
  60 0036 6068     		ldr	r0, [r4, #4]
ARM GAS  /tmp/ccyFdaTw.s 			page 2


  61 0038 FFF7FEFF 		bl	FSMC_NORSRAM_Extended_Timing_Init
  62 003c A168     		ldr	r1, [r4, #8]
  63 003e 2268     		ldr	r2, [r4]
  64 0040 0020     		movs	r0, #0
  65 0042 52F82130 		ldr	r3, [r2, r1, lsl #2]
  66 0046 43F00103 		orr	r3, r3, #1
  67 004a 42F82130 		str	r3, [r2, r1, lsl #2]
  68 004e 0123     		movs	r3, #1
  69 0050 84F84130 		strb	r3, [r4, #65]
  70              	.L3:
  71 0054 70BD     		pop	{r4, r5, r6, pc}
  72              	.L5:
  73 0056 0120     		movs	r0, #1
  74 0058 FCE7     		b	.L3
  76              		.section	.text.HAL_SRAM_MspDeInit,"ax",%progbits
  77              		.align	1
  78              		.weak	HAL_SRAM_MspDeInit
  79              		.syntax unified
  80              		.thumb
  81              		.thumb_func
  82              		.fpu softvfp
  84              	HAL_SRAM_MspDeInit:
  85              		@ args = 0, pretend = 0, frame = 0
  86              		@ frame_needed = 0, uses_anonymous_args = 0
  87              		@ link register save eliminated.
  88 0000 7047     		bx	lr
  90              		.section	.text.HAL_SRAM_DeInit,"ax",%progbits
  91              		.align	1
  92              		.global	HAL_SRAM_DeInit
  93              		.syntax unified
  94              		.thumb
  95              		.thumb_func
  96              		.fpu softvfp
  98              	HAL_SRAM_DeInit:
  99              		@ args = 0, pretend = 0, frame = 0
 100              		@ frame_needed = 0, uses_anonymous_args = 0
 101 0000 10B5     		push	{r4, lr}
 102 0002 0446     		mov	r4, r0
 103 0004 FFF7FEFF 		bl	HAL_SRAM_MspDeInit
 104 0008 D4E90112 		ldrd	r1, r2, [r4, #4]
 105 000c 2068     		ldr	r0, [r4]
 106 000e FFF7FEFF 		bl	FSMC_NORSRAM_DeInit
 107 0012 0020     		movs	r0, #0
 108 0014 84F84100 		strb	r0, [r4, #65]
 109 0018 84F84000 		strb	r0, [r4, #64]
 110 001c 10BD     		pop	{r4, pc}
 112              		.section	.text.HAL_SRAM_DMA_XferCpltCallback,"ax",%progbits
 113              		.align	1
 114              		.weak	HAL_SRAM_DMA_XferCpltCallback
 115              		.syntax unified
 116              		.thumb
 117              		.thumb_func
 118              		.fpu softvfp
 120              	HAL_SRAM_DMA_XferCpltCallback:
 121              		@ args = 0, pretend = 0, frame = 0
 122              		@ frame_needed = 0, uses_anonymous_args = 0
 123              		@ link register save eliminated.
ARM GAS  /tmp/ccyFdaTw.s 			page 3


 124 0000 7047     		bx	lr
 126              		.section	.text.SRAM_DMACpltProt,"ax",%progbits
 127              		.align	1
 128              		.syntax unified
 129              		.thumb
 130              		.thumb_func
 131              		.fpu softvfp
 133              	SRAM_DMACpltProt:
 134              		@ args = 0, pretend = 0, frame = 0
 135              		@ frame_needed = 0, uses_anonymous_args = 0
 136 0000 0268     		ldr	r2, [r0]
 137 0002 08B5     		push	{r3, lr}
 138 0004 1368     		ldr	r3, [r2]
 139 0006 416A     		ldr	r1, [r0, #36]
 140 0008 23F00103 		bic	r3, r3, #1
 141 000c 1360     		str	r3, [r2]
 142 000e 0423     		movs	r3, #4
 143 0010 81F84130 		strb	r3, [r1, #65]
 144 0014 FFF7FEFF 		bl	HAL_SRAM_DMA_XferCpltCallback
 145 0018 08BD     		pop	{r3, pc}
 147              		.section	.text.SRAM_DMACplt,"ax",%progbits
 148              		.align	1
 149              		.syntax unified
 150              		.thumb
 151              		.thumb_func
 152              		.fpu softvfp
 154              	SRAM_DMACplt:
 155              		@ args = 0, pretend = 0, frame = 0
 156              		@ frame_needed = 0, uses_anonymous_args = 0
 157 0000 0268     		ldr	r2, [r0]
 158 0002 08B5     		push	{r3, lr}
 159 0004 1368     		ldr	r3, [r2]
 160 0006 416A     		ldr	r1, [r0, #36]
 161 0008 23F00103 		bic	r3, r3, #1
 162 000c 1360     		str	r3, [r2]
 163 000e 0123     		movs	r3, #1
 164 0010 81F84130 		strb	r3, [r1, #65]
 165 0014 FFF7FEFF 		bl	HAL_SRAM_DMA_XferCpltCallback
 166 0018 08BD     		pop	{r3, pc}
 168              		.section	.text.HAL_SRAM_DMA_XferErrorCallback,"ax",%progbits
 169              		.align	1
 170              		.weak	HAL_SRAM_DMA_XferErrorCallback
 171              		.syntax unified
 172              		.thumb
 173              		.thumb_func
 174              		.fpu softvfp
 176              	HAL_SRAM_DMA_XferErrorCallback:
 177              		@ args = 0, pretend = 0, frame = 0
 178              		@ frame_needed = 0, uses_anonymous_args = 0
 179              		@ link register save eliminated.
 180 0000 7047     		bx	lr
 182              		.section	.text.SRAM_DMAError,"ax",%progbits
 183              		.align	1
 184              		.syntax unified
 185              		.thumb
 186              		.thumb_func
 187              		.fpu softvfp
ARM GAS  /tmp/ccyFdaTw.s 			page 4


 189              	SRAM_DMAError:
 190              		@ args = 0, pretend = 0, frame = 0
 191              		@ frame_needed = 0, uses_anonymous_args = 0
 192 0000 0268     		ldr	r2, [r0]
 193 0002 08B5     		push	{r3, lr}
 194 0004 1368     		ldr	r3, [r2]
 195 0006 416A     		ldr	r1, [r0, #36]
 196 0008 23F00103 		bic	r3, r3, #1
 197 000c 1360     		str	r3, [r2]
 198 000e 0323     		movs	r3, #3
 199 0010 81F84130 		strb	r3, [r1, #65]
 200 0014 FFF7FEFF 		bl	HAL_SRAM_DMA_XferErrorCallback
 201 0018 08BD     		pop	{r3, pc}
 203              		.section	.text.HAL_SRAM_Read_8b,"ax",%progbits
 204              		.align	1
 205              		.global	HAL_SRAM_Read_8b
 206              		.syntax unified
 207              		.thumb
 208              		.thumb_func
 209              		.fpu softvfp
 211              	HAL_SRAM_Read_8b:
 212              		@ args = 0, pretend = 0, frame = 0
 213              		@ frame_needed = 0, uses_anonymous_args = 0
 214 0000 70B5     		push	{r4, r5, r6, lr}
 215 0002 0446     		mov	r4, r0
 216 0004 90F84100 		ldrb	r0, [r0, #65]	@ zero_extendqisi2
 217 0008 0128     		cmp	r0, #1
 218 000a C5B2     		uxtb	r5, r0
 219 000c 01D0     		beq	.L14
 220 000e 042D     		cmp	r5, #4
 221 0010 18D1     		bne	.L18
 222              	.L14:
 223 0012 94F84000 		ldrb	r0, [r4, #64]	@ zero_extendqisi2
 224 0016 0128     		cmp	r0, #1
 225 0018 4FF00200 		mov	r0, #2
 226 001c 0CD0     		beq	.L15
 227 001e 0126     		movs	r6, #1
 228 0020 84F84100 		strb	r0, [r4, #65]
 229 0024 84F84060 		strb	r6, [r4, #64]
 230 0028 0B44     		add	r3, r3, r1
 231              	.L16:
 232 002a 9942     		cmp	r1, r3
 233 002c 05D1     		bne	.L17
 234 002e 0020     		movs	r0, #0
 235 0030 84F84150 		strb	r5, [r4, #65]
 236 0034 84F84000 		strb	r0, [r4, #64]
 237              	.L15:
 238 0038 70BD     		pop	{r4, r5, r6, pc}
 239              	.L17:
 240 003a 11F8010B 		ldrb	r0, [r1], #1	@ zero_extendqisi2
 241 003e 02F8010B 		strb	r0, [r2], #1
 242 0042 F2E7     		b	.L16
 243              	.L18:
 244 0044 0120     		movs	r0, #1
 245 0046 F7E7     		b	.L15
 247              		.section	.text.HAL_SRAM_Write_8b,"ax",%progbits
 248              		.align	1
ARM GAS  /tmp/ccyFdaTw.s 			page 5


 249              		.global	HAL_SRAM_Write_8b
 250              		.syntax unified
 251              		.thumb
 252              		.thumb_func
 253              		.fpu softvfp
 255              	HAL_SRAM_Write_8b:
 256              		@ args = 0, pretend = 0, frame = 0
 257              		@ frame_needed = 0, uses_anonymous_args = 0
 258 0000 30B5     		push	{r4, r5, lr}
 259 0002 0446     		mov	r4, r0
 260 0004 90F84100 		ldrb	r0, [r0, #65]	@ zero_extendqisi2
 261 0008 0128     		cmp	r0, #1
 262 000a C5B2     		uxtb	r5, r0
 263 000c 18D1     		bne	.L27
 264 000e 94F84000 		ldrb	r0, [r4, #64]	@ zero_extendqisi2
 265 0012 0128     		cmp	r0, #1
 266 0014 4FF00200 		mov	r0, #2
 267 0018 0CD0     		beq	.L24
 268 001a 84F84050 		strb	r5, [r4, #64]
 269 001e 84F84100 		strb	r0, [r4, #65]
 270 0022 1344     		add	r3, r3, r2
 271              	.L25:
 272 0024 9A42     		cmp	r2, r3
 273 0026 06D1     		bne	.L26
 274 0028 0123     		movs	r3, #1
 275 002a 0020     		movs	r0, #0
 276 002c 84F84130 		strb	r3, [r4, #65]
 277 0030 84F84000 		strb	r0, [r4, #64]
 278              	.L24:
 279 0034 30BD     		pop	{r4, r5, pc}
 280              	.L26:
 281 0036 12F8010B 		ldrb	r0, [r2], #1	@ zero_extendqisi2
 282 003a 01F8010B 		strb	r0, [r1], #1
 283 003e F1E7     		b	.L25
 284              	.L27:
 285 0040 0120     		movs	r0, #1
 286 0042 F7E7     		b	.L24
 288              		.section	.text.HAL_SRAM_Read_16b,"ax",%progbits
 289              		.align	1
 290              		.global	HAL_SRAM_Read_16b
 291              		.syntax unified
 292              		.thumb
 293              		.thumb_func
 294              		.fpu softvfp
 296              	HAL_SRAM_Read_16b:
 297              		@ args = 0, pretend = 0, frame = 0
 298              		@ frame_needed = 0, uses_anonymous_args = 0
 299 0000 70B5     		push	{r4, r5, r6, lr}
 300 0002 0446     		mov	r4, r0
 301 0004 90F84100 		ldrb	r0, [r0, #65]	@ zero_extendqisi2
 302 0008 0128     		cmp	r0, #1
 303 000a C5B2     		uxtb	r5, r0
 304 000c 01D0     		beq	.L30
 305 000e 042D     		cmp	r5, #4
 306 0010 23D1     		bne	.L35
 307              	.L30:
 308 0012 94F84000 		ldrb	r0, [r4, #64]	@ zero_extendqisi2
ARM GAS  /tmp/ccyFdaTw.s 			page 6


 309 0016 0128     		cmp	r0, #1
 310 0018 4FF00200 		mov	r0, #2
 311 001c 12D0     		beq	.L31
 312 001e 0126     		movs	r6, #1
 313 0020 84F84100 		strb	r0, [r4, #65]
 314 0024 84F84060 		strb	r6, [r4, #64]
 315 0028 1E40     		ands	r6, r6, r3
 316              	.L32:
 317 002a 9E42     		cmp	r6, r3
 318 002c 1046     		mov	r0, r2
 319 002e 02F10402 		add	r2, r2, #4
 320 0032 08D1     		bne	.L33
 321 0034 0EB1     		cbz	r6, .L34
 322 0036 0B68     		ldr	r3, [r1]
 323 0038 0380     		strh	r3, [r0]	@ movhi
 324              	.L34:
 325 003a 0020     		movs	r0, #0
 326 003c 84F84150 		strb	r5, [r4, #65]
 327 0040 84F84000 		strb	r0, [r4, #64]
 328              	.L31:
 329 0044 70BD     		pop	{r4, r5, r6, pc}
 330              	.L33:
 331 0046 0868     		ldr	r0, [r1]
 332 0048 023B     		subs	r3, r3, #2
 333 004a 22F8040C 		strh	r0, [r2, #-4]	@ movhi
 334 004e 51F8040B 		ldr	r0, [r1], #4
 335 0052 000C     		lsrs	r0, r0, #16
 336 0054 22F8020C 		strh	r0, [r2, #-2]	@ movhi
 337 0058 E7E7     		b	.L32
 338              	.L35:
 339 005a 0120     		movs	r0, #1
 340 005c F2E7     		b	.L31
 342              		.section	.text.HAL_SRAM_Write_16b,"ax",%progbits
 343              		.align	1
 344              		.global	HAL_SRAM_Write_16b
 345              		.syntax unified
 346              		.thumb
 347              		.thumb_func
 348              		.fpu softvfp
 350              	HAL_SRAM_Write_16b:
 351              		@ args = 0, pretend = 0, frame = 0
 352              		@ frame_needed = 0, uses_anonymous_args = 0
 353 0000 70B5     		push	{r4, r5, r6, lr}
 354 0002 0446     		mov	r4, r0
 355 0004 90F84100 		ldrb	r0, [r0, #65]	@ zero_extendqisi2
 356 0008 0128     		cmp	r0, #1
 357 000a C5B2     		uxtb	r5, r0
 358 000c 2AD1     		bne	.L48
 359 000e 94F84000 		ldrb	r0, [r4, #64]	@ zero_extendqisi2
 360 0012 0128     		cmp	r0, #1
 361 0014 4FF00200 		mov	r0, #2
 362 0018 17D0     		beq	.L44
 363 001a 84F84050 		strb	r5, [r4, #64]
 364 001e 84F84100 		strb	r0, [r4, #65]
 365 0022 03F00105 		and	r5, r3, #1
 366              	.L45:
 367 0026 9D42     		cmp	r5, r3
ARM GAS  /tmp/ccyFdaTw.s 			page 7


 368 0028 1046     		mov	r0, r2
 369 002a 02F10402 		add	r2, r2, #4
 370 002e 0DD1     		bne	.L46
 371 0030 2DB1     		cbz	r5, .L47
 372 0032 0B68     		ldr	r3, [r1]
 373 0034 0288     		ldrh	r2, [r0]
 374 0036 1B0C     		lsrs	r3, r3, #16
 375 0038 1B04     		lsls	r3, r3, #16
 376 003a 1343     		orrs	r3, r3, r2
 377 003c 0B60     		str	r3, [r1]
 378              	.L47:
 379 003e 0123     		movs	r3, #1
 380 0040 0020     		movs	r0, #0
 381 0042 84F84130 		strb	r3, [r4, #65]
 382 0046 84F84000 		strb	r0, [r4, #64]
 383              	.L44:
 384 004a 70BD     		pop	{r4, r5, r6, pc}
 385              	.L46:
 386 004c 32F8040C 		ldrh	r0, [r2, #-4]
 387 0050 32F8026C 		ldrh	r6, [r2, #-2]
 388 0054 0860     		str	r0, [r1]
 389 0056 0868     		ldr	r0, [r1]
 390 0058 023B     		subs	r3, r3, #2
 391 005a 40EA0640 		orr	r0, r0, r6, lsl #16
 392 005e 41F8040B 		str	r0, [r1], #4
 393 0062 E0E7     		b	.L45
 394              	.L48:
 395 0064 0120     		movs	r0, #1
 396 0066 F0E7     		b	.L44
 398              		.section	.text.HAL_SRAM_Read_32b,"ax",%progbits
 399              		.align	1
 400              		.global	HAL_SRAM_Read_32b
 401              		.syntax unified
 402              		.thumb
 403              		.thumb_func
 404              		.fpu softvfp
 406              	HAL_SRAM_Read_32b:
 407              		@ args = 0, pretend = 0, frame = 0
 408              		@ frame_needed = 0, uses_anonymous_args = 0
 409 0000 70B5     		push	{r4, r5, r6, lr}
 410 0002 0446     		mov	r4, r0
 411 0004 90F84100 		ldrb	r0, [r0, #65]	@ zero_extendqisi2
 412 0008 0128     		cmp	r0, #1
 413 000a C5B2     		uxtb	r5, r0
 414 000c 01D0     		beq	.L54
 415 000e 042D     		cmp	r5, #4
 416 0010 19D1     		bne	.L58
 417              	.L54:
 418 0012 94F84000 		ldrb	r0, [r4, #64]	@ zero_extendqisi2
 419 0016 0128     		cmp	r0, #1
 420 0018 4FF00200 		mov	r0, #2
 421 001c 0CD0     		beq	.L55
 422 001e 0126     		movs	r6, #1
 423 0020 84F84100 		strb	r0, [r4, #65]
 424 0024 0020     		movs	r0, #0
 425 0026 84F84060 		strb	r6, [r4, #64]
 426              	.L56:
ARM GAS  /tmp/ccyFdaTw.s 			page 8


 427 002a 8342     		cmp	r3, r0
 428 002c 05D1     		bne	.L57
 429 002e 0020     		movs	r0, #0
 430 0030 84F84150 		strb	r5, [r4, #65]
 431 0034 84F84000 		strb	r0, [r4, #64]
 432              	.L55:
 433 0038 70BD     		pop	{r4, r5, r6, pc}
 434              	.L57:
 435 003a 51F82060 		ldr	r6, [r1, r0, lsl #2]
 436 003e 42F82060 		str	r6, [r2, r0, lsl #2]
 437 0042 0130     		adds	r0, r0, #1
 438 0044 F1E7     		b	.L56
 439              	.L58:
 440 0046 0120     		movs	r0, #1
 441 0048 F6E7     		b	.L55
 443              		.section	.text.HAL_SRAM_Write_32b,"ax",%progbits
 444              		.align	1
 445              		.global	HAL_SRAM_Write_32b
 446              		.syntax unified
 447              		.thumb
 448              		.thumb_func
 449              		.fpu softvfp
 451              	HAL_SRAM_Write_32b:
 452              		@ args = 0, pretend = 0, frame = 0
 453              		@ frame_needed = 0, uses_anonymous_args = 0
 454 0000 30B5     		push	{r4, r5, lr}
 455 0002 0446     		mov	r4, r0
 456 0004 90F84100 		ldrb	r0, [r0, #65]	@ zero_extendqisi2
 457 0008 0128     		cmp	r0, #1
 458 000a C5B2     		uxtb	r5, r0
 459 000c 19D1     		bne	.L67
 460 000e 94F84000 		ldrb	r0, [r4, #64]	@ zero_extendqisi2
 461 0012 0128     		cmp	r0, #1
 462 0014 4FF00200 		mov	r0, #2
 463 0018 0CD0     		beq	.L64
 464 001a 84F84100 		strb	r0, [r4, #65]
 465 001e 0020     		movs	r0, #0
 466 0020 84F84050 		strb	r5, [r4, #64]
 467              	.L65:
 468 0024 8342     		cmp	r3, r0
 469 0026 06D1     		bne	.L66
 470 0028 0123     		movs	r3, #1
 471 002a 0020     		movs	r0, #0
 472 002c 84F84130 		strb	r3, [r4, #65]
 473 0030 84F84000 		strb	r0, [r4, #64]
 474              	.L64:
 475 0034 30BD     		pop	{r4, r5, pc}
 476              	.L66:
 477 0036 52F82050 		ldr	r5, [r2, r0, lsl #2]
 478 003a 41F82050 		str	r5, [r1, r0, lsl #2]
 479 003e 0130     		adds	r0, r0, #1
 480 0040 F0E7     		b	.L65
 481              	.L67:
 482 0042 0120     		movs	r0, #1
 483 0044 F6E7     		b	.L64
 485              		.section	.text.HAL_SRAM_Read_DMA,"ax",%progbits
 486              		.align	1
ARM GAS  /tmp/ccyFdaTw.s 			page 9


 487              		.global	HAL_SRAM_Read_DMA
 488              		.syntax unified
 489              		.thumb
 490              		.thumb_func
 491              		.fpu softvfp
 493              	HAL_SRAM_Read_DMA:
 494              		@ args = 0, pretend = 0, frame = 0
 495              		@ frame_needed = 0, uses_anonymous_args = 0
 496 0000 70B5     		push	{r4, r5, r6, lr}
 497 0002 0446     		mov	r4, r0
 498 0004 90F84100 		ldrb	r0, [r0, #65]	@ zero_extendqisi2
 499 0008 0128     		cmp	r0, #1
 500 000a C5B2     		uxtb	r5, r0
 501 000c 01D0     		beq	.L70
 502 000e 042D     		cmp	r5, #4
 503 0010 19D1     		bne	.L74
 504              	.L70:
 505 0012 94F84000 		ldrb	r0, [r4, #64]	@ zero_extendqisi2
 506 0016 0128     		cmp	r0, #1
 507 0018 4FF00200 		mov	r0, #2
 508 001c 12D0     		beq	.L71
 509 001e 0126     		movs	r6, #1
 510 0020 B542     		cmp	r5, r6
 511 0022 84F84100 		strb	r0, [r4, #65]
 512 0026 08BF     		it	eq
 513 0028 084D     		ldreq	r5, .L80
 514 002a 606C     		ldr	r0, [r4, #68]
 515 002c 18BF     		it	ne
 516 002e 084D     		ldrne	r5, .L80+4
 517 0030 84F84060 		strb	r6, [r4, #64]
 518 0034 8562     		str	r5, [r0, #40]
 519 0036 074D     		ldr	r5, .L80+8
 520 0038 0563     		str	r5, [r0, #48]
 521 003a FFF7FEFF 		bl	HAL_DMA_Start_IT
 522 003e 0023     		movs	r3, #0
 523 0040 84F84030 		strb	r3, [r4, #64]
 524              	.L71:
 525 0044 70BD     		pop	{r4, r5, r6, pc}
 526              	.L74:
 527 0046 0120     		movs	r0, #1
 528 0048 FCE7     		b	.L71
 529              	.L81:
 530 004a 00BF     		.align	2
 531              	.L80:
 532 004c 00000000 		.word	SRAM_DMACplt
 533 0050 00000000 		.word	SRAM_DMACpltProt
 534 0054 00000000 		.word	SRAM_DMAError
 536              		.section	.text.HAL_SRAM_Write_DMA,"ax",%progbits
 537              		.align	1
 538              		.global	HAL_SRAM_Write_DMA
 539              		.syntax unified
 540              		.thumb
 541              		.thumb_func
 542              		.fpu softvfp
 544              	HAL_SRAM_Write_DMA:
 545              		@ args = 0, pretend = 0, frame = 0
 546              		@ frame_needed = 0, uses_anonymous_args = 0
ARM GAS  /tmp/ccyFdaTw.s 			page 10


 547 0000 70B5     		push	{r4, r5, r6, lr}
 548 0002 0D46     		mov	r5, r1
 549 0004 1146     		mov	r1, r2
 550 0006 90F84120 		ldrb	r2, [r0, #65]	@ zero_extendqisi2
 551 000a 0446     		mov	r4, r0
 552 000c 012A     		cmp	r2, #1
 553 000e D6B2     		uxtb	r6, r2
 554 0010 14D1     		bne	.L84
 555 0012 90F84020 		ldrb	r2, [r0, #64]	@ zero_extendqisi2
 556 0016 0220     		movs	r0, #2
 557 0018 012A     		cmp	r2, #1
 558 001a 0ED0     		beq	.L83
 559 001c 84F84100 		strb	r0, [r4, #65]
 560 0020 074A     		ldr	r2, .L86
 561 0022 606C     		ldr	r0, [r4, #68]
 562 0024 84F84060 		strb	r6, [r4, #64]
 563 0028 8262     		str	r2, [r0, #40]
 564 002a 064A     		ldr	r2, .L86+4
 565 002c 0263     		str	r2, [r0, #48]
 566 002e 2A46     		mov	r2, r5
 567 0030 FFF7FEFF 		bl	HAL_DMA_Start_IT
 568 0034 0023     		movs	r3, #0
 569 0036 84F84030 		strb	r3, [r4, #64]
 570              	.L83:
 571 003a 70BD     		pop	{r4, r5, r6, pc}
 572              	.L84:
 573 003c 0120     		movs	r0, #1
 574 003e FCE7     		b	.L83
 575              	.L87:
 576              		.align	2
 577              	.L86:
 578 0040 00000000 		.word	SRAM_DMACplt
 579 0044 00000000 		.word	SRAM_DMAError
 581              		.section	.text.HAL_SRAM_WriteOperation_Enable,"ax",%progbits
 582              		.align	1
 583              		.global	HAL_SRAM_WriteOperation_Enable
 584              		.syntax unified
 585              		.thumb
 586              		.thumb_func
 587              		.fpu softvfp
 589              	HAL_SRAM_WriteOperation_Enable:
 590              		@ args = 0, pretend = 0, frame = 0
 591              		@ frame_needed = 0, uses_anonymous_args = 0
 592 0000 38B5     		push	{r3, r4, r5, lr}
 593 0002 90F84130 		ldrb	r3, [r0, #65]	@ zero_extendqisi2
 594 0006 0446     		mov	r4, r0
 595 0008 042B     		cmp	r3, #4
 596 000a 13D1     		bne	.L90
 597 000c 90F84030 		ldrb	r3, [r0, #64]	@ zero_extendqisi2
 598 0010 0220     		movs	r0, #2
 599 0012 012B     		cmp	r3, #1
 600 0014 0DD0     		beq	.L89
 601 0016 0125     		movs	r5, #1
 602 0018 84F84100 		strb	r0, [r4, #65]
 603 001c A168     		ldr	r1, [r4, #8]
 604 001e 2068     		ldr	r0, [r4]
 605 0020 84F84050 		strb	r5, [r4, #64]
ARM GAS  /tmp/ccyFdaTw.s 			page 11


 606 0024 FFF7FEFF 		bl	FSMC_NORSRAM_WriteOperation_Enable
 607 0028 0020     		movs	r0, #0
 608 002a 84F84150 		strb	r5, [r4, #65]
 609 002e 84F84000 		strb	r0, [r4, #64]
 610              	.L89:
 611 0032 38BD     		pop	{r3, r4, r5, pc}
 612              	.L90:
 613 0034 0120     		movs	r0, #1
 614 0036 FCE7     		b	.L89
 616              		.section	.text.HAL_SRAM_WriteOperation_Disable,"ax",%progbits
 617              		.align	1
 618              		.global	HAL_SRAM_WriteOperation_Disable
 619              		.syntax unified
 620              		.thumb
 621              		.thumb_func
 622              		.fpu softvfp
 624              	HAL_SRAM_WriteOperation_Disable:
 625              		@ args = 0, pretend = 0, frame = 0
 626              		@ frame_needed = 0, uses_anonymous_args = 0
 627 0000 10B5     		push	{r4, lr}
 628 0002 90F84130 		ldrb	r3, [r0, #65]	@ zero_extendqisi2
 629 0006 0446     		mov	r4, r0
 630 0008 012B     		cmp	r3, #1
 631 000a DAB2     		uxtb	r2, r3
 632 000c 13D1     		bne	.L94
 633 000e 90F84030 		ldrb	r3, [r0, #64]	@ zero_extendqisi2
 634 0012 0220     		movs	r0, #2
 635 0014 012B     		cmp	r3, #1
 636 0016 0DD0     		beq	.L93
 637 0018 84F84100 		strb	r0, [r4, #65]
 638 001c A168     		ldr	r1, [r4, #8]
 639 001e 2068     		ldr	r0, [r4]
 640 0020 84F84020 		strb	r2, [r4, #64]
 641 0024 FFF7FEFF 		bl	FSMC_NORSRAM_WriteOperation_Disable
 642 0028 0423     		movs	r3, #4
 643 002a 0020     		movs	r0, #0
 644 002c 84F84130 		strb	r3, [r4, #65]
 645 0030 84F84000 		strb	r0, [r4, #64]
 646              	.L93:
 647 0034 10BD     		pop	{r4, pc}
 648              	.L94:
 649 0036 0120     		movs	r0, #1
 650 0038 FCE7     		b	.L93
 652              		.section	.text.HAL_SRAM_GetState,"ax",%progbits
 653              		.align	1
 654              		.global	HAL_SRAM_GetState
 655              		.syntax unified
 656              		.thumb
 657              		.thumb_func
 658              		.fpu softvfp
 660              	HAL_SRAM_GetState:
 661              		@ args = 0, pretend = 0, frame = 0
 662              		@ frame_needed = 0, uses_anonymous_args = 0
 663              		@ link register save eliminated.
 664 0000 90F84100 		ldrb	r0, [r0, #65]	@ zero_extendqisi2
 665 0004 7047     		bx	lr
 667              		.ident	"GCC: (GNU Tools for Arm Embedded Processors 9-2019-q4-major) 9.2.1 20191025 (release) [ARM
ARM GAS  /tmp/ccyFdaTw.s 			page 12


ARM GAS  /tmp/ccyFdaTw.s 			page 13


DEFINED SYMBOLS
                            *ABS*:0000000000000000 stm32f1xx_hal_sram.c
     /tmp/ccyFdaTw.s:14     .text.HAL_SRAM_MspInit:0000000000000000 $t
     /tmp/ccyFdaTw.s:22     .text.HAL_SRAM_MspInit:0000000000000000 HAL_SRAM_MspInit
     /tmp/ccyFdaTw.s:29     .text.HAL_SRAM_Init:0000000000000000 $t
     /tmp/ccyFdaTw.s:36     .text.HAL_SRAM_Init:0000000000000000 HAL_SRAM_Init
     /tmp/ccyFdaTw.s:77     .text.HAL_SRAM_MspDeInit:0000000000000000 $t
     /tmp/ccyFdaTw.s:84     .text.HAL_SRAM_MspDeInit:0000000000000000 HAL_SRAM_MspDeInit
     /tmp/ccyFdaTw.s:91     .text.HAL_SRAM_DeInit:0000000000000000 $t
     /tmp/ccyFdaTw.s:98     .text.HAL_SRAM_DeInit:0000000000000000 HAL_SRAM_DeInit
     /tmp/ccyFdaTw.s:113    .text.HAL_SRAM_DMA_XferCpltCallback:0000000000000000 $t
     /tmp/ccyFdaTw.s:120    .text.HAL_SRAM_DMA_XferCpltCallback:0000000000000000 HAL_SRAM_DMA_XferCpltCallback
     /tmp/ccyFdaTw.s:127    .text.SRAM_DMACpltProt:0000000000000000 $t
     /tmp/ccyFdaTw.s:133    .text.SRAM_DMACpltProt:0000000000000000 SRAM_DMACpltProt
     /tmp/ccyFdaTw.s:148    .text.SRAM_DMACplt:0000000000000000 $t
     /tmp/ccyFdaTw.s:154    .text.SRAM_DMACplt:0000000000000000 SRAM_DMACplt
     /tmp/ccyFdaTw.s:169    .text.HAL_SRAM_DMA_XferErrorCallback:0000000000000000 $t
     /tmp/ccyFdaTw.s:176    .text.HAL_SRAM_DMA_XferErrorCallback:0000000000000000 HAL_SRAM_DMA_XferErrorCallback
     /tmp/ccyFdaTw.s:183    .text.SRAM_DMAError:0000000000000000 $t
     /tmp/ccyFdaTw.s:189    .text.SRAM_DMAError:0000000000000000 SRAM_DMAError
     /tmp/ccyFdaTw.s:204    .text.HAL_SRAM_Read_8b:0000000000000000 $t
     /tmp/ccyFdaTw.s:211    .text.HAL_SRAM_Read_8b:0000000000000000 HAL_SRAM_Read_8b
     /tmp/ccyFdaTw.s:248    .text.HAL_SRAM_Write_8b:0000000000000000 $t
     /tmp/ccyFdaTw.s:255    .text.HAL_SRAM_Write_8b:0000000000000000 HAL_SRAM_Write_8b
     /tmp/ccyFdaTw.s:289    .text.HAL_SRAM_Read_16b:0000000000000000 $t
     /tmp/ccyFdaTw.s:296    .text.HAL_SRAM_Read_16b:0000000000000000 HAL_SRAM_Read_16b
     /tmp/ccyFdaTw.s:343    .text.HAL_SRAM_Write_16b:0000000000000000 $t
     /tmp/ccyFdaTw.s:350    .text.HAL_SRAM_Write_16b:0000000000000000 HAL_SRAM_Write_16b
     /tmp/ccyFdaTw.s:399    .text.HAL_SRAM_Read_32b:0000000000000000 $t
     /tmp/ccyFdaTw.s:406    .text.HAL_SRAM_Read_32b:0000000000000000 HAL_SRAM_Read_32b
     /tmp/ccyFdaTw.s:444    .text.HAL_SRAM_Write_32b:0000000000000000 $t
     /tmp/ccyFdaTw.s:451    .text.HAL_SRAM_Write_32b:0000000000000000 HAL_SRAM_Write_32b
     /tmp/ccyFdaTw.s:486    .text.HAL_SRAM_Read_DMA:0000000000000000 $t
     /tmp/ccyFdaTw.s:493    .text.HAL_SRAM_Read_DMA:0000000000000000 HAL_SRAM_Read_DMA
     /tmp/ccyFdaTw.s:532    .text.HAL_SRAM_Read_DMA:000000000000004c $d
     /tmp/ccyFdaTw.s:537    .text.HAL_SRAM_Write_DMA:0000000000000000 $t
     /tmp/ccyFdaTw.s:544    .text.HAL_SRAM_Write_DMA:0000000000000000 HAL_SRAM_Write_DMA
     /tmp/ccyFdaTw.s:578    .text.HAL_SRAM_Write_DMA:0000000000000040 $d
     /tmp/ccyFdaTw.s:582    .text.HAL_SRAM_WriteOperation_Enable:0000000000000000 $t
     /tmp/ccyFdaTw.s:589    .text.HAL_SRAM_WriteOperation_Enable:0000000000000000 HAL_SRAM_WriteOperation_Enable
     /tmp/ccyFdaTw.s:617    .text.HAL_SRAM_WriteOperation_Disable:0000000000000000 $t
     /tmp/ccyFdaTw.s:624    .text.HAL_SRAM_WriteOperation_Disable:0000000000000000 HAL_SRAM_WriteOperation_Disable
     /tmp/ccyFdaTw.s:653    .text.HAL_SRAM_GetState:0000000000000000 $t
     /tmp/ccyFdaTw.s:660    .text.HAL_SRAM_GetState:0000000000000000 HAL_SRAM_GetState

UNDEFINED SYMBOLS
FSMC_NORSRAM_Init
FSMC_NORSRAM_Timing_Init
FSMC_NORSRAM_Extended_Timing_Init
FSMC_NORSRAM_DeInit
HAL_DMA_Start_IT
FSMC_NORSRAM_WriteOperation_Enable
FSMC_NORSRAM_WriteOperation_Disable
