ARM GAS  /tmp/ccoOn0Qn.s 			page 1


   1              		.cpu cortex-m3
   2              		.eabi_attribute 20, 1
   3              		.eabi_attribute 21, 1
   4              		.eabi_attribute 23, 3
   5              		.eabi_attribute 24, 1
   6              		.eabi_attribute 25, 1
   7              		.eabi_attribute 26, 1
   8              		.eabi_attribute 30, 4
   9              		.eabi_attribute 34, 1
  10              		.eabi_attribute 18, 4
  11              		.file	"stm32f1xx_hal_wwdg.c"
  12              		.text
  13              		.section	.text.HAL_WWDG_MspInit,"ax",%progbits
  14              		.align	1
  15              		.weak	HAL_WWDG_MspInit
  16              		.arch armv7-m
  17              		.syntax unified
  18              		.thumb
  19              		.thumb_func
  20              		.fpu softvfp
  22              	HAL_WWDG_MspInit:
  23              		@ args = 0, pretend = 0, frame = 0
  24              		@ frame_needed = 0, uses_anonymous_args = 0
  25              		@ link register save eliminated.
  26 0000 7047     		bx	lr
  28              		.section	.text.HAL_WWDG_Init,"ax",%progbits
  29              		.align	1
  30              		.global	HAL_WWDG_Init
  31              		.syntax unified
  32              		.thumb
  33              		.thumb_func
  34              		.fpu softvfp
  36              	HAL_WWDG_Init:
  37              		@ args = 0, pretend = 0, frame = 0
  38              		@ frame_needed = 0, uses_anonymous_args = 0
  39 0000 10B5     		push	{r4, lr}
  40 0002 0446     		mov	r4, r0
  41 0004 70B1     		cbz	r0, .L4
  42 0006 FFF7FEFF 		bl	HAL_WWDG_MspInit
  43 000a 0020     		movs	r0, #0
  44 000c E368     		ldr	r3, [r4, #12]
  45 000e 2268     		ldr	r2, [r4]
  46 0010 43F08003 		orr	r3, r3, #128
  47 0014 6168     		ldr	r1, [r4, #4]
  48 0016 1360     		str	r3, [r2]
  49 0018 2369     		ldr	r3, [r4, #16]
  50 001a 0B43     		orrs	r3, r3, r1
  51 001c A168     		ldr	r1, [r4, #8]
  52 001e 0B43     		orrs	r3, r3, r1
  53 0020 5360     		str	r3, [r2, #4]
  54              	.L3:
  55 0022 10BD     		pop	{r4, pc}
  56              	.L4:
  57 0024 0120     		movs	r0, #1
  58 0026 FCE7     		b	.L3
  60              		.section	.text.HAL_WWDG_Refresh,"ax",%progbits
  61              		.align	1
ARM GAS  /tmp/ccoOn0Qn.s 			page 2


  62              		.global	HAL_WWDG_Refresh
  63              		.syntax unified
  64              		.thumb
  65              		.thumb_func
  66              		.fpu softvfp
  68              	HAL_WWDG_Refresh:
  69              		@ args = 0, pretend = 0, frame = 0
  70              		@ frame_needed = 0, uses_anonymous_args = 0
  71              		@ link register save eliminated.
  72 0000 0368     		ldr	r3, [r0]
  73 0002 C268     		ldr	r2, [r0, #12]
  74 0004 0020     		movs	r0, #0
  75 0006 1A60     		str	r2, [r3]
  76 0008 7047     		bx	lr
  78              		.section	.text.HAL_WWDG_EarlyWakeupCallback,"ax",%progbits
  79              		.align	1
  80              		.weak	HAL_WWDG_EarlyWakeupCallback
  81              		.syntax unified
  82              		.thumb
  83              		.thumb_func
  84              		.fpu softvfp
  86              	HAL_WWDG_EarlyWakeupCallback:
  87              		@ args = 0, pretend = 0, frame = 0
  88              		@ frame_needed = 0, uses_anonymous_args = 0
  89              		@ link register save eliminated.
  90 0000 7047     		bx	lr
  92              		.section	.text.HAL_WWDG_IRQHandler,"ax",%progbits
  93              		.align	1
  94              		.global	HAL_WWDG_IRQHandler
  95              		.syntax unified
  96              		.thumb
  97              		.thumb_func
  98              		.fpu softvfp
 100              	HAL_WWDG_IRQHandler:
 101              		@ args = 0, pretend = 0, frame = 0
 102              		@ frame_needed = 0, uses_anonymous_args = 0
 103 0000 08B5     		push	{r3, lr}
 104 0002 0368     		ldr	r3, [r0]
 105 0004 5A68     		ldr	r2, [r3, #4]
 106 0006 9105     		lsls	r1, r2, #22
 107 0008 07D5     		bpl	.L7
 108 000a 9A68     		ldr	r2, [r3, #8]
 109 000c D207     		lsls	r2, r2, #31
 110 000e 04D5     		bpl	.L7
 111 0010 6FF00102 		mvn	r2, #1
 112 0014 9A60     		str	r2, [r3, #8]
 113 0016 FFF7FEFF 		bl	HAL_WWDG_EarlyWakeupCallback
 114              	.L7:
 115 001a 08BD     		pop	{r3, pc}
 117              		.ident	"GCC: (GNU Tools for Arm Embedded Processors 9-2019-q4-major) 9.2.1 20191025 (release) [ARM
ARM GAS  /tmp/ccoOn0Qn.s 			page 3


DEFINED SYMBOLS
                            *ABS*:0000000000000000 stm32f1xx_hal_wwdg.c
     /tmp/ccoOn0Qn.s:14     .text.HAL_WWDG_MspInit:0000000000000000 $t
     /tmp/ccoOn0Qn.s:22     .text.HAL_WWDG_MspInit:0000000000000000 HAL_WWDG_MspInit
     /tmp/ccoOn0Qn.s:29     .text.HAL_WWDG_Init:0000000000000000 $t
     /tmp/ccoOn0Qn.s:36     .text.HAL_WWDG_Init:0000000000000000 HAL_WWDG_Init
     /tmp/ccoOn0Qn.s:61     .text.HAL_WWDG_Refresh:0000000000000000 $t
     /tmp/ccoOn0Qn.s:68     .text.HAL_WWDG_Refresh:0000000000000000 HAL_WWDG_Refresh
     /tmp/ccoOn0Qn.s:79     .text.HAL_WWDG_EarlyWakeupCallback:0000000000000000 $t
     /tmp/ccoOn0Qn.s:86     .text.HAL_WWDG_EarlyWakeupCallback:0000000000000000 HAL_WWDG_EarlyWakeupCallback
     /tmp/ccoOn0Qn.s:93     .text.HAL_WWDG_IRQHandler:0000000000000000 $t
     /tmp/ccoOn0Qn.s:100    .text.HAL_WWDG_IRQHandler:0000000000000000 HAL_WWDG_IRQHandler

NO UNDEFINED SYMBOLS
