ARM GAS  /tmp/ccnLxENH.s 			page 1


   1              		.cpu cortex-m3
   2              		.eabi_attribute 20, 1
   3              		.eabi_attribute 21, 1
   4              		.eabi_attribute 23, 3
   5              		.eabi_attribute 24, 1
   6              		.eabi_attribute 25, 1
   7              		.eabi_attribute 26, 1
   8              		.eabi_attribute 30, 4
   9              		.eabi_attribute 34, 1
  10              		.eabi_attribute 18, 4
  11              		.file	"stm32f1xx_hal_iwdg.c"
  12              		.text
  13              		.section	.text.HAL_IWDG_Init,"ax",%progbits
  14              		.align	1
  15              		.global	HAL_IWDG_Init
  16              		.arch armv7-m
  17              		.syntax unified
  18              		.thumb
  19              		.thumb_func
  20              		.fpu softvfp
  22              	HAL_IWDG_Init:
  23              		@ args = 0, pretend = 0, frame = 0
  24              		@ frame_needed = 0, uses_anonymous_args = 0
  25 0000 38B5     		push	{r3, r4, r5, lr}
  26 0002 0446     		mov	r4, r0
  27 0004 D8B1     		cbz	r0, .L5
  28 0006 4CF6CC42 		movw	r2, #52428
  29 000a 0368     		ldr	r3, [r0]
  30 000c 1A60     		str	r2, [r3]
  31 000e 45F25552 		movw	r2, #21845
  32 0012 1A60     		str	r2, [r3]
  33 0014 4268     		ldr	r2, [r0, #4]
  34 0016 5A60     		str	r2, [r3, #4]
  35 0018 8268     		ldr	r2, [r0, #8]
  36 001a 9A60     		str	r2, [r3, #8]
  37 001c FFF7FEFF 		bl	HAL_GetTick
  38 0020 0546     		mov	r5, r0
  39              	.L3:
  40 0022 2368     		ldr	r3, [r4]
  41 0024 D868     		ldr	r0, [r3, #12]
  42 0026 18B9     		cbnz	r0, .L4
  43 0028 4AF6AA22 		movw	r2, #43690
  44 002c 1A60     		str	r2, [r3]
  45              	.L2:
  46 002e 38BD     		pop	{r3, r4, r5, pc}
  47              	.L4:
  48 0030 FFF7FEFF 		bl	HAL_GetTick
  49 0034 401B     		subs	r0, r0, r5
  50 0036 3028     		cmp	r0, #48
  51 0038 F3D9     		bls	.L3
  52 003a 0320     		movs	r0, #3
  53 003c F7E7     		b	.L2
  54              	.L5:
  55 003e 0120     		movs	r0, #1
  56 0040 F5E7     		b	.L2
  58              		.section	.text.HAL_IWDG_Refresh,"ax",%progbits
  59              		.align	1
ARM GAS  /tmp/ccnLxENH.s 			page 2


  60              		.global	HAL_IWDG_Refresh
  61              		.syntax unified
  62              		.thumb
  63              		.thumb_func
  64              		.fpu softvfp
  66              	HAL_IWDG_Refresh:
  67              		@ args = 0, pretend = 0, frame = 0
  68              		@ frame_needed = 0, uses_anonymous_args = 0
  69              		@ link register save eliminated.
  70 0000 4AF6AA22 		movw	r2, #43690
  71 0004 0368     		ldr	r3, [r0]
  72 0006 0020     		movs	r0, #0
  73 0008 1A60     		str	r2, [r3]
  74 000a 7047     		bx	lr
  76              		.ident	"GCC: (GNU Tools for Arm Embedded Processors 9-2019-q4-major) 9.2.1 20191025 (release) [ARM
ARM GAS  /tmp/ccnLxENH.s 			page 3


DEFINED SYMBOLS
                            *ABS*:0000000000000000 stm32f1xx_hal_iwdg.c
     /tmp/ccnLxENH.s:14     .text.HAL_IWDG_Init:0000000000000000 $t
     /tmp/ccnLxENH.s:22     .text.HAL_IWDG_Init:0000000000000000 HAL_IWDG_Init
     /tmp/ccnLxENH.s:59     .text.HAL_IWDG_Refresh:0000000000000000 $t
     /tmp/ccnLxENH.s:66     .text.HAL_IWDG_Refresh:0000000000000000 HAL_IWDG_Refresh

UNDEFINED SYMBOLS
HAL_GetTick
