ARM GAS  /tmp/ccxABHXN.s 			page 1


   1              		.cpu cortex-m3
   2              		.eabi_attribute 20, 1
   3              		.eabi_attribute 21, 1
   4              		.eabi_attribute 23, 3
   5              		.eabi_attribute 24, 1
   6              		.eabi_attribute 25, 1
   7              		.eabi_attribute 26, 1
   8              		.eabi_attribute 30, 4
   9              		.eabi_attribute 34, 1
  10              		.eabi_attribute 18, 4
  11              		.file	"stm32f1xx_hal_usart.c"
  12              		.text
  13              		.section	.text.USART_EndRxTransfer,"ax",%progbits
  14              		.align	1
  15              		.arch armv7-m
  16              		.syntax unified
  17              		.thumb
  18              		.thumb_func
  19              		.fpu softvfp
  21              	USART_EndRxTransfer:
  22              		@ args = 0, pretend = 0, frame = 0
  23              		@ frame_needed = 0, uses_anonymous_args = 0
  24              		@ link register save eliminated.
  25 0000 0368     		ldr	r3, [r0]
  26 0002 DA68     		ldr	r2, [r3, #12]
  27 0004 22F49072 		bic	r2, r2, #288
  28 0008 DA60     		str	r2, [r3, #12]
  29 000a 5A69     		ldr	r2, [r3, #20]
  30 000c 22F00102 		bic	r2, r2, #1
  31 0010 5A61     		str	r2, [r3, #20]
  32 0012 0123     		movs	r3, #1
  33 0014 80F83D30 		strb	r3, [r0, #61]
  34 0018 7047     		bx	lr
  36              		.section	.text.USART_WaitOnFlagUntilTimeout.constprop.0,"ax",%progbits
  37              		.align	1
  38              		.syntax unified
  39              		.thumb
  40              		.thumb_func
  41              		.fpu softvfp
  43              	USART_WaitOnFlagUntilTimeout.constprop.0:
  44              		@ args = 0, pretend = 0, frame = 0
  45              		@ frame_needed = 0, uses_anonymous_args = 0
  46 0000 F8B5     		push	{r3, r4, r5, r6, r7, lr}
  47 0002 0446     		mov	r4, r0
  48 0004 0E46     		mov	r6, r1
  49 0006 1746     		mov	r7, r2
  50 0008 1D46     		mov	r5, r3
  51              	.L3:
  52 000a 2268     		ldr	r2, [r4]
  53              	.L4:
  54 000c 1368     		ldr	r3, [r2]
  55 000e 36EA0303 		bics	r3, r6, r3
  56 0012 01D1     		bne	.L8
  57 0014 0020     		movs	r0, #0
  58 0016 1AE0     		b	.L6
  59              	.L8:
  60 0018 6B1C     		adds	r3, r5, #1
ARM GAS  /tmp/ccxABHXN.s 			page 2


  61 001a F7D0     		beq	.L4
  62 001c C5B9     		cbnz	r5, .L5
  63              	.L7:
  64 001e 2368     		ldr	r3, [r4]
  65 0020 0320     		movs	r0, #3
  66 0022 DA68     		ldr	r2, [r3, #12]
  67 0024 22F08002 		bic	r2, r2, #128
  68 0028 DA60     		str	r2, [r3, #12]
  69 002a DA68     		ldr	r2, [r3, #12]
  70 002c 22F02002 		bic	r2, r2, #32
  71 0030 DA60     		str	r2, [r3, #12]
  72 0032 DA68     		ldr	r2, [r3, #12]
  73 0034 22F48072 		bic	r2, r2, #256
  74 0038 DA60     		str	r2, [r3, #12]
  75 003a 5A69     		ldr	r2, [r3, #20]
  76 003c 22F00102 		bic	r2, r2, #1
  77 0040 5A61     		str	r2, [r3, #20]
  78 0042 0123     		movs	r3, #1
  79 0044 84F83D30 		strb	r3, [r4, #61]
  80 0048 0023     		movs	r3, #0
  81 004a 84F83C30 		strb	r3, [r4, #60]
  82              	.L6:
  83 004e F8BD     		pop	{r3, r4, r5, r6, r7, pc}
  84              	.L5:
  85 0050 FFF7FEFF 		bl	HAL_GetTick
  86 0054 C01B     		subs	r0, r0, r7
  87 0056 8542     		cmp	r5, r0
  88 0058 D7D2     		bcs	.L3
  89 005a E0E7     		b	.L7
  91              		.section	.text.HAL_USART_MspInit,"ax",%progbits
  92              		.align	1
  93              		.weak	HAL_USART_MspInit
  94              		.syntax unified
  95              		.thumb
  96              		.thumb_func
  97              		.fpu softvfp
  99              	HAL_USART_MspInit:
 100              		@ args = 0, pretend = 0, frame = 0
 101              		@ frame_needed = 0, uses_anonymous_args = 0
 102              		@ link register save eliminated.
 103 0000 7047     		bx	lr
 105              		.section	.text.HAL_USART_Init,"ax",%progbits
 106              		.align	1
 107              		.global	HAL_USART_Init
 108              		.syntax unified
 109              		.thumb
 110              		.thumb_func
 111              		.fpu softvfp
 113              	HAL_USART_Init:
 114              		@ args = 0, pretend = 0, frame = 0
 115              		@ frame_needed = 0, uses_anonymous_args = 0
 116 0000 38B5     		push	{r3, r4, r5, lr}
 117 0002 0546     		mov	r5, r0
 118 0004 0028     		cmp	r0, #0
 119 0006 62D0     		beq	.L17
 120 0008 90F83D30 		ldrb	r3, [r0, #61]	@ zero_extendqisi2
 121 000c 03F0FF02 		and	r2, r3, #255
ARM GAS  /tmp/ccxABHXN.s 			page 3


 122 0010 1BB9     		cbnz	r3, .L14
 123 0012 80F83C20 		strb	r2, [r0, #60]
 124 0016 FFF7FEFF 		bl	HAL_USART_MspInit
 125              	.L14:
 126 001a 0223     		movs	r3, #2
 127 001c 2A68     		ldr	r2, [r5]
 128 001e 85F83D30 		strb	r3, [r5, #61]
 129 0022 D368     		ldr	r3, [r2, #12]
 130 0024 1924     		movs	r4, #25
 131 0026 23F00C03 		bic	r3, r3, #12
 132 002a D360     		str	r3, [r2, #12]
 133 002c 1169     		ldr	r1, [r2, #16]
 134 002e D5E90630 		ldrd	r3, r0, [r5, #24]
 135 0032 21F47C51 		bic	r1, r1, #16128
 136 0036 0343     		orrs	r3, r3, r0
 137 0038 0B43     		orrs	r3, r3, r1
 138 003a 296A     		ldr	r1, [r5, #32]
 139 003c 2869     		ldr	r0, [r5, #16]
 140 003e 0B43     		orrs	r3, r3, r1
 141 0040 E968     		ldr	r1, [r5, #12]
 142 0042 0B43     		orrs	r3, r3, r1
 143 0044 43F40063 		orr	r3, r3, #2048
 144 0048 1361     		str	r3, [r2, #16]
 145 004a AB68     		ldr	r3, [r5, #8]
 146 004c D168     		ldr	r1, [r2, #12]
 147 004e 0343     		orrs	r3, r3, r0
 148 0050 6869     		ldr	r0, [r5, #20]
 149 0052 21F4B051 		bic	r1, r1, #5632
 150 0056 21F00C01 		bic	r1, r1, #12
 151 005a 0343     		orrs	r3, r3, r0
 152 005c 0B43     		orrs	r3, r3, r1
 153 005e D360     		str	r3, [r2, #12]
 154 0060 5369     		ldr	r3, [r2, #20]
 155 0062 23F44073 		bic	r3, r3, #768
 156 0066 5361     		str	r3, [r2, #20]
 157 0068 1A4B     		ldr	r3, .L19
 158 006a 9A42     		cmp	r2, r3
 159 006c 2CD1     		bne	.L15
 160 006e FFF7FEFF 		bl	HAL_RCC_GetPCLK2Freq
 161              	.L18:
 162 0072 4443     		muls	r4, r0, r4
 163 0074 6B68     		ldr	r3, [r5, #4]
 164 0076 6421     		movs	r1, #100
 165 0078 9B00     		lsls	r3, r3, #2
 166 007a B4FBF3F4 		udiv	r4, r4, r3
 167 007e B4FBF1F0 		udiv	r0, r4, r1
 168 0082 01FB1043 		mls	r3, r1, r0, r4
 169 0086 1B01     		lsls	r3, r3, #4
 170 0088 3233     		adds	r3, r3, #50
 171 008a B3FBF1F3 		udiv	r3, r3, r1
 172 008e 03F00F02 		and	r2, r3, #15
 173 0092 5B00     		lsls	r3, r3, #1
 174 0094 2968     		ldr	r1, [r5]
 175 0096 02EB0012 		add	r2, r2, r0, lsl #4
 176 009a 03F4F073 		and	r3, r3, #480
 177 009e 1344     		add	r3, r3, r2
 178 00a0 8B60     		str	r3, [r1, #8]
ARM GAS  /tmp/ccxABHXN.s 			page 4


 179 00a2 2B68     		ldr	r3, [r5]
 180 00a4 0020     		movs	r0, #0
 181 00a6 1A69     		ldr	r2, [r3, #16]
 182 00a8 22F48042 		bic	r2, r2, #16384
 183 00ac 1A61     		str	r2, [r3, #16]
 184 00ae 5A69     		ldr	r2, [r3, #20]
 185 00b0 22F02A02 		bic	r2, r2, #42
 186 00b4 5A61     		str	r2, [r3, #20]
 187 00b6 DA68     		ldr	r2, [r3, #12]
 188 00b8 42F40052 		orr	r2, r2, #8192
 189 00bc DA60     		str	r2, [r3, #12]
 190 00be 0123     		movs	r3, #1
 191 00c0 2864     		str	r0, [r5, #64]
 192 00c2 85F83D30 		strb	r3, [r5, #61]
 193              	.L13:
 194 00c6 38BD     		pop	{r3, r4, r5, pc}
 195              	.L15:
 196 00c8 FFF7FEFF 		bl	HAL_RCC_GetPCLK1Freq
 197 00cc D1E7     		b	.L18
 198              	.L17:
 199 00ce 0120     		movs	r0, #1
 200 00d0 F9E7     		b	.L13
 201              	.L20:
 202 00d2 00BF     		.align	2
 203              	.L19:
 204 00d4 00380140 		.word	1073821696
 206              		.section	.text.HAL_USART_MspDeInit,"ax",%progbits
 207              		.align	1
 208              		.weak	HAL_USART_MspDeInit
 209              		.syntax unified
 210              		.thumb
 211              		.thumb_func
 212              		.fpu softvfp
 214              	HAL_USART_MspDeInit:
 215              		@ args = 0, pretend = 0, frame = 0
 216              		@ frame_needed = 0, uses_anonymous_args = 0
 217              		@ link register save eliminated.
 218 0000 7047     		bx	lr
 220              		.section	.text.HAL_USART_DeInit,"ax",%progbits
 221              		.align	1
 222              		.global	HAL_USART_DeInit
 223              		.syntax unified
 224              		.thumb
 225              		.thumb_func
 226              		.fpu softvfp
 228              	HAL_USART_DeInit:
 229              		@ args = 0, pretend = 0, frame = 0
 230              		@ frame_needed = 0, uses_anonymous_args = 0
 231 0000 10B5     		push	{r4, lr}
 232 0002 0446     		mov	r4, r0
 233 0004 80B1     		cbz	r0, .L24
 234 0006 0223     		movs	r3, #2
 235 0008 0268     		ldr	r2, [r0]
 236 000a 80F83D30 		strb	r3, [r0, #61]
 237 000e D368     		ldr	r3, [r2, #12]
 238 0010 23F40053 		bic	r3, r3, #8192
 239 0014 D360     		str	r3, [r2, #12]
ARM GAS  /tmp/ccxABHXN.s 			page 5


 240 0016 FFF7FEFF 		bl	HAL_USART_MspDeInit
 241 001a 0020     		movs	r0, #0
 242 001c 2064     		str	r0, [r4, #64]
 243 001e 84F83C00 		strb	r0, [r4, #60]
 244 0022 84F83D00 		strb	r0, [r4, #61]
 245              	.L23:
 246 0026 10BD     		pop	{r4, pc}
 247              	.L24:
 248 0028 0120     		movs	r0, #1
 249 002a FCE7     		b	.L23
 251              		.section	.text.HAL_USART_Transmit,"ax",%progbits
 252              		.align	1
 253              		.global	HAL_USART_Transmit
 254              		.syntax unified
 255              		.thumb
 256              		.thumb_func
 257              		.fpu softvfp
 259              	HAL_USART_Transmit:
 260              		@ args = 0, pretend = 0, frame = 0
 261              		@ frame_needed = 0, uses_anonymous_args = 0
 262 0000 2DE9F041 		push	{r4, r5, r6, r7, r8, lr}
 263 0004 1F46     		mov	r7, r3
 264 0006 90F83D30 		ldrb	r3, [r0, #61]	@ zero_extendqisi2
 265 000a 0446     		mov	r4, r0
 266 000c 012B     		cmp	r3, #1
 267 000e 0D46     		mov	r5, r1
 268 0010 9046     		mov	r8, r2
 269 0012 D8B2     		uxtb	r0, r3
 270 0014 49D1     		bne	.L35
 271 0016 91B3     		cbz	r1, .L26
 272 0018 8AB3     		cbz	r2, .L26
 273 001a 94F83C30 		ldrb	r3, [r4, #60]	@ zero_extendqisi2
 274 001e 012B     		cmp	r3, #1
 275 0020 43D0     		beq	.L35
 276 0022 0023     		movs	r3, #0
 277 0024 2364     		str	r3, [r4, #64]
 278 0026 1223     		movs	r3, #18
 279 0028 84F83C00 		strb	r0, [r4, #60]
 280 002c 84F83D30 		strb	r3, [r4, #61]
 281 0030 FFF7FEFF 		bl	HAL_GetTick
 282 0034 0646     		mov	r6, r0
 283 0036 A4F82880 		strh	r8, [r4, #40]	@ movhi
 284 003a A4F82A80 		strh	r8, [r4, #42]	@ movhi
 285              	.L27:
 286 003e 638D     		ldrh	r3, [r4, #42]
 287 0040 9BB2     		uxth	r3, r3
 288 0042 63B9     		cbnz	r3, .L33
 289 0044 3B46     		mov	r3, r7
 290 0046 3246     		mov	r2, r6
 291 0048 4021     		movs	r1, #64
 292 004a 2046     		mov	r0, r4
 293 004c FFF7FEFF 		bl	USART_WaitOnFlagUntilTimeout.constprop.0
 294 0050 A0B9     		cbnz	r0, .L32
 295 0052 0123     		movs	r3, #1
 296 0054 84F83C00 		strb	r0, [r4, #60]
 297 0058 84F83D30 		strb	r3, [r4, #61]
 298 005c 0FE0     		b	.L26
ARM GAS  /tmp/ccxABHXN.s 			page 6


 299              	.L33:
 300 005e 638D     		ldrh	r3, [r4, #42]
 301 0060 3246     		mov	r2, r6
 302 0062 013B     		subs	r3, r3, #1
 303 0064 9BB2     		uxth	r3, r3
 304 0066 6385     		strh	r3, [r4, #42]	@ movhi
 305 0068 A368     		ldr	r3, [r4, #8]
 306 006a 8021     		movs	r1, #128
 307 006c B3F5805F 		cmp	r3, #4096
 308 0070 2046     		mov	r0, r4
 309 0072 3B46     		mov	r3, r7
 310 0074 10D1     		bne	.L28
 311 0076 FFF7FEFF 		bl	USART_WaitOnFlagUntilTimeout.constprop.0
 312 007a 10B1     		cbz	r0, .L29
 313              	.L32:
 314 007c 0320     		movs	r0, #3
 315              	.L26:
 316 007e BDE8F081 		pop	{r4, r5, r6, r7, r8, pc}
 317              	.L29:
 318 0082 2B88     		ldrh	r3, [r5]
 319 0084 2268     		ldr	r2, [r4]
 320 0086 C3F30803 		ubfx	r3, r3, #0, #9
 321 008a 5360     		str	r3, [r2, #4]
 322 008c 2369     		ldr	r3, [r4, #16]
 323 008e 0BB9     		cbnz	r3, .L30
 324 0090 0235     		adds	r5, r5, #2
 325 0092 D4E7     		b	.L27
 326              	.L30:
 327 0094 0135     		adds	r5, r5, #1
 328 0096 D2E7     		b	.L27
 329              	.L28:
 330 0098 FFF7FEFF 		bl	USART_WaitOnFlagUntilTimeout.constprop.0
 331 009c 0028     		cmp	r0, #0
 332 009e EDD1     		bne	.L32
 333 00a0 2368     		ldr	r3, [r4]
 334 00a2 15F8012B 		ldrb	r2, [r5], #1	@ zero_extendqisi2
 335 00a6 5A60     		str	r2, [r3, #4]
 336 00a8 C9E7     		b	.L27
 337              	.L35:
 338 00aa 0220     		movs	r0, #2
 339 00ac E7E7     		b	.L26
 341              		.section	.text.HAL_USART_Receive,"ax",%progbits
 342              		.align	1
 343              		.global	HAL_USART_Receive
 344              		.syntax unified
 345              		.thumb
 346              		.thumb_func
 347              		.fpu softvfp
 349              	HAL_USART_Receive:
 350              		@ args = 0, pretend = 0, frame = 0
 351              		@ frame_needed = 0, uses_anonymous_args = 0
 352 0000 2DE9F041 		push	{r4, r5, r6, r7, r8, lr}
 353 0004 1F46     		mov	r7, r3
 354 0006 90F83D30 		ldrb	r3, [r0, #61]	@ zero_extendqisi2
 355 000a 0446     		mov	r4, r0
 356 000c 012B     		cmp	r3, #1
 357 000e 0D46     		mov	r5, r1
ARM GAS  /tmp/ccxABHXN.s 			page 7


 358 0010 9046     		mov	r8, r2
 359 0012 D8B2     		uxtb	r0, r3
 360 0014 65D1     		bne	.L53
 361 0016 69B3     		cbz	r1, .L43
 362 0018 62B3     		cbz	r2, .L43
 363 001a 94F83C30 		ldrb	r3, [r4, #60]	@ zero_extendqisi2
 364 001e 012B     		cmp	r3, #1
 365 0020 5FD0     		beq	.L53
 366 0022 0023     		movs	r3, #0
 367 0024 2364     		str	r3, [r4, #64]
 368 0026 2223     		movs	r3, #34
 369 0028 84F83C00 		strb	r0, [r4, #60]
 370 002c 84F83D30 		strb	r3, [r4, #61]
 371 0030 FFF7FEFF 		bl	HAL_GetTick
 372 0034 A4F83080 		strh	r8, [r4, #48]	@ movhi
 373 0038 A4F83280 		strh	r8, [r4, #50]	@ movhi
 374 003c 0646     		mov	r6, r0
 375 003e 4FF0FF08 		mov	r8, #255
 376              	.L44:
 377 0042 608E     		ldrh	r0, [r4, #50]
 378 0044 80B2     		uxth	r0, r0
 379 0046 28B9     		cbnz	r0, .L51
 380 0048 0123     		movs	r3, #1
 381 004a 84F83C00 		strb	r0, [r4, #60]
 382 004e 84F83D30 		strb	r3, [r4, #61]
 383 0052 0FE0     		b	.L43
 384              	.L51:
 385 0054 638E     		ldrh	r3, [r4, #50]
 386 0056 3246     		mov	r2, r6
 387 0058 013B     		subs	r3, r3, #1
 388 005a 9BB2     		uxth	r3, r3
 389 005c 6386     		strh	r3, [r4, #50]	@ movhi
 390 005e A368     		ldr	r3, [r4, #8]
 391 0060 8021     		movs	r1, #128
 392 0062 B3F5805F 		cmp	r3, #4096
 393 0066 2046     		mov	r0, r4
 394 0068 3B46     		mov	r3, r7
 395 006a 21D1     		bne	.L45
 396 006c FFF7FEFF 		bl	USART_WaitOnFlagUntilTimeout.constprop.0
 397 0070 10B1     		cbz	r0, .L46
 398              	.L47:
 399 0072 0320     		movs	r0, #3
 400              	.L43:
 401 0074 BDE8F081 		pop	{r4, r5, r6, r7, r8, pc}
 402              	.L46:
 403 0078 40F2FF12 		movw	r2, #511
 404 007c 2368     		ldr	r3, [r4]
 405 007e 2021     		movs	r1, #32
 406 0080 5A60     		str	r2, [r3, #4]
 407 0082 2046     		mov	r0, r4
 408 0084 3B46     		mov	r3, r7
 409 0086 3246     		mov	r2, r6
 410 0088 FFF7FEFF 		bl	USART_WaitOnFlagUntilTimeout.constprop.0
 411 008c 0028     		cmp	r0, #0
 412 008e F0D1     		bne	.L47
 413 0090 2368     		ldr	r3, [r4]
 414 0092 2269     		ldr	r2, [r4, #16]
ARM GAS  /tmp/ccxABHXN.s 			page 8


 415 0094 5B68     		ldr	r3, [r3, #4]
 416 0096 32B9     		cbnz	r2, .L48
 417 0098 2946     		mov	r1, r5
 418 009a C3F30803 		ubfx	r3, r3, #0, #9
 419 009e 21F8023B 		strh	r3, [r1], #2	@ movhi
 420              	.L49:
 421 00a2 0D46     		mov	r5, r1
 422 00a4 CDE7     		b	.L44
 423              	.L48:
 424 00a6 2946     		mov	r1, r5
 425 00a8 DBB2     		uxtb	r3, r3
 426 00aa 21F8013B 		strh	r3, [r1], #1	@ movhi
 427 00ae F8E7     		b	.L49
 428              	.L45:
 429 00b0 FFF7FEFF 		bl	USART_WaitOnFlagUntilTimeout.constprop.0
 430 00b4 0028     		cmp	r0, #0
 431 00b6 DCD1     		bne	.L47
 432 00b8 2368     		ldr	r3, [r4]
 433 00ba 3246     		mov	r2, r6
 434 00bc C3F80480 		str	r8, [r3, #4]
 435 00c0 2021     		movs	r1, #32
 436 00c2 3B46     		mov	r3, r7
 437 00c4 2046     		mov	r0, r4
 438 00c6 FFF7FEFF 		bl	USART_WaitOnFlagUntilTimeout.constprop.0
 439 00ca 0028     		cmp	r0, #0
 440 00cc D1D1     		bne	.L47
 441 00ce 2368     		ldr	r3, [r4]
 442 00d0 2269     		ldr	r2, [r4, #16]
 443 00d2 5B68     		ldr	r3, [r3, #4]
 444 00d4 691C     		adds	r1, r5, #1
 445 00d6 0AB9     		cbnz	r2, .L50
 446              	.L60:
 447 00d8 2B70     		strb	r3, [r5]
 448 00da E2E7     		b	.L49
 449              	.L50:
 450 00dc 03F07F03 		and	r3, r3, #127
 451 00e0 FAE7     		b	.L60
 452              	.L53:
 453 00e2 0220     		movs	r0, #2
 454 00e4 C6E7     		b	.L43
 456              		.section	.text.HAL_USART_TransmitReceive,"ax",%progbits
 457              		.align	1
 458              		.global	HAL_USART_TransmitReceive
 459              		.syntax unified
 460              		.thumb
 461              		.thumb_func
 462              		.fpu softvfp
 464              	HAL_USART_TransmitReceive:
 465              		@ args = 4, pretend = 0, frame = 0
 466              		@ frame_needed = 0, uses_anonymous_args = 0
 467 0000 2DE9F843 		push	{r3, r4, r5, r6, r7, r8, r9, lr}
 468 0004 9846     		mov	r8, r3
 469 0006 90F83D30 		ldrb	r3, [r0, #61]	@ zero_extendqisi2
 470 000a 0446     		mov	r4, r0
 471 000c 012B     		cmp	r3, #1
 472 000e 0D46     		mov	r5, r1
 473 0010 1646     		mov	r6, r2
ARM GAS  /tmp/ccxABHXN.s 			page 9


 474 0012 089F     		ldr	r7, [sp, #32]
 475 0014 D8B2     		uxtb	r0, r3
 476 0016 78D1     		bne	.L74
 477 0018 0029     		cmp	r1, #0
 478 001a 37D0     		beq	.L62
 479 001c 002A     		cmp	r2, #0
 480 001e 35D0     		beq	.L62
 481 0020 B8F1000F 		cmp	r8, #0
 482 0024 32D0     		beq	.L62
 483 0026 94F83C30 		ldrb	r3, [r4, #60]	@ zero_extendqisi2
 484 002a 012B     		cmp	r3, #1
 485 002c 6DD0     		beq	.L74
 486 002e 0023     		movs	r3, #0
 487 0030 2364     		str	r3, [r4, #64]
 488 0032 2223     		movs	r3, #34
 489 0034 84F83C00 		strb	r0, [r4, #60]
 490 0038 84F83D30 		strb	r3, [r4, #61]
 491 003c FFF7FEFF 		bl	HAL_GetTick
 492 0040 8146     		mov	r9, r0
 493 0042 A4F82A80 		strh	r8, [r4, #42]	@ movhi
 494 0046 A4F83080 		strh	r8, [r4, #48]	@ movhi
 495 004a A4F82880 		strh	r8, [r4, #40]	@ movhi
 496 004e A4F83280 		strh	r8, [r4, #50]	@ movhi
 497              	.L63:
 498 0052 608D     		ldrh	r0, [r4, #42]
 499 0054 80B2     		uxth	r0, r0
 500 0056 28B9     		cbnz	r0, .L72
 501 0058 0123     		movs	r3, #1
 502 005a 84F83C00 		strb	r0, [r4, #60]
 503 005e 84F83D30 		strb	r3, [r4, #61]
 504 0062 13E0     		b	.L62
 505              	.L72:
 506 0064 638D     		ldrh	r3, [r4, #42]
 507 0066 4A46     		mov	r2, r9
 508 0068 013B     		subs	r3, r3, #1
 509 006a 9BB2     		uxth	r3, r3
 510 006c 6385     		strh	r3, [r4, #42]	@ movhi
 511 006e 638E     		ldrh	r3, [r4, #50]
 512 0070 8021     		movs	r1, #128
 513 0072 013B     		subs	r3, r3, #1
 514 0074 9BB2     		uxth	r3, r3
 515 0076 6386     		strh	r3, [r4, #50]	@ movhi
 516 0078 A368     		ldr	r3, [r4, #8]
 517 007a 2046     		mov	r0, r4
 518 007c B3F5805F 		cmp	r3, #4096
 519 0080 3B46     		mov	r3, r7
 520 0082 28D1     		bne	.L64
 521 0084 FFF7FEFF 		bl	USART_WaitOnFlagUntilTimeout.constprop.0
 522 0088 10B1     		cbz	r0, .L65
 523              	.L68:
 524 008a 0320     		movs	r0, #3
 525              	.L62:
 526 008c BDE8F883 		pop	{r3, r4, r5, r6, r7, r8, r9, pc}
 527              	.L65:
 528 0090 2B88     		ldrh	r3, [r5]
 529 0092 2268     		ldr	r2, [r4]
 530 0094 C3F30803 		ubfx	r3, r3, #0, #9
ARM GAS  /tmp/ccxABHXN.s 			page 10


 531 0098 5360     		str	r3, [r2, #4]
 532 009a 2369     		ldr	r3, [r4, #16]
 533 009c 9BB9     		cbnz	r3, .L66
 534 009e 0235     		adds	r5, r5, #2
 535              	.L67:
 536 00a0 3B46     		mov	r3, r7
 537 00a2 4A46     		mov	r2, r9
 538 00a4 2021     		movs	r1, #32
 539 00a6 2046     		mov	r0, r4
 540 00a8 FFF7FEFF 		bl	USART_WaitOnFlagUntilTimeout.constprop.0
 541 00ac 0028     		cmp	r0, #0
 542 00ae ECD1     		bne	.L68
 543 00b0 2269     		ldr	r2, [r4, #16]
 544 00b2 2368     		ldr	r3, [r4]
 545 00b4 4AB9     		cbnz	r2, .L69
 546 00b6 5A68     		ldr	r2, [r3, #4]
 547 00b8 3346     		mov	r3, r6
 548 00ba C2F30802 		ubfx	r2, r2, #0, #9
 549 00be 23F8022B 		strh	r2, [r3], #2	@ movhi
 550              	.L70:
 551 00c2 1E46     		mov	r6, r3
 552 00c4 C5E7     		b	.L63
 553              	.L66:
 554 00c6 0135     		adds	r5, r5, #1
 555 00c8 EAE7     		b	.L67
 556              	.L69:
 557 00ca 5A68     		ldr	r2, [r3, #4]
 558 00cc 3346     		mov	r3, r6
 559 00ce D2B2     		uxtb	r2, r2
 560 00d0 23F8012B 		strh	r2, [r3], #1	@ movhi
 561 00d4 F5E7     		b	.L70
 562              	.L64:
 563 00d6 FFF7FEFF 		bl	USART_WaitOnFlagUntilTimeout.constprop.0
 564 00da 0028     		cmp	r0, #0
 565 00dc D5D1     		bne	.L68
 566 00de 2368     		ldr	r3, [r4]
 567 00e0 15F8012B 		ldrb	r2, [r5], #1	@ zero_extendqisi2
 568 00e4 2021     		movs	r1, #32
 569 00e6 5A60     		str	r2, [r3, #4]
 570 00e8 2046     		mov	r0, r4
 571 00ea 3B46     		mov	r3, r7
 572 00ec 4A46     		mov	r2, r9
 573 00ee FFF7FEFF 		bl	USART_WaitOnFlagUntilTimeout.constprop.0
 574 00f2 0028     		cmp	r0, #0
 575 00f4 C9D1     		bne	.L68
 576 00f6 2268     		ldr	r2, [r4]
 577 00f8 2169     		ldr	r1, [r4, #16]
 578 00fa 5268     		ldr	r2, [r2, #4]
 579 00fc 731C     		adds	r3, r6, #1
 580 00fe 09B9     		cbnz	r1, .L71
 581              	.L84:
 582 0100 3270     		strb	r2, [r6]
 583 0102 DEE7     		b	.L70
 584              	.L71:
 585 0104 02F07F02 		and	r2, r2, #127
 586 0108 FAE7     		b	.L84
 587              	.L74:
ARM GAS  /tmp/ccxABHXN.s 			page 11


 588 010a 0220     		movs	r0, #2
 589 010c BEE7     		b	.L62
 591              		.section	.text.HAL_USART_Transmit_IT,"ax",%progbits
 592              		.align	1
 593              		.global	HAL_USART_Transmit_IT
 594              		.syntax unified
 595              		.thumb
 596              		.thumb_func
 597              		.fpu softvfp
 599              	HAL_USART_Transmit_IT:
 600              		@ args = 0, pretend = 0, frame = 0
 601              		@ frame_needed = 0, uses_anonymous_args = 0
 602 0000 10B5     		push	{r4, lr}
 603 0002 90F83D40 		ldrb	r4, [r0, #61]	@ zero_extendqisi2
 604 0006 0346     		mov	r3, r0
 605 0008 012C     		cmp	r4, #1
 606 000a E0B2     		uxtb	r0, r4
 607 000c 15D1     		bne	.L88
 608 000e 99B1     		cbz	r1, .L86
 609 0010 92B1     		cbz	r2, .L86
 610 0012 93F83C00 		ldrb	r0, [r3, #60]	@ zero_extendqisi2
 611 0016 0128     		cmp	r0, #1
 612 0018 0FD0     		beq	.L88
 613 001a 5A85     		strh	r2, [r3, #42]	@ movhi
 614 001c 1A85     		strh	r2, [r3, #40]	@ movhi
 615 001e 0020     		movs	r0, #0
 616 0020 1222     		movs	r2, #18
 617 0022 1864     		str	r0, [r3, #64]
 618 0024 83F83D20 		strb	r2, [r3, #61]
 619 0028 1A68     		ldr	r2, [r3]
 620 002a 83F83C00 		strb	r0, [r3, #60]
 621 002e 5962     		str	r1, [r3, #36]
 622 0030 D368     		ldr	r3, [r2, #12]
 623 0032 43F08003 		orr	r3, r3, #128
 624 0036 D360     		str	r3, [r2, #12]
 625              	.L86:
 626 0038 10BD     		pop	{r4, pc}
 627              	.L88:
 628 003a 0220     		movs	r0, #2
 629 003c FCE7     		b	.L86
 631              		.section	.text.HAL_USART_Receive_IT,"ax",%progbits
 632              		.align	1
 633              		.global	HAL_USART_Receive_IT
 634              		.syntax unified
 635              		.thumb
 636              		.thumb_func
 637              		.fpu softvfp
 639              	HAL_USART_Receive_IT:
 640              		@ args = 0, pretend = 0, frame = 0
 641              		@ frame_needed = 0, uses_anonymous_args = 0
 642 0000 10B5     		push	{r4, lr}
 643 0002 90F83D40 		ldrb	r4, [r0, #61]	@ zero_extendqisi2
 644 0006 0346     		mov	r3, r0
 645 0008 012C     		cmp	r4, #1
 646 000a E0B2     		uxtb	r0, r4
 647 000c 1CD1     		bne	.L98
 648 000e D1B1     		cbz	r1, .L96
ARM GAS  /tmp/ccxABHXN.s 			page 12


 649 0010 CAB1     		cbz	r2, .L96
 650 0012 93F83C00 		ldrb	r0, [r3, #60]	@ zero_extendqisi2
 651 0016 0128     		cmp	r0, #1
 652 0018 16D0     		beq	.L98
 653 001a 5A86     		strh	r2, [r3, #50]	@ movhi
 654 001c 0020     		movs	r0, #0
 655 001e 1A86     		strh	r2, [r3, #48]	@ movhi
 656 0020 2222     		movs	r2, #34
 657 0022 1864     		str	r0, [r3, #64]
 658 0024 D962     		str	r1, [r3, #44]
 659 0026 83F83D20 		strb	r2, [r3, #61]
 660 002a 83F83C00 		strb	r0, [r3, #60]
 661 002e 1B68     		ldr	r3, [r3]
 662 0030 DA68     		ldr	r2, [r3, #12]
 663 0032 42F49072 		orr	r2, r2, #288
 664 0036 DA60     		str	r2, [r3, #12]
 665 0038 5A69     		ldr	r2, [r3, #20]
 666 003a 42F00102 		orr	r2, r2, #1
 667 003e 5A61     		str	r2, [r3, #20]
 668 0040 40F2FF12 		movw	r2, #511
 669 0044 5A60     		str	r2, [r3, #4]
 670              	.L96:
 671 0046 10BD     		pop	{r4, pc}
 672              	.L98:
 673 0048 0220     		movs	r0, #2
 674 004a FCE7     		b	.L96
 676              		.section	.text.HAL_USART_TransmitReceive_IT,"ax",%progbits
 677              		.align	1
 678              		.global	HAL_USART_TransmitReceive_IT
 679              		.syntax unified
 680              		.thumb
 681              		.thumb_func
 682              		.fpu softvfp
 684              	HAL_USART_TransmitReceive_IT:
 685              		@ args = 0, pretend = 0, frame = 0
 686              		@ frame_needed = 0, uses_anonymous_args = 0
 687 0000 30B5     		push	{r4, r5, lr}
 688 0002 90F83D50 		ldrb	r5, [r0, #61]	@ zero_extendqisi2
 689 0006 0446     		mov	r4, r0
 690 0008 012D     		cmp	r5, #1
 691 000a E8B2     		uxtb	r0, r5
 692 000c 25D1     		bne	.L108
 693 000e 19B3     		cbz	r1, .L106
 694 0010 12B3     		cbz	r2, .L106
 695 0012 0BB3     		cbz	r3, .L106
 696 0014 94F83C00 		ldrb	r0, [r4, #60]	@ zero_extendqisi2
 697 0018 0128     		cmp	r0, #1
 698 001a 1ED0     		beq	.L108
 699 001c 6386     		strh	r3, [r4, #50]	@ movhi
 700 001e 2386     		strh	r3, [r4, #48]	@ movhi
 701 0020 6385     		strh	r3, [r4, #42]	@ movhi
 702 0022 2385     		strh	r3, [r4, #40]	@ movhi
 703 0024 0020     		movs	r0, #0
 704 0026 3223     		movs	r3, #50
 705 0028 2064     		str	r0, [r4, #64]
 706 002a 84F83D30 		strb	r3, [r4, #61]
 707 002e 2368     		ldr	r3, [r4]
ARM GAS  /tmp/ccxABHXN.s 			page 13


 708 0030 84F83C00 		strb	r0, [r4, #60]
 709 0034 E262     		str	r2, [r4, #44]
 710 0036 DA68     		ldr	r2, [r3, #12]
 711 0038 6162     		str	r1, [r4, #36]
 712 003a 42F02002 		orr	r2, r2, #32
 713 003e DA60     		str	r2, [r3, #12]
 714 0040 DA68     		ldr	r2, [r3, #12]
 715 0042 42F48072 		orr	r2, r2, #256
 716 0046 DA60     		str	r2, [r3, #12]
 717 0048 5A69     		ldr	r2, [r3, #20]
 718 004a 42F00102 		orr	r2, r2, #1
 719 004e 5A61     		str	r2, [r3, #20]
 720 0050 DA68     		ldr	r2, [r3, #12]
 721 0052 42F08002 		orr	r2, r2, #128
 722 0056 DA60     		str	r2, [r3, #12]
 723              	.L106:
 724 0058 30BD     		pop	{r4, r5, pc}
 725              	.L108:
 726 005a 0220     		movs	r0, #2
 727 005c FCE7     		b	.L106
 729              		.section	.text.HAL_USART_Transmit_DMA,"ax",%progbits
 730              		.align	1
 731              		.global	HAL_USART_Transmit_DMA
 732              		.syntax unified
 733              		.thumb
 734              		.thumb_func
 735              		.fpu softvfp
 737              	HAL_USART_Transmit_DMA:
 738              		@ args = 0, pretend = 0, frame = 0
 739              		@ frame_needed = 0, uses_anonymous_args = 0
 740 0000 38B5     		push	{r3, r4, r5, lr}
 741 0002 1346     		mov	r3, r2
 742 0004 90F83D20 		ldrb	r2, [r0, #61]	@ zero_extendqisi2
 743 0008 0446     		mov	r4, r0
 744 000a 012A     		cmp	r2, #1
 745 000c D0B2     		uxtb	r0, r2
 746 000e 27D1     		bne	.L121
 747 0010 29B3     		cbz	r1, .L119
 748 0012 23B3     		cbz	r3, .L119
 749 0014 94F83C20 		ldrb	r2, [r4, #60]	@ zero_extendqisi2
 750 0018 012A     		cmp	r2, #1
 751 001a 21D0     		beq	.L121
 752 001c 0025     		movs	r5, #0
 753 001e 1222     		movs	r2, #18
 754 0020 6385     		strh	r3, [r4, #42]	@ movhi
 755 0022 84F83C00 		strb	r0, [r4, #60]
 756 0026 2564     		str	r5, [r4, #64]
 757 0028 606B     		ldr	r0, [r4, #52]
 758 002a 84F83D20 		strb	r2, [r4, #61]
 759 002e 0D4A     		ldr	r2, .L128
 760 0030 2385     		strh	r3, [r4, #40]	@ movhi
 761 0032 6162     		str	r1, [r4, #36]
 762 0034 8262     		str	r2, [r0, #40]
 763 0036 0C4A     		ldr	r2, .L128+4
 764 0038 C262     		str	r2, [r0, #44]
 765 003a 0C4A     		ldr	r2, .L128+8
 766 003c C0E90C25 		strd	r2, r5, [r0, #48]
ARM GAS  /tmp/ccxABHXN.s 			page 14


 767 0040 2268     		ldr	r2, [r4]
 768 0042 0432     		adds	r2, r2, #4
 769 0044 FFF7FEFF 		bl	HAL_DMA_Start_IT
 770 0048 6FF04002 		mvn	r2, #64
 771 004c 2846     		mov	r0, r5
 772 004e 2368     		ldr	r3, [r4]
 773 0050 1A60     		str	r2, [r3]
 774 0052 84F83C50 		strb	r5, [r4, #60]
 775 0056 5A69     		ldr	r2, [r3, #20]
 776 0058 42F08002 		orr	r2, r2, #128
 777 005c 5A61     		str	r2, [r3, #20]
 778              	.L119:
 779 005e 38BD     		pop	{r3, r4, r5, pc}
 780              	.L121:
 781 0060 0220     		movs	r0, #2
 782 0062 FCE7     		b	.L119
 783              	.L129:
 784              		.align	2
 785              	.L128:
 786 0064 00000000 		.word	USART_DMATransmitCplt
 787 0068 00000000 		.word	USART_DMATxHalfCplt
 788 006c 00000000 		.word	USART_DMAError
 790              		.section	.text.HAL_USART_Receive_DMA,"ax",%progbits
 791              		.align	1
 792              		.global	HAL_USART_Receive_DMA
 793              		.syntax unified
 794              		.thumb
 795              		.thumb_func
 796              		.fpu softvfp
 798              	HAL_USART_Receive_DMA:
 799              		@ args = 0, pretend = 0, frame = 8
 800              		@ frame_needed = 0, uses_anonymous_args = 0
 801 0000 F7B5     		push	{r0, r1, r2, r4, r5, r6, r7, lr}
 802 0002 90F83D30 		ldrb	r3, [r0, #61]	@ zero_extendqisi2
 803 0006 0446     		mov	r4, r0
 804 0008 012B     		cmp	r3, #1
 805 000a 0E46     		mov	r6, r1
 806 000c 1746     		mov	r7, r2
 807 000e D8B2     		uxtb	r0, r3
 808 0010 48D1     		bne	.L133
 809 0012 0029     		cmp	r1, #0
 810 0014 44D0     		beq	.L131
 811 0016 002A     		cmp	r2, #0
 812 0018 42D0     		beq	.L131
 813 001a 94F83C30 		ldrb	r3, [r4, #60]	@ zero_extendqisi2
 814 001e 012B     		cmp	r3, #1
 815 0020 40D0     		beq	.L133
 816 0022 0025     		movs	r5, #0
 817 0024 2223     		movs	r3, #34
 818 0026 84F83C00 		strb	r0, [r4, #60]
 819 002a 2564     		str	r5, [r4, #64]
 820 002c A06B     		ldr	r0, [r4, #56]
 821 002e 84F83D30 		strb	r3, [r4, #61]
 822 0032 1D4B     		ldr	r3, .L140
 823 0034 E162     		str	r1, [r4, #44]
 824 0036 2286     		strh	r2, [r4, #48]	@ movhi
 825 0038 6162     		str	r1, [r4, #36]
ARM GAS  /tmp/ccxABHXN.s 			page 15


 826 003a 2285     		strh	r2, [r4, #40]	@ movhi
 827 003c 8362     		str	r3, [r0, #40]
 828 003e 1B4B     		ldr	r3, .L140+4
 829 0040 1B4A     		ldr	r2, .L140+8
 830 0042 C362     		str	r3, [r0, #44]
 831 0044 2168     		ldr	r1, [r4]
 832 0046 636B     		ldr	r3, [r4, #52]
 833 0048 C0E90C25 		strd	r2, r5, [r0, #48]
 834 004c 0431     		adds	r1, r1, #4
 835 004e C3E90C25 		strd	r2, r5, [r3, #48]
 836 0052 C3E90A55 		strd	r5, r5, [r3, #40]
 837 0056 3246     		mov	r2, r6
 838 0058 3B46     		mov	r3, r7
 839 005a FFF7FEFF 		bl	HAL_DMA_Start_IT
 840 005e 2268     		ldr	r2, [r4]
 841 0060 3B46     		mov	r3, r7
 842 0062 0432     		adds	r2, r2, #4
 843 0064 3146     		mov	r1, r6
 844 0066 606B     		ldr	r0, [r4, #52]
 845 0068 FFF7FEFF 		bl	HAL_DMA_Start_IT
 846 006c 2846     		mov	r0, r5
 847 006e 2368     		ldr	r3, [r4]
 848 0070 0195     		str	r5, [sp, #4]
 849 0072 1A68     		ldr	r2, [r3]
 850 0074 0192     		str	r2, [sp, #4]
 851 0076 5A68     		ldr	r2, [r3, #4]
 852 0078 84F83C50 		strb	r5, [r4, #60]
 853 007c 0192     		str	r2, [sp, #4]
 854 007e 019A     		ldr	r2, [sp, #4]
 855 0080 DA68     		ldr	r2, [r3, #12]
 856 0082 42F48072 		orr	r2, r2, #256
 857 0086 DA60     		str	r2, [r3, #12]
 858 0088 5A69     		ldr	r2, [r3, #20]
 859 008a 42F00102 		orr	r2, r2, #1
 860 008e 5A61     		str	r2, [r3, #20]
 861 0090 5A69     		ldr	r2, [r3, #20]
 862 0092 42F04002 		orr	r2, r2, #64
 863 0096 5A61     		str	r2, [r3, #20]
 864 0098 5A69     		ldr	r2, [r3, #20]
 865 009a 42F08002 		orr	r2, r2, #128
 866 009e 5A61     		str	r2, [r3, #20]
 867              	.L131:
 868 00a0 03B0     		add	sp, sp, #12
 869              		@ sp needed
 870 00a2 F0BD     		pop	{r4, r5, r6, r7, pc}
 871              	.L133:
 872 00a4 0220     		movs	r0, #2
 873 00a6 FBE7     		b	.L131
 874              	.L141:
 875              		.align	2
 876              	.L140:
 877 00a8 00000000 		.word	USART_DMAReceiveCplt
 878 00ac 00000000 		.word	USART_DMARxHalfCplt
 879 00b0 00000000 		.word	USART_DMAError
 881              		.section	.text.HAL_USART_TransmitReceive_DMA,"ax",%progbits
 882              		.align	1
 883              		.global	HAL_USART_TransmitReceive_DMA
ARM GAS  /tmp/ccxABHXN.s 			page 16


 884              		.syntax unified
 885              		.thumb
 886              		.thumb_func
 887              		.fpu softvfp
 889              	HAL_USART_TransmitReceive_DMA:
 890              		@ args = 0, pretend = 0, frame = 8
 891              		@ frame_needed = 0, uses_anonymous_args = 0
 892 0000 F7B5     		push	{r0, r1, r2, r4, r5, r6, r7, lr}
 893 0002 90F83D50 		ldrb	r5, [r0, #61]	@ zero_extendqisi2
 894 0006 0446     		mov	r4, r0
 895 0008 012D     		cmp	r5, #1
 896 000a 0F46     		mov	r7, r1
 897 000c 1E46     		mov	r6, r3
 898 000e E8B2     		uxtb	r0, r5
 899 0010 52D1     		bne	.L145
 900 0012 002F     		cmp	r7, #0
 901 0014 4ED0     		beq	.L143
 902 0016 002A     		cmp	r2, #0
 903 0018 4CD0     		beq	.L143
 904 001a 002B     		cmp	r3, #0
 905 001c 4AD0     		beq	.L143
 906 001e 94F83C50 		ldrb	r5, [r4, #60]	@ zero_extendqisi2
 907 0022 012D     		cmp	r5, #1
 908 0024 48D0     		beq	.L145
 909 0026 0025     		movs	r5, #0
 910 0028 3221     		movs	r1, #50
 911 002a 84F83C00 		strb	r0, [r4, #60]
 912 002e 2564     		str	r5, [r4, #64]
 913 0030 A06B     		ldr	r0, [r4, #56]
 914 0032 84F83D10 		strb	r1, [r4, #61]
 915 0036 2149     		ldr	r1, .L155
 916 0038 E262     		str	r2, [r4, #44]
 917 003a 2386     		strh	r3, [r4, #48]	@ movhi
 918 003c 2385     		strh	r3, [r4, #40]	@ movhi
 919 003e 6762     		str	r7, [r4, #36]
 920 0040 8162     		str	r1, [r0, #40]
 921 0042 1F49     		ldr	r1, .L155+4
 922 0044 DFF87CC0 		ldr	ip, .L155+8
 923 0048 C162     		str	r1, [r0, #44]
 924 004a 616B     		ldr	r1, [r4, #52]
 925 004c C1F828C0 		str	ip, [r1, #40]
 926 0050 DFF874C0 		ldr	ip, .L155+12
 927 0054 C1F82CC0 		str	ip, [r1, #44]
 928 0058 DFF870C0 		ldr	ip, .L155+16
 929 005c C1F830C0 		str	ip, [r1, #48]
 930 0060 2168     		ldr	r1, [r4]
 931 0062 C0E90CC5 		strd	ip, r5, [r0, #48]
 932 0066 0431     		adds	r1, r1, #4
 933 0068 FFF7FEFF 		bl	HAL_DMA_Start_IT
 934 006c 2268     		ldr	r2, [r4]
 935 006e 3346     		mov	r3, r6
 936 0070 0432     		adds	r2, r2, #4
 937 0072 3946     		mov	r1, r7
 938 0074 606B     		ldr	r0, [r4, #52]
 939 0076 FFF7FEFF 		bl	HAL_DMA_Start_IT
 940 007a 6FF04002 		mvn	r2, #64
 941 007e 2846     		mov	r0, r5
ARM GAS  /tmp/ccxABHXN.s 			page 17


 942 0080 2368     		ldr	r3, [r4]
 943 0082 1A60     		str	r2, [r3]
 944 0084 0195     		str	r5, [sp, #4]
 945 0086 1A68     		ldr	r2, [r3]
 946 0088 0192     		str	r2, [sp, #4]
 947 008a 5A68     		ldr	r2, [r3, #4]
 948 008c 84F83C50 		strb	r5, [r4, #60]
 949 0090 0192     		str	r2, [sp, #4]
 950 0092 019A     		ldr	r2, [sp, #4]
 951 0094 DA68     		ldr	r2, [r3, #12]
 952 0096 42F48072 		orr	r2, r2, #256
 953 009a DA60     		str	r2, [r3, #12]
 954 009c 5A69     		ldr	r2, [r3, #20]
 955 009e 42F00102 		orr	r2, r2, #1
 956 00a2 5A61     		str	r2, [r3, #20]
 957 00a4 5A69     		ldr	r2, [r3, #20]
 958 00a6 42F04002 		orr	r2, r2, #64
 959 00aa 5A61     		str	r2, [r3, #20]
 960 00ac 5A69     		ldr	r2, [r3, #20]
 961 00ae 42F08002 		orr	r2, r2, #128
 962 00b2 5A61     		str	r2, [r3, #20]
 963              	.L143:
 964 00b4 03B0     		add	sp, sp, #12
 965              		@ sp needed
 966 00b6 F0BD     		pop	{r4, r5, r6, r7, pc}
 967              	.L145:
 968 00b8 0220     		movs	r0, #2
 969 00ba FBE7     		b	.L143
 970              	.L156:
 971              		.align	2
 972              	.L155:
 973 00bc 00000000 		.word	USART_DMAReceiveCplt
 974 00c0 00000000 		.word	USART_DMARxHalfCplt
 975 00c4 00000000 		.word	USART_DMATransmitCplt
 976 00c8 00000000 		.word	USART_DMATxHalfCplt
 977 00cc 00000000 		.word	USART_DMAError
 979              		.section	.text.HAL_USART_DMAPause,"ax",%progbits
 980              		.align	1
 981              		.global	HAL_USART_DMAPause
 982              		.syntax unified
 983              		.thumb
 984              		.thumb_func
 985              		.fpu softvfp
 987              	HAL_USART_DMAPause:
 988              		@ args = 0, pretend = 0, frame = 0
 989              		@ frame_needed = 0, uses_anonymous_args = 0
 990              		@ link register save eliminated.
 991 0000 90F83C20 		ldrb	r2, [r0, #60]	@ zero_extendqisi2
 992 0004 0346     		mov	r3, r0
 993 0006 012A     		cmp	r2, #1
 994 0008 1DBF     		ittte	ne
 995 000a 0168     		ldrne	r1, [r0]
 996 000c 0020     		movne	r0, #0
 997 000e 4A69     		ldrne	r2, [r1, #20]
 998 0010 0220     		moveq	r0, #2
 999 0012 1EBF     		ittt	ne
 1000 0014 22F08002 		bicne	r2, r2, #128
ARM GAS  /tmp/ccxABHXN.s 			page 18


 1001 0018 4A61     		strne	r2, [r1, #20]
 1002 001a 83F83C00 		strbne	r0, [r3, #60]
 1003 001e 7047     		bx	lr
 1005              		.section	.text.HAL_USART_DMAResume,"ax",%progbits
 1006              		.align	1
 1007              		.global	HAL_USART_DMAResume
 1008              		.syntax unified
 1009              		.thumb
 1010              		.thumb_func
 1011              		.fpu softvfp
 1013              	HAL_USART_DMAResume:
 1014              		@ args = 0, pretend = 0, frame = 0
 1015              		@ frame_needed = 0, uses_anonymous_args = 0
 1016              		@ link register save eliminated.
 1017 0000 90F83C20 		ldrb	r2, [r0, #60]	@ zero_extendqisi2
 1018 0004 0346     		mov	r3, r0
 1019 0006 012A     		cmp	r2, #1
 1020 0008 1DBF     		ittte	ne
 1021 000a 0168     		ldrne	r1, [r0]
 1022 000c 0020     		movne	r0, #0
 1023 000e 4A69     		ldrne	r2, [r1, #20]
 1024 0010 0220     		moveq	r0, #2
 1025 0012 1EBF     		ittt	ne
 1026 0014 42F08002 		orrne	r2, r2, #128
 1027 0018 4A61     		strne	r2, [r1, #20]
 1028 001a 83F83C00 		strbne	r0, [r3, #60]
 1029 001e 7047     		bx	lr
 1031              		.section	.text.HAL_USART_DMAStop,"ax",%progbits
 1032              		.align	1
 1033              		.global	HAL_USART_DMAStop
 1034              		.syntax unified
 1035              		.thumb
 1036              		.thumb_func
 1037              		.fpu softvfp
 1039              	HAL_USART_DMAStop:
 1040              		@ args = 0, pretend = 0, frame = 0
 1041              		@ frame_needed = 0, uses_anonymous_args = 0
 1042 0000 10B5     		push	{r4, lr}
 1043 0002 0368     		ldr	r3, [r0]
 1044 0004 0446     		mov	r4, r0
 1045 0006 5A69     		ldr	r2, [r3, #20]
 1046 0008 90F83D10 		ldrb	r1, [r0, #61]	@ zero_extendqisi2
 1047 000c 1229     		cmp	r1, #18
 1048 000e 11D1     		bne	.L164
 1049 0010 1206     		lsls	r2, r2, #24
 1050 0012 0FD5     		bpl	.L164
 1051 0014 DA68     		ldr	r2, [r3, #12]
 1052 0016 22F0C002 		bic	r2, r2, #192
 1053 001a DA60     		str	r2, [r3, #12]
 1054 001c 0123     		movs	r3, #1
 1055 001e 80F83D30 		strb	r3, [r0, #61]
 1056 0022 406B     		ldr	r0, [r0, #52]
 1057 0024 08B1     		cbz	r0, .L165
 1058 0026 FFF7FEFF 		bl	HAL_DMA_Abort
 1059              	.L165:
 1060 002a 2268     		ldr	r2, [r4]
 1061 002c 5369     		ldr	r3, [r2, #20]
ARM GAS  /tmp/ccxABHXN.s 			page 19


 1062 002e 23F08003 		bic	r3, r3, #128
 1063 0032 5361     		str	r3, [r2, #20]
 1064              	.L164:
 1065 0034 2368     		ldr	r3, [r4]
 1066 0036 5B69     		ldr	r3, [r3, #20]
 1067 0038 94F83D20 		ldrb	r2, [r4, #61]	@ zero_extendqisi2
 1068 003c 222A     		cmp	r2, #34
 1069 003e 0DD1     		bne	.L166
 1070 0040 5B06     		lsls	r3, r3, #25
 1071 0042 0BD5     		bpl	.L166
 1072 0044 2046     		mov	r0, r4
 1073 0046 FFF7FEFF 		bl	USART_EndRxTransfer
 1074 004a A06B     		ldr	r0, [r4, #56]
 1075 004c 08B1     		cbz	r0, .L167
 1076 004e FFF7FEFF 		bl	HAL_DMA_Abort
 1077              	.L167:
 1078 0052 2268     		ldr	r2, [r4]
 1079 0054 5369     		ldr	r3, [r2, #20]
 1080 0056 23F04003 		bic	r3, r3, #64
 1081 005a 5361     		str	r3, [r2, #20]
 1082              	.L166:
 1083 005c 0020     		movs	r0, #0
 1084 005e 10BD     		pop	{r4, pc}
 1086              		.section	.text.HAL_USART_Abort,"ax",%progbits
 1087              		.align	1
 1088              		.global	HAL_USART_Abort
 1089              		.syntax unified
 1090              		.thumb
 1091              		.thumb_func
 1092              		.fpu softvfp
 1094              	HAL_USART_Abort:
 1095              		@ args = 0, pretend = 0, frame = 0
 1096              		@ frame_needed = 0, uses_anonymous_args = 0
 1097 0000 0368     		ldr	r3, [r0]
 1098 0002 10B5     		push	{r4, lr}
 1099 0004 DA68     		ldr	r2, [r3, #12]
 1100 0006 0446     		mov	r4, r0
 1101 0008 22F4F072 		bic	r2, r2, #480
 1102 000c DA60     		str	r2, [r3, #12]
 1103 000e 5A69     		ldr	r2, [r3, #20]
 1104 0010 22F00102 		bic	r2, r2, #1
 1105 0014 5A61     		str	r2, [r3, #20]
 1106 0016 5A69     		ldr	r2, [r3, #20]
 1107 0018 1106     		lsls	r1, r2, #24
 1108 001a 09D5     		bpl	.L182
 1109 001c 5A69     		ldr	r2, [r3, #20]
 1110 001e 406B     		ldr	r0, [r0, #52]
 1111 0020 22F08002 		bic	r2, r2, #128
 1112 0024 5A61     		str	r2, [r3, #20]
 1113 0026 18B1     		cbz	r0, .L182
 1114 0028 0023     		movs	r3, #0
 1115 002a 4363     		str	r3, [r0, #52]
 1116 002c FFF7FEFF 		bl	HAL_DMA_Abort
 1117              	.L182:
 1118 0030 2368     		ldr	r3, [r4]
 1119 0032 5A69     		ldr	r2, [r3, #20]
 1120 0034 5206     		lsls	r2, r2, #25
ARM GAS  /tmp/ccxABHXN.s 			page 20


 1121 0036 09D5     		bpl	.L185
 1122 0038 5A69     		ldr	r2, [r3, #20]
 1123 003a A06B     		ldr	r0, [r4, #56]
 1124 003c 22F04002 		bic	r2, r2, #64
 1125 0040 5A61     		str	r2, [r3, #20]
 1126 0042 18B1     		cbz	r0, .L185
 1127 0044 0023     		movs	r3, #0
 1128 0046 4363     		str	r3, [r0, #52]
 1129 0048 FFF7FEFF 		bl	HAL_DMA_Abort
 1130              	.L185:
 1131 004c 0020     		movs	r0, #0
 1132 004e 0123     		movs	r3, #1
 1133 0050 6085     		strh	r0, [r4, #42]	@ movhi
 1134 0052 6086     		strh	r0, [r4, #50]	@ movhi
 1135 0054 84F83D30 		strb	r3, [r4, #61]
 1136 0058 2064     		str	r0, [r4, #64]
 1137 005a 10BD     		pop	{r4, pc}
 1139              		.section	.text.HAL_USART_TxCpltCallback,"ax",%progbits
 1140              		.align	1
 1141              		.weak	HAL_USART_TxCpltCallback
 1142              		.syntax unified
 1143              		.thumb
 1144              		.thumb_func
 1145              		.fpu softvfp
 1147              	HAL_USART_TxCpltCallback:
 1148              		@ args = 0, pretend = 0, frame = 0
 1149              		@ frame_needed = 0, uses_anonymous_args = 0
 1150              		@ link register save eliminated.
 1151 0000 7047     		bx	lr
 1153              		.section	.text.USART_DMATransmitCplt,"ax",%progbits
 1154              		.align	1
 1155              		.syntax unified
 1156              		.thumb
 1157              		.thumb_func
 1158              		.fpu softvfp
 1160              	USART_DMATransmitCplt:
 1161              		@ args = 0, pretend = 0, frame = 0
 1162              		@ frame_needed = 0, uses_anonymous_args = 0
 1163 0000 08B5     		push	{r3, lr}
 1164 0002 0346     		mov	r3, r0
 1165 0004 1B68     		ldr	r3, [r3]
 1166 0006 406A     		ldr	r0, [r0, #36]
 1167 0008 1B68     		ldr	r3, [r3]
 1168 000a 13F02003 		ands	r3, r3, #32
 1169 000e 0ED1     		bne	.L195
 1170 0010 4385     		strh	r3, [r0, #42]	@ movhi
 1171 0012 90F83D30 		ldrb	r3, [r0, #61]	@ zero_extendqisi2
 1172 0016 122B     		cmp	r3, #18
 1173 0018 08D1     		bne	.L194
 1174 001a 0368     		ldr	r3, [r0]
 1175 001c 5A69     		ldr	r2, [r3, #20]
 1176 001e 22F08002 		bic	r2, r2, #128
 1177 0022 5A61     		str	r2, [r3, #20]
 1178 0024 DA68     		ldr	r2, [r3, #12]
 1179 0026 42F04002 		orr	r2, r2, #64
 1180 002a DA60     		str	r2, [r3, #12]
 1181              	.L194:
ARM GAS  /tmp/ccxABHXN.s 			page 21


 1182 002c 08BD     		pop	{r3, pc}
 1183              	.L195:
 1184 002e 90F83D30 		ldrb	r3, [r0, #61]	@ zero_extendqisi2
 1185 0032 122B     		cmp	r3, #18
 1186 0034 FAD1     		bne	.L194
 1187 0036 FFF7FEFF 		bl	HAL_USART_TxCpltCallback
 1188 003a F7E7     		b	.L194
 1190              		.section	.text.HAL_USART_TxHalfCpltCallback,"ax",%progbits
 1191              		.align	1
 1192              		.weak	HAL_USART_TxHalfCpltCallback
 1193              		.syntax unified
 1194              		.thumb
 1195              		.thumb_func
 1196              		.fpu softvfp
 1198              	HAL_USART_TxHalfCpltCallback:
 1199              		@ args = 0, pretend = 0, frame = 0
 1200              		@ frame_needed = 0, uses_anonymous_args = 0
 1201              		@ link register save eliminated.
 1202 0000 7047     		bx	lr
 1204              		.section	.text.USART_DMATxHalfCplt,"ax",%progbits
 1205              		.align	1
 1206              		.syntax unified
 1207              		.thumb
 1208              		.thumb_func
 1209              		.fpu softvfp
 1211              	USART_DMATxHalfCplt:
 1212              		@ args = 0, pretend = 0, frame = 0
 1213              		@ frame_needed = 0, uses_anonymous_args = 0
 1214 0000 08B5     		push	{r3, lr}
 1215 0002 406A     		ldr	r0, [r0, #36]
 1216 0004 FFF7FEFF 		bl	HAL_USART_TxHalfCpltCallback
 1217 0008 08BD     		pop	{r3, pc}
 1219              		.section	.text.HAL_USART_RxCpltCallback,"ax",%progbits
 1220              		.align	1
 1221              		.weak	HAL_USART_RxCpltCallback
 1222              		.syntax unified
 1223              		.thumb
 1224              		.thumb_func
 1225              		.fpu softvfp
 1227              	HAL_USART_RxCpltCallback:
 1228              		@ args = 0, pretend = 0, frame = 0
 1229              		@ frame_needed = 0, uses_anonymous_args = 0
 1230              		@ link register save eliminated.
 1231 0000 7047     		bx	lr
 1233              		.section	.text.USART_Receive_IT,"ax",%progbits
 1234              		.align	1
 1235              		.syntax unified
 1236              		.thumb
 1237              		.thumb_func
 1238              		.fpu softvfp
 1240              	USART_Receive_IT:
 1241              		@ args = 0, pretend = 0, frame = 0
 1242              		@ frame_needed = 0, uses_anonymous_args = 0
 1243 0000 10B5     		push	{r4, lr}
 1244 0002 90F83D30 		ldrb	r3, [r0, #61]	@ zero_extendqisi2
 1245 0006 222B     		cmp	r3, #34
 1246 0008 42D1     		bne	.L212
ARM GAS  /tmp/ccxABHXN.s 			page 22


 1247 000a 8168     		ldr	r1, [r0, #8]
 1248 000c 0469     		ldr	r4, [r0, #16]
 1249 000e B1F5805F 		cmp	r1, #4096
 1250 0012 C36A     		ldr	r3, [r0, #44]
 1251 0014 0268     		ldr	r2, [r0]
 1252 0016 29D1     		bne	.L204
 1253 0018 5168     		ldr	r1, [r2, #4]
 1254 001a 1CBB     		cbnz	r4, .L205
 1255 001c C1F30801 		ubfx	r1, r1, #0, #9
 1256 0020 23F8021B 		strh	r1, [r3], #2	@ movhi
 1257              	.L217:
 1258 0024 C362     		str	r3, [r0, #44]
 1259 0026 438E     		ldrh	r3, [r0, #50]
 1260 0028 013B     		subs	r3, r3, #1
 1261 002a 9BB2     		uxth	r3, r3
 1262 002c 4386     		strh	r3, [r0, #50]	@ movhi
 1263 002e 13B1     		cbz	r3, .L208
 1264 0030 40F2FF13 		movw	r3, #511
 1265 0034 5360     		str	r3, [r2, #4]
 1266              	.L208:
 1267 0036 448E     		ldrh	r4, [r0, #50]
 1268 0038 A4B2     		uxth	r4, r4
 1269 003a 8CB9     		cbnz	r4, .L213
 1270 003c 0368     		ldr	r3, [r0]
 1271 003e DA68     		ldr	r2, [r3, #12]
 1272 0040 22F02002 		bic	r2, r2, #32
 1273 0044 DA60     		str	r2, [r3, #12]
 1274 0046 DA68     		ldr	r2, [r3, #12]
 1275 0048 22F48072 		bic	r2, r2, #256
 1276 004c DA60     		str	r2, [r3, #12]
 1277 004e 5A69     		ldr	r2, [r3, #20]
 1278 0050 22F00102 		bic	r2, r2, #1
 1279 0054 5A61     		str	r2, [r3, #20]
 1280 0056 0123     		movs	r3, #1
 1281 0058 80F83D30 		strb	r3, [r0, #61]
 1282 005c FFF7FEFF 		bl	HAL_USART_RxCpltCallback
 1283              	.L213:
 1284 0060 0020     		movs	r0, #0
 1285 0062 16E0     		b	.L203
 1286              	.L205:
 1287 0064 C9B2     		uxtb	r1, r1
 1288 0066 23F8011B 		strh	r1, [r3], #1	@ movhi
 1289 006a DBE7     		b	.L217
 1290              	.L204:
 1291 006c 591C     		adds	r1, r3, #1
 1292 006e 5268     		ldr	r2, [r2, #4]
 1293 0070 C162     		str	r1, [r0, #44]
 1294 0072 54B9     		cbnz	r4, .L209
 1295              	.L218:
 1296 0074 1A70     		strb	r2, [r3]
 1297 0076 438E     		ldrh	r3, [r0, #50]
 1298 0078 013B     		subs	r3, r3, #1
 1299 007a 9BB2     		uxth	r3, r3
 1300 007c 4386     		strh	r3, [r0, #50]	@ movhi
 1301 007e 002B     		cmp	r3, #0
 1302 0080 D9D0     		beq	.L208
 1303 0082 FF22     		movs	r2, #255
ARM GAS  /tmp/ccxABHXN.s 			page 23


 1304 0084 0368     		ldr	r3, [r0]
 1305 0086 5A60     		str	r2, [r3, #4]
 1306 0088 D5E7     		b	.L208
 1307              	.L209:
 1308 008a 02F07F02 		and	r2, r2, #127
 1309 008e F1E7     		b	.L218
 1310              	.L212:
 1311 0090 0220     		movs	r0, #2
 1312              	.L203:
 1313 0092 10BD     		pop	{r4, pc}
 1315              		.section	.text.HAL_USART_RxHalfCpltCallback,"ax",%progbits
 1316              		.align	1
 1317              		.weak	HAL_USART_RxHalfCpltCallback
 1318              		.syntax unified
 1319              		.thumb
 1320              		.thumb_func
 1321              		.fpu softvfp
 1323              	HAL_USART_RxHalfCpltCallback:
 1324              		@ args = 0, pretend = 0, frame = 0
 1325              		@ frame_needed = 0, uses_anonymous_args = 0
 1326              		@ link register save eliminated.
 1327 0000 7047     		bx	lr
 1329              		.section	.text.USART_DMARxHalfCplt,"ax",%progbits
 1330              		.align	1
 1331              		.syntax unified
 1332              		.thumb
 1333              		.thumb_func
 1334              		.fpu softvfp
 1336              	USART_DMARxHalfCplt:
 1337              		@ args = 0, pretend = 0, frame = 0
 1338              		@ frame_needed = 0, uses_anonymous_args = 0
 1339 0000 08B5     		push	{r3, lr}
 1340 0002 406A     		ldr	r0, [r0, #36]
 1341 0004 FFF7FEFF 		bl	HAL_USART_RxHalfCpltCallback
 1342 0008 08BD     		pop	{r3, pc}
 1344              		.section	.text.HAL_USART_TxRxCpltCallback,"ax",%progbits
 1345              		.align	1
 1346              		.weak	HAL_USART_TxRxCpltCallback
 1347              		.syntax unified
 1348              		.thumb
 1349              		.thumb_func
 1350              		.fpu softvfp
 1352              	HAL_USART_TxRxCpltCallback:
 1353              		@ args = 0, pretend = 0, frame = 0
 1354              		@ frame_needed = 0, uses_anonymous_args = 0
 1355              		@ link register save eliminated.
 1356 0000 7047     		bx	lr
 1358              		.section	.text.USART_DMAReceiveCplt,"ax",%progbits
 1359              		.align	1
 1360              		.syntax unified
 1361              		.thumb
 1362              		.thumb_func
 1363              		.fpu softvfp
 1365              	USART_DMAReceiveCplt:
 1366              		@ args = 0, pretend = 0, frame = 0
 1367              		@ frame_needed = 0, uses_anonymous_args = 0
 1368 0000 08B5     		push	{r3, lr}
ARM GAS  /tmp/ccxABHXN.s 			page 24


 1369 0002 0346     		mov	r3, r0
 1370 0004 1B68     		ldr	r3, [r3]
 1371 0006 406A     		ldr	r0, [r0, #36]
 1372 0008 1B68     		ldr	r3, [r3]
 1373 000a 13F02003 		ands	r3, r3, #32
 1374 000e 14D1     		bne	.L223
 1375 0010 4386     		strh	r3, [r0, #50]	@ movhi
 1376 0012 0368     		ldr	r3, [r0]
 1377 0014 DA68     		ldr	r2, [r3, #12]
 1378 0016 22F48072 		bic	r2, r2, #256
 1379 001a DA60     		str	r2, [r3, #12]
 1380 001c 5A69     		ldr	r2, [r3, #20]
 1381 001e 22F00102 		bic	r2, r2, #1
 1382 0022 5A61     		str	r2, [r3, #20]
 1383 0024 5A69     		ldr	r2, [r3, #20]
 1384 0026 22F04002 		bic	r2, r2, #64
 1385 002a 5A61     		str	r2, [r3, #20]
 1386 002c 5A69     		ldr	r2, [r3, #20]
 1387 002e 22F08002 		bic	r2, r2, #128
 1388 0032 5A61     		str	r2, [r3, #20]
 1389 0034 0123     		movs	r3, #1
 1390 0036 80F83D30 		strb	r3, [r0, #61]
 1391              	.L223:
 1392 003a 90F83D30 		ldrb	r3, [r0, #61]	@ zero_extendqisi2
 1393 003e 222B     		cmp	r3, #34
 1394 0040 02D1     		bne	.L226
 1395 0042 FFF7FEFF 		bl	HAL_USART_RxCpltCallback
 1396              	.L222:
 1397 0046 08BD     		pop	{r3, pc}
 1398              	.L226:
 1399 0048 FFF7FEFF 		bl	HAL_USART_TxRxCpltCallback
 1400 004c FBE7     		b	.L222
 1402              		.section	.text.USART_TransmitReceive_IT,"ax",%progbits
 1403              		.align	1
 1404              		.syntax unified
 1405              		.thumb
 1406              		.thumb_func
 1407              		.fpu softvfp
 1409              	USART_TransmitReceive_IT:
 1410              		@ args = 0, pretend = 0, frame = 0
 1411              		@ frame_needed = 0, uses_anonymous_args = 0
 1412 0000 10B5     		push	{r4, lr}
 1413 0002 90F83D30 		ldrb	r3, [r0, #61]	@ zero_extendqisi2
 1414 0006 322B     		cmp	r3, #50
 1415 0008 62D1     		bne	.L242
 1416 000a 438D     		ldrh	r3, [r0, #42]
 1417 000c 9BB2     		uxth	r3, r3
 1418 000e E3B1     		cbz	r3, .L232
 1419 0010 0268     		ldr	r2, [r0]
 1420 0012 1368     		ldr	r3, [r2]
 1421 0014 1906     		lsls	r1, r3, #24
 1422 0016 18D5     		bpl	.L232
 1423 0018 8168     		ldr	r1, [r0, #8]
 1424 001a 436A     		ldr	r3, [r0, #36]
 1425 001c B1F5805F 		cmp	r1, #4096
 1426 0020 44D1     		bne	.L234
 1427 0022 1988     		ldrh	r1, [r3]
ARM GAS  /tmp/ccxABHXN.s 			page 25


 1428 0024 C1F30801 		ubfx	r1, r1, #0, #9
 1429 0028 5160     		str	r1, [r2, #4]
 1430 002a 0169     		ldr	r1, [r0, #16]
 1431 002c 0029     		cmp	r1, #0
 1432 002e 3BD1     		bne	.L235
 1433 0030 0233     		adds	r3, r3, #2
 1434              	.L253:
 1435 0032 4362     		str	r3, [r0, #36]
 1436              	.L236:
 1437 0034 438D     		ldrh	r3, [r0, #42]
 1438 0036 013B     		subs	r3, r3, #1
 1439 0038 9BB2     		uxth	r3, r3
 1440 003a 4385     		strh	r3, [r0, #42]	@ movhi
 1441 003c 438D     		ldrh	r3, [r0, #42]
 1442 003e 9BB2     		uxth	r3, r3
 1443 0040 1BB9     		cbnz	r3, .L232
 1444 0042 D368     		ldr	r3, [r2, #12]
 1445 0044 23F08003 		bic	r3, r3, #128
 1446 0048 D360     		str	r3, [r2, #12]
 1447              	.L232:
 1448 004a 438E     		ldrh	r3, [r0, #50]
 1449 004c 9BB2     		uxth	r3, r3
 1450 004e A3B1     		cbz	r3, .L237
 1451 0050 0268     		ldr	r2, [r0]
 1452 0052 1368     		ldr	r3, [r2]
 1453 0054 9B06     		lsls	r3, r3, #26
 1454 0056 10D5     		bpl	.L237
 1455 0058 8168     		ldr	r1, [r0, #8]
 1456 005a 0469     		ldr	r4, [r0, #16]
 1457 005c B1F5805F 		cmp	r1, #4096
 1458 0060 C36A     		ldr	r3, [r0, #44]
 1459 0062 2CD1     		bne	.L238
 1460 0064 5268     		ldr	r2, [r2, #4]
 1461 0066 34BB     		cbnz	r4, .L239
 1462 0068 C2F30802 		ubfx	r2, r2, #0, #9
 1463 006c 23F8022B 		strh	r2, [r3], #2	@ movhi
 1464              	.L254:
 1465 0070 C362     		str	r3, [r0, #44]
 1466              	.L240:
 1467 0072 438E     		ldrh	r3, [r0, #50]
 1468 0074 013B     		subs	r3, r3, #1
 1469 0076 9BB2     		uxth	r3, r3
 1470 0078 4386     		strh	r3, [r0, #50]	@ movhi
 1471              	.L237:
 1472 007a 448E     		ldrh	r4, [r0, #50]
 1473 007c A4B2     		uxth	r4, r4
 1474 007e 8CB9     		cbnz	r4, .L243
 1475 0080 0368     		ldr	r3, [r0]
 1476 0082 DA68     		ldr	r2, [r3, #12]
 1477 0084 22F02002 		bic	r2, r2, #32
 1478 0088 DA60     		str	r2, [r3, #12]
 1479 008a DA68     		ldr	r2, [r3, #12]
 1480 008c 22F48072 		bic	r2, r2, #256
 1481 0090 DA60     		str	r2, [r3, #12]
 1482 0092 5A69     		ldr	r2, [r3, #20]
 1483 0094 22F00102 		bic	r2, r2, #1
 1484 0098 5A61     		str	r2, [r3, #20]
ARM GAS  /tmp/ccxABHXN.s 			page 26


 1485 009a 0123     		movs	r3, #1
 1486 009c 80F83D30 		strb	r3, [r0, #61]
 1487 00a0 FFF7FEFF 		bl	HAL_USART_TxRxCpltCallback
 1488              	.L243:
 1489 00a4 0020     		movs	r0, #0
 1490 00a6 14E0     		b	.L230
 1491              	.L235:
 1492 00a8 0133     		adds	r3, r3, #1
 1493 00aa C2E7     		b	.L253
 1494              	.L234:
 1495 00ac 591C     		adds	r1, r3, #1
 1496 00ae 4162     		str	r1, [r0, #36]
 1497 00b0 1B78     		ldrb	r3, [r3]	@ zero_extendqisi2
 1498 00b2 5360     		str	r3, [r2, #4]
 1499 00b4 BEE7     		b	.L236
 1500              	.L239:
 1501 00b6 D2B2     		uxtb	r2, r2
 1502 00b8 23F8012B 		strh	r2, [r3], #1	@ movhi
 1503 00bc D8E7     		b	.L254
 1504              	.L238:
 1505 00be 591C     		adds	r1, r3, #1
 1506 00c0 5268     		ldr	r2, [r2, #4]
 1507 00c2 C162     		str	r1, [r0, #44]
 1508 00c4 0CB9     		cbnz	r4, .L241
 1509              	.L255:
 1510 00c6 1A70     		strb	r2, [r3]
 1511 00c8 D3E7     		b	.L240
 1512              	.L241:
 1513 00ca 02F07F02 		and	r2, r2, #127
 1514 00ce FAE7     		b	.L255
 1515              	.L242:
 1516 00d0 0220     		movs	r0, #2
 1517              	.L230:
 1518 00d2 10BD     		pop	{r4, pc}
 1520              		.section	.text.HAL_USART_ErrorCallback,"ax",%progbits
 1521              		.align	1
 1522              		.weak	HAL_USART_ErrorCallback
 1523              		.syntax unified
 1524              		.thumb
 1525              		.thumb_func
 1526              		.fpu softvfp
 1528              	HAL_USART_ErrorCallback:
 1529              		@ args = 0, pretend = 0, frame = 0
 1530              		@ frame_needed = 0, uses_anonymous_args = 0
 1531              		@ link register save eliminated.
 1532 0000 7047     		bx	lr
 1534              		.section	.text.USART_DMAError,"ax",%progbits
 1535              		.align	1
 1536              		.syntax unified
 1537              		.thumb
 1538              		.thumb_func
 1539              		.fpu softvfp
 1541              	USART_DMAError:
 1542              		@ args = 0, pretend = 0, frame = 0
 1543              		@ frame_needed = 0, uses_anonymous_args = 0
 1544 0000 08B5     		push	{r3, lr}
 1545 0002 0023     		movs	r3, #0
ARM GAS  /tmp/ccxABHXN.s 			page 27


 1546 0004 406A     		ldr	r0, [r0, #36]
 1547 0006 4386     		strh	r3, [r0, #50]	@ movhi
 1548 0008 4385     		strh	r3, [r0, #42]	@ movhi
 1549 000a 0368     		ldr	r3, [r0]
 1550 000c 5A69     		ldr	r2, [r3, #20]
 1551 000e 90F83D10 		ldrb	r1, [r0, #61]	@ zero_extendqisi2
 1552 0012 1229     		cmp	r1, #18
 1553 0014 08D1     		bne	.L258
 1554 0016 1206     		lsls	r2, r2, #24
 1555 0018 06D5     		bpl	.L258
 1556 001a DA68     		ldr	r2, [r3, #12]
 1557 001c 22F0C002 		bic	r2, r2, #192
 1558 0020 DA60     		str	r2, [r3, #12]
 1559 0022 0122     		movs	r2, #1
 1560 0024 80F83D20 		strb	r2, [r0, #61]
 1561              	.L258:
 1562 0028 5B69     		ldr	r3, [r3, #20]
 1563 002a 90F83D20 		ldrb	r2, [r0, #61]	@ zero_extendqisi2
 1564 002e 222A     		cmp	r2, #34
 1565 0030 03D1     		bne	.L259
 1566 0032 5B06     		lsls	r3, r3, #25
 1567 0034 01D5     		bpl	.L259
 1568 0036 FFF7FEFF 		bl	USART_EndRxTransfer
 1569              	.L259:
 1570 003a 036C     		ldr	r3, [r0, #64]
 1571 003c 43F01003 		orr	r3, r3, #16
 1572 0040 0364     		str	r3, [r0, #64]
 1573 0042 0123     		movs	r3, #1
 1574 0044 80F83D30 		strb	r3, [r0, #61]
 1575 0048 FFF7FEFF 		bl	HAL_USART_ErrorCallback
 1576 004c 08BD     		pop	{r3, pc}
 1578              		.section	.text.HAL_USART_IRQHandler,"ax",%progbits
 1579              		.align	1
 1580              		.global	HAL_USART_IRQHandler
 1581              		.syntax unified
 1582              		.thumb
 1583              		.thumb_func
 1584              		.fpu softvfp
 1586              	HAL_USART_IRQHandler:
 1587              		@ args = 0, pretend = 0, frame = 0
 1588              		@ frame_needed = 0, uses_anonymous_args = 0
 1589 0000 0368     		ldr	r3, [r0]
 1590 0002 70B5     		push	{r4, r5, r6, lr}
 1591 0004 1A68     		ldr	r2, [r3]
 1592 0006 0446     		mov	r4, r0
 1593 0008 1607     		lsls	r6, r2, #28
 1594 000a D968     		ldr	r1, [r3, #12]
 1595 000c 5D69     		ldr	r5, [r3, #20]
 1596 000e 10D1     		bne	.L267
 1597 0010 9606     		lsls	r6, r2, #26
 1598 0012 6AD5     		bpl	.L268
 1599 0014 8D06     		lsls	r5, r1, #26
 1600 0016 68D5     		bpl	.L268
 1601 0018 90F83D30 		ldrb	r3, [r0, #61]	@ zero_extendqisi2
 1602 001c 222B     		cmp	r3, #34
 1603 001e 03D1     		bne	.L269
 1604 0020 BDE87040 		pop	{r4, r5, r6, lr}
ARM GAS  /tmp/ccxABHXN.s 			page 28


 1605 0024 FFF7FEBF 		b	USART_Receive_IT
 1606              	.L269:
 1607 0028 2046     		mov	r0, r4
 1608 002a BDE87040 		pop	{r4, r5, r6, lr}
 1609 002e FFF7FEBF 		b	USART_TransmitReceive_IT
 1610              	.L267:
 1611 0032 05F00100 		and	r0, r5, #1
 1612 0036 01F49075 		and	r5, r1, #288
 1613 003a 0543     		orrs	r5, r5, r0
 1614 003c 55D0     		beq	.L268
 1615 003e D607     		lsls	r6, r2, #31
 1616 0040 05D5     		bpl	.L270
 1617 0042 CD05     		lsls	r5, r1, #23
 1618 0044 42BF     		ittt	mi
 1619 0046 236C     		ldrmi	r3, [r4, #64]
 1620 0048 43F00103 		orrmi	r3, r3, #1
 1621 004c 2364     		strmi	r3, [r4, #64]
 1622              	.L270:
 1623 004e 5307     		lsls	r3, r2, #29
 1624 0050 04D5     		bpl	.L271
 1625 0052 18B1     		cbz	r0, .L271
 1626 0054 236C     		ldr	r3, [r4, #64]
 1627 0056 43F00203 		orr	r3, r3, #2
 1628 005a 2364     		str	r3, [r4, #64]
 1629              	.L271:
 1630 005c 9607     		lsls	r6, r2, #30
 1631 005e 04D5     		bpl	.L272
 1632 0060 18B1     		cbz	r0, .L272
 1633 0062 236C     		ldr	r3, [r4, #64]
 1634 0064 43F00403 		orr	r3, r3, #4
 1635 0068 2364     		str	r3, [r4, #64]
 1636              	.L272:
 1637 006a 1507     		lsls	r5, r2, #28
 1638 006c 04D5     		bpl	.L273
 1639 006e 18B1     		cbz	r0, .L273
 1640 0070 236C     		ldr	r3, [r4, #64]
 1641 0072 43F00803 		orr	r3, r3, #8
 1642 0076 2364     		str	r3, [r4, #64]
 1643              	.L273:
 1644 0078 236C     		ldr	r3, [r4, #64]
 1645 007a 002B     		cmp	r3, #0
 1646 007c 30D0     		beq	.L266
 1647 007e 9006     		lsls	r0, r2, #26
 1648 0080 08D5     		bpl	.L276
 1649 0082 8906     		lsls	r1, r1, #26
 1650 0084 06D5     		bpl	.L276
 1651 0086 94F83D30 		ldrb	r3, [r4, #61]	@ zero_extendqisi2
 1652 008a 2046     		mov	r0, r4
 1653 008c 222B     		cmp	r3, #34
 1654 008e 21D1     		bne	.L277
 1655 0090 FFF7FEFF 		bl	USART_Receive_IT
 1656              	.L276:
 1657 0094 2368     		ldr	r3, [r4]
 1658 0096 2046     		mov	r0, r4
 1659 0098 5B69     		ldr	r3, [r3, #20]
 1660 009a 256C     		ldr	r5, [r4, #64]
 1661 009c 03F04003 		and	r3, r3, #64
ARM GAS  /tmp/ccxABHXN.s 			page 29


 1662 00a0 05F00805 		and	r5, r5, #8
 1663 00a4 1D43     		orrs	r5, r3, r5
 1664 00a6 1CD0     		beq	.L278
 1665 00a8 FFF7FEFF 		bl	USART_EndRxTransfer
 1666 00ac 2368     		ldr	r3, [r4]
 1667 00ae 5A69     		ldr	r2, [r3, #20]
 1668 00b0 5206     		lsls	r2, r2, #25
 1669 00b2 12D5     		bpl	.L279
 1670 00b4 5A69     		ldr	r2, [r3, #20]
 1671 00b6 A06B     		ldr	r0, [r4, #56]
 1672 00b8 22F04002 		bic	r2, r2, #64
 1673 00bc 5A61     		str	r2, [r3, #20]
 1674 00be 60B1     		cbz	r0, .L279
 1675 00c0 2B4B     		ldr	r3, .L346
 1676 00c2 4363     		str	r3, [r0, #52]
 1677 00c4 FFF7FEFF 		bl	HAL_DMA_Abort_IT
 1678 00c8 50B1     		cbz	r0, .L266
 1679 00ca A06B     		ldr	r0, [r4, #56]
 1680 00cc BDE87040 		pop	{r4, r5, r6, lr}
 1681 00d0 436B     		ldr	r3, [r0, #52]
 1682 00d2 1847     		bx	r3	@ indirect register sibling call
 1683              	.L277:
 1684 00d4 FFF7FEFF 		bl	USART_TransmitReceive_IT
 1685 00d8 DCE7     		b	.L276
 1686              	.L279:
 1687 00da 2046     		mov	r0, r4
 1688 00dc FFF7FEFF 		bl	HAL_USART_ErrorCallback
 1689              	.L266:
 1690 00e0 70BD     		pop	{r4, r5, r6, pc}
 1691              	.L278:
 1692 00e2 FFF7FEFF 		bl	HAL_USART_ErrorCallback
 1693 00e6 2564     		str	r5, [r4, #64]
 1694 00e8 FAE7     		b	.L266
 1695              	.L268:
 1696 00ea 1606     		lsls	r6, r2, #24
 1697 00ec 2CD5     		bpl	.L281
 1698 00ee 0D06     		lsls	r5, r1, #24
 1699 00f0 2AD5     		bpl	.L281
 1700 00f2 94F83D20 		ldrb	r2, [r4, #61]	@ zero_extendqisi2
 1701 00f6 122A     		cmp	r2, #18
 1702 00f8 96D1     		bne	.L269
 1703 00fa 94F83D20 		ldrb	r2, [r4, #61]	@ zero_extendqisi2
 1704 00fe 122A     		cmp	r2, #18
 1705 0100 EED1     		bne	.L266
 1706 0102 A168     		ldr	r1, [r4, #8]
 1707 0104 626A     		ldr	r2, [r4, #36]
 1708 0106 B1F5805F 		cmp	r1, #4096
 1709 010a 18D1     		bne	.L282
 1710 010c 1188     		ldrh	r1, [r2]
 1711 010e C1F30801 		ubfx	r1, r1, #0, #9
 1712 0112 5960     		str	r1, [r3, #4]
 1713 0114 2169     		ldr	r1, [r4, #16]
 1714 0116 81B9     		cbnz	r1, .L283
 1715 0118 0232     		adds	r2, r2, #2
 1716              	.L345:
 1717 011a 6262     		str	r2, [r4, #36]
 1718              	.L284:
ARM GAS  /tmp/ccxABHXN.s 			page 30


 1719 011c 628D     		ldrh	r2, [r4, #42]
 1720 011e 013A     		subs	r2, r2, #1
 1721 0120 92B2     		uxth	r2, r2
 1722 0122 6285     		strh	r2, [r4, #42]	@ movhi
 1723 0124 002A     		cmp	r2, #0
 1724 0126 DBD1     		bne	.L266
 1725 0128 DA68     		ldr	r2, [r3, #12]
 1726 012a 22F08002 		bic	r2, r2, #128
 1727 012e DA60     		str	r2, [r3, #12]
 1728 0130 DA68     		ldr	r2, [r3, #12]
 1729 0132 42F04002 		orr	r2, r2, #64
 1730 0136 DA60     		str	r2, [r3, #12]
 1731 0138 D2E7     		b	.L266
 1732              	.L283:
 1733 013a 0132     		adds	r2, r2, #1
 1734 013c EDE7     		b	.L345
 1735              	.L282:
 1736 013e 511C     		adds	r1, r2, #1
 1737 0140 6162     		str	r1, [r4, #36]
 1738 0142 1278     		ldrb	r2, [r2]	@ zero_extendqisi2
 1739 0144 5A60     		str	r2, [r3, #4]
 1740 0146 E9E7     		b	.L284
 1741              	.L281:
 1742 0148 5006     		lsls	r0, r2, #25
 1743 014a C9D5     		bpl	.L266
 1744 014c 4A06     		lsls	r2, r1, #25
 1745 014e C7D5     		bpl	.L266
 1746 0150 DA68     		ldr	r2, [r3, #12]
 1747 0152 2046     		mov	r0, r4
 1748 0154 22F04002 		bic	r2, r2, #64
 1749 0158 DA60     		str	r2, [r3, #12]
 1750 015a 5A69     		ldr	r2, [r3, #20]
 1751 015c 22F00102 		bic	r2, r2, #1
 1752 0160 5A61     		str	r2, [r3, #20]
 1753 0162 0123     		movs	r3, #1
 1754 0164 84F83D30 		strb	r3, [r4, #61]
 1755 0168 FFF7FEFF 		bl	HAL_USART_TxCpltCallback
 1756 016c B8E7     		b	.L266
 1757              	.L347:
 1758 016e 00BF     		.align	2
 1759              	.L346:
 1760 0170 00000000 		.word	USART_DMAAbortOnError
 1762              		.section	.text.USART_DMAAbortOnError,"ax",%progbits
 1763              		.align	1
 1764              		.syntax unified
 1765              		.thumb
 1766              		.thumb_func
 1767              		.fpu softvfp
 1769              	USART_DMAAbortOnError:
 1770              		@ args = 0, pretend = 0, frame = 0
 1771              		@ frame_needed = 0, uses_anonymous_args = 0
 1772 0000 08B5     		push	{r3, lr}
 1773 0002 0023     		movs	r3, #0
 1774 0004 406A     		ldr	r0, [r0, #36]
 1775 0006 4386     		strh	r3, [r0, #50]	@ movhi
 1776 0008 4385     		strh	r3, [r0, #42]	@ movhi
 1777 000a FFF7FEFF 		bl	HAL_USART_ErrorCallback
ARM GAS  /tmp/ccxABHXN.s 			page 31


 1778 000e 08BD     		pop	{r3, pc}
 1780              		.section	.text.HAL_USART_AbortCpltCallback,"ax",%progbits
 1781              		.align	1
 1782              		.weak	HAL_USART_AbortCpltCallback
 1783              		.syntax unified
 1784              		.thumb
 1785              		.thumb_func
 1786              		.fpu softvfp
 1788              	HAL_USART_AbortCpltCallback:
 1789              		@ args = 0, pretend = 0, frame = 0
 1790              		@ frame_needed = 0, uses_anonymous_args = 0
 1791              		@ link register save eliminated.
 1792 0000 7047     		bx	lr
 1794              		.section	.text.HAL_USART_Abort_IT,"ax",%progbits
 1795              		.align	1
 1796              		.global	HAL_USART_Abort_IT
 1797              		.syntax unified
 1798              		.thumb
 1799              		.thumb_func
 1800              		.fpu softvfp
 1802              	HAL_USART_Abort_IT:
 1803              		@ args = 0, pretend = 0, frame = 0
 1804              		@ frame_needed = 0, uses_anonymous_args = 0
 1805 0000 0368     		ldr	r3, [r0]
 1806 0002 10B5     		push	{r4, lr}
 1807 0004 DA68     		ldr	r2, [r3, #12]
 1808 0006 0446     		mov	r4, r0
 1809 0008 22F4F072 		bic	r2, r2, #480
 1810 000c DA60     		str	r2, [r3, #12]
 1811 000e 5A69     		ldr	r2, [r3, #20]
 1812 0010 406B     		ldr	r0, [r0, #52]
 1813 0012 22F00102 		bic	r2, r2, #1
 1814 0016 5A61     		str	r2, [r3, #20]
 1815 0018 28B1     		cbz	r0, .L351
 1816 001a 5A69     		ldr	r2, [r3, #20]
 1817 001c 12F08002 		ands	r2, r2, #128
 1818 0020 18BF     		it	ne
 1819 0022 1E4A     		ldrne	r2, .L380
 1820 0024 4263     		str	r2, [r0, #52]
 1821              	.L351:
 1822 0026 A16B     		ldr	r1, [r4, #56]
 1823 0028 29B1     		cbz	r1, .L353
 1824 002a 5A69     		ldr	r2, [r3, #20]
 1825 002c 12F04002 		ands	r2, r2, #64
 1826 0030 18BF     		it	ne
 1827 0032 1B4A     		ldrne	r2, .L380+4
 1828 0034 4A63     		str	r2, [r1, #52]
 1829              	.L353:
 1830 0036 5A69     		ldr	r2, [r3, #20]
 1831 0038 1206     		lsls	r2, r2, #24
 1832 003a 1BD4     		bmi	.L355
 1833              	.L379:
 1834 003c 0123     		movs	r3, #1
 1835              	.L356:
 1836 003e 2268     		ldr	r2, [r4]
 1837 0040 5169     		ldr	r1, [r2, #20]
 1838 0042 4906     		lsls	r1, r1, #25
ARM GAS  /tmp/ccxABHXN.s 			page 32


 1839 0044 25D5     		bpl	.L358
 1840 0046 5169     		ldr	r1, [r2, #20]
 1841 0048 A06B     		ldr	r0, [r4, #56]
 1842 004a 21F04001 		bic	r1, r1, #64
 1843 004e 5161     		str	r1, [r2, #20]
 1844 0050 F8B1     		cbz	r0, .L358
 1845 0052 FFF7FEFF 		bl	HAL_DMA_Abort_IT
 1846 0056 F0B1     		cbz	r0, .L360
 1847 0058 0022     		movs	r2, #0
 1848 005a A36B     		ldr	r3, [r4, #56]
 1849 005c 5A63     		str	r2, [r3, #52]
 1850              	.L361:
 1851 005e 0023     		movs	r3, #0
 1852 0060 6385     		strh	r3, [r4, #42]	@ movhi
 1853 0062 6386     		strh	r3, [r4, #50]	@ movhi
 1854 0064 2364     		str	r3, [r4, #64]
 1855 0066 0123     		movs	r3, #1
 1856 0068 2046     		mov	r0, r4
 1857 006a 84F83D30 		strb	r3, [r4, #61]
 1858 006e FFF7FEFF 		bl	HAL_USART_AbortCpltCallback
 1859 0072 10E0     		b	.L360
 1860              	.L355:
 1861 0074 5A69     		ldr	r2, [r3, #20]
 1862 0076 22F08002 		bic	r2, r2, #128
 1863 007a 5A61     		str	r2, [r3, #20]
 1864 007c 0028     		cmp	r0, #0
 1865 007e DDD0     		beq	.L379
 1866 0080 FFF7FEFF 		bl	HAL_DMA_Abort_IT
 1867 0084 0346     		mov	r3, r0
 1868 0086 0028     		cmp	r0, #0
 1869 0088 D9D0     		beq	.L356
 1870 008a 0022     		movs	r2, #0
 1871 008c 636B     		ldr	r3, [r4, #52]
 1872 008e 5A63     		str	r2, [r3, #52]
 1873 0090 D4E7     		b	.L379
 1874              	.L358:
 1875 0092 002B     		cmp	r3, #0
 1876 0094 E3D1     		bne	.L361
 1877              	.L360:
 1878 0096 0020     		movs	r0, #0
 1879 0098 10BD     		pop	{r4, pc}
 1880              	.L381:
 1881 009a 00BF     		.align	2
 1882              	.L380:
 1883 009c 00000000 		.word	USART_DMATxAbortCallback
 1884 00a0 00000000 		.word	USART_DMARxAbortCallback
 1886              		.section	.text.USART_DMARxAbortCallback,"ax",%progbits
 1887              		.align	1
 1888              		.syntax unified
 1889              		.thumb
 1890              		.thumb_func
 1891              		.fpu softvfp
 1893              	USART_DMARxAbortCallback:
 1894              		@ args = 0, pretend = 0, frame = 0
 1895              		@ frame_needed = 0, uses_anonymous_args = 0
 1896 0000 08B5     		push	{r3, lr}
 1897 0002 0023     		movs	r3, #0
ARM GAS  /tmp/ccxABHXN.s 			page 33


 1898 0004 406A     		ldr	r0, [r0, #36]
 1899 0006 826B     		ldr	r2, [r0, #56]
 1900 0008 5363     		str	r3, [r2, #52]
 1901 000a 426B     		ldr	r2, [r0, #52]
 1902 000c 0AB1     		cbz	r2, .L383
 1903 000e 526B     		ldr	r2, [r2, #52]
 1904 0010 3AB9     		cbnz	r2, .L382
 1905              	.L383:
 1906 0012 4385     		strh	r3, [r0, #42]	@ movhi
 1907 0014 4386     		strh	r3, [r0, #50]	@ movhi
 1908 0016 0364     		str	r3, [r0, #64]
 1909 0018 0123     		movs	r3, #1
 1910 001a 80F83D30 		strb	r3, [r0, #61]
 1911 001e FFF7FEFF 		bl	HAL_USART_AbortCpltCallback
 1912              	.L382:
 1913 0022 08BD     		pop	{r3, pc}
 1915              		.section	.text.USART_DMATxAbortCallback,"ax",%progbits
 1916              		.align	1
 1917              		.syntax unified
 1918              		.thumb
 1919              		.thumb_func
 1920              		.fpu softvfp
 1922              	USART_DMATxAbortCallback:
 1923              		@ args = 0, pretend = 0, frame = 0
 1924              		@ frame_needed = 0, uses_anonymous_args = 0
 1925 0000 08B5     		push	{r3, lr}
 1926 0002 0023     		movs	r3, #0
 1927 0004 406A     		ldr	r0, [r0, #36]
 1928 0006 426B     		ldr	r2, [r0, #52]
 1929 0008 5363     		str	r3, [r2, #52]
 1930 000a 826B     		ldr	r2, [r0, #56]
 1931 000c 0AB1     		cbz	r2, .L389
 1932 000e 526B     		ldr	r2, [r2, #52]
 1933 0010 3AB9     		cbnz	r2, .L388
 1934              	.L389:
 1935 0012 4385     		strh	r3, [r0, #42]	@ movhi
 1936 0014 4386     		strh	r3, [r0, #50]	@ movhi
 1937 0016 0364     		str	r3, [r0, #64]
 1938 0018 0123     		movs	r3, #1
 1939 001a 80F83D30 		strb	r3, [r0, #61]
 1940 001e FFF7FEFF 		bl	HAL_USART_AbortCpltCallback
 1941              	.L388:
 1942 0022 08BD     		pop	{r3, pc}
 1944              		.section	.text.HAL_USART_GetState,"ax",%progbits
 1945              		.align	1
 1946              		.global	HAL_USART_GetState
 1947              		.syntax unified
 1948              		.thumb
 1949              		.thumb_func
 1950              		.fpu softvfp
 1952              	HAL_USART_GetState:
 1953              		@ args = 0, pretend = 0, frame = 0
 1954              		@ frame_needed = 0, uses_anonymous_args = 0
 1955              		@ link register save eliminated.
 1956 0000 90F83D00 		ldrb	r0, [r0, #61]	@ zero_extendqisi2
 1957 0004 7047     		bx	lr
 1959              		.section	.text.HAL_USART_GetError,"ax",%progbits
ARM GAS  /tmp/ccxABHXN.s 			page 34


 1960              		.align	1
 1961              		.global	HAL_USART_GetError
 1962              		.syntax unified
 1963              		.thumb
 1964              		.thumb_func
 1965              		.fpu softvfp
 1967              	HAL_USART_GetError:
 1968              		@ args = 0, pretend = 0, frame = 0
 1969              		@ frame_needed = 0, uses_anonymous_args = 0
 1970              		@ link register save eliminated.
 1971 0000 006C     		ldr	r0, [r0, #64]
 1972 0002 7047     		bx	lr
 1974              		.ident	"GCC: (GNU Tools for Arm Embedded Processors 9-2019-q4-major) 9.2.1 20191025 (release) [ARM
ARM GAS  /tmp/ccxABHXN.s 			page 35


DEFINED SYMBOLS
                            *ABS*:0000000000000000 stm32f1xx_hal_usart.c
     /tmp/ccxABHXN.s:14     .text.USART_EndRxTransfer:0000000000000000 $t
     /tmp/ccxABHXN.s:21     .text.USART_EndRxTransfer:0000000000000000 USART_EndRxTransfer
     /tmp/ccxABHXN.s:37     .text.USART_WaitOnFlagUntilTimeout.constprop.0:0000000000000000 $t
     /tmp/ccxABHXN.s:43     .text.USART_WaitOnFlagUntilTimeout.constprop.0:0000000000000000 USART_WaitOnFlagUntilTimeout.constprop.0
     /tmp/ccxABHXN.s:92     .text.HAL_USART_MspInit:0000000000000000 $t
     /tmp/ccxABHXN.s:99     .text.HAL_USART_MspInit:0000000000000000 HAL_USART_MspInit
     /tmp/ccxABHXN.s:106    .text.HAL_USART_Init:0000000000000000 $t
     /tmp/ccxABHXN.s:113    .text.HAL_USART_Init:0000000000000000 HAL_USART_Init
     /tmp/ccxABHXN.s:204    .text.HAL_USART_Init:00000000000000d4 $d
     /tmp/ccxABHXN.s:207    .text.HAL_USART_MspDeInit:0000000000000000 $t
     /tmp/ccxABHXN.s:214    .text.HAL_USART_MspDeInit:0000000000000000 HAL_USART_MspDeInit
     /tmp/ccxABHXN.s:221    .text.HAL_USART_DeInit:0000000000000000 $t
     /tmp/ccxABHXN.s:228    .text.HAL_USART_DeInit:0000000000000000 HAL_USART_DeInit
     /tmp/ccxABHXN.s:252    .text.HAL_USART_Transmit:0000000000000000 $t
     /tmp/ccxABHXN.s:259    .text.HAL_USART_Transmit:0000000000000000 HAL_USART_Transmit
     /tmp/ccxABHXN.s:342    .text.HAL_USART_Receive:0000000000000000 $t
     /tmp/ccxABHXN.s:349    .text.HAL_USART_Receive:0000000000000000 HAL_USART_Receive
     /tmp/ccxABHXN.s:457    .text.HAL_USART_TransmitReceive:0000000000000000 $t
     /tmp/ccxABHXN.s:464    .text.HAL_USART_TransmitReceive:0000000000000000 HAL_USART_TransmitReceive
     /tmp/ccxABHXN.s:592    .text.HAL_USART_Transmit_IT:0000000000000000 $t
     /tmp/ccxABHXN.s:599    .text.HAL_USART_Transmit_IT:0000000000000000 HAL_USART_Transmit_IT
     /tmp/ccxABHXN.s:632    .text.HAL_USART_Receive_IT:0000000000000000 $t
     /tmp/ccxABHXN.s:639    .text.HAL_USART_Receive_IT:0000000000000000 HAL_USART_Receive_IT
     /tmp/ccxABHXN.s:677    .text.HAL_USART_TransmitReceive_IT:0000000000000000 $t
     /tmp/ccxABHXN.s:684    .text.HAL_USART_TransmitReceive_IT:0000000000000000 HAL_USART_TransmitReceive_IT
     /tmp/ccxABHXN.s:730    .text.HAL_USART_Transmit_DMA:0000000000000000 $t
     /tmp/ccxABHXN.s:737    .text.HAL_USART_Transmit_DMA:0000000000000000 HAL_USART_Transmit_DMA
     /tmp/ccxABHXN.s:786    .text.HAL_USART_Transmit_DMA:0000000000000064 $d
     /tmp/ccxABHXN.s:1160   .text.USART_DMATransmitCplt:0000000000000000 USART_DMATransmitCplt
     /tmp/ccxABHXN.s:1211   .text.USART_DMATxHalfCplt:0000000000000000 USART_DMATxHalfCplt
     /tmp/ccxABHXN.s:1541   .text.USART_DMAError:0000000000000000 USART_DMAError
     /tmp/ccxABHXN.s:791    .text.HAL_USART_Receive_DMA:0000000000000000 $t
     /tmp/ccxABHXN.s:798    .text.HAL_USART_Receive_DMA:0000000000000000 HAL_USART_Receive_DMA
     /tmp/ccxABHXN.s:877    .text.HAL_USART_Receive_DMA:00000000000000a8 $d
     /tmp/ccxABHXN.s:1365   .text.USART_DMAReceiveCplt:0000000000000000 USART_DMAReceiveCplt
     /tmp/ccxABHXN.s:1336   .text.USART_DMARxHalfCplt:0000000000000000 USART_DMARxHalfCplt
     /tmp/ccxABHXN.s:882    .text.HAL_USART_TransmitReceive_DMA:0000000000000000 $t
     /tmp/ccxABHXN.s:889    .text.HAL_USART_TransmitReceive_DMA:0000000000000000 HAL_USART_TransmitReceive_DMA
     /tmp/ccxABHXN.s:973    .text.HAL_USART_TransmitReceive_DMA:00000000000000bc $d
     /tmp/ccxABHXN.s:980    .text.HAL_USART_DMAPause:0000000000000000 $t
     /tmp/ccxABHXN.s:987    .text.HAL_USART_DMAPause:0000000000000000 HAL_USART_DMAPause
     /tmp/ccxABHXN.s:1006   .text.HAL_USART_DMAResume:0000000000000000 $t
     /tmp/ccxABHXN.s:1013   .text.HAL_USART_DMAResume:0000000000000000 HAL_USART_DMAResume
     /tmp/ccxABHXN.s:1032   .text.HAL_USART_DMAStop:0000000000000000 $t
     /tmp/ccxABHXN.s:1039   .text.HAL_USART_DMAStop:0000000000000000 HAL_USART_DMAStop
     /tmp/ccxABHXN.s:1087   .text.HAL_USART_Abort:0000000000000000 $t
     /tmp/ccxABHXN.s:1094   .text.HAL_USART_Abort:0000000000000000 HAL_USART_Abort
     /tmp/ccxABHXN.s:1140   .text.HAL_USART_TxCpltCallback:0000000000000000 $t
     /tmp/ccxABHXN.s:1147   .text.HAL_USART_TxCpltCallback:0000000000000000 HAL_USART_TxCpltCallback
     /tmp/ccxABHXN.s:1154   .text.USART_DMATransmitCplt:0000000000000000 $t
     /tmp/ccxABHXN.s:1191   .text.HAL_USART_TxHalfCpltCallback:0000000000000000 $t
     /tmp/ccxABHXN.s:1198   .text.HAL_USART_TxHalfCpltCallback:0000000000000000 HAL_USART_TxHalfCpltCallback
     /tmp/ccxABHXN.s:1205   .text.USART_DMATxHalfCplt:0000000000000000 $t
     /tmp/ccxABHXN.s:1220   .text.HAL_USART_RxCpltCallback:0000000000000000 $t
     /tmp/ccxABHXN.s:1227   .text.HAL_USART_RxCpltCallback:0000000000000000 HAL_USART_RxCpltCallback
ARM GAS  /tmp/ccxABHXN.s 			page 36


     /tmp/ccxABHXN.s:1234   .text.USART_Receive_IT:0000000000000000 $t
     /tmp/ccxABHXN.s:1240   .text.USART_Receive_IT:0000000000000000 USART_Receive_IT
     /tmp/ccxABHXN.s:1316   .text.HAL_USART_RxHalfCpltCallback:0000000000000000 $t
     /tmp/ccxABHXN.s:1323   .text.HAL_USART_RxHalfCpltCallback:0000000000000000 HAL_USART_RxHalfCpltCallback
     /tmp/ccxABHXN.s:1330   .text.USART_DMARxHalfCplt:0000000000000000 $t
     /tmp/ccxABHXN.s:1345   .text.HAL_USART_TxRxCpltCallback:0000000000000000 $t
     /tmp/ccxABHXN.s:1352   .text.HAL_USART_TxRxCpltCallback:0000000000000000 HAL_USART_TxRxCpltCallback
     /tmp/ccxABHXN.s:1359   .text.USART_DMAReceiveCplt:0000000000000000 $t
     /tmp/ccxABHXN.s:1403   .text.USART_TransmitReceive_IT:0000000000000000 $t
     /tmp/ccxABHXN.s:1409   .text.USART_TransmitReceive_IT:0000000000000000 USART_TransmitReceive_IT
     /tmp/ccxABHXN.s:1521   .text.HAL_USART_ErrorCallback:0000000000000000 $t
     /tmp/ccxABHXN.s:1528   .text.HAL_USART_ErrorCallback:0000000000000000 HAL_USART_ErrorCallback
     /tmp/ccxABHXN.s:1535   .text.USART_DMAError:0000000000000000 $t
     /tmp/ccxABHXN.s:1579   .text.HAL_USART_IRQHandler:0000000000000000 $t
     /tmp/ccxABHXN.s:1586   .text.HAL_USART_IRQHandler:0000000000000000 HAL_USART_IRQHandler
     /tmp/ccxABHXN.s:1760   .text.HAL_USART_IRQHandler:0000000000000170 $d
     /tmp/ccxABHXN.s:1769   .text.USART_DMAAbortOnError:0000000000000000 USART_DMAAbortOnError
     /tmp/ccxABHXN.s:1763   .text.USART_DMAAbortOnError:0000000000000000 $t
     /tmp/ccxABHXN.s:1781   .text.HAL_USART_AbortCpltCallback:0000000000000000 $t
     /tmp/ccxABHXN.s:1788   .text.HAL_USART_AbortCpltCallback:0000000000000000 HAL_USART_AbortCpltCallback
     /tmp/ccxABHXN.s:1795   .text.HAL_USART_Abort_IT:0000000000000000 $t
     /tmp/ccxABHXN.s:1802   .text.HAL_USART_Abort_IT:0000000000000000 HAL_USART_Abort_IT
     /tmp/ccxABHXN.s:1883   .text.HAL_USART_Abort_IT:000000000000009c $d
     /tmp/ccxABHXN.s:1922   .text.USART_DMATxAbortCallback:0000000000000000 USART_DMATxAbortCallback
     /tmp/ccxABHXN.s:1893   .text.USART_DMARxAbortCallback:0000000000000000 USART_DMARxAbortCallback
     /tmp/ccxABHXN.s:1887   .text.USART_DMARxAbortCallback:0000000000000000 $t
     /tmp/ccxABHXN.s:1916   .text.USART_DMATxAbortCallback:0000000000000000 $t
     /tmp/ccxABHXN.s:1945   .text.HAL_USART_GetState:0000000000000000 $t
     /tmp/ccxABHXN.s:1952   .text.HAL_USART_GetState:0000000000000000 HAL_USART_GetState
     /tmp/ccxABHXN.s:1960   .text.HAL_USART_GetError:0000000000000000 $t
     /tmp/ccxABHXN.s:1967   .text.HAL_USART_GetError:0000000000000000 HAL_USART_GetError

UNDEFINED SYMBOLS
HAL_GetTick
HAL_RCC_GetPCLK2Freq
HAL_RCC_GetPCLK1Freq
HAL_DMA_Start_IT
HAL_DMA_Abort
HAL_DMA_Abort_IT
