ARM GAS  /tmp/ccn0avGQ.s 			page 1


   1              		.cpu cortex-m3
   2              		.eabi_attribute 20, 1
   3              		.eabi_attribute 21, 1
   4              		.eabi_attribute 23, 3
   5              		.eabi_attribute 24, 1
   6              		.eabi_attribute 25, 1
   7              		.eabi_attribute 26, 1
   8              		.eabi_attribute 30, 4
   9              		.eabi_attribute 34, 1
  10              		.eabi_attribute 18, 4
  11              		.file	"stm32f1xx_hal_rtc.c"
  12              		.text
  13              		.section	.text.RTC_ReadTimeCounter,"ax",%progbits
  14              		.align	1
  15              		.arch armv7-m
  16              		.syntax unified
  17              		.thumb
  18              		.thumb_func
  19              		.fpu softvfp
  21              	RTC_ReadTimeCounter:
  22              		@ args = 0, pretend = 0, frame = 0
  23              		@ frame_needed = 0, uses_anonymous_args = 0
  24 0000 0368     		ldr	r3, [r0]
  25 0002 30B5     		push	{r4, r5, lr}
  26 0004 9A69     		ldr	r2, [r3, #24]
  27 0006 D869     		ldr	r0, [r3, #28]
  28 0008 9969     		ldr	r1, [r3, #24]
  29 000a 95B2     		uxth	r5, r2
  30 000c 8CB2     		uxth	r4, r1
  31 000e A542     		cmp	r5, r4
  32 0010 17BF     		itett	ne
  33 0012 D869     		ldrne	r0, [r3, #28]
  34 0014 80B2     		uxtheq	r0, r0
  35 0016 80B2     		uxthne	r0, r0
  36 0018 40EA0140 		orrne	r0, r0, r1, lsl #16
  37 001c 08BF     		it	eq
  38 001e 40EA0240 		orreq	r0, r0, r2, lsl #16
  39 0022 30BD     		pop	{r4, r5, pc}
  41              		.section	.text.RTC_ReadAlarmCounter,"ax",%progbits
  42              		.align	1
  43              		.syntax unified
  44              		.thumb
  45              		.thumb_func
  46              		.fpu softvfp
  48              	RTC_ReadAlarmCounter:
  49              		@ args = 0, pretend = 0, frame = 0
  50              		@ frame_needed = 0, uses_anonymous_args = 0
  51              		@ link register save eliminated.
  52 0000 0368     		ldr	r3, [r0]
  53 0002 186A     		ldr	r0, [r3, #32]
  54 0004 5B6A     		ldr	r3, [r3, #36]
  55 0006 9BB2     		uxth	r3, r3
  56 0008 43EA0040 		orr	r0, r3, r0, lsl #16
  57 000c 7047     		bx	lr
  59              		.section	.text.RTC_ByteToBcd2,"ax",%progbits
  60              		.align	1
  61              		.syntax unified
ARM GAS  /tmp/ccn0avGQ.s 			page 2


  62              		.thumb
  63              		.thumb_func
  64              		.fpu softvfp
  66              	RTC_ByteToBcd2:
  67              		@ args = 0, pretend = 0, frame = 0
  68              		@ frame_needed = 0, uses_anonymous_args = 0
  69              		@ link register save eliminated.
  70 0000 0023     		movs	r3, #0
  71              	.L6:
  72 0002 0928     		cmp	r0, #9
  73 0004 03D8     		bhi	.L7
  74 0006 40EA0310 		orr	r0, r0, r3, lsl #4
  75 000a C0B2     		uxtb	r0, r0
  76 000c 7047     		bx	lr
  77              	.L7:
  78 000e 0A38     		subs	r0, r0, #10
  79 0010 0133     		adds	r3, r3, #1
  80 0012 C0B2     		uxtb	r0, r0
  81 0014 F5E7     		b	.L6
  83              		.section	.text.RTC_Bcd2ToByte,"ax",%progbits
  84              		.align	1
  85              		.syntax unified
  86              		.thumb
  87              		.thumb_func
  88              		.fpu softvfp
  90              	RTC_Bcd2ToByte:
  91              		@ args = 0, pretend = 0, frame = 0
  92              		@ frame_needed = 0, uses_anonymous_args = 0
  93              		@ link register save eliminated.
  94 0000 0A22     		movs	r2, #10
  95 0002 0309     		lsrs	r3, r0, #4
  96 0004 00F00F00 		and	r0, r0, #15
  97 0008 02FB0300 		mla	r0, r2, r3, r0
  98 000c C0B2     		uxtb	r0, r0
  99 000e 7047     		bx	lr
 101              		.section	.text.RTC_WeekDayNum,"ax",%progbits
 102              		.align	1
 103              		.syntax unified
 104              		.thumb
 105              		.thumb_func
 106              		.fpu softvfp
 108              	RTC_WeekDayNum:
 109              		@ args = 0, pretend = 0, frame = 0
 110              		@ frame_needed = 0, uses_anonymous_args = 0
 111 0000 30B5     		push	{r4, r5, lr}
 112 0002 0346     		mov	r3, r0
 113 0004 00F5FA64 		add	r4, r0, #2000
 114 0008 1720     		movs	r0, #23
 115 000a 0925     		movs	r5, #9
 116 000c 4843     		muls	r0, r1, r0
 117 000e 0229     		cmp	r1, #2
 118 0010 B0FBF5F5 		udiv	r5, r0, r5
 119 0014 17D8     		bhi	.L10
 120 0016 0432     		adds	r2, r2, #4
 121 0018 1019     		adds	r0, r2, r4
 122 001a 4FF4C872 		mov	r2, #400
 123 001e 03F2CF73 		addw	r3, r3, #1999
ARM GAS  /tmp/ccn0avGQ.s 			page 3


 124 0022 B3FBF2F2 		udiv	r2, r3, r2
 125 0026 2844     		add	r0, r0, r5
 126 0028 00EB9300 		add	r0, r0, r3, lsr #2
 127 002c 1044     		add	r0, r0, r2
 128 002e 6422     		movs	r2, #100
 129 0030 B3FBF2F3 		udiv	r3, r3, r2
 130 0034 C01A     		subs	r0, r0, r3
 131              	.L12:
 132 0036 0723     		movs	r3, #7
 133 0038 B0FBF3F3 		udiv	r3, r0, r3
 134 003c C3EBC303 		rsb	r3, r3, r3, lsl #3
 135 0040 C01A     		subs	r0, r0, r3
 136 0042 C0B2     		uxtb	r0, r0
 137 0044 30BD     		pop	{r4, r5, pc}
 138              	.L10:
 139 0046 4FF4C873 		mov	r3, #400
 140 004a 901C     		adds	r0, r2, #2
 141 004c 6422     		movs	r2, #100
 142 004e 2044     		add	r0, r0, r4
 143 0050 B4FBF3F3 		udiv	r3, r4, r3
 144 0054 2844     		add	r0, r0, r5
 145 0056 00EB9400 		add	r0, r0, r4, lsr #2
 146 005a B4FBF2F4 		udiv	r4, r4, r2
 147 005e 1844     		add	r0, r0, r3
 148 0060 001B     		subs	r0, r0, r4
 149 0062 E8E7     		b	.L12
 151              		.section	.text.RTC_EnterInitMode,"ax",%progbits
 152              		.align	1
 153              		.syntax unified
 154              		.thumb
 155              		.thumb_func
 156              		.fpu softvfp
 158              	RTC_EnterInitMode:
 159              		@ args = 0, pretend = 0, frame = 0
 160              		@ frame_needed = 0, uses_anonymous_args = 0
 161 0000 38B5     		push	{r3, r4, r5, lr}
 162 0002 0446     		mov	r4, r0
 163 0004 FFF7FEFF 		bl	HAL_GetTick
 164 0008 0546     		mov	r5, r0
 165              	.L14:
 166 000a 2368     		ldr	r3, [r4]
 167 000c 5A68     		ldr	r2, [r3, #4]
 168 000e 9206     		lsls	r2, r2, #26
 169 0010 05D5     		bpl	.L16
 170 0012 0020     		movs	r0, #0
 171 0014 5A68     		ldr	r2, [r3, #4]
 172 0016 42F01002 		orr	r2, r2, #16
 173 001a 5A60     		str	r2, [r3, #4]
 174              	.L15:
 175 001c 38BD     		pop	{r3, r4, r5, pc}
 176              	.L16:
 177 001e FFF7FEFF 		bl	HAL_GetTick
 178 0022 401B     		subs	r0, r0, r5
 179 0024 B0F57A7F 		cmp	r0, #1000
 180 0028 EFD9     		bls	.L14
 181 002a 0320     		movs	r0, #3
 182 002c F6E7     		b	.L15
ARM GAS  /tmp/ccn0avGQ.s 			page 4


 184              		.section	.text.RTC_ExitInitMode,"ax",%progbits
 185              		.align	1
 186              		.syntax unified
 187              		.thumb
 188              		.thumb_func
 189              		.fpu softvfp
 191              	RTC_ExitInitMode:
 192              		@ args = 0, pretend = 0, frame = 0
 193              		@ frame_needed = 0, uses_anonymous_args = 0
 194 0000 0268     		ldr	r2, [r0]
 195 0002 38B5     		push	{r3, r4, r5, lr}
 196 0004 5368     		ldr	r3, [r2, #4]
 197 0006 0446     		mov	r4, r0
 198 0008 23F01003 		bic	r3, r3, #16
 199 000c 5360     		str	r3, [r2, #4]
 200 000e FFF7FEFF 		bl	HAL_GetTick
 201 0012 0546     		mov	r5, r0
 202              	.L19:
 203 0014 2368     		ldr	r3, [r4]
 204 0016 5B68     		ldr	r3, [r3, #4]
 205 0018 9B06     		lsls	r3, r3, #26
 206 001a 01D5     		bpl	.L21
 207 001c 0020     		movs	r0, #0
 208              	.L20:
 209 001e 38BD     		pop	{r3, r4, r5, pc}
 210              	.L21:
 211 0020 FFF7FEFF 		bl	HAL_GetTick
 212 0024 401B     		subs	r0, r0, r5
 213 0026 B0F57A7F 		cmp	r0, #1000
 214 002a F3D9     		bls	.L19
 215 002c 0320     		movs	r0, #3
 216 002e F6E7     		b	.L20
 218              		.section	.text.RTC_WriteTimeCounter,"ax",%progbits
 219              		.align	1
 220              		.syntax unified
 221              		.thumb
 222              		.thumb_func
 223              		.fpu softvfp
 225              	RTC_WriteTimeCounter:
 226              		@ args = 0, pretend = 0, frame = 0
 227              		@ frame_needed = 0, uses_anonymous_args = 0
 228 0000 38B5     		push	{r3, r4, r5, lr}
 229 0002 0546     		mov	r5, r0
 230 0004 0C46     		mov	r4, r1
 231 0006 FFF7FEFF 		bl	RTC_EnterInitMode
 232 000a 58B9     		cbnz	r0, .L25
 233 000c 2B68     		ldr	r3, [r5]
 234 000e 220C     		lsrs	r2, r4, #16
 235 0010 A4B2     		uxth	r4, r4
 236 0012 9A61     		str	r2, [r3, #24]
 237 0014 2846     		mov	r0, r5
 238 0016 DC61     		str	r4, [r3, #28]
 239 0018 FFF7FEFF 		bl	RTC_ExitInitMode
 240 001c 0038     		subs	r0, r0, #0
 241 001e 18BF     		it	ne
 242 0020 0120     		movne	r0, #1
 243              	.L24:
ARM GAS  /tmp/ccn0avGQ.s 			page 5


 244 0022 38BD     		pop	{r3, r4, r5, pc}
 245              	.L25:
 246 0024 0120     		movs	r0, #1
 247 0026 FCE7     		b	.L24
 249              		.section	.text.RTC_WriteAlarmCounter,"ax",%progbits
 250              		.align	1
 251              		.syntax unified
 252              		.thumb
 253              		.thumb_func
 254              		.fpu softvfp
 256              	RTC_WriteAlarmCounter:
 257              		@ args = 0, pretend = 0, frame = 0
 258              		@ frame_needed = 0, uses_anonymous_args = 0
 259 0000 38B5     		push	{r3, r4, r5, lr}
 260 0002 0546     		mov	r5, r0
 261 0004 0C46     		mov	r4, r1
 262 0006 FFF7FEFF 		bl	RTC_EnterInitMode
 263 000a 58B9     		cbnz	r0, .L28
 264 000c 2B68     		ldr	r3, [r5]
 265 000e 220C     		lsrs	r2, r4, #16
 266 0010 A4B2     		uxth	r4, r4
 267 0012 1A62     		str	r2, [r3, #32]
 268 0014 2846     		mov	r0, r5
 269 0016 5C62     		str	r4, [r3, #36]
 270 0018 FFF7FEFF 		bl	RTC_ExitInitMode
 271 001c 0038     		subs	r0, r0, #0
 272 001e 18BF     		it	ne
 273 0020 0120     		movne	r0, #1
 274              	.L27:
 275 0022 38BD     		pop	{r3, r4, r5, pc}
 276              	.L28:
 277 0024 0120     		movs	r0, #1
 278 0026 FCE7     		b	.L27
 280              		.section	.text.HAL_RTC_MspInit,"ax",%progbits
 281              		.align	1
 282              		.weak	HAL_RTC_MspInit
 283              		.syntax unified
 284              		.thumb
 285              		.thumb_func
 286              		.fpu softvfp
 288              	HAL_RTC_MspInit:
 289              		@ args = 0, pretend = 0, frame = 0
 290              		@ frame_needed = 0, uses_anonymous_args = 0
 291              		@ link register save eliminated.
 292 0000 7047     		bx	lr
 294              		.section	.text.HAL_RTC_MspDeInit,"ax",%progbits
 295              		.align	1
 296              		.weak	HAL_RTC_MspDeInit
 297              		.syntax unified
 298              		.thumb
 299              		.thumb_func
 300              		.fpu softvfp
 302              	HAL_RTC_MspDeInit:
 303              		@ args = 0, pretend = 0, frame = 0
 304              		@ frame_needed = 0, uses_anonymous_args = 0
 305              		@ link register save eliminated.
 306 0000 7047     		bx	lr
ARM GAS  /tmp/ccn0avGQ.s 			page 6


 308              		.section	.text.HAL_RTC_SetTime,"ax",%progbits
 309              		.align	1
 310              		.global	HAL_RTC_SetTime
 311              		.syntax unified
 312              		.thumb
 313              		.thumb_func
 314              		.fpu softvfp
 316              	HAL_RTC_SetTime:
 317              		@ args = 0, pretend = 0, frame = 0
 318              		@ frame_needed = 0, uses_anonymous_args = 0
 319 0000 70B5     		push	{r4, r5, r6, lr}
 320 0002 0446     		mov	r4, r0
 321 0004 E0B1     		cbz	r0, .L38
 322 0006 D9B1     		cbz	r1, .L38
 323 0008 037C     		ldrb	r3, [r0, #16]	@ zero_extendqisi2
 324 000a 0225     		movs	r5, #2
 325 000c 012B     		cmp	r3, #1
 326 000e 46D0     		beq	.L32
 327 0010 0123     		movs	r3, #1
 328 0012 4574     		strb	r5, [r0, #17]
 329 0014 0374     		strb	r3, [r0, #16]
 330 0016 0878     		ldrb	r0, [r1]	@ zero_extendqisi2
 331 0018 4D78     		ldrb	r5, [r1, #1]	@ zero_extendqisi2
 332 001a 8978     		ldrb	r1, [r1, #2]	@ zero_extendqisi2
 333 001c 92B9     		cbnz	r2, .L33
 334 001e 3C26     		movs	r6, #60
 335 0020 4FF46163 		mov	r3, #3600
 336 0024 6E43     		muls	r6, r5, r6
 337 0026 03FB0060 		mla	r0, r3, r0, r6
 338 002a 4618     		adds	r6, r0, r1
 339              	.L34:
 340 002c 3146     		mov	r1, r6
 341 002e 2046     		mov	r0, r4
 342 0030 FFF7FEFF 		bl	RTC_WriteTimeCounter
 343 0034 0546     		mov	r5, r0
 344 0036 B0B1     		cbz	r0, .L35
 345 0038 0423     		movs	r3, #4
 346 003a 6374     		strb	r3, [r4, #17]
 347 003c 0023     		movs	r3, #0
 348 003e 2374     		strb	r3, [r4, #16]
 349              	.L38:
 350 0040 0125     		movs	r5, #1
 351 0042 2CE0     		b	.L32
 352              	.L33:
 353 0044 FFF7FEFF 		bl	RTC_Bcd2ToByte
 354 0048 0646     		mov	r6, r0
 355 004a 2846     		mov	r0, r5
 356 004c FFF7FEFF 		bl	RTC_Bcd2ToByte
 357 0050 3C23     		movs	r3, #60
 358 0052 4343     		muls	r3, r0, r3
 359 0054 4FF46160 		mov	r0, #3600
 360 0058 00FB0636 		mla	r6, r0, r6, r3
 361 005c 0846     		mov	r0, r1
 362 005e FFF7FEFF 		bl	RTC_Bcd2ToByte
 363 0062 0644     		add	r6, r6, r0
 364 0064 E2E7     		b	.L34
 365              	.L35:
ARM GAS  /tmp/ccn0avGQ.s 			page 7


 366 0066 2268     		ldr	r2, [r4]
 367 0068 2046     		mov	r0, r4
 368 006a 5368     		ldr	r3, [r2, #4]
 369 006c 23F00503 		bic	r3, r3, #5
 370 0070 5360     		str	r3, [r2, #4]
 371 0072 FFF7FEFF 		bl	RTC_ReadAlarmCounter
 372 0076 431C     		adds	r3, r0, #1
 373 0078 0DD0     		beq	.L36
 374 007a 8642     		cmp	r6, r0
 375 007c 0BD9     		bls	.L36
 376 007e 00F5A831 		add	r1, r0, #86016
 377 0082 01F5C071 		add	r1, r1, #384
 378 0086 2046     		mov	r0, r4
 379 0088 FFF7FEFF 		bl	RTC_WriteAlarmCounter
 380 008c 18B1     		cbz	r0, .L36
 381 008e 0423     		movs	r3, #4
 382 0090 2574     		strb	r5, [r4, #16]
 383 0092 6374     		strb	r3, [r4, #17]
 384 0094 D4E7     		b	.L38
 385              	.L36:
 386 0096 0123     		movs	r3, #1
 387 0098 6374     		strb	r3, [r4, #17]
 388 009a 0023     		movs	r3, #0
 389 009c 2374     		strb	r3, [r4, #16]
 390              	.L32:
 391 009e 2846     		mov	r0, r5
 392 00a0 70BD     		pop	{r4, r5, r6, pc}
 394              		.section	.text.HAL_RTC_GetTime,"ax",%progbits
 395              		.align	1
 396              		.global	HAL_RTC_GetTime
 397              		.syntax unified
 398              		.thumb
 399              		.thumb_func
 400              		.fpu softvfp
 402              	HAL_RTC_GetTime:
 403              		@ args = 0, pretend = 0, frame = 0
 404              		@ frame_needed = 0, uses_anonymous_args = 0
 405 0000 2DE9F047 		push	{r4, r5, r6, r7, r8, r9, r10, lr}
 406 0004 0E46     		mov	r6, r1
 407 0006 1746     		mov	r7, r2
 408 0008 0546     		mov	r5, r0
 409 000a 10B9     		cbnz	r0, .L47
 410              	.L49:
 411 000c 0120     		movs	r0, #1
 412              	.L84:
 413 000e BDE8F087 		pop	{r4, r5, r6, r7, r8, r9, r10, pc}
 414              	.L47:
 415 0012 0029     		cmp	r1, #0
 416 0014 FAD0     		beq	.L49
 417 0016 0368     		ldr	r3, [r0]
 418 0018 5B68     		ldr	r3, [r3, #4]
 419 001a 13F00408 		ands	r8, r3, #4
 420 001e F5D1     		bne	.L49
 421 0020 FFF7FEFF 		bl	RTC_ReadTimeCounter
 422 0024 4FF46163 		mov	r3, #3600
 423 0028 B0FBF3F2 		udiv	r2, r0, r3
 424 002c 3C24     		movs	r4, #60
ARM GAS  /tmp/ccn0avGQ.s 			page 8


 425 002e 03FB1203 		mls	r3, r3, r2, r0
 426 0032 8246     		mov	r10, r0
 427 0034 B3FBF4F0 		udiv	r0, r3, r4
 428 0038 04FB1033 		mls	r3, r4, r0, r3
 429 003c B370     		strb	r3, [r6, #2]
 430 003e 4A4B     		ldr	r3, .L93
 431 0040 7070     		strb	r0, [r6, #1]
 432 0042 9A45     		cmp	r10, r3
 433 0044 40F28680 		bls	.L50
 434 0048 1823     		movs	r3, #24
 435 004a B2FBF3F9 		udiv	r9, r2, r3
 436 004e 03FB1922 		mls	r2, r3, r9, r2
 437 0052 2846     		mov	r0, r5
 438 0054 3270     		strb	r2, [r6]
 439 0056 FFF7FEFF 		bl	RTC_ReadAlarmCounter
 440 005a 411C     		adds	r1, r0, #1
 441 005c 0446     		mov	r4, r0
 442 005e 05D0     		beq	.L51
 443 0060 8245     		cmp	r10, r0
 444 0062 2CBF     		ite	cs
 445 0064 4FF0FF34 		movcs	r4, #-1
 446 0068 A0EB0A04 		subcc	r4, r0, r10
 447              	.L51:
 448 006c 3F48     		ldr	r0, .L93+4
 449 006e 00FB19AA 		mls	r10, r0, r9, r10
 450 0072 2846     		mov	r0, r5
 451 0074 5146     		mov	r1, r10
 452 0076 FFF7FEFF 		bl	RTC_WriteTimeCounter
 453 007a 0028     		cmp	r0, #0
 454 007c C6D1     		bne	.L49
 455 007e 621C     		adds	r2, r4, #1
 456 0080 27D0     		beq	.L52
 457 0082 0AEB0401 		add	r1, r10, r4
 458              	.L88:
 459 0086 2846     		mov	r0, r5
 460 0088 FFF7FEFF 		bl	RTC_WriteAlarmCounter
 461 008c 0028     		cmp	r0, #0
 462 008e BDD1     		bne	.L49
 463 0090 6422     		movs	r2, #100
 464 0092 4FF4C871 		mov	r1, #400
 465 0096 40F2D52C 		movw	ip, #725
 466 009a E87B     		ldrb	r0, [r5, #15]	@ zero_extendqisi2
 467 009c 6C7B     		ldrb	r4, [r5, #13]	@ zero_extendqisi2
 468 009e AB7B     		ldrb	r3, [r5, #14]	@ zero_extendqisi2
 469              	.L53:
 470 00a0 C145     		cmp	r9, r8
 471 00a2 18D1     		bne	.L65
 472 00a4 E1B2     		uxtb	r1, r4
 473 00a6 DAB2     		uxtb	r2, r3
 474 00a8 E873     		strb	r0, [r5, #15]
 475 00aa 6973     		strb	r1, [r5, #13]
 476 00ac AA73     		strb	r2, [r5, #14]
 477 00ae FFF7FEFF 		bl	RTC_WeekDayNum
 478 00b2 2873     		strb	r0, [r5, #12]
 479              	.L66:
 480 00b4 5FB1     		cbz	r7, .L90
 481 00b6 3078     		ldrb	r0, [r6]	@ zero_extendqisi2
ARM GAS  /tmp/ccn0avGQ.s 			page 9


 482 00b8 FFF7FEFF 		bl	RTC_ByteToBcd2
 483 00bc 3070     		strb	r0, [r6]
 484 00be 7078     		ldrb	r0, [r6, #1]	@ zero_extendqisi2
 485 00c0 FFF7FEFF 		bl	RTC_ByteToBcd2
 486 00c4 7070     		strb	r0, [r6, #1]
 487 00c6 B078     		ldrb	r0, [r6, #2]	@ zero_extendqisi2
 488 00c8 FFF7FEFF 		bl	RTC_ByteToBcd2
 489 00cc B070     		strb	r0, [r6, #2]
 490              	.L90:
 491 00ce 0020     		movs	r0, #0
 492 00d0 9DE7     		b	.L84
 493              	.L52:
 494 00d2 2146     		mov	r1, r4
 495 00d4 D7E7     		b	.L88
 496              	.L65:
 497 00d6 04F1FF3E 		add	lr, r4, #-1
 498 00da BEF1090F 		cmp	lr, #9
 499 00de 0ED9     		bls	.L55
 500 00e0 0C2C     		cmp	r4, #12
 501 00e2 39D0     		beq	.L56
 502              	.L57:
 503 00e4 24F0020E 		bic	lr, r4, #2
 504 00e8 BEF1040F 		cmp	lr, #4
 505 00ec 02D0     		beq	.L60
 506 00ee BEF1090F 		cmp	lr, #9
 507 00f2 0BD1     		bne	.L61
 508              	.L60:
 509 00f4 1D2B     		cmp	r3, #29
 510              	.L92:
 511 00f6 0DD9     		bls	.L89
 512 00f8 0123     		movs	r3, #1
 513 00fa 0134     		adds	r4, r4, #1
 514 00fc 31E0     		b	.L59
 515              	.L55:
 516 00fe 2CFA0EFE 		lsr	lr, ip, lr
 517 0102 1EF0010F 		tst	lr, #1
 518 0106 EDD0     		beq	.L57
 519 0108 1E2B     		cmp	r3, #30
 520 010a F4E7     		b	.L92
 521              	.L61:
 522 010c 022C     		cmp	r4, #2
 523 010e 28D1     		bne	.L59
 524 0110 1B2B     		cmp	r3, #27
 525 0112 01D8     		bhi	.L63
 526              	.L89:
 527 0114 0133     		adds	r3, r3, #1
 528 0116 24E0     		b	.L59
 529              	.L63:
 530 0118 1C2B     		cmp	r3, #28
 531 011a 14D1     		bne	.L64
 532 011c 8307     		lsls	r3, r0, #30
 533 011e 1FFA80FE 		uxth	lr, r0
 534 0122 12D1     		bne	.L71
 535 0124 BEFBF2F3 		udiv	r3, lr, r2
 536 0128 02FB13E3 		mls	r3, r2, r3, lr
 537 012c 9BB2     		uxth	r3, r3
 538 012e 7BB9     		cbnz	r3, .L72
ARM GAS  /tmp/ccn0avGQ.s 			page 10


 539 0130 BEFBF1F3 		udiv	r3, lr, r1
 540 0134 01FB13E3 		mls	r3, r1, r3, lr
 541 0138 9BB2     		uxth	r3, r3
 542 013a 002B     		cmp	r3, #0
 543 013c 16BF     		itet	ne
 544 013e 0123     		movne	r3, #1
 545 0140 1D23     		moveq	r3, #29
 546 0142 0324     		movne	r4, #3
 547 0144 0DE0     		b	.L59
 548              	.L64:
 549 0146 1D2B     		cmp	r3, #29
 550 0148 0BD1     		bne	.L59
 551              	.L71:
 552 014a 0123     		movs	r3, #1
 553 014c 0324     		movs	r4, #3
 554 014e 08E0     		b	.L59
 555              	.L72:
 556 0150 1D23     		movs	r3, #29
 557 0152 06E0     		b	.L59
 558              	.L50:
 559 0154 3270     		strb	r2, [r6]
 560 0156 ADE7     		b	.L66
 561              	.L56:
 562 0158 1E2B     		cmp	r3, #30
 563 015a DBD9     		bls	.L89
 564 015c 0123     		movs	r3, #1
 565 015e 1C46     		mov	r4, r3
 566 0160 0130     		adds	r0, r0, #1
 567              	.L59:
 568 0162 08F10108 		add	r8, r8, #1
 569 0166 9BE7     		b	.L53
 570              	.L94:
 571              		.align	2
 572              	.L93:
 573 0168 7F510100 		.word	86399
 574 016c 80510100 		.word	86400
 576              		.section	.text.HAL_RTC_SetDate,"ax",%progbits
 577              		.align	1
 578              		.global	HAL_RTC_SetDate
 579              		.syntax unified
 580              		.thumb
 581              		.thumb_func
 582              		.fpu softvfp
 584              	HAL_RTC_SetDate:
 585              		@ args = 0, pretend = 0, frame = 0
 586              		@ frame_needed = 0, uses_anonymous_args = 0
 587 0000 70B5     		push	{r4, r5, r6, lr}
 588 0002 0D46     		mov	r5, r1
 589 0004 0446     		mov	r4, r0
 590 0006 50B3     		cbz	r0, .L102
 591 0008 49B3     		cbz	r1, .L102
 592 000a 037C     		ldrb	r3, [r0, #16]	@ zero_extendqisi2
 593 000c 0220     		movs	r0, #2
 594 000e 012B     		cmp	r3, #1
 595 0010 4AD0     		beq	.L96
 596 0012 0123     		movs	r3, #1
 597 0014 6074     		strb	r0, [r4, #17]
ARM GAS  /tmp/ccn0avGQ.s 			page 11


 598 0016 2374     		strb	r3, [r4, #16]
 599 0018 C878     		ldrb	r0, [r1, #3]	@ zero_extendqisi2
 600 001a 12BB     		cbnz	r2, .L97
 601 001c E073     		strb	r0, [r4, #15]
 602 001e 4B78     		ldrb	r3, [r1, #1]	@ zero_extendqisi2
 603 0020 6373     		strb	r3, [r4, #13]
 604 0022 8B78     		ldrb	r3, [r1, #2]	@ zero_extendqisi2
 605 0024 A373     		strb	r3, [r4, #14]
 606              	.L98:
 607 0026 A27B     		ldrb	r2, [r4, #14]	@ zero_extendqisi2
 608 0028 617B     		ldrb	r1, [r4, #13]	@ zero_extendqisi2
 609 002a E07B     		ldrb	r0, [r4, #15]	@ zero_extendqisi2
 610 002c FFF7FEFF 		bl	RTC_WeekDayNum
 611 0030 2073     		strb	r0, [r4, #12]
 612 0032 2870     		strb	r0, [r5]
 613 0034 2046     		mov	r0, r4
 614 0036 FFF7FEFF 		bl	RTC_ReadTimeCounter
 615 003a 1C4B     		ldr	r3, .L110
 616 003c 9842     		cmp	r0, r3
 617 003e 2FD9     		bls	.L99
 618 0040 1B49     		ldr	r1, .L110+4
 619 0042 B0FBF1F6 		udiv	r6, r0, r1
 620 0046 01FB1606 		mls	r6, r1, r6, r0
 621 004a 2046     		mov	r0, r4
 622 004c 3146     		mov	r1, r6
 623 004e FFF7FEFF 		bl	RTC_WriteTimeCounter
 624 0052 0546     		mov	r5, r0
 625 0054 88B1     		cbz	r0, .L100
 626 0056 0423     		movs	r3, #4
 627 0058 6374     		strb	r3, [r4, #17]
 628 005a 0023     		movs	r3, #0
 629 005c 2374     		strb	r3, [r4, #16]
 630              	.L102:
 631 005e 0120     		movs	r0, #1
 632 0060 22E0     		b	.L96
 633              	.L97:
 634 0062 FFF7FEFF 		bl	RTC_Bcd2ToByte
 635 0066 E073     		strb	r0, [r4, #15]
 636 0068 4878     		ldrb	r0, [r1, #1]	@ zero_extendqisi2
 637 006a FFF7FEFF 		bl	RTC_Bcd2ToByte
 638 006e 6073     		strb	r0, [r4, #13]
 639 0070 8878     		ldrb	r0, [r1, #2]	@ zero_extendqisi2
 640 0072 FFF7FEFF 		bl	RTC_Bcd2ToByte
 641 0076 A073     		strb	r0, [r4, #14]
 642 0078 D5E7     		b	.L98
 643              	.L100:
 644 007a 2046     		mov	r0, r4
 645 007c FFF7FEFF 		bl	RTC_ReadAlarmCounter
 646 0080 431C     		adds	r3, r0, #1
 647 0082 0DD0     		beq	.L99
 648 0084 8642     		cmp	r6, r0
 649 0086 0BD9     		bls	.L99
 650 0088 00F5A831 		add	r1, r0, #86016
 651 008c 01F5C071 		add	r1, r1, #384
 652 0090 2046     		mov	r0, r4
 653 0092 FFF7FEFF 		bl	RTC_WriteAlarmCounter
 654 0096 18B1     		cbz	r0, .L99
ARM GAS  /tmp/ccn0avGQ.s 			page 12


 655 0098 0423     		movs	r3, #4
 656 009a 2574     		strb	r5, [r4, #16]
 657 009c 6374     		strb	r3, [r4, #17]
 658 009e DEE7     		b	.L102
 659              	.L99:
 660 00a0 0123     		movs	r3, #1
 661 00a2 0020     		movs	r0, #0
 662 00a4 6374     		strb	r3, [r4, #17]
 663 00a6 2074     		strb	r0, [r4, #16]
 664              	.L96:
 665 00a8 70BD     		pop	{r4, r5, r6, pc}
 666              	.L111:
 667 00aa 00BF     		.align	2
 668              	.L110:
 669 00ac 8F5F0100 		.word	89999
 670 00b0 80510100 		.word	86400
 672              		.section	.text.HAL_RTC_GetDate,"ax",%progbits
 673              		.align	1
 674              		.global	HAL_RTC_GetDate
 675              		.syntax unified
 676              		.thumb
 677              		.thumb_func
 678              		.fpu softvfp
 680              	HAL_RTC_GetDate:
 681              		@ args = 0, pretend = 0, frame = 8
 682              		@ frame_needed = 0, uses_anonymous_args = 0
 683 0000 F7B5     		push	{r0, r1, r2, r4, r5, r6, r7, lr}
 684 0002 1646     		mov	r6, r2
 685 0004 0022     		movs	r2, #0
 686 0006 0C46     		mov	r4, r1
 687 0008 0546     		mov	r5, r0
 688 000a ADF80420 		strh	r2, [sp, #4]	@ movhi
 689 000e 8DF80620 		strb	r2, [sp, #6]
 690 0012 18B9     		cbnz	r0, .L113
 691              	.L115:
 692 0014 0121     		movs	r1, #1
 693              	.L114:
 694 0016 0846     		mov	r0, r1
 695 0018 03B0     		add	sp, sp, #12
 696              		@ sp needed
 697 001a F0BD     		pop	{r4, r5, r6, r7, pc}
 698              	.L113:
 699 001c 0029     		cmp	r1, #0
 700 001e F9D0     		beq	.L115
 701 0020 01A9     		add	r1, sp, #4
 702 0022 FFF7FEFF 		bl	HAL_RTC_GetTime
 703 0026 0146     		mov	r1, r0
 704 0028 0028     		cmp	r0, #0
 705 002a F3D1     		bne	.L115
 706 002c 2B7B     		ldrb	r3, [r5, #12]	@ zero_extendqisi2
 707 002e 2370     		strb	r3, [r4]
 708 0030 E87B     		ldrb	r0, [r5, #15]	@ zero_extendqisi2
 709 0032 E070     		strb	r0, [r4, #3]
 710 0034 6F7B     		ldrb	r7, [r5, #13]	@ zero_extendqisi2
 711 0036 6770     		strb	r7, [r4, #1]
 712 0038 AA7B     		ldrb	r2, [r5, #14]	@ zero_extendqisi2
 713 003a A270     		strb	r2, [r4, #2]
ARM GAS  /tmp/ccn0avGQ.s 			page 13


 714 003c 002E     		cmp	r6, #0
 715 003e EAD0     		beq	.L114
 716 0040 FFF7FEFF 		bl	RTC_ByteToBcd2
 717 0044 E070     		strb	r0, [r4, #3]
 718 0046 3846     		mov	r0, r7
 719 0048 FFF7FEFF 		bl	RTC_ByteToBcd2
 720 004c 6070     		strb	r0, [r4, #1]
 721 004e 1046     		mov	r0, r2
 722 0050 FFF7FEFF 		bl	RTC_ByteToBcd2
 723 0054 A070     		strb	r0, [r4, #2]
 724 0056 DEE7     		b	.L114
 726              		.section	.text.HAL_RTC_SetAlarm,"ax",%progbits
 727              		.align	1
 728              		.global	HAL_RTC_SetAlarm
 729              		.syntax unified
 730              		.thumb
 731              		.thumb_func
 732              		.fpu softvfp
 734              	HAL_RTC_SetAlarm:
 735              		@ args = 0, pretend = 0, frame = 8
 736              		@ frame_needed = 0, uses_anonymous_args = 0
 737 0000 2DE9F347 		push	{r0, r1, r4, r5, r6, r7, r8, r9, r10, lr}
 738 0004 9146     		mov	r9, r2
 739 0006 0022     		movs	r2, #0
 740 0008 0D46     		mov	r5, r1
 741 000a 0446     		mov	r4, r0
 742 000c ADF80420 		strh	r2, [sp, #4]	@ movhi
 743 0010 8DF80620 		strb	r2, [sp, #6]
 744 0014 18B9     		cbnz	r0, .L123
 745              	.L134:
 746 0016 0120     		movs	r0, #1
 747              	.L124:
 748 0018 02B0     		add	sp, sp, #8
 749              		@ sp needed
 750 001a BDE8F087 		pop	{r4, r5, r6, r7, r8, r9, r10, pc}
 751              	.L123:
 752 001e 0029     		cmp	r1, #0
 753 0020 F9D0     		beq	.L134
 754 0022 037C     		ldrb	r3, [r0, #16]	@ zero_extendqisi2
 755 0024 012B     		cmp	r3, #1
 756 0026 4FF00203 		mov	r3, #2
 757 002a 41D0     		beq	.L130
 758 002c 0121     		movs	r1, #1
 759 002e 4374     		strb	r3, [r0, #17]
 760 0030 0174     		strb	r1, [r0, #16]
 761 0032 01A9     		add	r1, sp, #4
 762 0034 FFF7FEFF 		bl	HAL_RTC_GetTime
 763 0038 0028     		cmp	r0, #0
 764 003a ECD1     		bne	.L134
 765 003c 3C27     		movs	r7, #60
 766 003e 4FF46168 		mov	r8, #3600
 767 0042 9DF80530 		ldrb	r3, [sp, #5]	@ zero_extendqisi2
 768 0046 9DF80460 		ldrb	r6, [sp, #4]	@ zero_extendqisi2
 769 004a 7B43     		muls	r3, r7, r3
 770 004c 08FB0636 		mla	r6, r8, r6, r3
 771 0050 9DF80630 		ldrb	r3, [sp, #6]	@ zero_extendqisi2
 772 0054 2878     		ldrb	r0, [r5]	@ zero_extendqisi2
ARM GAS  /tmp/ccn0avGQ.s 			page 14


 773 0056 95F801A0 		ldrb	r10, [r5, #1]	@ zero_extendqisi2
 774 005a 1E44     		add	r6, r6, r3
 775 005c AD78     		ldrb	r5, [r5, #2]	@ zero_extendqisi2
 776 005e B9F1000F 		cmp	r9, #0
 777 0062 13D1     		bne	.L126
 778 0064 07FB0AF1 		mul	r1, r7, r10
 779 0068 08FB0011 		mla	r1, r8, r0, r1
 780 006c 2944     		add	r1, r1, r5
 781              	.L127:
 782 006e B142     		cmp	r1, r6
 783 0070 3CBF     		itt	cc
 784 0072 01F5A831 		addcc	r1, r1, #86016
 785 0076 01F5C071 		addcc	r1, r1, #384
 786 007a 2046     		mov	r0, r4
 787 007c FFF7FEFF 		bl	RTC_WriteAlarmCounter
 788 0080 90B1     		cbz	r0, .L129
 789 0082 0423     		movs	r3, #4
 790 0084 6374     		strb	r3, [r4, #17]
 791 0086 0023     		movs	r3, #0
 792 0088 2374     		strb	r3, [r4, #16]
 793 008a C4E7     		b	.L134
 794              	.L126:
 795 008c FFF7FEFF 		bl	RTC_Bcd2ToByte
 796 0090 0146     		mov	r1, r0
 797 0092 5046     		mov	r0, r10
 798 0094 FFF7FEFF 		bl	RTC_Bcd2ToByte
 799 0098 7843     		muls	r0, r7, r0
 800 009a 08FB0101 		mla	r1, r8, r1, r0
 801 009e 2846     		mov	r0, r5
 802 00a0 FFF7FEFF 		bl	RTC_Bcd2ToByte
 803 00a4 0144     		add	r1, r1, r0
 804 00a6 E2E7     		b	.L127
 805              	.L129:
 806 00a8 0123     		movs	r3, #1
 807 00aa 2074     		strb	r0, [r4, #16]
 808 00ac 6374     		strb	r3, [r4, #17]
 809 00ae B3E7     		b	.L124
 810              	.L130:
 811 00b0 1846     		mov	r0, r3
 812 00b2 B1E7     		b	.L124
 814              		.section	.text.HAL_RTC_SetAlarm_IT,"ax",%progbits
 815              		.align	1
 816              		.global	HAL_RTC_SetAlarm_IT
 817              		.syntax unified
 818              		.thumb
 819              		.thumb_func
 820              		.fpu softvfp
 822              	HAL_RTC_SetAlarm_IT:
 823              		@ args = 0, pretend = 0, frame = 8
 824              		@ frame_needed = 0, uses_anonymous_args = 0
 825 0000 2DE9F347 		push	{r0, r1, r4, r5, r6, r7, r8, r9, r10, lr}
 826 0004 9146     		mov	r9, r2
 827 0006 0022     		movs	r2, #0
 828 0008 0D46     		mov	r5, r1
 829 000a 0446     		mov	r4, r0
 830 000c ADF80420 		strh	r2, [sp, #4]	@ movhi
 831 0010 8DF80620 		strb	r2, [sp, #6]
ARM GAS  /tmp/ccn0avGQ.s 			page 15


 832 0014 18B9     		cbnz	r0, .L136
 833              	.L147:
 834 0016 0120     		movs	r0, #1
 835              	.L137:
 836 0018 02B0     		add	sp, sp, #8
 837              		@ sp needed
 838 001a BDE8F087 		pop	{r4, r5, r6, r7, r8, r9, r10, pc}
 839              	.L136:
 840 001e 0029     		cmp	r1, #0
 841 0020 F9D0     		beq	.L147
 842 0022 037C     		ldrb	r3, [r0, #16]	@ zero_extendqisi2
 843 0024 012B     		cmp	r3, #1
 844 0026 4FF00203 		mov	r3, #2
 845 002a 52D0     		beq	.L143
 846 002c 0121     		movs	r1, #1
 847 002e 4374     		strb	r3, [r0, #17]
 848 0030 0174     		strb	r1, [r0, #16]
 849 0032 01A9     		add	r1, sp, #4
 850 0034 FFF7FEFF 		bl	HAL_RTC_GetTime
 851 0038 0028     		cmp	r0, #0
 852 003a ECD1     		bne	.L147
 853 003c 3C27     		movs	r7, #60
 854 003e 4FF46168 		mov	r8, #3600
 855 0042 9DF80530 		ldrb	r3, [sp, #5]	@ zero_extendqisi2
 856 0046 9DF80460 		ldrb	r6, [sp, #4]	@ zero_extendqisi2
 857 004a 7B43     		muls	r3, r7, r3
 858 004c 08FB0636 		mla	r6, r8, r6, r3
 859 0050 9DF80630 		ldrb	r3, [sp, #6]	@ zero_extendqisi2
 860 0054 2878     		ldrb	r0, [r5]	@ zero_extendqisi2
 861 0056 95F801A0 		ldrb	r10, [r5, #1]	@ zero_extendqisi2
 862 005a 1E44     		add	r6, r6, r3
 863 005c AD78     		ldrb	r5, [r5, #2]	@ zero_extendqisi2
 864 005e B9F1000F 		cmp	r9, #0
 865 0062 13D1     		bne	.L139
 866 0064 07FB0AF1 		mul	r1, r7, r10
 867 0068 08FB0011 		mla	r1, r8, r0, r1
 868 006c 2944     		add	r1, r1, r5
 869              	.L140:
 870 006e B142     		cmp	r1, r6
 871 0070 3CBF     		itt	cc
 872 0072 01F5A831 		addcc	r1, r1, #86016
 873 0076 01F5C071 		addcc	r1, r1, #384
 874 007a 2046     		mov	r0, r4
 875 007c FFF7FEFF 		bl	RTC_WriteAlarmCounter
 876 0080 90B1     		cbz	r0, .L142
 877 0082 0423     		movs	r3, #4
 878 0084 6374     		strb	r3, [r4, #17]
 879 0086 0023     		movs	r3, #0
 880 0088 2374     		strb	r3, [r4, #16]
 881 008a C4E7     		b	.L147
 882              	.L139:
 883 008c FFF7FEFF 		bl	RTC_Bcd2ToByte
 884 0090 0146     		mov	r1, r0
 885 0092 5046     		mov	r0, r10
 886 0094 FFF7FEFF 		bl	RTC_Bcd2ToByte
 887 0098 7843     		muls	r0, r7, r0
 888 009a 08FB0101 		mla	r1, r8, r1, r0
ARM GAS  /tmp/ccn0avGQ.s 			page 16


 889 009e 2846     		mov	r0, r5
 890 00a0 FFF7FEFF 		bl	RTC_Bcd2ToByte
 891 00a4 0144     		add	r1, r1, r0
 892 00a6 E2E7     		b	.L140
 893              	.L142:
 894 00a8 6FF00202 		mvn	r2, #2
 895 00ac 2368     		ldr	r3, [r4]
 896 00ae 5A60     		str	r2, [r3, #4]
 897 00b0 1A68     		ldr	r2, [r3]
 898 00b2 42F00202 		orr	r2, r2, #2
 899 00b6 1A60     		str	r2, [r3]
 900 00b8 074B     		ldr	r3, .L148
 901 00ba 1A68     		ldr	r2, [r3]
 902 00bc 42F40032 		orr	r2, r2, #131072
 903 00c0 1A60     		str	r2, [r3]
 904 00c2 9A68     		ldr	r2, [r3, #8]
 905 00c4 42F40032 		orr	r2, r2, #131072
 906 00c8 9A60     		str	r2, [r3, #8]
 907 00ca 0123     		movs	r3, #1
 908 00cc 2074     		strb	r0, [r4, #16]
 909 00ce 6374     		strb	r3, [r4, #17]
 910 00d0 A2E7     		b	.L137
 911              	.L143:
 912 00d2 1846     		mov	r0, r3
 913 00d4 A0E7     		b	.L137
 914              	.L149:
 915 00d6 00BF     		.align	2
 916              	.L148:
 917 00d8 00040140 		.word	1073808384
 919              		.section	.text.HAL_RTC_GetAlarm,"ax",%progbits
 920              		.align	1
 921              		.global	HAL_RTC_GetAlarm
 922              		.syntax unified
 923              		.thumb
 924              		.thumb_func
 925              		.fpu softvfp
 927              	HAL_RTC_GetAlarm:
 928              		@ args = 0, pretend = 0, frame = 0
 929              		@ frame_needed = 0, uses_anonymous_args = 0
 930 0000 1A46     		mov	r2, r3
 931 0002 70B5     		push	{r4, r5, r6, lr}
 932 0004 38B3     		cbz	r0, .L153
 933 0006 31B3     		cbz	r1, .L153
 934 0008 FFF7FEFF 		bl	RTC_ReadAlarmCounter
 935 000c 4FF46166 		mov	r6, #3600
 936 0010 0546     		mov	r5, r0
 937 0012 B0FBF6F4 		udiv	r4, r0, r6
 938 0016 1820     		movs	r0, #24
 939 0018 B4FBF0F3 		udiv	r3, r4, r0
 940 001c 00FB1343 		mls	r3, r0, r3, r4
 941 0020 D8B2     		uxtb	r0, r3
 942 0022 06FB1453 		mls	r3, r6, r4, r5
 943 0026 3C26     		movs	r6, #60
 944 0028 B3FBF6F4 		udiv	r4, r3, r6
 945 002c E5B2     		uxtb	r5, r4
 946 002e 06FB1434 		mls	r4, r6, r4, r3
 947 0032 E4B2     		uxtb	r4, r4
ARM GAS  /tmp/ccn0avGQ.s 			page 17


 948 0034 0870     		strb	r0, [r1]
 949 0036 4D70     		strb	r5, [r1, #1]
 950 0038 8C70     		strb	r4, [r1, #2]
 951 003a 72B1     		cbz	r2, .L154
 952 003c FFF7FEFF 		bl	RTC_ByteToBcd2
 953 0040 0870     		strb	r0, [r1]
 954 0042 2846     		mov	r0, r5
 955 0044 FFF7FEFF 		bl	RTC_ByteToBcd2
 956 0048 4870     		strb	r0, [r1, #1]
 957 004a 2046     		mov	r0, r4
 958 004c FFF7FEFF 		bl	RTC_ByteToBcd2
 959 0050 8870     		strb	r0, [r1, #2]
 960 0052 0020     		movs	r0, #0
 961              	.L151:
 962 0054 70BD     		pop	{r4, r5, r6, pc}
 963              	.L153:
 964 0056 0120     		movs	r0, #1
 965 0058 FCE7     		b	.L151
 966              	.L154:
 967 005a 1046     		mov	r0, r2
 968 005c FAE7     		b	.L151
 970              		.section	.text.HAL_RTC_DeactivateAlarm,"ax",%progbits
 971              		.align	1
 972              		.global	HAL_RTC_DeactivateAlarm
 973              		.syntax unified
 974              		.thumb
 975              		.thumb_func
 976              		.fpu softvfp
 978              	HAL_RTC_DeactivateAlarm:
 979              		@ args = 0, pretend = 0, frame = 0
 980              		@ frame_needed = 0, uses_anonymous_args = 0
 981 0000 70B5     		push	{r4, r5, r6, lr}
 982 0002 0446     		mov	r4, r0
 983 0004 A0B1     		cbz	r0, .L159
 984 0006 037C     		ldrb	r3, [r0, #16]	@ zero_extendqisi2
 985 0008 012B     		cmp	r3, #1
 986 000a 4FF00203 		mov	r3, #2
 987 000e 2DD0     		beq	.L160
 988 0010 0125     		movs	r5, #1
 989 0012 0268     		ldr	r2, [r0]
 990 0014 0574     		strb	r5, [r0, #16]
 991 0016 4374     		strb	r3, [r0, #17]
 992 0018 1368     		ldr	r3, [r2]
 993 001a 23F00203 		bic	r3, r3, #2
 994 001e 1360     		str	r3, [r2]
 995 0020 FFF7FEFF 		bl	RTC_EnterInitMode
 996 0024 0646     		mov	r6, r0
 997 0026 28B1     		cbz	r0, .L157
 998 0028 0423     		movs	r3, #4
 999 002a 6374     		strb	r3, [r4, #17]
 1000 002c 0023     		movs	r3, #0
 1001 002e 2374     		strb	r3, [r4, #16]
 1002              	.L159:
 1003 0030 0120     		movs	r0, #1
 1004 0032 1AE0     		b	.L156
 1005              	.L157:
 1006 0034 6FF00202 		mvn	r2, #2
ARM GAS  /tmp/ccn0avGQ.s 			page 18


 1007 0038 2368     		ldr	r3, [r4]
 1008 003a 2046     		mov	r0, r4
 1009 003c 5A60     		str	r2, [r3, #4]
 1010 003e 4FF6FF72 		movw	r2, #65535
 1011 0042 1A62     		str	r2, [r3, #32]
 1012 0044 5A62     		str	r2, [r3, #36]
 1013 0046 02F18042 		add	r2, r2, #1073741824
 1014 004a D2F80134 		ldr	r3, [r2, #1025]
 1015 004e 02F20142 		addw	r2, r2, #1025
 1016 0052 23F40033 		bic	r3, r3, #131072
 1017 0056 1360     		str	r3, [r2]
 1018 0058 FFF7FEFF 		bl	RTC_ExitInitMode
 1019 005c 18B1     		cbz	r0, .L158
 1020 005e 0423     		movs	r3, #4
 1021 0060 2674     		strb	r6, [r4, #16]
 1022 0062 6374     		strb	r3, [r4, #17]
 1023 0064 E4E7     		b	.L159
 1024              	.L158:
 1025 0066 6574     		strb	r5, [r4, #17]
 1026 0068 2074     		strb	r0, [r4, #16]
 1027              	.L156:
 1028 006a 70BD     		pop	{r4, r5, r6, pc}
 1029              	.L160:
 1030 006c 1846     		mov	r0, r3
 1031 006e FCE7     		b	.L156
 1033              		.section	.text.HAL_RTC_AlarmAEventCallback,"ax",%progbits
 1034              		.align	1
 1035              		.weak	HAL_RTC_AlarmAEventCallback
 1036              		.syntax unified
 1037              		.thumb
 1038              		.thumb_func
 1039              		.fpu softvfp
 1041              	HAL_RTC_AlarmAEventCallback:
 1042              		@ args = 0, pretend = 0, frame = 0
 1043              		@ frame_needed = 0, uses_anonymous_args = 0
 1044              		@ link register save eliminated.
 1045 0000 7047     		bx	lr
 1047              		.section	.text.HAL_RTC_AlarmIRQHandler,"ax",%progbits
 1048              		.align	1
 1049              		.global	HAL_RTC_AlarmIRQHandler
 1050              		.syntax unified
 1051              		.thumb
 1052              		.thumb_func
 1053              		.fpu softvfp
 1055              	HAL_RTC_AlarmIRQHandler:
 1056              		@ args = 0, pretend = 0, frame = 0
 1057              		@ frame_needed = 0, uses_anonymous_args = 0
 1058 0000 0368     		ldr	r3, [r0]
 1059 0002 10B5     		push	{r4, lr}
 1060 0004 1A68     		ldr	r2, [r3]
 1061 0006 0446     		mov	r4, r0
 1062 0008 9207     		lsls	r2, r2, #30
 1063 000a 08D5     		bpl	.L163
 1064 000c 5B68     		ldr	r3, [r3, #4]
 1065 000e 9B07     		lsls	r3, r3, #30
 1066 0010 05D5     		bpl	.L163
 1067 0012 FFF7FEFF 		bl	HAL_RTC_AlarmAEventCallback
ARM GAS  /tmp/ccn0avGQ.s 			page 19


 1068 0016 6FF00202 		mvn	r2, #2
 1069 001a 2368     		ldr	r3, [r4]
 1070 001c 5A60     		str	r2, [r3, #4]
 1071              	.L163:
 1072 001e 4FF40032 		mov	r2, #131072
 1073 0022 024B     		ldr	r3, .L170
 1074 0024 5A61     		str	r2, [r3, #20]
 1075 0026 0123     		movs	r3, #1
 1076 0028 6374     		strb	r3, [r4, #17]
 1077 002a 10BD     		pop	{r4, pc}
 1078              	.L171:
 1079              		.align	2
 1080              	.L170:
 1081 002c 00040140 		.word	1073808384
 1083              		.section	.text.HAL_RTC_PollForAlarmAEvent,"ax",%progbits
 1084              		.align	1
 1085              		.global	HAL_RTC_PollForAlarmAEvent
 1086              		.syntax unified
 1087              		.thumb
 1088              		.thumb_func
 1089              		.fpu softvfp
 1091              	HAL_RTC_PollForAlarmAEvent:
 1092              		@ args = 0, pretend = 0, frame = 0
 1093              		@ frame_needed = 0, uses_anonymous_args = 0
 1094 0000 70B5     		push	{r4, r5, r6, lr}
 1095 0002 0446     		mov	r4, r0
 1096 0004 0D46     		mov	r5, r1
 1097 0006 FFF7FEFF 		bl	HAL_GetTick
 1098 000a 0646     		mov	r6, r0
 1099 000c 64B9     		cbnz	r4, .L174
 1100 000e 0120     		movs	r0, #1
 1101 0010 09E0     		b	.L173
 1102              	.L177:
 1103 0012 691C     		adds	r1, r5, #1
 1104 0014 09D0     		beq	.L175
 1105 0016 25B1     		cbz	r5, .L176
 1106 0018 FFF7FEFF 		bl	HAL_GetTick
 1107 001c 801B     		subs	r0, r0, r6
 1108 001e A842     		cmp	r0, r5
 1109 0020 02D9     		bls	.L174
 1110              	.L176:
 1111 0022 0320     		movs	r0, #3
 1112 0024 6074     		strb	r0, [r4, #17]
 1113              	.L173:
 1114 0026 70BD     		pop	{r4, r5, r6, pc}
 1115              	.L174:
 1116 0028 2368     		ldr	r3, [r4]
 1117              	.L175:
 1118 002a 5A68     		ldr	r2, [r3, #4]
 1119 002c 9207     		lsls	r2, r2, #30
 1120 002e F0D5     		bpl	.L177
 1121 0030 6FF00202 		mvn	r2, #2
 1122 0034 5A60     		str	r2, [r3, #4]
 1123 0036 0123     		movs	r3, #1
 1124 0038 0020     		movs	r0, #0
 1125 003a 6374     		strb	r3, [r4, #17]
 1126 003c F3E7     		b	.L173
ARM GAS  /tmp/ccn0avGQ.s 			page 20


 1128              		.section	.text.HAL_RTC_GetState,"ax",%progbits
 1129              		.align	1
 1130              		.global	HAL_RTC_GetState
 1131              		.syntax unified
 1132              		.thumb
 1133              		.thumb_func
 1134              		.fpu softvfp
 1136              	HAL_RTC_GetState:
 1137              		@ args = 0, pretend = 0, frame = 0
 1138              		@ frame_needed = 0, uses_anonymous_args = 0
 1139              		@ link register save eliminated.
 1140 0000 407C     		ldrb	r0, [r0, #17]	@ zero_extendqisi2
 1141 0002 7047     		bx	lr
 1143              		.section	.text.HAL_RTC_WaitForSynchro,"ax",%progbits
 1144              		.align	1
 1145              		.global	HAL_RTC_WaitForSynchro
 1146              		.syntax unified
 1147              		.thumb
 1148              		.thumb_func
 1149              		.fpu softvfp
 1151              	HAL_RTC_WaitForSynchro:
 1152              		@ args = 0, pretend = 0, frame = 0
 1153              		@ frame_needed = 0, uses_anonymous_args = 0
 1154 0000 38B5     		push	{r3, r4, r5, lr}
 1155 0002 0446     		mov	r4, r0
 1156 0004 A8B1     		cbz	r0, .L190
 1157 0006 0268     		ldr	r2, [r0]
 1158 0008 5368     		ldr	r3, [r2, #4]
 1159 000a 23F00803 		bic	r3, r3, #8
 1160 000e 5360     		str	r3, [r2, #4]
 1161 0010 FFF7FEFF 		bl	HAL_GetTick
 1162 0014 0546     		mov	r5, r0
 1163              	.L188:
 1164 0016 2368     		ldr	r3, [r4]
 1165 0018 5B68     		ldr	r3, [r3, #4]
 1166 001a 1B07     		lsls	r3, r3, #28
 1167 001c 01D5     		bpl	.L189
 1168 001e 0020     		movs	r0, #0
 1169              	.L187:
 1170 0020 38BD     		pop	{r3, r4, r5, pc}
 1171              	.L189:
 1172 0022 FFF7FEFF 		bl	HAL_GetTick
 1173 0026 401B     		subs	r0, r0, r5
 1174 0028 B0F57A7F 		cmp	r0, #1000
 1175 002c F3D9     		bls	.L188
 1176 002e 0320     		movs	r0, #3
 1177 0030 F6E7     		b	.L187
 1178              	.L190:
 1179 0032 0120     		movs	r0, #1
 1180 0034 F4E7     		b	.L187
 1182              		.section	.text.HAL_RTC_Init,"ax",%progbits
 1183              		.align	1
 1184              		.global	HAL_RTC_Init
 1185              		.syntax unified
 1186              		.thumb
 1187              		.thumb_func
 1188              		.fpu softvfp
ARM GAS  /tmp/ccn0avGQ.s 			page 21


 1190              	HAL_RTC_Init:
 1191              		@ args = 0, pretend = 0, frame = 0
 1192              		@ frame_needed = 0, uses_anonymous_args = 0
 1193 0000 10B5     		push	{r4, lr}
 1194 0002 0446     		mov	r4, r0
 1195 0004 70B1     		cbz	r0, .L201
 1196 0006 437C     		ldrb	r3, [r0, #17]	@ zero_extendqisi2
 1197 0008 03F0FF02 		and	r2, r3, #255
 1198 000c 13B9     		cbnz	r3, .L194
 1199 000e 0274     		strb	r2, [r0, #16]
 1200 0010 FFF7FEFF 		bl	HAL_RTC_MspInit
 1201              	.L194:
 1202 0014 0223     		movs	r3, #2
 1203 0016 2046     		mov	r0, r4
 1204 0018 6374     		strb	r3, [r4, #17]
 1205 001a FFF7FEFF 		bl	HAL_RTC_WaitForSynchro
 1206 001e 18B1     		cbz	r0, .L195
 1207              	.L205:
 1208 0020 0423     		movs	r3, #4
 1209 0022 6374     		strb	r3, [r4, #17]
 1210              	.L201:
 1211 0024 0120     		movs	r0, #1
 1212 0026 36E0     		b	.L193
 1213              	.L195:
 1214 0028 2046     		mov	r0, r4
 1215 002a FFF7FEFF 		bl	RTC_EnterInitMode
 1216 002e 0028     		cmp	r0, #0
 1217 0030 F6D1     		bne	.L205
 1218 0032 2268     		ldr	r2, [r4]
 1219 0034 A068     		ldr	r0, [r4, #8]
 1220 0036 5368     		ldr	r3, [r2, #4]
 1221 0038 23F00703 		bic	r3, r3, #7
 1222 003c 5360     		str	r3, [r2, #4]
 1223 003e 164A     		ldr	r2, .L206
 1224 0040 18B1     		cbz	r0, .L197
 1225 0042 116B     		ldr	r1, [r2, #48]
 1226 0044 21F00101 		bic	r1, r1, #1
 1227 0048 1163     		str	r1, [r2, #48]
 1228              	.L197:
 1229 004a D36A     		ldr	r3, [r2, #44]
 1230 004c 23F46073 		bic	r3, r3, #896
 1231 0050 0343     		orrs	r3, r3, r0
 1232 0052 D362     		str	r3, [r2, #44]
 1233 0054 6068     		ldr	r0, [r4, #4]
 1234 0056 431C     		adds	r3, r0, #1
 1235 0058 05D1     		bne	.L198
 1236 005a 0120     		movs	r0, #1
 1237 005c FFF7FEFF 		bl	HAL_RCCEx_GetPeriphCLKFreq
 1238 0060 0028     		cmp	r0, #0
 1239 0062 DDD0     		beq	.L205
 1240 0064 0138     		subs	r0, r0, #1
 1241              	.L198:
 1242 0066 2268     		ldr	r2, [r4]
 1243 0068 9368     		ldr	r3, [r2, #8]
 1244 006a 23F00F03 		bic	r3, r3, #15
 1245 006e 43EA1043 		orr	r3, r3, r0, lsr #16
 1246 0072 9360     		str	r3, [r2, #8]
ARM GAS  /tmp/ccn0avGQ.s 			page 22


 1247 0074 D368     		ldr	r3, [r2, #12]
 1248 0076 80B2     		uxth	r0, r0
 1249 0078 1B0C     		lsrs	r3, r3, #16
 1250 007a 1B04     		lsls	r3, r3, #16
 1251 007c 1843     		orrs	r0, r0, r3
 1252 007e D060     		str	r0, [r2, #12]
 1253 0080 2046     		mov	r0, r4
 1254 0082 FFF7FEFF 		bl	RTC_ExitInitMode
 1255 0086 0123     		movs	r3, #1
 1256 0088 10B1     		cbz	r0, .L200
 1257 008a 0422     		movs	r2, #4
 1258 008c 6274     		strb	r2, [r4, #17]
 1259 008e C9E7     		b	.L201
 1260              	.L200:
 1261 0090 6373     		strb	r3, [r4, #13]
 1262 0092 E381     		strh	r3, [r4, #14]	@ movhi
 1263 0094 6374     		strb	r3, [r4, #17]
 1264              	.L193:
 1265 0096 10BD     		pop	{r4, pc}
 1266              	.L207:
 1267              		.align	2
 1268              	.L206:
 1269 0098 006C0040 		.word	1073769472
 1271              		.section	.text.HAL_RTC_DeInit,"ax",%progbits
 1272              		.align	1
 1273              		.global	HAL_RTC_DeInit
 1274              		.syntax unified
 1275              		.thumb
 1276              		.thumb_func
 1277              		.fpu softvfp
 1279              	HAL_RTC_DeInit:
 1280              		@ args = 0, pretend = 0, frame = 0
 1281              		@ frame_needed = 0, uses_anonymous_args = 0
 1282 0000 70B5     		push	{r4, r5, r6, lr}
 1283 0002 0446     		mov	r4, r0
 1284 0004 48B1     		cbz	r0, .L212
 1285 0006 0223     		movs	r3, #2
 1286 0008 4374     		strb	r3, [r0, #17]
 1287 000a FFF7FEFF 		bl	RTC_EnterInitMode
 1288 000e 0646     		mov	r6, r0
 1289 0010 28B1     		cbz	r0, .L210
 1290 0012 0423     		movs	r3, #4
 1291 0014 6374     		strb	r3, [r4, #17]
 1292 0016 0023     		movs	r3, #0
 1293 0018 2374     		strb	r3, [r4, #16]
 1294              	.L212:
 1295 001a 0125     		movs	r5, #1
 1296 001c 1EE0     		b	.L209
 1297              	.L210:
 1298 001e 4FF40042 		mov	r2, #32768
 1299 0022 2368     		ldr	r3, [r4]
 1300 0024 D861     		str	r0, [r3, #28]
 1301 0026 9861     		str	r0, [r3, #24]
 1302 0028 DA60     		str	r2, [r3, #12]
 1303 002a 9860     		str	r0, [r3, #8]
 1304 002c 1860     		str	r0, [r3]
 1305 002e 5860     		str	r0, [r3, #4]
ARM GAS  /tmp/ccn0avGQ.s 			page 23


 1306 0030 2046     		mov	r0, r4
 1307 0032 FFF7FEFF 		bl	RTC_ExitInitMode
 1308 0036 0546     		mov	r5, r0
 1309 0038 18B1     		cbz	r0, .L211
 1310 003a 0423     		movs	r3, #4
 1311 003c 2674     		strb	r6, [r4, #16]
 1312 003e 6374     		strb	r3, [r4, #17]
 1313 0040 EBE7     		b	.L212
 1314              	.L211:
 1315 0042 2046     		mov	r0, r4
 1316 0044 FFF7FEFF 		bl	HAL_RTC_WaitForSynchro
 1317 0048 2268     		ldr	r2, [r4]
 1318 004a 2046     		mov	r0, r4
 1319 004c 5368     		ldr	r3, [r2, #4]
 1320 004e 23F00803 		bic	r3, r3, #8
 1321 0052 5360     		str	r3, [r2, #4]
 1322 0054 FFF7FEFF 		bl	HAL_RTC_MspDeInit
 1323 0058 6574     		strb	r5, [r4, #17]
 1324 005a 2574     		strb	r5, [r4, #16]
 1325              	.L209:
 1326 005c 2846     		mov	r0, r5
 1327 005e 70BD     		pop	{r4, r5, r6, pc}
 1329              		.ident	"GCC: (GNU Tools for Arm Embedded Processors 9-2019-q4-major) 9.2.1 20191025 (release) [ARM
ARM GAS  /tmp/ccn0avGQ.s 			page 24


DEFINED SYMBOLS
                            *ABS*:0000000000000000 stm32f1xx_hal_rtc.c
     /tmp/ccn0avGQ.s:14     .text.RTC_ReadTimeCounter:0000000000000000 $t
     /tmp/ccn0avGQ.s:21     .text.RTC_ReadTimeCounter:0000000000000000 RTC_ReadTimeCounter
     /tmp/ccn0avGQ.s:42     .text.RTC_ReadAlarmCounter:0000000000000000 $t
     /tmp/ccn0avGQ.s:48     .text.RTC_ReadAlarmCounter:0000000000000000 RTC_ReadAlarmCounter
     /tmp/ccn0avGQ.s:60     .text.RTC_ByteToBcd2:0000000000000000 $t
     /tmp/ccn0avGQ.s:66     .text.RTC_ByteToBcd2:0000000000000000 RTC_ByteToBcd2
     /tmp/ccn0avGQ.s:84     .text.RTC_Bcd2ToByte:0000000000000000 $t
     /tmp/ccn0avGQ.s:90     .text.RTC_Bcd2ToByte:0000000000000000 RTC_Bcd2ToByte
     /tmp/ccn0avGQ.s:102    .text.RTC_WeekDayNum:0000000000000000 $t
     /tmp/ccn0avGQ.s:108    .text.RTC_WeekDayNum:0000000000000000 RTC_WeekDayNum
     /tmp/ccn0avGQ.s:152    .text.RTC_EnterInitMode:0000000000000000 $t
     /tmp/ccn0avGQ.s:158    .text.RTC_EnterInitMode:0000000000000000 RTC_EnterInitMode
     /tmp/ccn0avGQ.s:185    .text.RTC_ExitInitMode:0000000000000000 $t
     /tmp/ccn0avGQ.s:191    .text.RTC_ExitInitMode:0000000000000000 RTC_ExitInitMode
     /tmp/ccn0avGQ.s:219    .text.RTC_WriteTimeCounter:0000000000000000 $t
     /tmp/ccn0avGQ.s:225    .text.RTC_WriteTimeCounter:0000000000000000 RTC_WriteTimeCounter
     /tmp/ccn0avGQ.s:250    .text.RTC_WriteAlarmCounter:0000000000000000 $t
     /tmp/ccn0avGQ.s:256    .text.RTC_WriteAlarmCounter:0000000000000000 RTC_WriteAlarmCounter
     /tmp/ccn0avGQ.s:281    .text.HAL_RTC_MspInit:0000000000000000 $t
     /tmp/ccn0avGQ.s:288    .text.HAL_RTC_MspInit:0000000000000000 HAL_RTC_MspInit
     /tmp/ccn0avGQ.s:295    .text.HAL_RTC_MspDeInit:0000000000000000 $t
     /tmp/ccn0avGQ.s:302    .text.HAL_RTC_MspDeInit:0000000000000000 HAL_RTC_MspDeInit
     /tmp/ccn0avGQ.s:309    .text.HAL_RTC_SetTime:0000000000000000 $t
     /tmp/ccn0avGQ.s:316    .text.HAL_RTC_SetTime:0000000000000000 HAL_RTC_SetTime
     /tmp/ccn0avGQ.s:395    .text.HAL_RTC_GetTime:0000000000000000 $t
     /tmp/ccn0avGQ.s:402    .text.HAL_RTC_GetTime:0000000000000000 HAL_RTC_GetTime
     /tmp/ccn0avGQ.s:573    .text.HAL_RTC_GetTime:0000000000000168 $d
     /tmp/ccn0avGQ.s:577    .text.HAL_RTC_SetDate:0000000000000000 $t
     /tmp/ccn0avGQ.s:584    .text.HAL_RTC_SetDate:0000000000000000 HAL_RTC_SetDate
     /tmp/ccn0avGQ.s:669    .text.HAL_RTC_SetDate:00000000000000ac $d
     /tmp/ccn0avGQ.s:673    .text.HAL_RTC_GetDate:0000000000000000 $t
     /tmp/ccn0avGQ.s:680    .text.HAL_RTC_GetDate:0000000000000000 HAL_RTC_GetDate
     /tmp/ccn0avGQ.s:727    .text.HAL_RTC_SetAlarm:0000000000000000 $t
     /tmp/ccn0avGQ.s:734    .text.HAL_RTC_SetAlarm:0000000000000000 HAL_RTC_SetAlarm
     /tmp/ccn0avGQ.s:815    .text.HAL_RTC_SetAlarm_IT:0000000000000000 $t
     /tmp/ccn0avGQ.s:822    .text.HAL_RTC_SetAlarm_IT:0000000000000000 HAL_RTC_SetAlarm_IT
     /tmp/ccn0avGQ.s:917    .text.HAL_RTC_SetAlarm_IT:00000000000000d8 $d
     /tmp/ccn0avGQ.s:920    .text.HAL_RTC_GetAlarm:0000000000000000 $t
     /tmp/ccn0avGQ.s:927    .text.HAL_RTC_GetAlarm:0000000000000000 HAL_RTC_GetAlarm
     /tmp/ccn0avGQ.s:971    .text.HAL_RTC_DeactivateAlarm:0000000000000000 $t
     /tmp/ccn0avGQ.s:978    .text.HAL_RTC_DeactivateAlarm:0000000000000000 HAL_RTC_DeactivateAlarm
     /tmp/ccn0avGQ.s:1034   .text.HAL_RTC_AlarmAEventCallback:0000000000000000 $t
     /tmp/ccn0avGQ.s:1041   .text.HAL_RTC_AlarmAEventCallback:0000000000000000 HAL_RTC_AlarmAEventCallback
     /tmp/ccn0avGQ.s:1048   .text.HAL_RTC_AlarmIRQHandler:0000000000000000 $t
     /tmp/ccn0avGQ.s:1055   .text.HAL_RTC_AlarmIRQHandler:0000000000000000 HAL_RTC_AlarmIRQHandler
     /tmp/ccn0avGQ.s:1081   .text.HAL_RTC_AlarmIRQHandler:000000000000002c $d
     /tmp/ccn0avGQ.s:1084   .text.HAL_RTC_PollForAlarmAEvent:0000000000000000 $t
     /tmp/ccn0avGQ.s:1091   .text.HAL_RTC_PollForAlarmAEvent:0000000000000000 HAL_RTC_PollForAlarmAEvent
     /tmp/ccn0avGQ.s:1129   .text.HAL_RTC_GetState:0000000000000000 $t
     /tmp/ccn0avGQ.s:1136   .text.HAL_RTC_GetState:0000000000000000 HAL_RTC_GetState
     /tmp/ccn0avGQ.s:1144   .text.HAL_RTC_WaitForSynchro:0000000000000000 $t
     /tmp/ccn0avGQ.s:1151   .text.HAL_RTC_WaitForSynchro:0000000000000000 HAL_RTC_WaitForSynchro
     /tmp/ccn0avGQ.s:1183   .text.HAL_RTC_Init:0000000000000000 $t
     /tmp/ccn0avGQ.s:1190   .text.HAL_RTC_Init:0000000000000000 HAL_RTC_Init
     /tmp/ccn0avGQ.s:1269   .text.HAL_RTC_Init:0000000000000098 $d
ARM GAS  /tmp/ccn0avGQ.s 			page 25


     /tmp/ccn0avGQ.s:1272   .text.HAL_RTC_DeInit:0000000000000000 $t
     /tmp/ccn0avGQ.s:1279   .text.HAL_RTC_DeInit:0000000000000000 HAL_RTC_DeInit

UNDEFINED SYMBOLS
HAL_GetTick
HAL_RCCEx_GetPeriphCLKFreq
