ARM GAS  /tmp/cc1vzQ6c.s 			page 1


   1              		.cpu cortex-m3
   2              		.eabi_attribute 20, 1
   3              		.eabi_attribute 21, 1
   4              		.eabi_attribute 23, 3
   5              		.eabi_attribute 24, 1
   6              		.eabi_attribute 25, 1
   7              		.eabi_attribute 26, 1
   8              		.eabi_attribute 30, 4
   9              		.eabi_attribute 34, 1
  10              		.eabi_attribute 18, 4
  11              		.file	"usbd_desc.c"
  12              		.section	.text.USBD_FS_DeviceDescriptor,"ax",%progbits
  13              		.align	1
  14              		.global	USBD_FS_DeviceDescriptor
  15              		.syntax unified
  16              		.thumb
  17              		.thumb_func
  18              		.fpu softvfp
  20              	USBD_FS_DeviceDescriptor:
  21              		@ args = 0, pretend = 0, frame = 0
  22              		@ frame_needed = 0, uses_anonymous_args = 0
  23              		@ link register save eliminated.
  24 0000 1223     		movs	r3, #18
  25 0002 0148     		ldr	r0, .L2
  26 0004 0B80     		strh	r3, [r1]	@ movhi
  27 0006 7047     		bx	lr
  28              	.L3:
  29              		.align	2
  30              	.L2:
  31 0008 00000000 		.word	.LANCHOR0
  33              		.section	.text.USBD_FS_LangIDStrDescriptor,"ax",%progbits
  34              		.align	1
  35              		.global	USBD_FS_LangIDStrDescriptor
  36              		.syntax unified
  37              		.thumb
  38              		.thumb_func
  39              		.fpu softvfp
  41              	USBD_FS_LangIDStrDescriptor:
  42              		@ args = 0, pretend = 0, frame = 0
  43              		@ frame_needed = 0, uses_anonymous_args = 0
  44              		@ link register save eliminated.
  45 0000 0423     		movs	r3, #4
  46 0002 0148     		ldr	r0, .L5
  47 0004 0B80     		strh	r3, [r1]	@ movhi
  48 0006 7047     		bx	lr
  49              	.L6:
  50              		.align	2
  51              	.L5:
  52 0008 00000000 		.word	.LANCHOR1
  54              		.section	.text.IntToUnicode,"ax",%progbits
  55              		.align	1
  56              		.syntax unified
  57              		.thumb
  58              		.thumb_func
  59              		.fpu softvfp
  61              	IntToUnicode:
  62              		@ args = 0, pretend = 0, frame = 0
ARM GAS  /tmp/cc1vzQ6c.s 			page 2


  63              		@ frame_needed = 0, uses_anonymous_args = 0
  64 0000 0023     		movs	r3, #0
  65 0002 30B5     		push	{r4, r5, lr}
  66 0004 1D46     		mov	r5, r3
  67              	.L8:
  68 0006 DCB2     		uxtb	r4, r3
  69 0008 A242     		cmp	r2, r4
  70 000a 00D8     		bhi	.L11
  71 000c 30BD     		pop	{r4, r5, pc}
  72              	.L11:
  73 000e 040F     		lsrs	r4, r0, #28
  74 0010 092C     		cmp	r4, #9
  75 0012 94BF     		ite	ls
  76 0014 3034     		addls	r4, r4, #48
  77 0016 3734     		addhi	r4, r4, #55
  78 0018 01F81340 		strb	r4, [r1, r3, lsl #1]
  79 001c 01EB4304 		add	r4, r1, r3, lsl #1
  80 0020 0001     		lsls	r0, r0, #4
  81 0022 6570     		strb	r5, [r4, #1]
  82 0024 0133     		adds	r3, r3, #1
  83 0026 EEE7     		b	.L8
  85              		.section	.text.USBD_FS_SerialStrDescriptor,"ax",%progbits
  86              		.align	1
  87              		.global	USBD_FS_SerialStrDescriptor
  88              		.syntax unified
  89              		.thumb
  90              		.thumb_func
  91              		.fpu softvfp
  93              	USBD_FS_SerialStrDescriptor:
  94              		@ args = 0, pretend = 0, frame = 0
  95              		@ frame_needed = 0, uses_anonymous_args = 0
  96 0000 1A23     		movs	r3, #26
  97 0002 10B5     		push	{r4, lr}
  98 0004 0B80     		strh	r3, [r1]	@ movhi
  99 0006 094B     		ldr	r3, .L18
 100 0008 1868     		ldr	r0, [r3]
 101 000a 0833     		adds	r3, r3, #8
 102 000c 1B68     		ldr	r3, [r3]
 103 000e C018     		adds	r0, r0, r3
 104 0010 0AD0     		beq	.L14
 105 0012 074B     		ldr	r3, .L18+4
 106 0014 0822     		movs	r2, #8
 107 0016 1C68     		ldr	r4, [r3]
 108 0018 0649     		ldr	r1, .L18+8
 109 001a FFF7FEFF 		bl	IntToUnicode
 110 001e 0422     		movs	r2, #4
 111 0020 0549     		ldr	r1, .L18+12
 112 0022 2046     		mov	r0, r4
 113 0024 FFF7FEFF 		bl	IntToUnicode
 114              	.L14:
 115 0028 0448     		ldr	r0, .L18+16
 116 002a 10BD     		pop	{r4, pc}
 117              	.L19:
 118              		.align	2
 119              	.L18:
 120 002c E8F7FF1F 		.word	536868840
 121 0030 ECF7FF1F 		.word	536868844
ARM GAS  /tmp/cc1vzQ6c.s 			page 3


 122 0034 02000000 		.word	.LANCHOR2+2
 123 0038 12000000 		.word	.LANCHOR2+18
 124 003c 00000000 		.word	.LANCHOR2
 126              		.section	.text.USBD_FS_ManufacturerStrDescriptor,"ax",%progbits
 127              		.align	1
 128              		.global	USBD_FS_ManufacturerStrDescriptor
 129              		.syntax unified
 130              		.thumb
 131              		.thumb_func
 132              		.fpu softvfp
 134              	USBD_FS_ManufacturerStrDescriptor:
 135              		@ args = 0, pretend = 0, frame = 0
 136              		@ frame_needed = 0, uses_anonymous_args = 0
 137 0000 10B5     		push	{r4, lr}
 138 0002 044C     		ldr	r4, .L21
 139 0004 0A46     		mov	r2, r1
 140 0006 0448     		ldr	r0, .L21+4
 141 0008 2146     		mov	r1, r4
 142 000a FFF7FEFF 		bl	USBD_GetString
 143 000e 2046     		mov	r0, r4
 144 0010 10BD     		pop	{r4, pc}
 145              	.L22:
 146 0012 00BF     		.align	2
 147              	.L21:
 148 0014 00000000 		.word	USBD_StrDesc
 149 0018 00000000 		.word	.LC0
 151              		.section	.text.USBD_FS_ProductStrDescriptor,"ax",%progbits
 152              		.align	1
 153              		.global	USBD_FS_ProductStrDescriptor
 154              		.syntax unified
 155              		.thumb
 156              		.thumb_func
 157              		.fpu softvfp
 159              	USBD_FS_ProductStrDescriptor:
 160              		@ args = 0, pretend = 0, frame = 0
 161              		@ frame_needed = 0, uses_anonymous_args = 0
 162 0000 10B5     		push	{r4, lr}
 163 0002 044C     		ldr	r4, .L24
 164 0004 0A46     		mov	r2, r1
 165 0006 0448     		ldr	r0, .L24+4
 166 0008 2146     		mov	r1, r4
 167 000a FFF7FEFF 		bl	USBD_GetString
 168 000e 2046     		mov	r0, r4
 169 0010 10BD     		pop	{r4, pc}
 170              	.L25:
 171 0012 00BF     		.align	2
 172              	.L24:
 173 0014 00000000 		.word	USBD_StrDesc
 174 0018 00000000 		.word	.LC1
 176              		.section	.text.USBD_FS_ConfigStrDescriptor,"ax",%progbits
 177              		.align	1
 178              		.global	USBD_FS_ConfigStrDescriptor
 179              		.syntax unified
 180              		.thumb
 181              		.thumb_func
 182              		.fpu softvfp
 184              	USBD_FS_ConfigStrDescriptor:
ARM GAS  /tmp/cc1vzQ6c.s 			page 4


 185              		@ args = 0, pretend = 0, frame = 0
 186              		@ frame_needed = 0, uses_anonymous_args = 0
 187 0000 10B5     		push	{r4, lr}
 188 0002 044C     		ldr	r4, .L27
 189 0004 0A46     		mov	r2, r1
 190 0006 0448     		ldr	r0, .L27+4
 191 0008 2146     		mov	r1, r4
 192 000a FFF7FEFF 		bl	USBD_GetString
 193 000e 2046     		mov	r0, r4
 194 0010 10BD     		pop	{r4, pc}
 195              	.L28:
 196 0012 00BF     		.align	2
 197              	.L27:
 198 0014 00000000 		.word	USBD_StrDesc
 199 0018 00000000 		.word	.LC2
 201              		.section	.text.USBD_FS_InterfaceStrDescriptor,"ax",%progbits
 202              		.align	1
 203              		.global	USBD_FS_InterfaceStrDescriptor
 204              		.syntax unified
 205              		.thumb
 206              		.thumb_func
 207              		.fpu softvfp
 209              	USBD_FS_InterfaceStrDescriptor:
 210              		@ args = 0, pretend = 0, frame = 0
 211              		@ frame_needed = 0, uses_anonymous_args = 0
 212 0000 10B5     		push	{r4, lr}
 213 0002 044C     		ldr	r4, .L30
 214 0004 0A46     		mov	r2, r1
 215 0006 0448     		ldr	r0, .L30+4
 216 0008 2146     		mov	r1, r4
 217 000a FFF7FEFF 		bl	USBD_GetString
 218 000e 2046     		mov	r0, r4
 219 0010 10BD     		pop	{r4, pc}
 220              	.L31:
 221 0012 00BF     		.align	2
 222              	.L30:
 223 0014 00000000 		.word	USBD_StrDesc
 224 0018 00000000 		.word	.LC3
 226              		.global	USBD_StringSerial
 227              		.comm	USBD_StrDesc,512,4
 228              		.global	USBD_LangIDDesc
 229              		.global	USBD_FS_DeviceDesc
 230              		.global	FS_Desc
 231              		.section	.data.FS_Desc,"aw",%progbits
 232              		.align	2
 235              	FS_Desc:
 236 0000 00000000 		.word	USBD_FS_DeviceDescriptor
 237 0004 00000000 		.word	USBD_FS_LangIDStrDescriptor
 238 0008 00000000 		.word	USBD_FS_ManufacturerStrDescriptor
 239 000c 00000000 		.word	USBD_FS_ProductStrDescriptor
 240 0010 00000000 		.word	USBD_FS_SerialStrDescriptor
 241 0014 00000000 		.word	USBD_FS_ConfigStrDescriptor
 242 0018 00000000 		.word	USBD_FS_InterfaceStrDescriptor
 243              		.section	.data.USBD_FS_DeviceDesc,"aw",%progbits
 244              		.align	2
 245              		.set	.LANCHOR0,. + 0
 248              	USBD_FS_DeviceDesc:
ARM GAS  /tmp/cc1vzQ6c.s 			page 5


 249 0000 12       		.byte	18
 250 0001 01       		.byte	1
 251 0002 00       		.byte	0
 252 0003 02       		.byte	2
 253 0004 00       		.byte	0
 254 0005 00       		.byte	0
 255 0006 00       		.byte	0
 256 0007 40       		.byte	64
 257 0008 83       		.byte	-125
 258 0009 04       		.byte	4
 259 000a 00       		.byte	0
 260 000b 00       		.byte	0
 261 000c 00       		.byte	0
 262 000d 02       		.byte	2
 263 000e 01       		.byte	1
 264 000f 02       		.byte	2
 265 0010 03       		.byte	3
 266 0011 01       		.byte	1
 267              		.section	.data.USBD_LangIDDesc,"aw",%progbits
 268              		.align	2
 269              		.set	.LANCHOR1,. + 0
 272              	USBD_LangIDDesc:
 273 0000 04       		.byte	4
 274 0001 03       		.byte	3
 275 0002 09       		.byte	9
 276 0003 04       		.byte	4
 277              		.section	.data.USBD_StringSerial,"aw",%progbits
 278              		.align	2
 279              		.set	.LANCHOR2,. + 0
 282              	USBD_StringSerial:
 283 0000 1A       		.byte	26
 284 0001 03       		.byte	3
 285 0002 00000000 		.space	24
 285      00000000 
 285      00000000 
 285      00000000 
 285      00000000 
 286              		.section	.rodata.USBD_FS_ConfigStrDescriptor.str1.1,"aMS",%progbits,1
 287              	.LC2:
 288 0000 43757374 		.ascii	"Custom HID Config\000"
 288      6F6D2048 
 288      49442043 
 288      6F6E6669 
 288      6700
 289              		.section	.rodata.USBD_FS_InterfaceStrDescriptor.str1.1,"aMS",%progbits,1
 290              	.LC3:
 291 0000 43757374 		.ascii	"Custom HID Interface\000"
 291      6F6D2048 
 291      49442049 
 291      6E746572 
 291      66616365 
 292              		.section	.rodata.USBD_FS_ManufacturerStrDescriptor.str1.1,"aMS",%progbits,1
 293              	.LC0:
 294 0000 4265726E 		.ascii	"Berndorfer Electronics\000"
 294      646F7266 
 294      65722045 
 294      6C656374 
ARM GAS  /tmp/cc1vzQ6c.s 			page 6


 294      726F6E69 
 295              		.section	.rodata.USBD_FS_ProductStrDescriptor.str1.1,"aMS",%progbits,1
 296              	.LC1:
 297 0000 4265726E 		.ascii	"BerndoKeyboard-TEST-20.03\000"
 297      646F4B65 
 297      79626F61 
 297      72642D54 
 297      4553542D 
 298              		.ident	"GCC: (15:6.3.1+svn253039-1build1) 6.3.1 20170620"
ARM GAS  /tmp/cc1vzQ6c.s 			page 7


DEFINED SYMBOLS
                            *ABS*:0000000000000000 usbd_desc.c
     /tmp/cc1vzQ6c.s:13     .text.USBD_FS_DeviceDescriptor:0000000000000000 $t
     /tmp/cc1vzQ6c.s:20     .text.USBD_FS_DeviceDescriptor:0000000000000000 USBD_FS_DeviceDescriptor
     /tmp/cc1vzQ6c.s:31     .text.USBD_FS_DeviceDescriptor:0000000000000008 $d
     /tmp/cc1vzQ6c.s:34     .text.USBD_FS_LangIDStrDescriptor:0000000000000000 $t
     /tmp/cc1vzQ6c.s:41     .text.USBD_FS_LangIDStrDescriptor:0000000000000000 USBD_FS_LangIDStrDescriptor
     /tmp/cc1vzQ6c.s:52     .text.USBD_FS_LangIDStrDescriptor:0000000000000008 $d
     /tmp/cc1vzQ6c.s:55     .text.IntToUnicode:0000000000000000 $t
     /tmp/cc1vzQ6c.s:61     .text.IntToUnicode:0000000000000000 IntToUnicode
     /tmp/cc1vzQ6c.s:86     .text.USBD_FS_SerialStrDescriptor:0000000000000000 $t
     /tmp/cc1vzQ6c.s:93     .text.USBD_FS_SerialStrDescriptor:0000000000000000 USBD_FS_SerialStrDescriptor
     /tmp/cc1vzQ6c.s:120    .text.USBD_FS_SerialStrDescriptor:000000000000002c $d
     /tmp/cc1vzQ6c.s:127    .text.USBD_FS_ManufacturerStrDescriptor:0000000000000000 $t
     /tmp/cc1vzQ6c.s:134    .text.USBD_FS_ManufacturerStrDescriptor:0000000000000000 USBD_FS_ManufacturerStrDescriptor
     /tmp/cc1vzQ6c.s:148    .text.USBD_FS_ManufacturerStrDescriptor:0000000000000014 $d
                            *COM*:0000000000000200 USBD_StrDesc
     /tmp/cc1vzQ6c.s:152    .text.USBD_FS_ProductStrDescriptor:0000000000000000 $t
     /tmp/cc1vzQ6c.s:159    .text.USBD_FS_ProductStrDescriptor:0000000000000000 USBD_FS_ProductStrDescriptor
     /tmp/cc1vzQ6c.s:173    .text.USBD_FS_ProductStrDescriptor:0000000000000014 $d
     /tmp/cc1vzQ6c.s:177    .text.USBD_FS_ConfigStrDescriptor:0000000000000000 $t
     /tmp/cc1vzQ6c.s:184    .text.USBD_FS_ConfigStrDescriptor:0000000000000000 USBD_FS_ConfigStrDescriptor
     /tmp/cc1vzQ6c.s:198    .text.USBD_FS_ConfigStrDescriptor:0000000000000014 $d
     /tmp/cc1vzQ6c.s:202    .text.USBD_FS_InterfaceStrDescriptor:0000000000000000 $t
     /tmp/cc1vzQ6c.s:209    .text.USBD_FS_InterfaceStrDescriptor:0000000000000000 USBD_FS_InterfaceStrDescriptor
     /tmp/cc1vzQ6c.s:223    .text.USBD_FS_InterfaceStrDescriptor:0000000000000014 $d
     /tmp/cc1vzQ6c.s:282    .data.USBD_StringSerial:0000000000000000 USBD_StringSerial
     /tmp/cc1vzQ6c.s:272    .data.USBD_LangIDDesc:0000000000000000 USBD_LangIDDesc
     /tmp/cc1vzQ6c.s:248    .data.USBD_FS_DeviceDesc:0000000000000000 USBD_FS_DeviceDesc
     /tmp/cc1vzQ6c.s:235    .data.FS_Desc:0000000000000000 FS_Desc
     /tmp/cc1vzQ6c.s:232    .data.FS_Desc:0000000000000000 $d
     /tmp/cc1vzQ6c.s:244    .data.USBD_FS_DeviceDesc:0000000000000000 $d
     /tmp/cc1vzQ6c.s:268    .data.USBD_LangIDDesc:0000000000000000 $d
     /tmp/cc1vzQ6c.s:278    .data.USBD_StringSerial:0000000000000000 $d

UNDEFINED SYMBOLS
USBD_GetString
