ARM GAS  /tmp/ccpS7ReZ.s 			page 1


   1              		.cpu cortex-m3
   2              		.eabi_attribute 20, 1
   3              		.eabi_attribute 21, 1
   4              		.eabi_attribute 23, 3
   5              		.eabi_attribute 24, 1
   6              		.eabi_attribute 25, 1
   7              		.eabi_attribute 26, 1
   8              		.eabi_attribute 30, 4
   9              		.eabi_attribute 34, 1
  10              		.eabi_attribute 18, 4
  11              		.file	"infinikeys_hwif_stm32f1hal.c"
  12              		.text
  13              		.section	.text._ikhwif_stm32f1hal_usb_init,"ax",%progbits
  14              		.align	1
  15              		.arch armv7-m
  16              		.syntax unified
  17              		.thumb
  18              		.thumb_func
  19              		.fpu softvfp
  21              	_ikhwif_stm32f1hal_usb_init:
  22              		@ args = 0, pretend = 0, frame = 0
  23              		@ frame_needed = 0, uses_anonymous_args = 0
  24              		@ link register save eliminated.
  25 0000 0020     		movs	r0, #0
  26 0002 7047     		bx	lr
  28              		.section	.text._ikhwif_stm32f1hal_usb_deinit,"ax",%progbits
  29              		.align	1
  30              		.syntax unified
  31              		.thumb
  32              		.thumb_func
  33              		.fpu softvfp
  35              	_ikhwif_stm32f1hal_usb_deinit:
  36              		@ args = 0, pretend = 0, frame = 0
  37              		@ frame_needed = 0, uses_anonymous_args = 0
  38              		@ link register save eliminated.
  39 0000 7047     		bx	lr
  41              		.section	.text._ikhwif_stm32f1hal_usb_transmitusb,"ax",%progbits
  42              		.align	1
  43              		.syntax unified
  44              		.thumb
  45              		.thumb_func
  46              		.fpu softvfp
  48              	_ikhwif_stm32f1hal_usb_transmitusb:
  49              		@ args = 0, pretend = 0, frame = 8
  50              		@ frame_needed = 0, uses_anonymous_args = 0
  51              		@ link register save eliminated.
  52 0000 82B0     		sub	sp, sp, #8
  53 0002 02AB     		add	r3, sp, #8
  54 0004 03E90300 		stmdb	r3, {r0, r1}
  55 0008 0020     		movs	r0, #0
  56 000a 02B0     		add	sp, sp, #8
  57              		@ sp needed
  58 000c 7047     		bx	lr
  60              		.global	infinikeys_hwif_stm32f1hal_kbmatrix
  61              		.global	infinikeys_hwif_stm32f1hal_cfgmem
  62              		.global	infinikeys_hwif_stm32f1hal_debug
  63              		.global	infinikeys_hwif_stm32f1hal_usb
ARM GAS  /tmp/ccpS7ReZ.s 			page 2


  64              		.section	.rodata.infinikeys_hwif_stm32f1hal_cfgmem,"a"
  65              		.align	2
  68              	infinikeys_hwif_stm32f1hal_cfgmem:
  69 0000 00000000 		.word	_ikhwif_stm32f1hal_cfgmem_init
  70 0004 00000000 		.word	_ikhwif_stm321fhal_cfgmem_deinit
  71 0008 00000000 		.word	_ikhwif_stm321fhal_cfgmem_wbyte
  72 000c 00000000 		.word	_ikhwif_stm32f1hal_cfgmem_wbuf
  73 0010 00000000 		.word	_ikhwif_stm32f1hal_cfgmem_rbyte
  74 0014 00000000 		.word	_ikhwif_stm32f1hal_cfgmem_rbuf
  75 0018 00000000 		.word	0
  76              		.section	.rodata.infinikeys_hwif_stm32f1hal_debug,"a"
  77              		.align	2
  80              	infinikeys_hwif_stm32f1hal_debug:
  81 0000 00000000 		.word	_ikhwif_stm321fhal_debug_printmsg
  82              		.section	.rodata.infinikeys_hwif_stm32f1hal_kbmatrix,"a"
  83              		.align	2
  86              	infinikeys_hwif_stm32f1hal_kbmatrix:
  87 0000 00000000 		.word	_ikhwif_stm32f1hal_kbm_pollmatrix
  88              		.section	.rodata.infinikeys_hwif_stm32f1hal_usb,"a"
  89              		.align	2
  92              	infinikeys_hwif_stm32f1hal_usb:
  93 0000 00000000 		.word	_ikhwif_stm32f1hal_usb_init
  94 0004 00000000 		.word	_ikhwif_stm32f1hal_usb_deinit
  95 0008 00000000 		.word	_ikhwif_stm32f1hal_usb_transmitusb
  96              		.ident	"GCC: (GNU Tools for Arm Embedded Processors 9-2019-q4-major) 9.2.1 20191025 (release) [ARM
ARM GAS  /tmp/ccpS7ReZ.s 			page 3


DEFINED SYMBOLS
                            *ABS*:0000000000000000 infinikeys_hwif_stm32f1hal.c
     /tmp/ccpS7ReZ.s:14     .text._ikhwif_stm32f1hal_usb_init:0000000000000000 $t
     /tmp/ccpS7ReZ.s:21     .text._ikhwif_stm32f1hal_usb_init:0000000000000000 _ikhwif_stm32f1hal_usb_init
     /tmp/ccpS7ReZ.s:29     .text._ikhwif_stm32f1hal_usb_deinit:0000000000000000 $t
     /tmp/ccpS7ReZ.s:35     .text._ikhwif_stm32f1hal_usb_deinit:0000000000000000 _ikhwif_stm32f1hal_usb_deinit
     /tmp/ccpS7ReZ.s:42     .text._ikhwif_stm32f1hal_usb_transmitusb:0000000000000000 $t
     /tmp/ccpS7ReZ.s:48     .text._ikhwif_stm32f1hal_usb_transmitusb:0000000000000000 _ikhwif_stm32f1hal_usb_transmitusb
     /tmp/ccpS7ReZ.s:86     .rodata.infinikeys_hwif_stm32f1hal_kbmatrix:0000000000000000 infinikeys_hwif_stm32f1hal_kbmatrix
     /tmp/ccpS7ReZ.s:68     .rodata.infinikeys_hwif_stm32f1hal_cfgmem:0000000000000000 infinikeys_hwif_stm32f1hal_cfgmem
     /tmp/ccpS7ReZ.s:80     .rodata.infinikeys_hwif_stm32f1hal_debug:0000000000000000 infinikeys_hwif_stm32f1hal_debug
     /tmp/ccpS7ReZ.s:92     .rodata.infinikeys_hwif_stm32f1hal_usb:0000000000000000 infinikeys_hwif_stm32f1hal_usb
     /tmp/ccpS7ReZ.s:65     .rodata.infinikeys_hwif_stm32f1hal_cfgmem:0000000000000000 $d
     /tmp/ccpS7ReZ.s:77     .rodata.infinikeys_hwif_stm32f1hal_debug:0000000000000000 $d
     /tmp/ccpS7ReZ.s:83     .rodata.infinikeys_hwif_stm32f1hal_kbmatrix:0000000000000000 $d
     /tmp/ccpS7ReZ.s:89     .rodata.infinikeys_hwif_stm32f1hal_usb:0000000000000000 $d

UNDEFINED SYMBOLS
_ikhwif_stm32f1hal_cfgmem_init
_ikhwif_stm321fhal_cfgmem_deinit
_ikhwif_stm321fhal_cfgmem_wbyte
_ikhwif_stm32f1hal_cfgmem_wbuf
_ikhwif_stm32f1hal_cfgmem_rbyte
_ikhwif_stm32f1hal_cfgmem_rbuf
_ikhwif_stm321fhal_debug_printmsg
_ikhwif_stm32f1hal_kbm_pollmatrix
