ARM GAS  /tmp/ccDOFS1w.s 			page 1


   1              		.cpu cortex-m3
   2              		.eabi_attribute 20, 1
   3              		.eabi_attribute 21, 1
   4              		.eabi_attribute 23, 3
   5              		.eabi_attribute 24, 1
   6              		.eabi_attribute 25, 1
   7              		.eabi_attribute 26, 1
   8              		.eabi_attribute 30, 4
   9              		.eabi_attribute 34, 1
  10              		.eabi_attribute 18, 4
  11              		.file	"infinikeys_hwif_berndokb.c"
  12              		.text
  13              		.section	.text._ikhwif_berndokb_usb_init,"ax",%progbits
  14              		.align	1
  15              		.arch armv7-m
  16              		.syntax unified
  17              		.thumb
  18              		.thumb_func
  19              		.fpu softvfp
  21              	_ikhwif_berndokb_usb_init:
  22              		@ args = 0, pretend = 0, frame = 0
  23              		@ frame_needed = 0, uses_anonymous_args = 0
  24              		@ link register save eliminated.
  25 0000 0020     		movs	r0, #0
  26 0002 7047     		bx	lr
  28              		.section	.text._ikhwif_berndokb_usb_deinit,"ax",%progbits
  29              		.align	1
  30              		.syntax unified
  31              		.thumb
  32              		.thumb_func
  33              		.fpu softvfp
  35              	_ikhwif_berndokb_usb_deinit:
  36              		@ args = 0, pretend = 0, frame = 0
  37              		@ frame_needed = 0, uses_anonymous_args = 0
  38              		@ link register save eliminated.
  39 0000 7047     		bx	lr
  41              		.section	.text._ikhwif_berndokb_cfgmem_wbyte,"ax",%progbits
  42              		.align	1
  43              		.syntax unified
  44              		.thumb
  45              		.thumb_func
  46              		.fpu softvfp
  48              	_ikhwif_berndokb_cfgmem_wbyte:
  49              		@ args = 0, pretend = 0, frame = 0
  50              		@ frame_needed = 0, uses_anonymous_args = 0
  51              		@ link register save eliminated.
  52 0000 0020     		movs	r0, #0
  53 0002 7047     		bx	lr
  55              		.section	.text._ikhwif_berndokb_cfgmem_wbuf,"ax",%progbits
  56              		.align	1
  57              		.syntax unified
  58              		.thumb
  59              		.thumb_func
  60              		.fpu softvfp
  62              	_ikhwif_berndokb_cfgmem_wbuf:
  63              		@ args = 0, pretend = 0, frame = 8
  64              		@ frame_needed = 0, uses_anonymous_args = 0
ARM GAS  /tmp/ccDOFS1w.s 			page 2


  65              		@ link register save eliminated.
  66 0000 0020     		movs	r0, #0
  67 0002 82B0     		sub	sp, sp, #8
  68 0004 02AB     		add	r3, sp, #8
  69 0006 03E90600 		stmdb	r3, {r1, r2}
  70 000a 02B0     		add	sp, sp, #8
  71              		@ sp needed
  72 000c 7047     		bx	lr
  74              		.section	.text._ikhwif_berndokb_cfgmem_rbyte,"ax",%progbits
  75              		.align	1
  76              		.syntax unified
  77              		.thumb
  78              		.thumb_func
  79              		.fpu softvfp
  81              	_ikhwif_berndokb_cfgmem_rbyte:
  82              		@ args = 0, pretend = 0, frame = 0
  83              		@ frame_needed = 0, uses_anonymous_args = 0
  84              		@ link register save eliminated.
  85 0000 0020     		movs	r0, #0
  86 0002 7047     		bx	lr
  88              		.section	.text._ikhwif_berndokb_cfgmem_rbuf,"ax",%progbits
  89              		.align	1
  90              		.syntax unified
  91              		.thumb
  92              		.thumb_func
  93              		.fpu softvfp
  95              	_ikhwif_berndokb_cfgmem_rbuf:
  96              		@ args = 0, pretend = 0, frame = 0
  97              		@ frame_needed = 0, uses_anonymous_args = 0
  98              		@ link register save eliminated.
  99 0000 0022     		movs	r2, #0
 100 0002 C0E90022 		strd	r2, r2, [r0]
 101 0006 7047     		bx	lr
 103              		.section	.rodata._ikhwif_berndokb_usb_transmitusb.str1.1,"aMS",%progbits,1
 104              	.LC0:
 105 0000 55534220 		.ascii	"USB Transmission to EP%i {\012\000"
 105      5472616E 
 105      736D6973 
 105      73696F6E 
 105      20746F20 
 106              	.LC1:
 107 001c 25303258 		.ascii	"%02X \000"
 107      2000
 108              	.LC2:
 109 0022 25730A00 		.ascii	"%s\012\000"
 110              	.LC3:
 111 0026 7D0A00   		.ascii	"}\012\000"
 112              		.section	.text._ikhwif_berndokb_usb_transmitusb,"ax",%progbits
 113              		.align	1
 114              		.syntax unified
 115              		.thumb
 116              		.thumb_func
 117              		.fpu softvfp
 119              	_ikhwif_berndokb_usb_transmitusb:
 120              		@ args = 0, pretend = 0, frame = 8
 121              		@ frame_needed = 0, uses_anonymous_args = 0
 122 0000 2DE9F347 		push	{r0, r1, r4, r5, r6, r7, r8, r9, r10, lr}
ARM GAS  /tmp/ccDOFS1w.s 			page 3


 123 0004 02AB     		add	r3, sp, #8
 124 0006 03E90300 		stmdb	r3, {r0, r1}
 125 000a 6120     		movs	r0, #97
 126 000c 1446     		mov	r4, r2
 127 000e FFF7FEFF 		bl	malloc
 128 0012 0546     		mov	r5, r0
 129 0014 0420     		movs	r0, #4
 130 0016 FFF7FEFF 		bl	malloc
 131 001a 2146     		mov	r1, r4
 132 001c 0024     		movs	r4, #0
 133 001e 0646     		mov	r6, r0
 134 0020 1C48     		ldr	r0, .L15
 135 0022 FFF7FEFF 		bl	IK_DEBUG_PrintMessage
 136 0026 2746     		mov	r7, r4
 137 0028 A146     		mov	r9, r4
 138 002a DFF87480 		ldr	r8, .L15+12
 139 002e DFF868A0 		ldr	r10, .L15+4
 140              	.L8:
 141 0032 019B     		ldr	r3, [sp, #4]
 142 0034 BB42     		cmp	r3, r7
 143 0036 13D8     		bhi	.L10
 144 0038 2CB1     		cbz	r4, .L11
 145 003a 0023     		movs	r3, #0
 146 003c 2946     		mov	r1, r5
 147 003e 1648     		ldr	r0, .L15+4
 148 0040 2B55     		strb	r3, [r5, r4]
 149 0042 FFF7FEFF 		bl	IK_DEBUG_PrintMessage
 150              	.L11:
 151 0046 1548     		ldr	r0, .L15+8
 152 0048 FFF7FEFF 		bl	IK_DEBUG_PrintMessage
 153 004c 3046     		mov	r0, r6
 154 004e FFF7FEFF 		bl	free
 155 0052 2846     		mov	r0, r5
 156 0054 FFF7FEFF 		bl	free
 157 0058 0020     		movs	r0, #0
 158 005a 02B0     		add	sp, sp, #8
 159              		@ sp needed
 160 005c BDE8F087 		pop	{r4, r5, r6, r7, r8, r9, r10, pc}
 161              	.L10:
 162 0060 009B     		ldr	r3, [sp]
 163 0062 4146     		mov	r1, r8
 164 0064 DA5D     		ldrb	r2, [r3, r7]	@ zero_extendqisi2
 165 0066 3046     		mov	r0, r6
 166 0068 FFF7FEFF 		bl	sprintf
 167 006c 3378     		ldrb	r3, [r6]	@ zero_extendqisi2
 168 006e 7178     		ldrb	r1, [r6, #1]	@ zero_extendqisi2
 169 0070 2A19     		adds	r2, r5, r4
 170 0072 2B55     		strb	r3, [r5, r4]
 171 0074 A31C     		adds	r3, r4, #2
 172 0076 5170     		strb	r1, [r2, #1]
 173 0078 0334     		adds	r4, r4, #3
 174 007a B278     		ldrb	r2, [r6, #2]	@ zero_extendqisi2
 175 007c 602C     		cmp	r4, #96
 176 007e EA54     		strb	r2, [r5, r3]
 177 0080 06D1     		bne	.L9
 178 0082 2946     		mov	r1, r5
 179 0084 5046     		mov	r0, r10
ARM GAS  /tmp/ccDOFS1w.s 			page 4


 180 0086 85F86090 		strb	r9, [r5, #96]
 181 008a 0024     		movs	r4, #0
 182 008c FFF7FEFF 		bl	IK_DEBUG_PrintMessage
 183              	.L9:
 184 0090 0137     		adds	r7, r7, #1
 185 0092 CEE7     		b	.L8
 186              	.L16:
 187              		.align	2
 188              	.L15:
 189 0094 00000000 		.word	.LC0
 190 0098 22000000 		.word	.LC2
 191 009c 26000000 		.word	.LC3
 192 00a0 1C000000 		.word	.LC1
 194              		.section	.text._ikhwif_berndokb_debug_printmsg,"ax",%progbits
 195              		.align	1
 196              		.syntax unified
 197              		.thumb
 198              		.thumb_func
 199              		.fpu softvfp
 201              	_ikhwif_berndokb_debug_printmsg:
 202              		@ args = 0, pretend = 0, frame = 0
 203              		@ frame_needed = 0, uses_anonymous_args = 0
 204 0000 08B5     		push	{r3, lr}
 205 0002 074B     		ldr	r3, .L20
 206 0004 1B78     		ldrb	r3, [r3]	@ zero_extendqisi2
 207 0006 012B     		cmp	r3, #1
 208 0008 08D1     		bne	.L19
 209 000a 8AB2     		uxth	r2, r1
 210 000c 0146     		mov	r1, r0
 211 000e 0548     		ldr	r0, .L20+4
 212 0010 0A23     		movs	r3, #10
 213 0012 0068     		ldr	r0, [r0]
 214 0014 FFF7FEFF 		bl	HAL_UART_Transmit
 215 0018 0020     		movs	r0, #0
 216              	.L18:
 217 001a 08BD     		pop	{r3, pc}
 218              	.L19:
 219 001c 0120     		movs	r0, #1
 220 001e FCE7     		b	.L18
 221              	.L21:
 222              		.align	2
 223              	.L20:
 224 0020 00000000 		.word	hw_uart1_init_status
 225 0024 00000000 		.word	hw_uart1_handle
 227              		.section	.text._ikhwif_berndokb_kbm_pollmatrix,"ax",%progbits
 228              		.align	1
 229              		.syntax unified
 230              		.thumb
 231              		.thumb_func
 232              		.fpu softvfp
 234              	_ikhwif_berndokb_kbm_pollmatrix:
 235              		@ args = 0, pretend = 0, frame = 32
 236              		@ frame_needed = 0, uses_anonymous_args = 0
 237 0000 2DE9F043 		push	{r4, r5, r6, r7, r8, r9, lr}
 238 0004 5A4B     		ldr	r3, .L27
 239 0006 89B0     		sub	sp, sp, #36
 240 0008 1878     		ldrb	r0, [r3]	@ zero_extendqisi2
ARM GAS  /tmp/ccDOFS1w.s 			page 5


 241 000a 0128     		cmp	r0, #1
 242 000c 40F0AE80 		bne	.L25
 243 0010 584B     		ldr	r3, .L27+4
 244 0012 1B78     		ldrb	r3, [r3]	@ zero_extendqisi2
 245 0014 012B     		cmp	r3, #1
 246 0016 40F0A680 		bne	.L23
 247 001a 0026     		movs	r6, #0
 248 001c 564F     		ldr	r7, .L27+8
 249 001e 574D     		ldr	r5, .L27+12
 250              	.L24:
 251 0020 0124     		movs	r4, #1
 252 0022 04FA06F8 		lsl	r8, r4, r6
 253 0026 DFF85891 		ldr	r9, .L27+16
 254 002a 5FFA88F2 		uxtb	r2, r8
 255 002e 0021     		movs	r1, #0
 256 0030 3868     		ldr	r0, [r7]
 257 0032 FFF7FEFF 		bl	PCA9555_WritePort
 258 0036 2146     		mov	r1, r4
 259 0038 C8F30722 		ubfx	r2, r8, #8, #8
 260 003c 3868     		ldr	r0, [r7]
 261 003e FFF7FEFF 		bl	PCA9555_WritePort
 262 0042 D9F80000 		ldr	r0, [r9]
 263 0046 C8F30742 		ubfx	r2, r8, #16, #8
 264 004a 0021     		movs	r1, #0
 265 004c FFF7FEFF 		bl	PCA9555_WritePort
 266 0050 0022     		movs	r2, #0
 267 0052 2146     		mov	r1, r4
 268 0054 D9F80000 		ldr	r0, [r9]
 269 0058 B4B2     		uxth	r4, r6
 270 005a FFF7FEFF 		bl	PCA9555_WritePort
 271 005e 631C     		adds	r3, r4, #1
 272 0060 4FF48051 		mov	r1, #4096
 273 0064 2846     		mov	r0, r5
 274 0066 ADF80430 		strh	r3, [sp, #4]	@ movhi
 275 006a FFF7FEFF 		bl	HAL_GPIO_ReadPin
 276 006e 431E     		subs	r3, r0, #1
 277 0070 5842     		rsbs	r0, r3, #0
 278 0072 5841     		adcs	r0, r0, r3
 279 0074 8DF80600 		strb	r0, [sp, #6]
 280 0078 0198     		ldr	r0, [sp, #4]
 281 007a FFF7FEFF 		bl	IK_SWACQ_PollStatusReportCallback
 282 007e 04F11703 		add	r3, r4, #23
 283 0082 4FF40061 		mov	r1, #2048
 284 0086 2846     		mov	r0, r5
 285 0088 ADF80830 		strh	r3, [sp, #8]	@ movhi
 286 008c FFF7FEFF 		bl	HAL_GPIO_ReadPin
 287 0090 421E     		subs	r2, r0, #1
 288 0092 5042     		rsbs	r0, r2, #0
 289 0094 5041     		adcs	r0, r0, r2
 290 0096 8DF80A00 		strb	r0, [sp, #10]
 291 009a 0298     		ldr	r0, [sp, #8]
 292 009c FFF7FEFF 		bl	IK_SWACQ_PollStatusReportCallback
 293 00a0 04F12D03 		add	r3, r4, #45
 294 00a4 4FF48061 		mov	r1, #1024
 295 00a8 2846     		mov	r0, r5
 296 00aa ADF80C30 		strh	r3, [sp, #12]	@ movhi
 297 00ae FFF7FEFF 		bl	HAL_GPIO_ReadPin
ARM GAS  /tmp/ccDOFS1w.s 			page 6


 298 00b2 411E     		subs	r1, r0, #1
 299 00b4 4842     		rsbs	r0, r1, #0
 300 00b6 4841     		adcs	r0, r0, r1
 301 00b8 8DF80E00 		strb	r0, [sp, #14]
 302 00bc 0398     		ldr	r0, [sp, #12]
 303 00be FFF7FEFF 		bl	IK_SWACQ_PollStatusReportCallback
 304 00c2 04F14303 		add	r3, r4, #67
 305 00c6 4FF40071 		mov	r1, #512
 306 00ca 2846     		mov	r0, r5
 307 00cc ADF81030 		strh	r3, [sp, #16]	@ movhi
 308 00d0 FFF7FEFF 		bl	HAL_GPIO_ReadPin
 309 00d4 00F1FF3C 		add	ip, r0, #-1
 310 00d8 DCF10000 		rsbs	r0, ip, #0
 311 00dc 40EB0C00 		adc	r0, r0, ip
 312 00e0 8DF81200 		strb	r0, [sp, #18]
 313 00e4 0498     		ldr	r0, [sp, #16]
 314 00e6 FFF7FEFF 		bl	IK_SWACQ_PollStatusReportCallback
 315 00ea 04F15903 		add	r3, r4, #89
 316 00ee 4FF48071 		mov	r1, #256
 317 00f2 2846     		mov	r0, r5
 318 00f4 ADF81430 		strh	r3, [sp, #20]	@ movhi
 319 00f8 FFF7FEFF 		bl	HAL_GPIO_ReadPin
 320 00fc 00F1FF3E 		add	lr, r0, #-1
 321 0100 DEF10000 		rsbs	r0, lr, #0
 322 0104 40EB0E00 		adc	r0, r0, lr
 323 0108 8DF81600 		strb	r0, [sp, #22]
 324 010c 0598     		ldr	r0, [sp, #20]
 325 010e FFF7FEFF 		bl	IK_SWACQ_PollStatusReportCallback
 326 0112 04F16F03 		add	r3, r4, #111
 327 0116 1021     		movs	r1, #16
 328 0118 2846     		mov	r0, r5
 329 011a ADF81830 		strh	r3, [sp, #24]	@ movhi
 330 011e FFF7FEFF 		bl	HAL_GPIO_ReadPin
 331 0122 00F1FF38 		add	r8, r0, #-1
 332 0126 D8F10000 		rsbs	r0, r8, #0
 333 012a 40EB0800 		adc	r0, r0, r8
 334 012e 8DF81A00 		strb	r0, [sp, #26]
 335 0132 0698     		ldr	r0, [sp, #24]
 336 0134 FFF7FEFF 		bl	IK_SWACQ_PollStatusReportCallback
 337 0138 8534     		adds	r4, r4, #133
 338 013a 2021     		movs	r1, #32
 339 013c 2846     		mov	r0, r5
 340 013e ADF81C40 		strh	r4, [sp, #28]	@ movhi
 341 0142 FFF7FEFF 		bl	HAL_GPIO_ReadPin
 342 0146 00F1FF39 		add	r9, r0, #-1
 343 014a D9F10000 		rsbs	r0, r9, #0
 344 014e 40EB0900 		adc	r0, r0, r9
 345 0152 8DF81E00 		strb	r0, [sp, #30]
 346 0156 0798     		ldr	r0, [sp, #28]
 347 0158 0136     		adds	r6, r6, #1
 348 015a FFF7FEFF 		bl	IK_SWACQ_PollStatusReportCallback
 349 015e 162E     		cmp	r6, #22
 350 0160 7FF45EAF 		bne	.L24
 351 0164 0020     		movs	r0, #0
 352              	.L23:
 353 0166 09B0     		add	sp, sp, #36
 354              		@ sp needed
ARM GAS  /tmp/ccDOFS1w.s 			page 7


 355 0168 BDE8F083 		pop	{r4, r5, r6, r7, r8, r9, pc}
 356              	.L25:
 357 016c 0120     		movs	r0, #1
 358 016e FAE7     		b	.L23
 359              	.L28:
 360              		.align	2
 361              	.L27:
 362 0170 00000000 		.word	hw_portex0_init_status
 363 0174 00000000 		.word	hw_portex1_init_status
 364 0178 00000000 		.word	hw_portex0_handle
 365 017c 00100140 		.word	1073811456
 366 0180 00000000 		.word	hw_portex1_handle
 368              		.section	.text._ikhwif_berndokb_cfgmem_deinit,"ax",%progbits
 369              		.align	1
 370              		.syntax unified
 371              		.thumb
 372              		.thumb_func
 373              		.fpu softvfp
 375              	_ikhwif_berndokb_cfgmem_deinit:
 376              		@ args = 0, pretend = 0, frame = 0
 377              		@ frame_needed = 0, uses_anonymous_args = 0
 378              		@ link register save eliminated.
 379 0000 0020     		movs	r0, #0
 380 0002 7047     		bx	lr
 382              		.section	.text._ikhwif_berndokb_cfgmem_init,"ax",%progbits
 383              		.align	1
 384              		.syntax unified
 385              		.thumb
 386              		.thumb_func
 387              		.fpu softvfp
 389              	_ikhwif_berndokb_cfgmem_init:
 390              		@ args = 0, pretend = 0, frame = 0
 391              		@ frame_needed = 0, uses_anonymous_args = 0
 392              		@ link register save eliminated.
 393 0000 0020     		movs	r0, #0
 394 0002 7047     		bx	lr
 396              		.global	infinikeys_hwif_berndokb_kbmatrix
 397              		.global	infinikeys_hwif_berndokb_cfgmem
 398              		.global	infinikeys_hwif_berndokb_debug
 399              		.global	infinikeys_hwif_berndokb_usb
 400              		.section	.data.infinikeys_hwif_berndokb_cfgmem,"aw"
 401              		.align	2
 404              	infinikeys_hwif_berndokb_cfgmem:
 405 0000 00000000 		.word	_ikhwif_berndokb_cfgmem_init
 406 0004 00000000 		.word	_ikhwif_berndokb_cfgmem_deinit
 407 0008 00000000 		.word	_ikhwif_berndokb_cfgmem_wbyte
 408 000c 00000000 		.word	_ikhwif_berndokb_cfgmem_wbuf
 409 0010 00000000 		.word	_ikhwif_berndokb_cfgmem_rbyte
 410 0014 00000000 		.word	_ikhwif_berndokb_cfgmem_rbuf
 411 0018 00000000 		.word	0
 412              		.section	.data.infinikeys_hwif_berndokb_debug,"aw"
 413              		.align	2
 416              	infinikeys_hwif_berndokb_debug:
 417 0000 00000000 		.word	_ikhwif_berndokb_debug_printmsg
 418              		.section	.data.infinikeys_hwif_berndokb_kbmatrix,"aw"
 419              		.align	2
 422              	infinikeys_hwif_berndokb_kbmatrix:
ARM GAS  /tmp/ccDOFS1w.s 			page 8


 423 0000 00000000 		.word	_ikhwif_berndokb_kbm_pollmatrix
 424              		.section	.data.infinikeys_hwif_berndokb_usb,"aw"
 425              		.align	2
 428              	infinikeys_hwif_berndokb_usb:
 429 0000 00000000 		.word	_ikhwif_berndokb_usb_init
 430 0004 00000000 		.word	_ikhwif_berndokb_usb_deinit
 431 0008 00000000 		.word	_ikhwif_berndokb_usb_transmitusb
 432              		.ident	"GCC: (GNU Tools for Arm Embedded Processors 9-2019-q4-major) 9.2.1 20191025 (release) [ARM
ARM GAS  /tmp/ccDOFS1w.s 			page 9


DEFINED SYMBOLS
                            *ABS*:0000000000000000 infinikeys_hwif_berndokb.c
     /tmp/ccDOFS1w.s:14     .text._ikhwif_berndokb_usb_init:0000000000000000 $t
     /tmp/ccDOFS1w.s:21     .text._ikhwif_berndokb_usb_init:0000000000000000 _ikhwif_berndokb_usb_init
     /tmp/ccDOFS1w.s:29     .text._ikhwif_berndokb_usb_deinit:0000000000000000 $t
     /tmp/ccDOFS1w.s:35     .text._ikhwif_berndokb_usb_deinit:0000000000000000 _ikhwif_berndokb_usb_deinit
     /tmp/ccDOFS1w.s:42     .text._ikhwif_berndokb_cfgmem_wbyte:0000000000000000 $t
     /tmp/ccDOFS1w.s:48     .text._ikhwif_berndokb_cfgmem_wbyte:0000000000000000 _ikhwif_berndokb_cfgmem_wbyte
     /tmp/ccDOFS1w.s:56     .text._ikhwif_berndokb_cfgmem_wbuf:0000000000000000 $t
     /tmp/ccDOFS1w.s:62     .text._ikhwif_berndokb_cfgmem_wbuf:0000000000000000 _ikhwif_berndokb_cfgmem_wbuf
     /tmp/ccDOFS1w.s:75     .text._ikhwif_berndokb_cfgmem_rbyte:0000000000000000 $t
     /tmp/ccDOFS1w.s:81     .text._ikhwif_berndokb_cfgmem_rbyte:0000000000000000 _ikhwif_berndokb_cfgmem_rbyte
     /tmp/ccDOFS1w.s:89     .text._ikhwif_berndokb_cfgmem_rbuf:0000000000000000 $t
     /tmp/ccDOFS1w.s:95     .text._ikhwif_berndokb_cfgmem_rbuf:0000000000000000 _ikhwif_berndokb_cfgmem_rbuf
     /tmp/ccDOFS1w.s:113    .text._ikhwif_berndokb_usb_transmitusb:0000000000000000 $t
     /tmp/ccDOFS1w.s:119    .text._ikhwif_berndokb_usb_transmitusb:0000000000000000 _ikhwif_berndokb_usb_transmitusb
     /tmp/ccDOFS1w.s:189    .text._ikhwif_berndokb_usb_transmitusb:0000000000000094 $d
     /tmp/ccDOFS1w.s:195    .text._ikhwif_berndokb_debug_printmsg:0000000000000000 $t
     /tmp/ccDOFS1w.s:201    .text._ikhwif_berndokb_debug_printmsg:0000000000000000 _ikhwif_berndokb_debug_printmsg
     /tmp/ccDOFS1w.s:224    .text._ikhwif_berndokb_debug_printmsg:0000000000000020 $d
     /tmp/ccDOFS1w.s:228    .text._ikhwif_berndokb_kbm_pollmatrix:0000000000000000 $t
     /tmp/ccDOFS1w.s:234    .text._ikhwif_berndokb_kbm_pollmatrix:0000000000000000 _ikhwif_berndokb_kbm_pollmatrix
     /tmp/ccDOFS1w.s:362    .text._ikhwif_berndokb_kbm_pollmatrix:0000000000000170 $d
     /tmp/ccDOFS1w.s:369    .text._ikhwif_berndokb_cfgmem_deinit:0000000000000000 $t
     /tmp/ccDOFS1w.s:375    .text._ikhwif_berndokb_cfgmem_deinit:0000000000000000 _ikhwif_berndokb_cfgmem_deinit
     /tmp/ccDOFS1w.s:383    .text._ikhwif_berndokb_cfgmem_init:0000000000000000 $t
     /tmp/ccDOFS1w.s:389    .text._ikhwif_berndokb_cfgmem_init:0000000000000000 _ikhwif_berndokb_cfgmem_init
     /tmp/ccDOFS1w.s:422    .data.infinikeys_hwif_berndokb_kbmatrix:0000000000000000 infinikeys_hwif_berndokb_kbmatrix
     /tmp/ccDOFS1w.s:404    .data.infinikeys_hwif_berndokb_cfgmem:0000000000000000 infinikeys_hwif_berndokb_cfgmem
     /tmp/ccDOFS1w.s:416    .data.infinikeys_hwif_berndokb_debug:0000000000000000 infinikeys_hwif_berndokb_debug
     /tmp/ccDOFS1w.s:428    .data.infinikeys_hwif_berndokb_usb:0000000000000000 infinikeys_hwif_berndokb_usb
     /tmp/ccDOFS1w.s:401    .data.infinikeys_hwif_berndokb_cfgmem:0000000000000000 $d
     /tmp/ccDOFS1w.s:413    .data.infinikeys_hwif_berndokb_debug:0000000000000000 $d
     /tmp/ccDOFS1w.s:419    .data.infinikeys_hwif_berndokb_kbmatrix:0000000000000000 $d
     /tmp/ccDOFS1w.s:425    .data.infinikeys_hwif_berndokb_usb:0000000000000000 $d

UNDEFINED SYMBOLS
malloc
IK_DEBUG_PrintMessage
free
sprintf
HAL_UART_Transmit
hw_uart1_init_status
hw_uart1_handle
PCA9555_WritePort
HAL_GPIO_ReadPin
IK_SWACQ_PollStatusReportCallback
hw_portex0_init_status
hw_portex1_init_status
hw_portex0_handle
hw_portex1_handle
