ARM GAS  /tmp/ccJlflsf.s 			page 1


   1              		.cpu cortex-m3
   2              		.eabi_attribute 20, 1
   3              		.eabi_attribute 21, 1
   4              		.eabi_attribute 23, 3
   5              		.eabi_attribute 24, 1
   6              		.eabi_attribute 25, 1
   7              		.eabi_attribute 26, 1
   8              		.eabi_attribute 30, 4
   9              		.eabi_attribute 34, 1
  10              		.eabi_attribute 18, 4
  11              		.file	"error.c"
  12              		.text
  13              		.section	.rodata._SYS_Error_NotifyDebug.part.0.str1.1,"aMS",%progbits,1
  14              	.LC0:
  15 0000 5B424B46 		.ascii	"[BKF][%s] Thrown at %s:%ld: -> %s\012\000"
  15      5D5B2573 
  15      5D205468 
  15      726F776E 
  15      20617420 
  16              		.section	.text._SYS_Error_NotifyDebug.part.0,"ax",%progbits
  17              		.align	1
  18              		.arch armv7-m
  19              		.syntax unified
  20              		.thumb
  21              		.thumb_func
  22              		.fpu softvfp
  24              	_SYS_Error_NotifyDebug.part.0:
  25              		@ args = 0, pretend = 0, frame = 0
  26              		@ frame_needed = 0, uses_anonymous_args = 0
  27 0000 2DE9F341 		push	{r0, r1, r4, r5, r6, r7, r8, lr}
  28 0004 0746     		mov	r7, r0
  29 0006 C420     		movs	r0, #196
  30 0008 0E46     		mov	r6, r1
  31 000a 9046     		mov	r8, r2
  32 000c 1D46     		mov	r5, r3
  33 000e FFF7FEFF 		bl	malloc
  34 0012 0446     		mov	r4, r0
  35 0014 98B1     		cbz	r0, .L1
  36 0016 3346     		mov	r3, r6
  37 0018 2A46     		mov	r2, r5
  38 001a CDE90078 		strd	r7, r8, [sp]
  39 001e 0949     		ldr	r1, .L3
  40 0020 FFF7FEFF 		bl	sprintf
  41 0024 82B2     		uxth	r2, r0
  42 0026 0848     		ldr	r0, .L3+4
  43 0028 0A23     		movs	r3, #10
  44 002a 2146     		mov	r1, r4
  45 002c 0068     		ldr	r0, [r0]
  46 002e FFF7FEFF 		bl	HAL_UART_Transmit
  47 0032 2046     		mov	r0, r4
  48 0034 02B0     		add	sp, sp, #8
  49              		@ sp needed
  50 0036 BDE8F041 		pop	{r4, r5, r6, r7, r8, lr}
  51 003a FFF7FEBF 		b	free
  52              	.L1:
  53 003e 02B0     		add	sp, sp, #8
  54              		@ sp needed
ARM GAS  /tmp/ccJlflsf.s 			page 2


  55 0040 BDE8F081 		pop	{r4, r5, r6, r7, r8, pc}
  56              	.L4:
  57              		.align	2
  58              	.L3:
  59 0044 00000000 		.word	.LC0
  60 0048 00000000 		.word	hw_uart1_handle
  62              		.section	.rodata.SYS_ThrowError.str1.1,"aMS",%progbits,1
  63              	.LC1:
  64 0000 5741524E 		.ascii	"WARNING\000"
  64      494E4700 
  65              	.LC2:
  66 0008 4552524F 		.ascii	"ERROR\000"
  66      5200
  67              	.LC3:
  68 000e 46415441 		.ascii	"FATAL ERROR\000"
  68      4C204552 
  68      524F5200 
  69              		.section	.text.SYS_ThrowError,"ax",%progbits
  70              		.align	1
  71              		.global	SYS_ThrowError
  72              		.syntax unified
  73              		.thumb
  74              		.thumb_func
  75              		.fpu softvfp
  77              	SYS_ThrowError:
  78              		@ args = 0, pretend = 0, frame = 0
  79              		@ frame_needed = 0, uses_anonymous_args = 0
  80 0000 10B5     		push	{r4, lr}
  81 0002 0446     		mov	r4, r0
  82 0004 012C     		cmp	r4, #1
  83 0006 0846     		mov	r0, r1
  84 0008 1146     		mov	r1, r2
  85 000a 1A46     		mov	r2, r3
  86 000c 0BD0     		beq	.L6
  87 000e 022C     		cmp	r4, #2
  88 0010 0FD0     		beq	.L7
  89 0012 F4B9     		cbnz	r4, .L5
  90 0014 0F4B     		ldr	r3, .L13
  91 0016 1B78     		ldrb	r3, [r3]	@ zero_extendqisi2
  92 0018 012B     		cmp	r3, #1
  93 001a 1AD1     		bne	.L5
  94 001c 0E4B     		ldr	r3, .L13+4
  95              	.L12:
  96 001e BDE81040 		pop	{r4, lr}
  97 0022 FFF7FEBF 		b	_SYS_Error_NotifyDebug.part.0
  98              	.L6:
  99 0026 0B4B     		ldr	r3, .L13
 100 0028 1B78     		ldrb	r3, [r3]	@ zero_extendqisi2
 101 002a 012B     		cmp	r3, #1
 102 002c 11D1     		bne	.L5
 103 002e 0B4B     		ldr	r3, .L13+8
 104 0030 F5E7     		b	.L12
 105              	.L7:
 106 0032 084B     		ldr	r3, .L13
 107 0034 1B78     		ldrb	r3, [r3]	@ zero_extendqisi2
 108 0036 012B     		cmp	r3, #1
 109 0038 02D1     		bne	.L9
ARM GAS  /tmp/ccJlflsf.s 			page 3


 110 003a 094B     		ldr	r3, .L13+12
 111 003c FFF7FEFF 		bl	_SYS_Error_NotifyDebug.part.0
 112              	.L9:
 113 0040 084B     		ldr	r3, .L13+16
 114 0042 1A78     		ldrb	r2, [r3]	@ zero_extendqisi2
 115 0044 012A     		cmp	r2, #1
 116 0046 03D1     		bne	.L10
 117 0048 1021     		movs	r1, #16
 118 004a 0748     		ldr	r0, .L13+20
 119 004c FFF7FEFF 		bl	HAL_GPIO_WritePin
 120              	.L10:
 121              	.L11:
 122 0050 FEE7     		b	.L11
 123              	.L5:
 124 0052 10BD     		pop	{r4, pc}
 125              	.L14:
 126              		.align	2
 127              	.L13:
 128 0054 00000000 		.word	hw_uart1_init_status
 129 0058 00000000 		.word	.LC1
 130 005c 08000000 		.word	.LC2
 131 0060 0E000000 		.word	.LC3
 132 0064 00000000 		.word	hw_gpio_init_status
 133 0068 00080140 		.word	1073809408
 135              		.ident	"GCC: (GNU Tools for Arm Embedded Processors 9-2019-q4-major) 9.2.1 20191025 (release) [ARM
ARM GAS  /tmp/ccJlflsf.s 			page 4


DEFINED SYMBOLS
                            *ABS*:0000000000000000 error.c
     /tmp/ccJlflsf.s:17     .text._SYS_Error_NotifyDebug.part.0:0000000000000000 $t
     /tmp/ccJlflsf.s:24     .text._SYS_Error_NotifyDebug.part.0:0000000000000000 _SYS_Error_NotifyDebug.part.0
     /tmp/ccJlflsf.s:59     .text._SYS_Error_NotifyDebug.part.0:0000000000000044 $d
     /tmp/ccJlflsf.s:70     .text.SYS_ThrowError:0000000000000000 $t
     /tmp/ccJlflsf.s:77     .text.SYS_ThrowError:0000000000000000 SYS_ThrowError
     /tmp/ccJlflsf.s:128    .text.SYS_ThrowError:0000000000000054 $d

UNDEFINED SYMBOLS
malloc
sprintf
HAL_UART_Transmit
free
hw_uart1_handle
HAL_GPIO_WritePin
hw_uart1_init_status
hw_gpio_init_status
