ARM GAS  /tmp/ccheNykm.s 			page 1


   1              		.cpu cortex-m3
   2              		.eabi_attribute 20, 1
   3              		.eabi_attribute 21, 1
   4              		.eabi_attribute 23, 3
   5              		.eabi_attribute 24, 1
   6              		.eabi_attribute 25, 1
   7              		.eabi_attribute 26, 1
   8              		.eabi_attribute 30, 4
   9              		.eabi_attribute 34, 1
  10              		.eabi_attribute 18, 4
  11              		.file	"sys_clock.c"
  12              		.text
  13              		.section	.rodata.SYS_Clock_Init.str1.1,"aMS",%progbits,1
  14              	.LC0:
  15 0000 5243434F 		.ascii	"RCCOSC HAL ERR\000"
  15      53432048 
  15      414C2045 
  15      525200
  16              	.LC1:
  17 000f 7372632F 		.ascii	"src/sys_clock.c\000"
  17      7379735F 
  17      636C6F63 
  17      6B2E6300 
  18              	.LC2:
  19 001f 52434343 		.ascii	"RCCCLK HAL ERR\000"
  19      4C4B2048 
  19      414C2045 
  19      525200
  20              		.section	.text.SYS_Clock_Init,"ax",%progbits
  21              		.align	1
  22              		.global	SYS_Clock_Init
  23              		.arch armv7-m
  24              		.syntax unified
  25              		.thumb
  26              		.thumb_func
  27              		.fpu softvfp
  29              	SYS_Clock_Init:
  30              		@ args = 0, pretend = 0, frame = 64
  31              		@ frame_needed = 0, uses_anonymous_args = 0
  32 0000 10B5     		push	{r4, lr}
  33 0002 4FF48033 		mov	r3, #65536
  34 0006 0122     		movs	r2, #1
  35 0008 0224     		movs	r4, #2
  36 000a 90B0     		sub	sp, sp, #64
  37 000c 4FF40031 		mov	r1, #131072
  38 0010 CDE90623 		strd	r2, r3, [sp, #24]
  39 0014 CDE90D43 		strd	r4, r3, [sp, #52]
  40 0018 4FF4E013 		mov	r3, #1835008
  41 001c 06A8     		add	r0, sp, #24
  42 001e 0891     		str	r1, [sp, #32]
  43 0020 0A92     		str	r2, [sp, #40]
  44 0022 0F93     		str	r3, [sp, #60]
  45 0024 FFF7FEFF 		bl	HAL_RCC_OscConfig
  46 0028 28B1     		cbz	r0, .L2
  47 002a 1321     		movs	r1, #19
  48 002c 2046     		mov	r0, r4
  49 002e 0D4B     		ldr	r3, .L10
ARM GAS  /tmp/ccheNykm.s 			page 2


  50 0030 0D4A     		ldr	r2, .L10+4
  51 0032 FFF7FEFF 		bl	SYS_ThrowError
  52              	.L2:
  53 0036 0F23     		movs	r3, #15
  54 0038 0224     		movs	r4, #2
  55 003a 4FF48062 		mov	r2, #1024
  56 003e CDE90134 		strd	r3, r4, [sp, #4]
  57 0042 0023     		movs	r3, #0
  58 0044 2146     		mov	r1, r4
  59 0046 01A8     		add	r0, sp, #4
  60 0048 CDE90332 		strd	r3, r2, [sp, #12]
  61 004c 0593     		str	r3, [sp, #20]
  62 004e FFF7FEFF 		bl	HAL_RCC_ClockConfig
  63 0052 28B1     		cbz	r0, .L1
  64 0054 1C21     		movs	r1, #28
  65 0056 2046     		mov	r0, r4
  66 0058 044B     		ldr	r3, .L10+8
  67 005a 034A     		ldr	r2, .L10+4
  68 005c FFF7FEFF 		bl	SYS_ThrowError
  69              	.L1:
  70 0060 10B0     		add	sp, sp, #64
  71              		@ sp needed
  72 0062 10BD     		pop	{r4, pc}
  73              	.L11:
  74              		.align	2
  75              	.L10:
  76 0064 00000000 		.word	.LC0
  77 0068 0F000000 		.word	.LC1
  78 006c 1F000000 		.word	.LC2
  80              		.ident	"GCC: (GNU Tools for Arm Embedded Processors 9-2019-q4-major) 9.2.1 20191025 (release) [ARM
ARM GAS  /tmp/ccheNykm.s 			page 3


DEFINED SYMBOLS
                            *ABS*:0000000000000000 sys_clock.c
     /tmp/ccheNykm.s:21     .text.SYS_Clock_Init:0000000000000000 $t
     /tmp/ccheNykm.s:29     .text.SYS_Clock_Init:0000000000000000 SYS_Clock_Init
     /tmp/ccheNykm.s:76     .text.SYS_Clock_Init:0000000000000064 $d

UNDEFINED SYMBOLS
HAL_RCC_OscConfig
SYS_ThrowError
HAL_RCC_ClockConfig
