ARM GAS  /tmp/ccHDjOs3.s 			page 1


   1              		.syntax unified
   2              		.cpu cortex-m3
   3              		.fpu softvfp
   4              		.eabi_attribute 20, 1
   5              		.eabi_attribute 21, 1
   6              		.eabi_attribute 23, 3
   7              		.eabi_attribute 24, 1
   8              		.eabi_attribute 25, 1
   9              		.eabi_attribute 26, 1
  10              		.eabi_attribute 30, 4
  11              		.eabi_attribute 34, 1
  12              		.eabi_attribute 18, 4
  13              		.thumb
  14              		.file	"sys_init.c"
  15              		.section	.text.SYS_Init,"ax",%progbits
  16              		.align	1
  17              		.global	SYS_Init
  18              		.thumb
  19              		.thumb_func
  21              	SYS_Init:
  22              		@ args = 0, pretend = 0, frame = 0
  23              		@ frame_needed = 0, uses_anonymous_args = 0
  24 0000 38B5     		push	{r3, r4, r5, lr}
  25 0002 174C     		ldr	r4, .L2
  26 0004 0121     		movs	r1, #1
  27 0006 2046     		mov	r0, r4
  28 0008 0A46     		mov	r2, r1
  29 000a FFF7FEFF 		bl	HAL_GPIO_WritePin
  30 000e 154D     		ldr	r5, .L2+4
  31 0010 2046     		mov	r0, r4
  32 0012 0221     		movs	r1, #2
  33 0014 0122     		movs	r2, #1
  34 0016 FFF7FEFF 		bl	HAL_GPIO_WritePin
  35 001a 2046     		mov	r0, r4
  36 001c 0421     		movs	r1, #4
  37 001e 0122     		movs	r2, #1
  38 0020 FFF7FEFF 		bl	HAL_GPIO_WritePin
  39 0024 2846     		mov	r0, r5
  40 0026 1021     		movs	r1, #16
  41 0028 0122     		movs	r2, #1
  42 002a FFF7FEFF 		bl	HAL_GPIO_WritePin
  43 002e C820     		movs	r0, #200
  44 0030 FFF7FEFF 		bl	HAL_Delay
  45 0034 2046     		mov	r0, r4
  46 0036 0121     		movs	r1, #1
  47 0038 0022     		movs	r2, #0
  48 003a FFF7FEFF 		bl	HAL_GPIO_WritePin
  49 003e 2046     		mov	r0, r4
  50 0040 0221     		movs	r1, #2
  51 0042 0022     		movs	r2, #0
  52 0044 FFF7FEFF 		bl	HAL_GPIO_WritePin
  53 0048 2046     		mov	r0, r4
  54 004a 0421     		movs	r1, #4
  55 004c 0022     		movs	r2, #0
  56 004e FFF7FEFF 		bl	HAL_GPIO_WritePin
  57 0052 2846     		mov	r0, r5
  58 0054 BDE83840 		pop	{r3, r4, r5, lr}
ARM GAS  /tmp/ccHDjOs3.s 			page 2


  59 0058 1021     		movs	r1, #16
  60 005a 0022     		movs	r2, #0
  61 005c FFF7FEBF 		b	HAL_GPIO_WritePin
  62              	.L3:
  63              		.align	2
  64              	.L2:
  65 0060 000C0140 		.word	1073810432
  66 0064 00080140 		.word	1073809408
  68              		.ident	"GCC: (15:4.9.3+svn231177-1) 4.9.3 20150529 (prerelease)"
ARM GAS  /tmp/ccHDjOs3.s 			page 3


DEFINED SYMBOLS
                            *ABS*:0000000000000000 sys_init.c
     /tmp/ccHDjOs3.s:16     .text.SYS_Init:0000000000000000 $t
     /tmp/ccHDjOs3.s:21     .text.SYS_Init:0000000000000000 SYS_Init
     /tmp/ccHDjOs3.s:65     .text.SYS_Init:0000000000000060 $d

UNDEFINED SYMBOLS
HAL_GPIO_WritePin
HAL_Delay
