ARM GAS  /tmp/cchXkO6u.s 			page 1


   1              		.syntax unified
   2              		.cpu cortex-m3
   3              		.fpu softvfp
   4              		.eabi_attribute 20, 1
   5              		.eabi_attribute 21, 1
   6              		.eabi_attribute 23, 3
   7              		.eabi_attribute 24, 1
   8              		.eabi_attribute 25, 1
   9              		.eabi_attribute 26, 1
  10              		.eabi_attribute 30, 4
  11              		.eabi_attribute 34, 1
  12              		.eabi_attribute 18, 4
  13              		.thumb
  14              		.file	"sys_ws2812.c"
  15              		.section	.text._NP32_StartDMA_Call,"ax",%progbits
  16              		.align	1
  17              		.thumb
  18              		.thumb_func
  20              	_NP32_StartDMA_Call:
  21              		@ args = 0, pretend = 0, frame = 0
  22              		@ frame_needed = 0, uses_anonymous_args = 0
  23              		@ link register save eliminated.
  24 0000 0020     		movs	r0, #0
  25 0002 7047     		bx	lr
  27              		.section	.text.SYS_WS2812_Init,"ax",%progbits
  28              		.align	1
  29              		.global	SYS_WS2812_Init
  30              		.thumb
  31              		.thumb_func
  33              	SYS_WS2812_Init:
  34              		@ args = 0, pretend = 0, frame = 0
  35              		@ frame_needed = 0, uses_anonymous_args = 0
  36 0000 08B5     		push	{r3, lr}
  37 0002 0B48     		ldr	r0, .L8
  38 0004 0B4B     		ldr	r3, .L8+4
  39 0006 1860     		str	r0, [r3]
  40 0008 0B23     		movs	r3, #11
  41 000a 0380     		strh	r3, [r0]	@ movhi
  42 000c 0023     		movs	r3, #0
  43 000e 0372     		strb	r3, [r0, #8]
  44 0010 094B     		ldr	r3, .L8+8
  45 0012 4361     		str	r3, [r0, #20]
  46 0014 FFF7FEFF 		bl	NP32_Init
  47 0018 28B1     		cbz	r0, .L3
  48 001a 0220     		movs	r0, #2
  49 001c 1521     		movs	r1, #21
  50 001e 074A     		ldr	r2, .L8+12
  51 0020 074B     		ldr	r3, .L8+16
  52 0022 FFF7FEFF 		bl	SYS_ThrowError
  53              	.L3:
  54 0026 074B     		ldr	r3, .L8+20
  55 0028 0122     		movs	r2, #1
  56 002a 1A70     		strb	r2, [r3]
  57 002c 08BD     		pop	{r3, pc}
  58              	.L9:
  59 002e 00BF     		.align	2
  60              	.L8:
ARM GAS  /tmp/cchXkO6u.s 			page 2


  61 0030 00000000 		.word	.LANCHOR0
  62 0034 00000000 		.word	hw_ws2812_handle
  63 0038 00000000 		.word	_NP32_StartDMA_Call
  64 003c 00000000 		.word	.LC0
  65 0040 11000000 		.word	.LC1
  66 0044 00000000 		.word	.LANCHOR1
  68              		.global	hw_ws2812_init_status
  69              		.comm	hw_ws2812_handle,4,4
  70              		.section	.bss._hw_ws2812_handle,"aw",%nobits
  71              		.align	2
  72              		.set	.LANCHOR0,. + 0
  75              	_hw_ws2812_handle:
  76 0000 00000000 		.space	24
  76      00000000 
  76      00000000 
  76      00000000 
  76      00000000 
  77              		.section	.rodata.str1.1,"aMS",%progbits,1
  78              	.LC0:
  79 0000 7372632F 		.ascii	"src/sys_ws2812.c\000"
  79      7379735F 
  79      77733238 
  79      31322E63 
  79      00
  80              	.LC1:
  81 0011 4E503332 		.ascii	"NP32 INIT ERR\000"
  81      20494E49 
  81      54204552 
  81      5200
  82              		.section	.bss.hw_ws2812_init_status,"aw",%nobits
  83              		.set	.LANCHOR1,. + 0
  86              	hw_ws2812_init_status:
  87 0000 00       		.space	1
  88              		.ident	"GCC: (15:4.9.3+svn231177-1) 4.9.3 20150529 (prerelease)"
ARM GAS  /tmp/cchXkO6u.s 			page 3


DEFINED SYMBOLS
                            *ABS*:0000000000000000 sys_ws2812.c
     /tmp/cchXkO6u.s:16     .text._NP32_StartDMA_Call:0000000000000000 $t
     /tmp/cchXkO6u.s:20     .text._NP32_StartDMA_Call:0000000000000000 _NP32_StartDMA_Call
     /tmp/cchXkO6u.s:28     .text.SYS_WS2812_Init:0000000000000000 $t
     /tmp/cchXkO6u.s:33     .text.SYS_WS2812_Init:0000000000000000 SYS_WS2812_Init
     /tmp/cchXkO6u.s:61     .text.SYS_WS2812_Init:0000000000000030 $d
                            *COM*:0000000000000004 hw_ws2812_handle
     /tmp/cchXkO6u.s:86     .bss.hw_ws2812_init_status:0000000000000000 hw_ws2812_init_status
     /tmp/cchXkO6u.s:71     .bss._hw_ws2812_handle:0000000000000000 $d
     /tmp/cchXkO6u.s:75     .bss._hw_ws2812_handle:0000000000000000 _hw_ws2812_handle
     /tmp/cchXkO6u.s:87     .bss.hw_ws2812_init_status:0000000000000000 $d

UNDEFINED SYMBOLS
NP32_Init
SYS_ThrowError
