ARM GAS  /tmp/ccqRokDV.s 			page 1


   1              		.cpu cortex-m3
   2              		.eabi_attribute 20, 1
   3              		.eabi_attribute 21, 1
   4              		.eabi_attribute 23, 3
   5              		.eabi_attribute 24, 1
   6              		.eabi_attribute 25, 1
   7              		.eabi_attribute 26, 1
   8              		.eabi_attribute 30, 4
   9              		.eabi_attribute 34, 1
  10              		.eabi_attribute 18, 4
  11              		.file	"sys_dma.c"
  12              		.text
  13              		.section	.text.SYS_DMA_Init,"ax",%progbits
  14              		.align	1
  15              		.global	SYS_DMA_Init
  16              		.arch armv7-m
  17              		.syntax unified
  18              		.thumb
  19              		.thumb_func
  20              		.fpu softvfp
  22              	SYS_DMA_Init:
  23              		@ args = 0, pretend = 0, frame = 8
  24              		@ frame_needed = 0, uses_anonymous_args = 0
  25 0000 0A4B     		ldr	r3, .L2
  26 0002 07B5     		push	{r0, r1, r2, lr}
  27 0004 5A69     		ldr	r2, [r3, #20]
  28 0006 0121     		movs	r1, #1
  29 0008 42F00102 		orr	r2, r2, #1
  30 000c 5A61     		str	r2, [r3, #20]
  31 000e 5B69     		ldr	r3, [r3, #20]
  32 0010 0022     		movs	r2, #0
  33 0012 03F00103 		and	r3, r3, #1
  34 0016 0193     		str	r3, [sp, #4]
  35 0018 0B20     		movs	r0, #11
  36 001a 019B     		ldr	r3, [sp, #4]
  37 001c FFF7FEFF 		bl	HAL_NVIC_SetPriority
  38 0020 0B20     		movs	r0, #11
  39 0022 03B0     		add	sp, sp, #12
  40              		@ sp needed
  41 0024 5DF804EB 		ldr	lr, [sp], #4
  42 0028 FFF7FEBF 		b	HAL_NVIC_EnableIRQ
  43              	.L3:
  44              		.align	2
  45              	.L2:
  46 002c 00100240 		.word	1073876992
  48              		.ident	"GCC: (GNU Tools for Arm Embedded Processors 9-2019-q4-major) 9.2.1 20191025 (release) [ARM
ARM GAS  /tmp/ccqRokDV.s 			page 2


DEFINED SYMBOLS
                            *ABS*:0000000000000000 sys_dma.c
     /tmp/ccqRokDV.s:14     .text.SYS_DMA_Init:0000000000000000 $t
     /tmp/ccqRokDV.s:22     .text.SYS_DMA_Init:0000000000000000 SYS_DMA_Init
     /tmp/ccqRokDV.s:46     .text.SYS_DMA_Init:000000000000002c $d

UNDEFINED SYMBOLS
HAL_NVIC_SetPriority
HAL_NVIC_EnableIRQ
