ARM GAS  /tmp/ccM7JspL.s 			page 1


   1              		.syntax unified
   2              		.cpu cortex-m3
   3              		.fpu softvfp
   4              		.eabi_attribute 20, 1
   5              		.eabi_attribute 21, 1
   6              		.eabi_attribute 23, 3
   7              		.eabi_attribute 24, 1
   8              		.eabi_attribute 25, 1
   9              		.eabi_attribute 26, 1
  10              		.eabi_attribute 30, 4
  11              		.eabi_attribute 34, 1
  12              		.eabi_attribute 18, 4
  13              		.thumb
  14              		.file	"syscalls.c"
  15              		.section	.text._write,"ax",%progbits
  16              		.align	1
  17              		.global	_write
  18              		.thumb
  19              		.thumb_func
  21              	_write:
  22              		@ args = 0, pretend = 0, frame = 0
  23              		@ frame_needed = 0, uses_anonymous_args = 0
  24 0000 38B5     		push	{r3, r4, r5, lr}
  25 0002 1446     		mov	r4, r2
  26 0004 0D46     		mov	r5, r1
  27 0006 0220     		movs	r0, #2
  28 0008 0821     		movs	r1, #8
  29 000a 084A     		ldr	r2, .L4
  30 000c 084B     		ldr	r3, .L4+4
  31 000e FFF7FEFF 		bl	SYS_ThrowError
  32 0012 084B     		ldr	r3, .L4+8
  33 0014 2946     		mov	r1, r5
  34 0016 1868     		ldr	r0, [r3]
  35 0018 A2B2     		uxth	r2, r4
  36 001a 4FF47A73 		mov	r3, #1000
  37 001e FFF7FEFF 		bl	HAL_UART_Transmit
  38 0022 0028     		cmp	r0, #0
  39 0024 0CBF     		ite	eq
  40 0026 2046     		moveq	r0, r4
  41 0028 0020     		movne	r0, #0
  42 002a 38BD     		pop	{r3, r4, r5, pc}
  43              	.L5:
  44              		.align	2
  45              	.L4:
  46 002c 00000000 		.word	.LC0
  47 0030 0F000000 		.word	.LC1
  48 0034 00000000 		.word	hw_uart1_handle
  50              		.section	.rodata.str1.1,"aMS",%progbits,1
  51              	.LC0:
  52 0000 7372632F 		.ascii	"src/syscalls.c\000"
  52      73797363 
  52      616C6C73 
  52      2E6300
  53              	.LC1:
  54 000f 5300     		.ascii	"S\000"
  55              		.ident	"GCC: (15:4.9.3+svn231177-1) 4.9.3 20150529 (prerelease)"
ARM GAS  /tmp/ccM7JspL.s 			page 2


DEFINED SYMBOLS
                            *ABS*:0000000000000000 syscalls.c
     /tmp/ccM7JspL.s:16     .text._write:0000000000000000 $t
     /tmp/ccM7JspL.s:21     .text._write:0000000000000000 _write
     /tmp/ccM7JspL.s:46     .text._write:000000000000002c $d

UNDEFINED SYMBOLS
SYS_ThrowError
HAL_UART_Transmit
hw_uart1_handle
