ARM GAS  /tmp/ccm0FUf2.s 			page 1


   1              		.cpu cortex-m3
   2              		.eabi_attribute 20, 1
   3              		.eabi_attribute 21, 1
   4              		.eabi_attribute 23, 3
   5              		.eabi_attribute 24, 1
   6              		.eabi_attribute 25, 1
   7              		.eabi_attribute 26, 1
   8              		.eabi_attribute 30, 4
   9              		.eabi_attribute 34, 1
  10              		.eabi_attribute 18, 4
  11              		.file	"usb_device.c"
  12              		.text
  13              		.section	.text.MX_USB_DEVICE_Init,"ax",%progbits
  14              		.align	1
  15              		.global	MX_USB_DEVICE_Init
  16              		.arch armv7-m
  17              		.syntax unified
  18              		.thumb
  19              		.thumb_func
  20              		.fpu softvfp
  22              	MX_USB_DEVICE_Init:
  23              		@ args = 0, pretend = 0, frame = 0
  24              		@ frame_needed = 0, uses_anonymous_args = 0
  25 0000 08B5     		push	{r3, lr}
  26 0002 0022     		movs	r2, #0
  27 0004 0E49     		ldr	r1, .L15
  28 0006 0F48     		ldr	r0, .L15+4
  29 0008 FFF7FEFF 		bl	USBD_Init
  30 000c 08B1     		cbz	r0, .L2
  31 000e FFF7FEFF 		bl	Error_Handler
  32              	.L2:
  33 0012 0D49     		ldr	r1, .L15+8
  34 0014 0B48     		ldr	r0, .L15+4
  35 0016 FFF7FEFF 		bl	USBD_RegisterClass
  36 001a 08B1     		cbz	r0, .L3
  37 001c FFF7FEFF 		bl	Error_Handler
  38              	.L3:
  39 0020 0A49     		ldr	r1, .L15+12
  40 0022 0848     		ldr	r0, .L15+4
  41 0024 FFF7FEFF 		bl	IK_STM32CUBE_USBD_HID_RegisterInterface
  42 0028 08B1     		cbz	r0, .L4
  43 002a FFF7FEFF 		bl	Error_Handler
  44              	.L4:
  45 002e 0548     		ldr	r0, .L15+4
  46 0030 FFF7FEFF 		bl	USBD_Start
  47 0034 18B1     		cbz	r0, .L1
  48 0036 BDE80840 		pop	{r3, lr}
  49 003a FFF7FEBF 		b	Error_Handler
  50              	.L1:
  51 003e 08BD     		pop	{r3, pc}
  52              	.L16:
  53              		.align	2
  54              	.L15:
  55 0040 00000000 		.word	FS_Desc
  56 0044 00000000 		.word	hUsbDeviceFS
  57 0048 00000000 		.word	IK_HID_Class
  58 004c 00000000 		.word	IK_USBD_HID_Itf
ARM GAS  /tmp/ccm0FUf2.s 			page 2


  60              		.comm	hUsbDeviceFS,548,4
  61              		.ident	"GCC: (GNU Tools for Arm Embedded Processors 9-2019-q4-major) 9.2.1 20191025 (release) [ARM
ARM GAS  /tmp/ccm0FUf2.s 			page 3


DEFINED SYMBOLS
                            *ABS*:0000000000000000 usb_device.c
     /tmp/ccm0FUf2.s:14     .text.MX_USB_DEVICE_Init:0000000000000000 $t
     /tmp/ccm0FUf2.s:22     .text.MX_USB_DEVICE_Init:0000000000000000 MX_USB_DEVICE_Init
     /tmp/ccm0FUf2.s:55     .text.MX_USB_DEVICE_Init:0000000000000040 $d
                            *COM*:0000000000000224 hUsbDeviceFS

UNDEFINED SYMBOLS
USBD_Init
Error_Handler
USBD_RegisterClass
IK_STM32CUBE_USBD_HID_RegisterInterface
USBD_Start
FS_Desc
IK_HID_Class
IK_USBD_HID_Itf
