ARM GAS  /tmp/ccJSEjdx.s 			page 1


   1              		.cpu cortex-m3
   2              		.eabi_attribute 20, 1
   3              		.eabi_attribute 21, 1
   4              		.eabi_attribute 23, 3
   5              		.eabi_attribute 24, 1
   6              		.eabi_attribute 25, 1
   7              		.eabi_attribute 26, 1
   8              		.eabi_attribute 30, 4
   9              		.eabi_attribute 34, 1
  10              		.eabi_attribute 18, 4
  11              		.file	"usbd_ctlreq.c"
  12              		.section	.text.USBD_CtlError.constprop.0,"ax",%progbits
  13              		.align	1
  14              		.syntax unified
  15              		.thumb
  16              		.thumb_func
  17              		.fpu softvfp
  19              	USBD_CtlError.constprop.0:
  20              		@ args = 0, pretend = 0, frame = 0
  21              		@ frame_needed = 0, uses_anonymous_args = 0
  22 0000 10B5     		push	{r4, lr}
  23 0002 0446     		mov	r4, r0
  24 0004 8021     		movs	r1, #128
  25 0006 FFF7FEFF 		bl	USBD_LL_StallEP
  26 000a 2046     		mov	r0, r4
  27 000c BDE81040 		pop	{r4, lr}
  28 0010 0021     		movs	r1, #0
  29 0012 FFF7FEBF 		b	USBD_LL_StallEP
  31              		.section	.text.USBD_StdDevReq,"ax",%progbits
  32              		.align	1
  33              		.global	USBD_StdDevReq
  34              		.syntax unified
  35              		.thumb
  36              		.thumb_func
  37              		.fpu softvfp
  39              	USBD_StdDevReq:
  40              		@ args = 0, pretend = 0, frame = 8
  41              		@ frame_needed = 0, uses_anonymous_args = 0
  42 0000 37B5     		push	{r0, r1, r2, r4, r5, lr}
  43 0002 4B78     		ldrb	r3, [r1, #1]	@ zero_extendqisi2
  44 0004 0446     		mov	r4, r0
  45 0006 0D46     		mov	r5, r1
  46 0008 092B     		cmp	r3, #9
  47 000a 79D8     		bhi	.L3
  48 000c DFE813F0 		tbh	[pc, r3, lsl #1]
  49              	.L5:
  50 0010 C900     		.2byte	(.L4-.L5)/2
  51 0012 E500     		.2byte	(.L6-.L5)/2
  52 0014 7800     		.2byte	(.L3-.L5)/2
  53 0016 D900     		.2byte	(.L7-.L5)/2
  54 0018 7800     		.2byte	(.L3-.L5)/2
  55 001a 6D00     		.2byte	(.L8-.L5)/2
  56 001c 0A00     		.2byte	(.L9-.L5)/2
  57 001e 7800     		.2byte	(.L3-.L5)/2
  58 0020 B900     		.2byte	(.L10-.L5)/2
  59 0022 8D00     		.2byte	(.L11-.L5)/2
  60              		.p2align 1
ARM GAS  /tmp/ccJSEjdx.s 			page 2


  61              	.L9:
  62 0024 4B88     		ldrh	r3, [r1, #2]
  63 0026 1A0A     		lsrs	r2, r3, #8
  64 0028 013A     		subs	r2, r2, #1
  65 002a 062A     		cmp	r2, #6
  66 002c 68D8     		bhi	.L3
  67 002e DFE802F0 		tbb	[pc, r2]
  68              	.L14:
  69 0032 04       		.byte	(.L13-.L14)/2
  70 0033 1C       		.byte	(.L15-.L14)/2
  71 0034 29       		.byte	(.L16-.L14)/2
  72 0035 67       		.byte	(.L3-.L14)/2
  73 0036 67       		.byte	(.L3-.L14)/2
  74 0037 49       		.byte	(.L17-.L14)/2
  75 0038 52       		.byte	(.L18-.L14)/2
  76 0039 00       		.p2align 1
  77              	.L13:
  78 003a D0F81032 		ldr	r3, [r0, #528]
  79 003e 1B68     		ldr	r3, [r3]
  80              	.L71:
  81 0040 0DF10601 		add	r1, sp, #6
  82 0044 207C     		ldrb	r0, [r4, #16]	@ zero_extendqisi2
  83 0046 9847     		blx	r3
  84              	.L19:
  85 0048 BDF80620 		ldrh	r2, [sp, #6]
  86 004c 002A     		cmp	r2, #0
  87 004e 67D0     		beq	.L31
  88 0050 EB88     		ldrh	r3, [r5, #6]
  89 0052 002B     		cmp	r3, #0
  90 0054 64D0     		beq	.L31
  91 0056 9A42     		cmp	r2, r3
  92 0058 28BF     		it	cs
  93 005a 1A46     		movcs	r2, r3
  94 005c 0146     		mov	r1, r0
  95 005e ADF80620 		strh	r2, [sp, #6]	@ movhi
  96              	.L76:
  97 0062 2046     		mov	r0, r4
  98 0064 FFF7FEFF 		bl	USBD_CtlSendData
  99 0068 5AE0     		b	.L31
 100              	.L15:
 101 006a 027C     		ldrb	r2, [r0, #16]	@ zero_extendqisi2
 102 006c D0F81432 		ldr	r3, [r0, #532]
 103 0070 32B9     		cbnz	r2, .L20
 104 0072 9B6A     		ldr	r3, [r3, #40]
 105              	.L78:
 106 0074 0DF10600 		add	r0, sp, #6
 107 0078 9847     		blx	r3
 108 007a 0223     		movs	r3, #2
 109              	.L72:
 110 007c 4370     		strb	r3, [r0, #1]
 111 007e E3E7     		b	.L19
 112              	.L20:
 113 0080 DB6A     		ldr	r3, [r3, #44]
 114 0082 F7E7     		b	.L78
 115              	.L16:
 116 0084 DBB2     		uxtb	r3, r3
 117 0086 052B     		cmp	r3, #5
ARM GAS  /tmp/ccJSEjdx.s 			page 3


 118 0088 3AD8     		bhi	.L3
 119 008a DFE803F0 		tbb	[pc, r3]
 120              	.L23:
 121 008e 03       		.byte	(.L22-.L23)/2
 122 008f 07       		.byte	(.L24-.L23)/2
 123 0090 0B       		.byte	(.L25-.L23)/2
 124 0091 0F       		.byte	(.L26-.L23)/2
 125 0092 13       		.byte	(.L27-.L23)/2
 126 0093 17       		.byte	(.L28-.L23)/2
 127              		.p2align 1
 128              	.L22:
 129 0094 D0F81032 		ldr	r3, [r0, #528]
 130 0098 5B68     		ldr	r3, [r3, #4]
 131 009a D1E7     		b	.L71
 132              	.L24:
 133 009c D0F81032 		ldr	r3, [r0, #528]
 134 00a0 9B68     		ldr	r3, [r3, #8]
 135 00a2 CDE7     		b	.L71
 136              	.L25:
 137 00a4 D0F81032 		ldr	r3, [r0, #528]
 138 00a8 DB68     		ldr	r3, [r3, #12]
 139 00aa C9E7     		b	.L71
 140              	.L26:
 141 00ac D0F81032 		ldr	r3, [r0, #528]
 142 00b0 1B69     		ldr	r3, [r3, #16]
 143 00b2 C5E7     		b	.L71
 144              	.L27:
 145 00b4 D0F81032 		ldr	r3, [r0, #528]
 146 00b8 5B69     		ldr	r3, [r3, #20]
 147 00ba C1E7     		b	.L71
 148              	.L28:
 149 00bc D0F81032 		ldr	r3, [r0, #528]
 150 00c0 9B69     		ldr	r3, [r3, #24]
 151 00c2 BDE7     		b	.L71
 152              	.L17:
 153 00c4 037C     		ldrb	r3, [r0, #16]	@ zero_extendqisi2
 154 00c6 DBB9     		cbnz	r3, .L3
 155 00c8 D0F81432 		ldr	r3, [r0, #532]
 156 00cc 0DF10600 		add	r0, sp, #6
 157 00d0 5B6B     		ldr	r3, [r3, #52]
 158 00d2 9847     		blx	r3
 159 00d4 B8E7     		b	.L19
 160              	.L18:
 161 00d6 037C     		ldrb	r3, [r0, #16]	@ zero_extendqisi2
 162 00d8 93B9     		cbnz	r3, .L3
 163 00da D0F81432 		ldr	r3, [r0, #532]
 164 00de 0DF10600 		add	r0, sp, #6
 165 00e2 1B6B     		ldr	r3, [r3, #48]
 166 00e4 9847     		blx	r3
 167 00e6 0723     		movs	r3, #7
 168 00e8 C8E7     		b	.L72
 169              	.L8:
 170 00ea 8B88     		ldrh	r3, [r1, #4]
 171 00ec 43B9     		cbnz	r3, .L3
 172 00ee CB88     		ldrh	r3, [r1, #6]
 173 00f0 33B9     		cbnz	r3, .L3
 174 00f2 90F8FC31 		ldrb	r3, [r0, #508]	@ zero_extendqisi2
ARM GAS  /tmp/ccJSEjdx.s 			page 4


 175 00f6 8D78     		ldrb	r5, [r1, #2]	@ zero_extendqisi2
 176 00f8 032B     		cmp	r3, #3
 177 00fa 05F07F05 		and	r5, r5, #127
 178 00fe 03D1     		bne	.L33
 179              	.L3:
 180 0100 2046     		mov	r0, r4
 181 0102 FFF7FEFF 		bl	USBD_CtlError.constprop.0
 182 0106 0BE0     		b	.L31
 183              	.L33:
 184 0108 80F8FE51 		strb	r5, [r0, #510]
 185 010c 2946     		mov	r1, r5
 186 010e FFF7FEFF 		bl	USBD_LL_SetUSBAddress
 187 0112 2046     		mov	r0, r4
 188 0114 FFF7FEFF 		bl	USBD_CtlSendStatus
 189 0118 2DB1     		cbz	r5, .L34
 190 011a 0223     		movs	r3, #2
 191              	.L77:
 192 011c 84F8FC31 		strb	r3, [r4, #508]
 193              	.L31:
 194 0120 0020     		movs	r0, #0
 195 0122 03B0     		add	sp, sp, #12
 196              		@ sp needed
 197 0124 30BD     		pop	{r4, r5, pc}
 198              	.L34:
 199 0126 0123     		movs	r3, #1
 200 0128 F8E7     		b	.L77
 201              	.L11:
 202 012a 8978     		ldrb	r1, [r1, #2]	@ zero_extendqisi2
 203 012c 304D     		ldr	r5, .L79
 204 012e 0129     		cmp	r1, #1
 205 0130 2970     		strb	r1, [r5]
 206 0132 E5D8     		bhi	.L3
 207 0134 90F8FC31 		ldrb	r3, [r0, #508]	@ zero_extendqisi2
 208 0138 022B     		cmp	r3, #2
 209 013a 0CD0     		beq	.L36
 210 013c 032B     		cmp	r3, #3
 211 013e DFD1     		bne	.L3
 212 0140 B1B9     		cbnz	r1, .L39
 213 0142 0223     		movs	r3, #2
 214 0144 4160     		str	r1, [r0, #4]
 215 0146 80F8FC31 		strb	r3, [r0, #508]
 216 014a FFF7FEFF 		bl	USBD_ClrClassConfig
 217              	.L74:
 218 014e 2046     		mov	r0, r4
 219 0150 FFF7FEFF 		bl	USBD_CtlSendStatus
 220 0154 E4E7     		b	.L31
 221              	.L36:
 222 0156 0029     		cmp	r1, #0
 223 0158 F9D0     		beq	.L74
 224 015a 0121     		movs	r1, #1
 225 015c 0323     		movs	r3, #3
 226 015e 4160     		str	r1, [r0, #4]
 227 0160 80F8FC31 		strb	r3, [r0, #508]
 228              	.L73:
 229 0164 2046     		mov	r0, r4
 230 0166 FFF7FEFF 		bl	USBD_SetClassConfig
 231 016a 0228     		cmp	r0, #2
ARM GAS  /tmp/ccJSEjdx.s 			page 5


 232 016c EFD1     		bne	.L74
 233 016e C7E7     		b	.L3
 234              	.L39:
 235 0170 4168     		ldr	r1, [r0, #4]
 236 0172 0129     		cmp	r1, #1
 237 0174 EBD0     		beq	.L74
 238 0176 C9B2     		uxtb	r1, r1
 239 0178 FFF7FEFF 		bl	USBD_ClrClassConfig
 240 017c 2978     		ldrb	r1, [r5]	@ zero_extendqisi2
 241 017e 6160     		str	r1, [r4, #4]
 242 0180 F0E7     		b	.L73
 243              	.L10:
 244 0182 CA88     		ldrh	r2, [r1, #6]
 245 0184 012A     		cmp	r2, #1
 246 0186 BBD1     		bne	.L3
 247 0188 90F8FC31 		ldrb	r3, [r0, #508]	@ zero_extendqisi2
 248 018c 022B     		cmp	r3, #2
 249 018e 03D0     		beq	.L41
 250 0190 032B     		cmp	r3, #3
 251 0192 B5D1     		bne	.L3
 252 0194 011D     		adds	r1, r0, #4
 253 0196 64E7     		b	.L76
 254              	.L41:
 255 0198 0146     		mov	r1, r0
 256 019a 0023     		movs	r3, #0
 257 019c 41F8083F 		str	r3, [r1, #8]!
 258 01a0 5FE7     		b	.L76
 259              	.L4:
 260 01a2 90F8FC31 		ldrb	r3, [r0, #508]	@ zero_extendqisi2
 261 01a6 023B     		subs	r3, r3, #2
 262 01a8 012B     		cmp	r3, #1
 263 01aa A9D8     		bhi	.L3
 264 01ac 0123     		movs	r3, #1
 265 01ae C360     		str	r3, [r0, #12]
 266 01b0 D0F80432 		ldr	r3, [r0, #516]
 267 01b4 0BB1     		cbz	r3, .L45
 268 01b6 0323     		movs	r3, #3
 269 01b8 C360     		str	r3, [r0, #12]
 270              	.L45:
 271 01ba 0222     		movs	r2, #2
 272 01bc 04F10C01 		add	r1, r4, #12
 273 01c0 4FE7     		b	.L76
 274              	.L7:
 275 01c2 4B88     		ldrh	r3, [r1, #2]
 276 01c4 012B     		cmp	r3, #1
 277 01c6 ABD1     		bne	.L31
 278              	.L75:
 279 01c8 C4F80432 		str	r3, [r4, #516]
 280 01cc D4F81432 		ldr	r3, [r4, #532]
 281 01d0 2946     		mov	r1, r5
 282 01d2 9B68     		ldr	r3, [r3, #8]
 283 01d4 2046     		mov	r0, r4
 284 01d6 9847     		blx	r3
 285 01d8 B9E7     		b	.L74
 286              	.L6:
 287 01da 90F8FC31 		ldrb	r3, [r0, #508]	@ zero_extendqisi2
 288 01de 023B     		subs	r3, r3, #2
ARM GAS  /tmp/ccJSEjdx.s 			page 6


 289 01e0 012B     		cmp	r3, #1
 290 01e2 8DD8     		bhi	.L3
 291 01e4 4B88     		ldrh	r3, [r1, #2]
 292 01e6 012B     		cmp	r3, #1
 293 01e8 9AD1     		bne	.L31
 294 01ea 0023     		movs	r3, #0
 295 01ec ECE7     		b	.L75
 296              	.L80:
 297 01ee 00BF     		.align	2
 298              	.L79:
 299 01f0 00000000 		.word	.LANCHOR0
 301              		.section	.text.USBD_StdItfReq,"ax",%progbits
 302              		.align	1
 303              		.global	USBD_StdItfReq
 304              		.syntax unified
 305              		.thumb
 306              		.thumb_func
 307              		.fpu softvfp
 309              	USBD_StdItfReq:
 310              		@ args = 0, pretend = 0, frame = 0
 311              		@ frame_needed = 0, uses_anonymous_args = 0
 312 0000 38B5     		push	{r3, r4, r5, lr}
 313 0002 90F8FC31 		ldrb	r3, [r0, #508]	@ zero_extendqisi2
 314 0006 0446     		mov	r4, r0
 315 0008 032B     		cmp	r3, #3
 316 000a 0D46     		mov	r5, r1
 317 000c 0DD1     		bne	.L86
 318 000e 0B79     		ldrb	r3, [r1, #4]	@ zero_extendqisi2
 319 0010 012B     		cmp	r3, #1
 320 0012 0AD8     		bhi	.L86
 321 0014 D0F81432 		ldr	r3, [r0, #532]
 322 0018 9B68     		ldr	r3, [r3, #8]
 323 001a 9847     		blx	r3
 324 001c EB88     		ldrh	r3, [r5, #6]
 325 001e 13B9     		cbnz	r3, .L85
 326 0020 2046     		mov	r0, r4
 327 0022 FFF7FEFF 		bl	USBD_CtlSendStatus
 328              	.L85:
 329 0026 0020     		movs	r0, #0
 330 0028 38BD     		pop	{r3, r4, r5, pc}
 331              	.L86:
 332 002a FFF7FEFF 		bl	USBD_CtlError.constprop.0
 333 002e FAE7     		b	.L85
 335              		.section	.text.USBD_StdEPReq,"ax",%progbits
 336              		.align	1
 337              		.global	USBD_StdEPReq
 338              		.syntax unified
 339              		.thumb
 340              		.thumb_func
 341              		.fpu softvfp
 343              	USBD_StdEPReq:
 344              		@ args = 0, pretend = 0, frame = 0
 345              		@ frame_needed = 0, uses_anonymous_args = 0
 346 0000 70B5     		push	{r4, r5, r6, lr}
 347 0002 0A78     		ldrb	r2, [r1]	@ zero_extendqisi2
 348 0004 8E88     		ldrh	r6, [r1, #4]
 349 0006 02F06002 		and	r2, r2, #96
ARM GAS  /tmp/ccJSEjdx.s 			page 7


 350 000a 202A     		cmp	r2, #32
 351 000c 0446     		mov	r4, r0
 352 000e 0D46     		mov	r5, r1
 353 0010 F3B2     		uxtb	r3, r6
 354 0012 05D1     		bne	.L88
 355 0014 D0F81432 		ldr	r3, [r0, #532]
 356 0018 9B68     		ldr	r3, [r3, #8]
 357 001a 9847     		blx	r3
 358              	.L89:
 359 001c 0020     		movs	r0, #0
 360 001e 70BD     		pop	{r4, r5, r6, pc}
 361              	.L88:
 362 0020 4A78     		ldrb	r2, [r1, #1]	@ zero_extendqisi2
 363 0022 012A     		cmp	r2, #1
 364 0024 1CD0     		beq	.L90
 365 0026 2AD3     		bcc	.L91
 366 0028 032A     		cmp	r2, #3
 367 002a F7D1     		bne	.L89
 368 002c 90F8FC21 		ldrb	r2, [r0, #508]	@ zero_extendqisi2
 369 0030 022A     		cmp	r2, #2
 370 0032 40D0     		beq	.L102
 371 0034 032A     		cmp	r2, #3
 372 0036 02D0     		beq	.L95
 373              	.L125:
 374 0038 FFF7FEFF 		bl	USBD_CtlError.constprop.0
 375 003c EEE7     		b	.L89
 376              	.L95:
 377 003e 4A88     		ldrh	r2, [r1, #2]
 378 0040 22B9     		cbnz	r2, .L127
 379 0042 5E06     		lsls	r6, r3, #25
 380 0044 02D0     		beq	.L127
 381 0046 1946     		mov	r1, r3
 382 0048 FFF7FEFF 		bl	USBD_LL_StallEP
 383              	.L127:
 384 004c D4F81432 		ldr	r3, [r4, #532]
 385 0050 2946     		mov	r1, r5
 386 0052 9B68     		ldr	r3, [r3, #8]
 387 0054 2046     		mov	r0, r4
 388 0056 9847     		blx	r3
 389              	.L100:
 390 0058 2046     		mov	r0, r4
 391 005a FFF7FEFF 		bl	USBD_CtlSendStatus
 392 005e DDE7     		b	.L89
 393              	.L90:
 394 0060 90F8FC21 		ldrb	r2, [r0, #508]	@ zero_extendqisi2
 395 0064 022A     		cmp	r2, #2
 396 0066 26D0     		beq	.L102
 397 0068 032A     		cmp	r2, #3
 398 006a E5D1     		bne	.L125
 399 006c 4A88     		ldrh	r2, [r1, #2]
 400 006e 002A     		cmp	r2, #0
 401 0070 D4D1     		bne	.L89
 402 0072 5906     		lsls	r1, r3, #25
 403 0074 F0D0     		beq	.L100
 404 0076 1946     		mov	r1, r3
 405 0078 FFF7FEFF 		bl	USBD_LL_ClearStallEP
 406 007c E6E7     		b	.L127
ARM GAS  /tmp/ccJSEjdx.s 			page 8


 407              	.L91:
 408 007e 90F8FC21 		ldrb	r2, [r0, #508]	@ zero_extendqisi2
 409 0082 022A     		cmp	r2, #2
 410 0084 17D0     		beq	.L102
 411 0086 032A     		cmp	r2, #3
 412 0088 D6D1     		bne	.L125
 413 008a 03F07F05 		and	r5, r3, #127
 414 008e 16F0800F 		tst	r6, #128
 415 0092 00EB0515 		add	r5, r0, r5, lsl #4
 416 0096 1946     		mov	r1, r3
 417 0098 14BF     		ite	ne
 418 009a 1435     		addne	r5, r5, #20
 419 009c 05F58275 		addeq	r5, r5, #260
 420 00a0 FFF7FEFF 		bl	USBD_LL_IsStallEP
 421 00a4 68B1     		cbz	r0, .L106
 422 00a6 0123     		movs	r3, #1
 423 00a8 2B60     		str	r3, [r5]
 424              	.L107:
 425 00aa 0222     		movs	r2, #2
 426 00ac 2946     		mov	r1, r5
 427 00ae 2046     		mov	r0, r4
 428 00b0 FFF7FEFF 		bl	USBD_CtlSendData
 429 00b4 B2E7     		b	.L89
 430              	.L102:
 431 00b6 5A06     		lsls	r2, r3, #25
 432 00b8 B0D0     		beq	.L89
 433 00ba 1946     		mov	r1, r3
 434 00bc FFF7FEFF 		bl	USBD_LL_StallEP
 435 00c0 ACE7     		b	.L89
 436              	.L106:
 437 00c2 2860     		str	r0, [r5]
 438 00c4 F1E7     		b	.L107
 440              		.section	.text.USBD_ParseSetupRequest,"ax",%progbits
 441              		.align	1
 442              		.global	USBD_ParseSetupRequest
 443              		.syntax unified
 444              		.thumb
 445              		.thumb_func
 446              		.fpu softvfp
 448              	USBD_ParseSetupRequest:
 449              		@ args = 0, pretend = 0, frame = 0
 450              		@ frame_needed = 0, uses_anonymous_args = 0
 451              		@ link register save eliminated.
 452 0000 0B78     		ldrb	r3, [r1]	@ zero_extendqisi2
 453 0002 0370     		strb	r3, [r0]
 454 0004 4B78     		ldrb	r3, [r1, #1]	@ zero_extendqisi2
 455 0006 4370     		strb	r3, [r0, #1]
 456 0008 CA78     		ldrb	r2, [r1, #3]	@ zero_extendqisi2
 457 000a 8B78     		ldrb	r3, [r1, #2]	@ zero_extendqisi2
 458 000c 03EB0223 		add	r3, r3, r2, lsl #8
 459 0010 4380     		strh	r3, [r0, #2]	@ movhi
 460 0012 4A79     		ldrb	r2, [r1, #5]	@ zero_extendqisi2
 461 0014 0B79     		ldrb	r3, [r1, #4]	@ zero_extendqisi2
 462 0016 03EB0223 		add	r3, r3, r2, lsl #8
 463 001a 8380     		strh	r3, [r0, #4]	@ movhi
 464 001c CA79     		ldrb	r2, [r1, #7]	@ zero_extendqisi2
 465 001e 8B79     		ldrb	r3, [r1, #6]	@ zero_extendqisi2
ARM GAS  /tmp/ccJSEjdx.s 			page 9


 466 0020 03EB0223 		add	r3, r3, r2, lsl #8
 467 0024 C380     		strh	r3, [r0, #6]	@ movhi
 468 0026 7047     		bx	lr
 470              		.section	.text.USBD_CtlError,"ax",%progbits
 471              		.align	1
 472              		.global	USBD_CtlError
 473              		.syntax unified
 474              		.thumb
 475              		.thumb_func
 476              		.fpu softvfp
 478              	USBD_CtlError:
 479              		@ args = 0, pretend = 0, frame = 0
 480              		@ frame_needed = 0, uses_anonymous_args = 0
 481 0000 10B5     		push	{r4, lr}
 482 0002 0446     		mov	r4, r0
 483 0004 8021     		movs	r1, #128
 484 0006 FFF7FEFF 		bl	USBD_LL_StallEP
 485 000a 2046     		mov	r0, r4
 486 000c BDE81040 		pop	{r4, lr}
 487 0010 0021     		movs	r1, #0
 488 0012 FFF7FEBF 		b	USBD_LL_StallEP
 490              		.section	.text.USBD_GetString,"ax",%progbits
 491              		.align	1
 492              		.global	USBD_GetString
 493              		.syntax unified
 494              		.thumb
 495              		.thumb_func
 496              		.fpu softvfp
 498              	USBD_GetString:
 499              		@ args = 0, pretend = 0, frame = 0
 500              		@ frame_needed = 0, uses_anonymous_args = 0
 501 0000 30B5     		push	{r4, r5, lr}
 502 0002 88B1     		cbz	r0, .L132
 503 0004 0546     		mov	r5, r0
 504              	.L134:
 505 0006 2B1A     		subs	r3, r5, r0
 506 0008 15F8014B 		ldrb	r4, [r5], #1	@ zero_extendqisi2
 507 000c DBB2     		uxtb	r3, r3
 508 000e 002C     		cmp	r4, #0
 509 0010 F9D1     		bne	.L134
 510 0012 5B00     		lsls	r3, r3, #1
 511 0014 0233     		adds	r3, r3, #2
 512 0016 1380     		strh	r3, [r2]	@ movhi
 513 0018 0B70     		strb	r3, [r1]
 514 001a 0323     		movs	r3, #3
 515 001c 4B70     		strb	r3, [r1, #1]
 516 001e 0223     		movs	r3, #2
 517 0020 0138     		subs	r0, r0, #1
 518              	.L135:
 519 0022 10F8015F 		ldrb	r5, [r0, #1]!	@ zero_extendqisi2
 520 0026 05B9     		cbnz	r5, .L136
 521              	.L132:
 522 0028 30BD     		pop	{r4, r5, pc}
 523              	.L136:
 524 002a 5A1C     		adds	r2, r3, #1
 525 002c CD54     		strb	r5, [r1, r3]
 526 002e D2B2     		uxtb	r2, r2
ARM GAS  /tmp/ccJSEjdx.s 			page 10


 527 0030 0233     		adds	r3, r3, #2
 528 0032 DBB2     		uxtb	r3, r3
 529 0034 8C54     		strb	r4, [r1, r2]
 530 0036 F4E7     		b	.L135
 532              		.section	.bss.cfgidx.10751,"aw",%nobits
 533              		.set	.LANCHOR0,. + 0
 536              	cfgidx.10751:
 537 0000 00       		.space	1
 538              		.ident	"GCC: (15:6.3.1+svn253039-1build1) 6.3.1 20170620"
ARM GAS  /tmp/ccJSEjdx.s 			page 11


DEFINED SYMBOLS
                            *ABS*:0000000000000000 usbd_ctlreq.c
     /tmp/ccJSEjdx.s:13     .text.USBD_CtlError.constprop.0:0000000000000000 $t
     /tmp/ccJSEjdx.s:19     .text.USBD_CtlError.constprop.0:0000000000000000 USBD_CtlError.constprop.0
     /tmp/ccJSEjdx.s:32     .text.USBD_StdDevReq:0000000000000000 $t
     /tmp/ccJSEjdx.s:39     .text.USBD_StdDevReq:0000000000000000 USBD_StdDevReq
     /tmp/ccJSEjdx.s:50     .text.USBD_StdDevReq:0000000000000010 $d
     /tmp/ccJSEjdx.s:60     .text.USBD_StdDevReq:0000000000000024 $t
     /tmp/ccJSEjdx.s:69     .text.USBD_StdDevReq:0000000000000032 $d
     /tmp/ccJSEjdx.s:121    .text.USBD_StdDevReq:000000000000008e $d
     /tmp/ccJSEjdx.s:127    .text.USBD_StdDevReq:0000000000000094 $t
     /tmp/ccJSEjdx.s:299    .text.USBD_StdDevReq:00000000000001f0 $d
     /tmp/ccJSEjdx.s:302    .text.USBD_StdItfReq:0000000000000000 $t
     /tmp/ccJSEjdx.s:309    .text.USBD_StdItfReq:0000000000000000 USBD_StdItfReq
     /tmp/ccJSEjdx.s:336    .text.USBD_StdEPReq:0000000000000000 $t
     /tmp/ccJSEjdx.s:343    .text.USBD_StdEPReq:0000000000000000 USBD_StdEPReq
     /tmp/ccJSEjdx.s:441    .text.USBD_ParseSetupRequest:0000000000000000 $t
     /tmp/ccJSEjdx.s:448    .text.USBD_ParseSetupRequest:0000000000000000 USBD_ParseSetupRequest
     /tmp/ccJSEjdx.s:471    .text.USBD_CtlError:0000000000000000 $t
     /tmp/ccJSEjdx.s:478    .text.USBD_CtlError:0000000000000000 USBD_CtlError
     /tmp/ccJSEjdx.s:491    .text.USBD_GetString:0000000000000000 $t
     /tmp/ccJSEjdx.s:498    .text.USBD_GetString:0000000000000000 USBD_GetString
     /tmp/ccJSEjdx.s:536    .bss.cfgidx.10751:0000000000000000 cfgidx.10751
     /tmp/ccJSEjdx.s:537    .bss.cfgidx.10751:0000000000000000 $d
     /tmp/ccJSEjdx.s:76     .text.USBD_StdDevReq:0000000000000039 $d
     /tmp/ccJSEjdx.s:76     .text.USBD_StdDevReq:000000000000003a $t

UNDEFINED SYMBOLS
USBD_LL_StallEP
USBD_CtlSendData
USBD_LL_SetUSBAddress
USBD_CtlSendStatus
USBD_ClrClassConfig
USBD_SetClassConfig
USBD_LL_ClearStallEP
USBD_LL_IsStallEP
