ARM GAS  /tmp/cc7kQaPg.s 			page 1


   1              		.cpu cortex-m3
   2              		.eabi_attribute 20, 1
   3              		.eabi_attribute 21, 1
   4              		.eabi_attribute 23, 3
   5              		.eabi_attribute 24, 1
   6              		.eabi_attribute 25, 1
   7              		.eabi_attribute 26, 1
   8              		.eabi_attribute 30, 4
   9              		.eabi_attribute 34, 1
  10              		.eabi_attribute 18, 4
  11              		.file	"infinikeys_usb_desc.c"
  12              		.text
  13              		.global	IK_USB_DESCRIPTOR_LANGID
  14              		.global	IK_USB_DESCRIPTOR_HID_REPORT
  15              		.global	IK_USB_DESCRIPTOR_CONFIG
  16              		.global	IK_USB_DESCRIPTOR_DEVICE
  17              		.section	.data.IK_USB_DESCRIPTOR_CONFIG,"aw"
  20              	IK_USB_DESCRIPTOR_CONFIG:
  21 0000 09022900 		.ascii	"\011\002)\000\001\001\000\200\372\011\004\000\000\002"
  21      01010080 
  21      FA090400 
  21      0002
  22 000e 03000000 		.ascii	"\003\000\000\000\011!\021\001\000\001\"\216\000\007"
  22      09211101 
  22      0001228E 
  22      0007
  23 001c 05810308 		.ascii	"\005\201\003\010\000\005\007\005\001\003\010\000\005"
  23      00050705 
  23      01030800 
  23      05
  24              		.section	.data.IK_USB_DESCRIPTOR_DEVICE,"aw"
  27              	IK_USB_DESCRIPTOR_DEVICE:
  28 0000 12010002 		.ascii	"\022\001\000\002\000\000\000@\203\004\000\004\000\002"
  28      00000040 
  28      83040004 
  28      0002
  29 000e 01020301 		.ascii	"\001\002\003\001"
  30              		.section	.data.IK_USB_DESCRIPTOR_HID_REPORT,"aw"
  33              	IK_USB_DESCRIPTOR_HID_REPORT:
  34 0000 05010906 		.ascii	"\005\001\011\006\241\001\205\001u\001\225\010\005\007"
  34      A1018501 
  34      75019508 
  34      0507
  35 000e 19E029E7 		.ascii	"\031\340)\347\025\000%\001\201\002u\010\225\001\201"
  35      15002501 
  35      81027508 
  35      950181
  36 001d 03750195 		.ascii	"\003u\001\225\005\005\010\031\001)\005\221\002u\003"
  36      05050819 
  36      01290591 
  36      027503
  37 002c 95019103 		.ascii	"\225\001\221\003u\010\225\006\005\007\031\000)\377\025"
  37      75089506 
  37      05071900 
  37      29FF15
  38 003b 0025FF81 		.ascii	"\000%\377\201\000\205\002u\001\225\010\005\007\031\340"
  38      00850275 
ARM GAS  /tmp/cc7kQaPg.s 			page 2


  38      01950805 
  38      0719E0
  39 004a 29E71500 		.ascii	")\347\025\000%\001\201\002u\001\225\005\005\010\031"
  39      25018102 
  39      75019505 
  39      050819
  40 0059 01290591 		.ascii	"\001)\005\221\002u\003\225\001\221\003u\001\225\377"
  40      02750395 
  40      01910375 
  40      0195FF
  41 0068 05071900 		.ascii	"\005\007\031\000)\377\025\000%\001\201\002\300\006\000"
  41      29FF1500 
  41      25018102 
  41      C00600
  42 0077 FF0901A1 		.ascii	"\377\011\001\241\001\205\003\006\000\377\011\001\025"
  42      01850306 
  42      00FF0901 
  42      15
  43 0084 0025FF75 		.ascii	"\000%\377u\010\225@\221\002\300"
  43      08954091 
  43      02C0
  44              		.section	.data.IK_USB_DESCRIPTOR_LANGID,"aw"
  47              	IK_USB_DESCRIPTOR_LANGID:
  48 0000 04030000 		.ascii	"\004\003\000\000"
  49              		.ident	"GCC: (GNU Tools for Arm Embedded Processors 9-2019-q4-major) 9.2.1 20191025 (release) [ARM
ARM GAS  /tmp/cc7kQaPg.s 			page 3


DEFINED SYMBOLS
                            *ABS*:0000000000000000 infinikeys_usb_desc.c
     /tmp/cc7kQaPg.s:47     .data.IK_USB_DESCRIPTOR_LANGID:0000000000000000 IK_USB_DESCRIPTOR_LANGID
     /tmp/cc7kQaPg.s:33     .data.IK_USB_DESCRIPTOR_HID_REPORT:0000000000000000 IK_USB_DESCRIPTOR_HID_REPORT
     /tmp/cc7kQaPg.s:20     .data.IK_USB_DESCRIPTOR_CONFIG:0000000000000000 IK_USB_DESCRIPTOR_CONFIG
     /tmp/cc7kQaPg.s:27     .data.IK_USB_DESCRIPTOR_DEVICE:0000000000000000 IK_USB_DESCRIPTOR_DEVICE

NO UNDEFINED SYMBOLS
