ARM GAS  /tmp/ccfSym5n.s 			page 1


   1              		.cpu cortex-m3
   2              		.eabi_attribute 20, 1
   3              		.eabi_attribute 21, 1
   4              		.eabi_attribute 23, 3
   5              		.eabi_attribute 24, 1
   6              		.eabi_attribute 25, 1
   7              		.eabi_attribute 26, 1
   8              		.eabi_attribute 30, 4
   9              		.eabi_attribute 34, 1
  10              		.eabi_attribute 18, 4
  11              		.file	"infinikeys_cfg.c"
  12              		.text
  13              		.section	.text._IK_CFG_FreeCfgBuf,"ax",%progbits
  14              		.align	1
  15              		.arch armv7-m
  16              		.syntax unified
  17              		.thumb
  18              		.thumb_func
  19              		.fpu softvfp
  21              	_IK_CFG_FreeCfgBuf:
  22              		@ args = 0, pretend = 0, frame = 0
  23              		@ frame_needed = 0, uses_anonymous_args = 0
  24 0000 70B5     		push	{r4, r5, r6, lr}
  25 0002 0025     		movs	r5, #0
  26 0004 0C26     		movs	r6, #12
  27 0006 0A4C     		ldr	r4, .L4
  28              	.L2:
  29 0008 2288     		ldrh	r2, [r4]
  30 000a ABB2     		uxth	r3, r5
  31 000c 9A42     		cmp	r2, r3
  32 000e 6068     		ldr	r0, [r4, #4]
  33 0010 06D8     		bhi	.L3
  34 0012 0025     		movs	r5, #0
  35 0014 2580     		strh	r5, [r4]	@ movhi
  36 0016 FFF7FEFF 		bl	free
  37 001a 2846     		mov	r0, r5
  38 001c 6560     		str	r5, [r4, #4]
  39 001e 70BD     		pop	{r4, r5, r6, pc}
  40              	.L3:
  41 0020 ABB2     		uxth	r3, r5
  42 0022 06FB0303 		mla	r3, r6, r3, r0
  43 0026 9868     		ldr	r0, [r3, #8]
  44 0028 FFF7FEFF 		bl	free
  45 002c 0135     		adds	r5, r5, #1
  46 002e EBE7     		b	.L2
  47              	.L5:
  48              		.align	2
  49              	.L4:
  50 0030 00000000 		.word	.LANCHOR0
  52              		.section	.text._IK_CFG_ReallocCfgBuf,"ax",%progbits
  53              		.align	1
  54              		.syntax unified
  55              		.thumb
  56              		.thumb_func
  57              		.fpu softvfp
  59              	_IK_CFG_ReallocCfgBuf:
  60              		@ args = 0, pretend = 0, frame = 0
ARM GAS  /tmp/ccfSym5n.s 			page 2


  61              		@ frame_needed = 0, uses_anonymous_args = 0
  62 0000 431E     		subs	r3, r0, #1
  63 0002 B3F5007F 		cmp	r3, #512
  64 0006 2DE9F041 		push	{r4, r5, r6, r7, r8, lr}
  65 000a 0446     		mov	r4, r0
  66 000c 02D3     		bcc	.L7
  67              	.L9:
  68 000e 0120     		movs	r0, #1
  69              	.L8:
  70 0010 BDE8F081 		pop	{r4, r5, r6, r7, r8, pc}
  71              	.L7:
  72 0014 0E4D     		ldr	r5, .L20
  73 0016 2F88     		ldrh	r7, [r5]
  74 0018 002F     		cmp	r7, #0
  75 001a F8D0     		beq	.L9
  76 001c 6868     		ldr	r0, [r5, #4]
  77 001e 0028     		cmp	r0, #0
  78 0020 F5D0     		beq	.L9
  79 0022 4FF00C08 		mov	r8, #12
  80 0026 08FB04F1 		mul	r1, r8, r4
  81 002a FFF7FEFF 		bl	realloc
  82 002e 0646     		mov	r6, r0
  83 0030 0028     		cmp	r0, #0
  84 0032 ECD0     		beq	.L9
  85 0034 A742     		cmp	r7, r4
  86 0036 07D2     		bcs	.L10
  87 0038 E21B     		subs	r2, r4, r7
  88 003a 0021     		movs	r1, #0
  89 003c 08FB02F2 		mul	r2, r8, r2
  90 0040 08FB0700 		mla	r0, r8, r7, r0
  91 0044 FFF7FEFF 		bl	memset
  92              	.L10:
  93 0048 0020     		movs	r0, #0
  94 004a 2C80     		strh	r4, [r5]	@ movhi
  95 004c 6E60     		str	r6, [r5, #4]
  96 004e DFE7     		b	.L8
  97              	.L21:
  98              		.align	2
  99              	.L20:
 100 0050 00000000 		.word	.LANCHOR0
 102              		.section	.text._IK_CFG_ReallocCfgKeyLookupBuf,"ax",%progbits
 103              		.align	1
 104              		.syntax unified
 105              		.thumb
 106              		.thumb_func
 107              		.fpu softvfp
 109              	_IK_CFG_ReallocCfgKeyLookupBuf:
 110              		@ args = 0, pretend = 0, frame = 0
 111              		@ frame_needed = 0, uses_anonymous_args = 0
 112 0000 F8B5     		push	{r3, r4, r5, r6, r7, lr}
 113 0002 431E     		subs	r3, r0, #1
 114 0004 B3F5007F 		cmp	r3, #512
 115 0008 0446     		mov	r4, r0
 116 000a 01D3     		bcc	.L23
 117              	.L25:
 118 000c 0120     		movs	r0, #1
 119              	.L24:
ARM GAS  /tmp/ccfSym5n.s 			page 3


 120 000e F8BD     		pop	{r3, r4, r5, r6, r7, pc}
 121              	.L23:
 122 0010 0C4D     		ldr	r5, .L36
 123 0012 2F88     		ldrh	r7, [r5]
 124 0014 002F     		cmp	r7, #0
 125 0016 F9D0     		beq	.L25
 126 0018 6868     		ldr	r0, [r5, #4]
 127 001a 0028     		cmp	r0, #0
 128 001c F6D0     		beq	.L25
 129 001e E100     		lsls	r1, r4, #3
 130 0020 FFF7FEFF 		bl	realloc
 131 0024 0646     		mov	r6, r0
 132 0026 0028     		cmp	r0, #0
 133 0028 F0D0     		beq	.L25
 134 002a A742     		cmp	r7, r4
 135 002c 06D2     		bcs	.L26
 136 002e E21B     		subs	r2, r4, r7
 137 0030 0021     		movs	r1, #0
 138 0032 D200     		lsls	r2, r2, #3
 139 0034 00EBC700 		add	r0, r0, r7, lsl #3
 140 0038 FFF7FEFF 		bl	memset
 141              	.L26:
 142 003c 0020     		movs	r0, #0
 143 003e 2C80     		strh	r4, [r5]	@ movhi
 144 0040 6E60     		str	r6, [r5, #4]
 145 0042 E4E7     		b	.L24
 146              	.L37:
 147              		.align	2
 148              	.L36:
 149 0044 00000000 		.word	.LANCHOR1
 151              		.section	.text.IK_CFG_Init,"ax",%progbits
 152              		.align	1
 153              		.global	IK_CFG_Init
 154              		.syntax unified
 155              		.thumb
 156              		.thumb_func
 157              		.fpu softvfp
 159              	IK_CFG_Init:
 160              		@ args = 0, pretend = 0, frame = 0
 161              		@ frame_needed = 0, uses_anonymous_args = 0
 162 0000 70B5     		push	{r4, r5, r6, lr}
 163 0002 08B9     		cbnz	r0, .L39
 164              	.L41:
 165 0004 0120     		movs	r0, #1
 166              	.L40:
 167 0006 70BD     		pop	{r4, r5, r6, pc}
 168              	.L39:
 169 0008 0368     		ldr	r3, [r0]
 170 000a 002B     		cmp	r3, #0
 171 000c FAD0     		beq	.L41
 172 000e 0F4B     		ldr	r3, .L48
 173 0010 1D68     		ldr	r5, [r3]
 174 0012 002D     		cmp	r5, #0
 175 0014 F6D1     		bne	.L41
 176 0016 4024     		movs	r4, #64
 177 0018 0D4E     		ldr	r6, .L48+4
 178 001a 1860     		str	r0, [r3]
ARM GAS  /tmp/ccfSym5n.s 			page 4


 179 001c 0C21     		movs	r1, #12
 180 001e 2046     		mov	r0, r4
 181 0020 3480     		strh	r4, [r6]	@ movhi
 182 0022 FFF7FEFF 		bl	calloc
 183 0026 0B4B     		ldr	r3, .L48+8
 184 0028 7060     		str	r0, [r6, #4]
 185 002a 1D70     		strb	r5, [r3]
 186 002c 0028     		cmp	r0, #0
 187 002e E9D0     		beq	.L41
 188 0030 094E     		ldr	r6, .L48+12
 189 0032 0821     		movs	r1, #8
 190 0034 2046     		mov	r0, r4
 191 0036 3480     		strh	r4, [r6]	@ movhi
 192 0038 FFF7FEFF 		bl	calloc
 193 003c 7060     		str	r0, [r6, #4]
 194 003e B0FA80F0 		clz	r0, r0
 195 0042 064B     		ldr	r3, .L48+16
 196 0044 4009     		lsrs	r0, r0, #5
 197 0046 1D70     		strb	r5, [r3]
 198 0048 DDE7     		b	.L40
 199              	.L49:
 200 004a 00BF     		.align	2
 201              	.L48:
 202 004c 00000000 		.word	.LANCHOR2
 203 0050 00000000 		.word	.LANCHOR0
 204 0054 00000000 		.word	.LANCHOR3
 205 0058 00000000 		.word	.LANCHOR1
 206 005c 00000000 		.word	.LANCHOR4
 208              		.section	.text.IK_CFG_DeInit,"ax",%progbits
 209              		.align	1
 210              		.global	IK_CFG_DeInit
 211              		.syntax unified
 212              		.thumb
 213              		.thumb_func
 214              		.fpu softvfp
 216              	IK_CFG_DeInit:
 217              		@ args = 0, pretend = 0, frame = 0
 218              		@ frame_needed = 0, uses_anonymous_args = 0
 219 0000 38B5     		push	{r3, r4, r5, lr}
 220 0002 FFF7FEFF 		bl	_IK_CFG_FreeCfgBuf
 221 0006 0446     		mov	r4, r0
 222 0008 48B9     		cbnz	r0, .L52
 223 000a 064D     		ldr	r5, .L53
 224 000c 2880     		strh	r0, [r5]	@ movhi
 225 000e 6868     		ldr	r0, [r5, #4]
 226 0010 FFF7FEFF 		bl	free
 227 0014 044B     		ldr	r3, .L53+4
 228 0016 6C60     		str	r4, [r5, #4]
 229 0018 1C60     		str	r4, [r3]
 230              	.L51:
 231 001a 2046     		mov	r0, r4
 232 001c 38BD     		pop	{r3, r4, r5, pc}
 233              	.L52:
 234 001e 0124     		movs	r4, #1
 235 0020 FBE7     		b	.L51
 236              	.L54:
 237 0022 00BF     		.align	2
ARM GAS  /tmp/ccfSym5n.s 			page 5


 238              	.L53:
 239 0024 00000000 		.word	.LANCHOR1
 240 0028 00000000 		.word	.LANCHOR2
 242              		.section	.text.IK_CFG_SaveToMemory,"ax",%progbits
 243              		.align	1
 244              		.global	IK_CFG_SaveToMemory
 245              		.syntax unified
 246              		.thumb
 247              		.thumb_func
 248              		.fpu softvfp
 250              	IK_CFG_SaveToMemory:
 251              		@ args = 0, pretend = 0, frame = 8
 252              		@ frame_needed = 0, uses_anonymous_args = 0
 253 0000 4C4B     		ldr	r3, .L81
 254 0002 2DE9F347 		push	{r0, r1, r4, r5, r6, r7, r8, r9, r10, lr}
 255 0006 1F88     		ldrh	r7, [r3]
 256 0008 1FB9     		cbnz	r7, .L56
 257              	.L79:
 258 000a 0120     		movs	r0, #1
 259              	.L57:
 260 000c 02B0     		add	sp, sp, #8
 261              		@ sp needed
 262 000e BDE8F087 		pop	{r4, r5, r6, r7, r8, r9, r10, pc}
 263              	.L56:
 264 0012 D3F80490 		ldr	r9, [r3, #4]
 265 0016 B9F1000F 		cmp	r9, #0
 266 001a F6D0     		beq	.L79
 267 001c 464B     		ldr	r3, .L81+4
 268 001e D3F80080 		ldr	r8, [r3]
 269 0022 B8F1000F 		cmp	r8, #0
 270 0026 F0D0     		beq	.L79
 271 0028 D8F80020 		ldr	r2, [r8]
 272 002c 002A     		cmp	r2, #0
 273 002e ECD0     		beq	.L79
 274 0030 0023     		movs	r3, #0
 275 0032 0C24     		movs	r4, #12
 276 0034 07EB8705 		add	r5, r7, r7, lsl #2
 277 0038 6D00     		lsls	r5, r5, #1
 278 003a ADB2     		uxth	r5, r5
 279 003c 05F11006 		add	r6, r5, #16
 280 0040 09F10400 		add	r0, r9, #4
 281              	.L59:
 282 0044 99B2     		uxth	r1, r3
 283 0046 8F42     		cmp	r7, r1
 284 0048 23D8     		bhi	.L60
 285 004a 9369     		ldr	r3, [r2, #24]
 286 004c B342     		cmp	r3, r6
 287 004e DCD3     		bcc	.L79
 288 0050 3046     		mov	r0, r6
 289 0052 FFF7FEFF 		bl	malloc
 290 0056 0446     		mov	r4, r0
 291 0058 0028     		cmp	r0, #0
 292 005a D6D0     		beq	.L79
 293 005c 4946     		mov	r1, r9
 294 005e 4FF0000C 		mov	ip, #0
 295 0062 0422     		movs	r2, #4
 296 0064 2B1D     		adds	r3, r5, #4
ARM GAS  /tmp/ccfSym5n.s 			page 6


 297 0066 0680     		strh	r6, [r0]	@ movhi
 298 0068 4780     		strh	r7, [r0, #2]	@ movhi
 299 006a 9BB2     		uxth	r3, r3
 300              	.L61:
 301 006c 1FFA8CF0 		uxth	r0, ip
 302 0070 8742     		cmp	r7, r0
 303 0072 14D8     		bhi	.L64
 304 0074 CDE90046 		strd	r4, r6, [sp]
 305 0078 D8F80030 		ldr	r3, [r8]
 306 007c 02AA     		add	r2, sp, #8
 307 007e DB68     		ldr	r3, [r3, #12]
 308 0080 12E90600 		ldmdb	r2, {r1, r2}
 309 0084 0020     		movs	r0, #0
 310 0086 9847     		blx	r3
 311 0088 2046     		mov	r0, r4
 312 008a FFF7FEFF 		bl	free
 313 008e 0020     		movs	r0, #0
 314 0090 BCE7     		b	.L57
 315              	.L60:
 316 0092 04FB03F1 		mul	r1, r4, r3
 317 0096 415A     		ldrh	r1, [r0, r1]
 318 0098 0133     		adds	r3, r3, #1
 319 009a 0E44     		add	r6, r6, r1
 320 009c D2E7     		b	.L59
 321              	.L64:
 322 009e 0D68     		ldr	r5, [r1]
 323 00a0 02F10109 		add	r9, r2, #1
 324 00a4 4FEA152A 		lsr	r10, r5, #8
 325 00a8 1FFA89F9 		uxth	r9, r9
 326 00ac 8888     		ldrh	r0, [r1, #4]
 327 00ae D1F808E0 		ldr	lr, [r1, #8]
 328 00b2 A554     		strb	r5, [r4, r2]
 329 00b4 04F809A0 		strb	r10, [r4, r9]
 330 00b8 02F10209 		add	r9, r2, #2
 331 00bc 1FFA89F9 		uxth	r9, r9
 332 00c0 4FEA154A 		lsr	r10, r5, #16
 333 00c4 04F809A0 		strb	r10, [r4, r9]
 334 00c8 02F10309 		add	r9, r2, #3
 335 00cc 1FFA89F9 		uxth	r9, r9
 336 00d0 2D0E     		lsrs	r5, r5, #24
 337 00d2 04F80950 		strb	r5, [r4, r9]
 338 00d6 151D     		adds	r5, r2, #4
 339 00d8 ADB2     		uxth	r5, r5
 340 00da 6055     		strb	r0, [r4, r5]
 341 00dc 551D     		adds	r5, r2, #5
 342 00de 4FEA1029 		lsr	r9, r0, #8
 343 00e2 ADB2     		uxth	r5, r5
 344 00e4 04F80590 		strb	r9, [r4, r5]
 345 00e8 951D     		adds	r5, r2, #6
 346 00ea ADB2     		uxth	r5, r5
 347 00ec 6355     		strb	r3, [r4, r5]
 348 00ee D51D     		adds	r5, r2, #7
 349 00f0 ADB2     		uxth	r5, r5
 350 00f2 4FEA1329 		lsr	r9, r3, #8
 351 00f6 1844     		add	r0, r0, r3
 352 00f8 04F80590 		strb	r9, [r4, r5]
 353 00fc 0EF1FF3E 		add	lr, lr, #-1
ARM GAS  /tmp/ccfSym5n.s 			page 7


 354 0100 80B2     		uxth	r0, r0
 355              	.L62:
 356 0102 8342     		cmp	r3, r0
 357 0104 08D1     		bne	.L63
 358 0106 0832     		adds	r2, r2, #8
 359 0108 92B2     		uxth	r2, r2
 360 010a 9642     		cmp	r6, r2
 361 010c 0CF1010C 		add	ip, ip, #1
 362 0110 01F10C01 		add	r1, r1, #12
 363 0114 AAD8     		bhi	.L61
 364 0116 07E0     		b	.L80
 365              	.L63:
 366 0118 5D1C     		adds	r5, r3, #1
 367 011a 1EF8019F 		ldrb	r9, [lr, #1]!	@ zero_extendqisi2
 368 011e ADB2     		uxth	r5, r5
 369 0120 AE42     		cmp	r6, r5
 370 0122 04F80390 		strb	r9, [r4, r3]
 371 0126 03D8     		bhi	.L65
 372              	.L80:
 373 0128 2046     		mov	r0, r4
 374 012a FFF7FEFF 		bl	free
 375 012e 6CE7     		b	.L79
 376              	.L65:
 377 0130 2B46     		mov	r3, r5
 378 0132 E6E7     		b	.L62
 379              	.L82:
 380              		.align	2
 381              	.L81:
 382 0134 00000000 		.word	.LANCHOR0
 383 0138 00000000 		.word	.LANCHOR2
 385              		.section	.text.IK_CFG_ClearConfig,"ax",%progbits
 386              		.align	1
 387              		.global	IK_CFG_ClearConfig
 388              		.syntax unified
 389              		.thumb
 390              		.thumb_func
 391              		.fpu softvfp
 393              	IK_CFG_ClearConfig:
 394              		@ args = 0, pretend = 0, frame = 0
 395              		@ frame_needed = 0, uses_anonymous_args = 0
 396 0000 2DE9F843 		push	{r3, r4, r5, r6, r7, r8, r9, lr}
 397 0004 134B     		ldr	r3, .L91
 398 0006 0646     		mov	r6, r0
 399 0008 B3F80080 		ldrh	r8, [r3]
 400 000c B8F1000F 		cmp	r8, #0
 401 0010 1DD0     		beq	.L90
 402 0012 5C68     		ldr	r4, [r3, #4]
 403 0014 DCB1     		cbz	r4, .L90
 404 0016 D0B1     		cbz	r0, .L90
 405 0018 0025     		movs	r5, #0
 406 001a 2F46     		mov	r7, r5
 407 001c DFF83890 		ldr	r9, .L91+4
 408              	.L85:
 409 0020 ABB2     		uxth	r3, r5
 410 0022 9845     		cmp	r8, r3
 411 0024 02D8     		bhi	.L87
 412 0026 0020     		movs	r0, #0
ARM GAS  /tmp/ccfSym5n.s 			page 8


 413              	.L84:
 414 0028 BDE8F883 		pop	{r3, r4, r5, r6, r7, r8, r9, pc}
 415              	.L87:
 416 002c 2368     		ldr	r3, [r4]
 417 002e B342     		cmp	r3, r6
 418 0030 0AD1     		bne	.L86
 419 0032 A068     		ldr	r0, [r4, #8]
 420 0034 FFF7FEFF 		bl	free
 421 0038 99F80030 		ldrb	r3, [r9]	@ zero_extendqisi2
 422 003c 2760     		str	r7, [r4]
 423 003e 0133     		adds	r3, r3, #1
 424 0040 A780     		strh	r7, [r4, #4]	@ movhi
 425 0042 A760     		str	r7, [r4, #8]
 426 0044 89F80030 		strb	r3, [r9]
 427              	.L86:
 428 0048 0135     		adds	r5, r5, #1
 429 004a 0C34     		adds	r4, r4, #12
 430 004c E8E7     		b	.L85
 431              	.L90:
 432 004e 0120     		movs	r0, #1
 433 0050 EAE7     		b	.L84
 434              	.L92:
 435 0052 00BF     		.align	2
 436              	.L91:
 437 0054 00000000 		.word	.LANCHOR0
 438 0058 00000000 		.word	.LANCHOR3
 440              		.section	.text.IK_CFG_GetConfig,"ax",%progbits
 441              		.align	1
 442              		.global	IK_CFG_GetConfig
 443              		.syntax unified
 444              		.thumb
 445              		.thumb_func
 446              		.fpu softvfp
 448              	IK_CFG_GetConfig:
 449              		@ args = 0, pretend = 0, frame = 0
 450              		@ frame_needed = 0, uses_anonymous_args = 0
 451 0000 114A     		ldr	r2, .L106
 452 0002 F0B5     		push	{r4, r5, r6, r7, lr}
 453 0004 1688     		ldrh	r6, [r2]
 454 0006 0346     		mov	r3, r0
 455 0008 0EB1     		cbz	r6, .L94
 456 000a 5468     		ldr	r4, [r2, #4]
 457 000c 2CB9     		cbnz	r4, .L95
 458              	.L94:
 459 000e 0022     		movs	r2, #0
 460 0010 1A60     		str	r2, [r3]
 461 0012 9A80     		strh	r2, [r3, #4]	@ movhi
 462 0014 9A60     		str	r2, [r3, #8]
 463              	.L93:
 464 0016 1846     		mov	r0, r3
 465 0018 F0BD     		pop	{r4, r5, r6, r7, pc}
 466              	.L95:
 467 001a 0029     		cmp	r1, #0
 468 001c F7D0     		beq	.L94
 469 001e 0022     		movs	r2, #0
 470 0020 0C27     		movs	r7, #12
 471 0022 A4F10C0C 		sub	ip, r4, #12
ARM GAS  /tmp/ccfSym5n.s 			page 9


 472              	.L97:
 473 0026 90B2     		uxth	r0, r2
 474 0028 8642     		cmp	r6, r0
 475 002a F0D9     		bls	.L94
 476 002c 07FB02F0 		mul	r0, r7, r2
 477 0030 2518     		adds	r5, r4, r0
 478 0032 0C30     		adds	r0, r0, #12
 479 0034 5CF80000 		ldr	r0, [ip, r0]
 480 0038 0132     		adds	r2, r2, #1
 481 003a 8842     		cmp	r0, r1
 482 003c F3D1     		bne	.L97
 483 003e 95E80700 		ldm	r5, {r0, r1, r2}
 484 0042 83E80700 		stm	r3, {r0, r1, r2}
 485 0046 E6E7     		b	.L93
 486              	.L107:
 487              		.align	2
 488              	.L106:
 489 0048 00000000 		.word	.LANCHOR0
 491              		.section	.text.IK_CFG_IsConfigSet,"ax",%progbits
 492              		.align	1
 493              		.global	IK_CFG_IsConfigSet
 494              		.syntax unified
 495              		.thumb
 496              		.thumb_func
 497              		.fpu softvfp
 499              	IK_CFG_IsConfigSet:
 500              		@ args = 0, pretend = 0, frame = 0
 501              		@ frame_needed = 0, uses_anonymous_args = 0
 502 0000 0B4B     		ldr	r3, .L117
 503 0002 30B5     		push	{r4, r5, lr}
 504 0004 1988     		ldrh	r1, [r3]
 505 0006 41B1     		cbz	r1, .L116
 506 0008 5B68     		ldr	r3, [r3, #4]
 507 000a 33B1     		cbz	r3, .L116
 508 000c 30B1     		cbz	r0, .L109
 509 000e 0022     		movs	r2, #0
 510 0010 0C25     		movs	r5, #12
 511 0012 0C3B     		subs	r3, r3, #12
 512              	.L110:
 513 0014 94B2     		uxth	r4, r2
 514 0016 A142     		cmp	r1, r4
 515 0018 01D8     		bhi	.L111
 516              	.L116:
 517 001a 0020     		movs	r0, #0
 518              	.L109:
 519 001c 30BD     		pop	{r4, r5, pc}
 520              	.L111:
 521 001e 0132     		adds	r2, r2, #1
 522 0020 05FB02F4 		mul	r4, r5, r2
 523 0024 1C59     		ldr	r4, [r3, r4]
 524 0026 8442     		cmp	r4, r0
 525 0028 F4D1     		bne	.L110
 526 002a 0120     		movs	r0, #1
 527 002c F6E7     		b	.L109
 528              	.L118:
 529 002e 00BF     		.align	2
 530              	.L117:
ARM GAS  /tmp/ccfSym5n.s 			page 10


 531 0030 00000000 		.word	.LANCHOR0
 533              		.section	.text.IK_CFG_ForceCompactification,"ax",%progbits
 534              		.align	1
 535              		.global	IK_CFG_ForceCompactification
 536              		.syntax unified
 537              		.thumb
 538              		.thumb_func
 539              		.fpu softvfp
 541              	IK_CFG_ForceCompactification:
 542              		@ args = 0, pretend = 0, frame = 0
 543              		@ frame_needed = 0, uses_anonymous_args = 0
 544 0000 2DE9F84F 		push	{r3, r4, r5, r6, r7, r8, r9, r10, fp, lr}
 545 0004 204B     		ldr	r3, .L130
 546 0006 B3F800E0 		ldrh	lr, [r3]
 547 000a BEF1000F 		cmp	lr, #0
 548 000e 38D0     		beq	.L128
 549 0010 5E68     		ldr	r6, [r3, #4]
 550 0012 B6B3     		cbz	r6, .L128
 551 0014 0025     		movs	r5, #0
 552 0016 4FF00C0C 		mov	ip, #12
 553 001a A846     		mov	r8, r5
 554 001c 0EF1FF37 		add	r7, lr, #-1
 555 0020 BFB2     		uxth	r7, r7
 556 0022 0CFB07F9 		mul	r9, ip, r7
 557 0026 06EB0C0A 		add	r10, r6, ip
 558              	.L121:
 559 002a 1FFA85FB 		uxth	fp, r5
 560 002e DE45     		cmp	lr, fp
 561 0030 01D8     		bhi	.L126
 562 0032 0020     		movs	r0, #0
 563 0034 23E0     		b	.L120
 564              	.L126:
 565 0036 0CFB05F3 		mul	r3, ip, r5
 566 003a F258     		ldr	r2, [r6, r3]
 567 003c 92B9     		cbnz	r2, .L123
 568 003e 4946     		mov	r1, r9
 569 0040 3846     		mov	r0, r7
 570 0042 13E0     		b	.L122
 571              	.L125:
 572 0044 7418     		adds	r4, r6, r1
 573 0046 0C39     		subs	r1, r1, #12
 574 0048 5AF80120 		ldr	r2, [r10, r1]
 575 004c 62B1     		cbz	r2, .L124
 576 004e 3344     		add	r3, r3, r6
 577 0050 94E80700 		ldm	r4, {r0, r1, r2}
 578 0054 83E80700 		stm	r3, {r0, r1, r2}
 579 0058 C4F80080 		str	r8, [r4]
 580 005c A4F80480 		strh	r8, [r4, #4]	@ movhi
 581 0060 C4F80880 		str	r8, [r4, #8]
 582              	.L123:
 583 0064 0135     		adds	r5, r5, #1
 584 0066 E0E7     		b	.L121
 585              	.L124:
 586 0068 0138     		subs	r0, r0, #1
 587 006a 80B2     		uxth	r0, r0
 588              	.L122:
 589 006c 5845     		cmp	r0, fp
ARM GAS  /tmp/ccfSym5n.s 			page 11


 590 006e E9D1     		bne	.L125
 591 0070 0B30     		adds	r0, r0, #11
 592 0072 80B2     		uxth	r0, r0
 593 0074 FFF7FEFF 		bl	_IK_CFG_ReallocCfgBuf
 594 0078 0020     		movs	r0, #0
 595 007a 044B     		ldr	r3, .L130+4
 596 007c 1870     		strb	r0, [r3]
 597              	.L120:
 598 007e BDE8F88F 		pop	{r3, r4, r5, r6, r7, r8, r9, r10, fp, pc}
 599              	.L128:
 600 0082 0120     		movs	r0, #1
 601 0084 FBE7     		b	.L120
 602              	.L131:
 603 0086 00BF     		.align	2
 604              	.L130:
 605 0088 00000000 		.word	.LANCHOR0
 606 008c 00000000 		.word	.LANCHOR3
 608              		.section	.text.IK_CFG_KLT_RemoveItem,"ax",%progbits
 609              		.align	1
 610              		.global	IK_CFG_KLT_RemoveItem
 611              		.syntax unified
 612              		.thumb
 613              		.thumb_func
 614              		.fpu softvfp
 616              	IK_CFG_KLT_RemoveItem:
 617              		@ args = 0, pretend = 0, frame = 0
 618              		@ frame_needed = 0, uses_anonymous_args = 0
 619 0000 164B     		ldr	r3, .L144
 620 0002 2DE9F041 		push	{r4, r5, r6, r7, r8, lr}
 621 0006 5968     		ldr	r1, [r3, #4]
 622 0008 29B3     		cbz	r1, .L140
 623 000a B3F800C0 		ldrh	ip, [r3]
 624 000e BCF1000F 		cmp	ip, #0
 625 0012 20D0     		beq	.L140
 626 0014 F8B1     		cbz	r0, .L140
 627 0016 0023     		movs	r3, #0
 628 0018 1E46     		mov	r6, r3
 629 001a 1D46     		mov	r5, r3
 630 001c 104C     		ldr	r4, .L144+4
 631 001e 01F1040E 		add	lr, r1, #4
 632 0022 2278     		ldrb	r2, [r4]	@ zero_extendqisi2
 633 0024 01F10608 		add	r8, r1, #6
 634              	.L134:
 635 0028 9FB2     		uxth	r7, r3
 636 002a BC45     		cmp	ip, r7
 637 002c 04D8     		bhi	.L136
 638 002e 06B1     		cbz	r6, .L137
 639 0030 2270     		strb	r2, [r4]
 640              	.L137:
 641 0032 0020     		movs	r0, #0
 642              	.L133:
 643 0034 BDE8F081 		pop	{r4, r5, r6, r7, r8, pc}
 644              	.L136:
 645 0038 51F83370 		ldr	r7, [r1, r3, lsl #3]
 646 003c 8742     		cmp	r7, r0
 647 003e 08D1     		bne	.L135
 648 0040 0126     		movs	r6, #1
ARM GAS  /tmp/ccfSym5n.s 			page 12


 649 0042 0132     		adds	r2, r2, #1
 650 0044 41F83350 		str	r5, [r1, r3, lsl #3]
 651 0048 D2B2     		uxtb	r2, r2
 652 004a 2EF83350 		strh	r5, [lr, r3, lsl #3]	@ movhi
 653 004e 08F83350 		strb	r5, [r8, r3, lsl #3]
 654              	.L135:
 655 0052 0133     		adds	r3, r3, #1
 656 0054 E8E7     		b	.L134
 657              	.L140:
 658 0056 0120     		movs	r0, #1
 659 0058 ECE7     		b	.L133
 660              	.L145:
 661 005a 00BF     		.align	2
 662              	.L144:
 663 005c 00000000 		.word	.LANCHOR1
 664 0060 00000000 		.word	.LANCHOR4
 666              		.section	.text.IK_CFG_KLT_LookupKey,"ax",%progbits
 667              		.align	1
 668              		.global	IK_CFG_KLT_LookupKey
 669              		.syntax unified
 670              		.thumb
 671              		.thumb_func
 672              		.fpu softvfp
 674              	IK_CFG_KLT_LookupKey:
 675              		@ args = 0, pretend = 0, frame = 0
 676              		@ frame_needed = 0, uses_anonymous_args = 0
 677 0000 104A     		ldr	r2, .L159
 678 0002 0346     		mov	r3, r0
 679 0004 5068     		ldr	r0, [r2, #4]
 680 0006 F0B5     		push	{r4, r5, r6, r7, lr}
 681 0008 08B1     		cbz	r0, .L147
 682 000a 1488     		ldrh	r4, [r2]
 683 000c 2CB9     		cbnz	r4, .L148
 684              	.L147:
 685 000e 0022     		movs	r2, #0
 686 0010 1A60     		str	r2, [r3]
 687 0012 9A80     		strh	r2, [r3, #4]	@ movhi
 688 0014 9A71     		strb	r2, [r3, #6]
 689              	.L146:
 690 0016 1846     		mov	r0, r3
 691 0018 F0BD     		pop	{r4, r5, r6, r7, pc}
 692              	.L148:
 693 001a 0029     		cmp	r1, #0
 694 001c F7D0     		beq	.L147
 695 001e 0022     		movs	r2, #0
 696 0020 A0F10806 		sub	r6, r0, #8
 697              	.L150:
 698 0024 95B2     		uxth	r5, r2
 699 0026 AC42     		cmp	r4, r5
 700 0028 F1D9     		bls	.L147
 701 002a 00EBC205 		add	r5, r0, r2, lsl #3
 702 002e 0132     		adds	r2, r2, #1
 703 0030 56F83270 		ldr	r7, [r6, r2, lsl #3]
 704 0034 8F42     		cmp	r7, r1
 705 0036 F5D1     		bne	.L150
 706 0038 95E80300 		ldm	r5, {r0, r1}
 707 003c 83E80300 		stm	r3, {r0, r1}
ARM GAS  /tmp/ccfSym5n.s 			page 13


 708 0040 E9E7     		b	.L146
 709              	.L160:
 710 0042 00BF     		.align	2
 711              	.L159:
 712 0044 00000000 		.word	.LANCHOR1
 714              		.section	.text.IK_CFG_IsValueSizeValid,"ax",%progbits
 715              		.align	1
 716              		.global	IK_CFG_IsValueSizeValid
 717              		.syntax unified
 718              		.thumb
 719              		.thumb_func
 720              		.fpu softvfp
 722              	IK_CFG_IsValueSizeValid:
 723              		@ args = 0, pretend = 0, frame = 8
 724              		@ frame_needed = 0, uses_anonymous_args = 0
 725 0000 37B5     		push	{r0, r1, r2, r4, r5, lr}
 726 0002 0546     		mov	r5, r0
 727 0004 0C46     		mov	r4, r1
 728 0006 0146     		mov	r1, r0
 729 0008 6846     		mov	r0, sp
 730 000a FFF7FEFF 		bl	IK_CFG_KLT_LookupKey
 731 000e 0098     		ldr	r0, [sp]
 732 0010 A842     		cmp	r0, r5
 733 0012 09D1     		bne	.L167
 734 0014 68B1     		cbz	r0, .L162
 735 0016 9DF80630 		ldrb	r3, [sp, #6]	@ zero_extendqisi2
 736 001a BDF80400 		ldrh	r0, [sp, #4]
 737 001e 022B     		cmp	r3, #2
 738 0020 04D9     		bls	.L163
 739 0022 033B     		subs	r3, r3, #3
 740 0024 012B     		cmp	r3, #1
 741 0026 06D9     		bls	.L168
 742              	.L167:
 743 0028 0020     		movs	r0, #0
 744 002a 02E0     		b	.L162
 745              	.L163:
 746 002c 231A     		subs	r3, r4, r0
 747 002e 5842     		rsbs	r0, r3, #0
 748 0030 5841     		adcs	r0, r0, r3
 749              	.L162:
 750 0032 03B0     		add	sp, sp, #12
 751              		@ sp needed
 752 0034 30BD     		pop	{r4, r5, pc}
 753              	.L168:
 754 0036 8442     		cmp	r4, r0
 755 0038 8CBF     		ite	hi
 756 003a 0020     		movhi	r0, #0
 757 003c 0120     		movls	r0, #1
 758 003e F8E7     		b	.L162
 760              		.section	.text.IK_CFG_SetConfig,"ax",%progbits
 761              		.align	1
 762              		.global	IK_CFG_SetConfig
 763              		.syntax unified
 764              		.thumb
 765              		.thumb_func
 766              		.fpu softvfp
 768              	IK_CFG_SetConfig:
ARM GAS  /tmp/ccfSym5n.s 			page 14


 769              		@ args = 0, pretend = 0, frame = 16
 770              		@ frame_needed = 0, uses_anonymous_args = 0
 771 0000 2DE9F043 		push	{r4, r5, r6, r7, r8, r9, lr}
 772 0004 274E     		ldr	r6, .L192
 773 0006 85B0     		sub	sp, sp, #20
 774 0008 3388     		ldrh	r3, [r6]
 775 000a 01AD     		add	r5, sp, #4
 776 000c 85E80700 		stm	r5, {r0, r1, r2}
 777 0010 1BB9     		cbnz	r3, .L170
 778              	.L172:
 779 0012 0120     		movs	r0, #1
 780              	.L171:
 781 0014 05B0     		add	sp, sp, #20
 782              		@ sp needed
 783 0016 BDE8F083 		pop	{r4, r5, r6, r7, r8, r9, pc}
 784              	.L170:
 785 001a 7368     		ldr	r3, [r6, #4]
 786 001c 002B     		cmp	r3, #0
 787 001e F8D0     		beq	.L172
 788 0020 019F     		ldr	r7, [sp, #4]
 789 0022 002F     		cmp	r7, #0
 790 0024 F5D0     		beq	.L172
 791 0026 039B     		ldr	r3, [sp, #12]
 792 0028 002B     		cmp	r3, #0
 793 002a F2D0     		beq	.L172
 794 002c 3846     		mov	r0, r7
 795 002e BDF80810 		ldrh	r1, [sp, #8]
 796 0032 FFF7FEFF 		bl	IK_CFG_IsValueSizeValid
 797 0036 0028     		cmp	r0, #0
 798 0038 EBD0     		beq	.L172
 799 003a 4FF00008 		mov	r8, #0
 800 003e 4FF00C09 		mov	r9, #12
 801              	.L179:
 802 0042 0022     		movs	r2, #0
 803 0044 4FF0FF33 		mov	r3, #-1
 804 0048 3088     		ldrh	r0, [r6]
 805 004a 7468     		ldr	r4, [r6, #4]
 806              	.L173:
 807 004c 91B2     		uxth	r1, r2
 808 004e 8842     		cmp	r0, r1
 809 0050 0DD8     		bhi	.L177
 810 0052 5A1C     		adds	r2, r3, #1
 811 0054 18D1     		bne	.L176
 812 0056 18F0FF0F 		tst	r8, #255
 813 005a DAD1     		bne	.L172
 814 005c 2030     		adds	r0, r0, #32
 815 005e 80B2     		uxth	r0, r0
 816 0060 FFF7FEFF 		bl	_IK_CFG_ReallocCfgBuf
 817 0064 0028     		cmp	r0, #0
 818 0066 D4D1     		bne	.L172
 819 0068 08F10108 		add	r8, r8, #1
 820 006c E9E7     		b	.L179
 821              	.L177:
 822 006e 09FB02F1 		mul	r1, r9, r2
 823 0072 6158     		ldr	r1, [r4, r1]
 824 0074 29B9     		cbnz	r1, .L174
 825 0076 B3F1FF3F 		cmp	r3, #-1
ARM GAS  /tmp/ccfSym5n.s 			page 15


 826 007a 08BF     		it	eq
 827 007c 1346     		moveq	r3, r2
 828              	.L175:
 829 007e 0132     		adds	r2, r2, #1
 830 0080 E4E7     		b	.L173
 831              	.L174:
 832 0082 B942     		cmp	r1, r7
 833 0084 FBD1     		bne	.L175
 834 0086 1346     		mov	r3, r2
 835              	.L176:
 836 0088 0C22     		movs	r2, #12
 837 008a 02FB0344 		mla	r4, r2, r3, r4
 838 008e A068     		ldr	r0, [r4, #8]
 839 0090 FFF7FEFF 		bl	free
 840 0094 0197     		str	r7, [sp, #4]
 841 0096 95E80700 		ldm	r5, {r0, r1, r2}
 842 009a 84E80700 		stm	r4, {r0, r1, r2}
 843 009e 0020     		movs	r0, #0
 844 00a0 B8E7     		b	.L171
 845              	.L193:
 846 00a2 00BF     		.align	2
 847              	.L192:
 848 00a4 00000000 		.word	.LANCHOR0
 850              		.section	.text.IK_CFG_LoadConfigFromMemory,"ax",%progbits
 851              		.align	1
 852              		.global	IK_CFG_LoadConfigFromMemory
 853              		.syntax unified
 854              		.thumb
 855              		.thumb_func
 856              		.fpu softvfp
 858              	IK_CFG_LoadConfigFromMemory:
 859              		@ args = 0, pretend = 0, frame = 32
 860              		@ frame_needed = 0, uses_anonymous_args = 0
 861 0000 2DE9F04F 		push	{r4, r5, r6, r7, r8, r9, r10, fp, lr}
 862 0004 414D     		ldr	r5, .L207
 863 0006 89B0     		sub	sp, sp, #36
 864 0008 2B88     		ldrh	r3, [r5]
 865 000a 002B     		cmp	r3, #0
 866 000c 74D0     		beq	.L205
 867 000e 6B68     		ldr	r3, [r5, #4]
 868 0010 002B     		cmp	r3, #0
 869 0012 71D0     		beq	.L205
 870 0014 3E4E     		ldr	r6, .L207+4
 871 0016 3368     		ldr	r3, [r6]
 872 0018 002B     		cmp	r3, #0
 873 001a 6DD0     		beq	.L205
 874 001c 1B68     		ldr	r3, [r3]
 875 001e 002B     		cmp	r3, #0
 876 0020 6AD0     		beq	.L205
 877 0022 1B69     		ldr	r3, [r3, #16]
 878 0024 0020     		movs	r0, #0
 879 0026 9847     		blx	r3
 880 0028 3368     		ldr	r3, [r6]
 881 002a 0446     		mov	r4, r0
 882 002c 1B68     		ldr	r3, [r3]
 883 002e 0120     		movs	r0, #1
 884 0030 1B69     		ldr	r3, [r3, #16]
ARM GAS  /tmp/ccfSym5n.s 			page 16


 885 0032 9847     		blx	r3
 886 0034 3368     		ldr	r3, [r6]
 887 0036 C0EB0020 		rsb	r0, r0, r0, lsl #8
 888 003a 1B68     		ldr	r3, [r3]
 889 003c 0219     		adds	r2, r0, r4
 890 003e 0021     		movs	r1, #0
 891 0040 5B69     		ldr	r3, [r3, #20]
 892 0042 03A8     		add	r0, sp, #12
 893 0044 9847     		blx	r3
 894 0046 039C     		ldr	r4, [sp, #12]
 895 0048 0426     		movs	r6, #4
 896 004a E378     		ldrb	r3, [r4, #3]	@ zero_extendqisi2
 897 004c A778     		ldrb	r7, [r4, #2]	@ zero_extendqisi2
 898 004e C3EB0323 		rsb	r3, r3, r3, lsl #8
 899 0052 3B44     		add	r3, r3, r7
 900 0054 9FB2     		uxth	r7, r3
 901 0056 FFF7FEFF 		bl	_IK_CFG_FreeCfgBuf
 902 005a 4020     		movs	r0, #64
 903 005c 0C21     		movs	r1, #12
 904 005e 2880     		strh	r0, [r5]	@ movhi
 905 0060 FFF7FEFF 		bl	calloc
 906 0064 6860     		str	r0, [r5, #4]
 907 0066 0025     		movs	r5, #0
 908 0068 4FF47F49 		mov	r9, #65280
 909 006c 4FF47F0A 		mov	r10, #16711680
 910 0070 284B     		ldr	r3, .L207+8
 911 0072 0DF11408 		add	r8, sp, #20
 912 0076 1D70     		strb	r5, [r3]
 913              	.L196:
 914 0078 ABB2     		uxth	r3, r5
 915 007a 9F42     		cmp	r7, r3
 916 007c 06D8     		bhi	.L201
 917 007e 2046     		mov	r0, r4
 918 0080 FFF7FEFF 		bl	free
 919 0084 0020     		movs	r0, #0
 920              	.L195:
 921 0086 09B0     		add	sp, sp, #36
 922              		@ sp needed
 923 0088 BDE8F08F 		pop	{r4, r5, r6, r7, r8, r9, r10, fp, pc}
 924              	.L201:
 925 008c A019     		adds	r0, r4, r6
 926 008e 4378     		ldrb	r3, [r0, #1]	@ zero_extendqisi2
 927 0090 4179     		ldrb	r1, [r0, #5]	@ zero_extendqisi2
 928 0092 C3EB0322 		rsb	r2, r3, r3, lsl #8
 929 0096 8378     		ldrb	r3, [r0, #2]	@ zero_extendqisi2
 930 0098 90F806B0 		ldrb	fp, [r0, #6]	@ zero_extendqisi2
 931 009c 09FB0323 		mla	r3, r9, r3, r2
 932 00a0 A25D     		ldrb	r2, [r4, r6]	@ zero_extendqisi2
 933 00a2 C1EB0121 		rsb	r1, r1, r1, lsl #8
 934 00a6 1344     		add	r3, r3, r2
 935 00a8 C278     		ldrb	r2, [r0, #3]	@ zero_extendqisi2
 936 00aa 0AFB0233 		mla	r3, r10, r2, r3
 937 00ae 0279     		ldrb	r2, [r0, #4]	@ zero_extendqisi2
 938 00b0 C079     		ldrb	r0, [r0, #7]	@ zero_extendqisi2
 939 00b2 1144     		add	r1, r1, r2
 940 00b4 C0EB0020 		rsb	r0, r0, r0, lsl #8
 941 00b8 89B2     		uxth	r1, r1
ARM GAS  /tmp/ccfSym5n.s 			page 17


 942 00ba 5844     		add	r0, r0, fp
 943 00bc 1FFA80FB 		uxth	fp, r0
 944 00c0 0846     		mov	r0, r1
 945 00c2 0193     		str	r3, [sp, #4]
 946 00c4 0091     		str	r1, [sp]
 947 00c6 FFF7FEFF 		bl	malloc
 948 00ca 90B1     		cbz	r0, .L206
 949 00cc 8446     		mov	ip, r0
 950 00ce 0099     		ldr	r1, [sp]
 951 00d0 019B     		ldr	r3, [sp, #4]
 952 00d2 04EB0B02 		add	r2, r4, fp
 953 00d6 01EB000E 		add	lr, r1, r0
 954              	.L198:
 955 00da F445     		cmp	ip, lr
 956 00dc 0ED1     		bne	.L199
 957 00de 0593     		str	r3, [sp, #20]
 958 00e0 ADF81810 		strh	r1, [sp, #24]	@ movhi
 959 00e4 0790     		str	r0, [sp, #28]
 960 00e6 98E80700 		ldm	r8, {r0, r1, r2}
 961 00ea FFF7FEFF 		bl	IK_CFG_SetConfig
 962 00ee 0135     		adds	r5, r5, #1
 963 00f0 48B1     		cbz	r0, .L200
 964              	.L206:
 965 00f2 2046     		mov	r0, r4
 966 00f4 FFF7FEFF 		bl	free
 967              	.L205:
 968 00f8 0120     		movs	r0, #1
 969 00fa C4E7     		b	.L195
 970              	.L199:
 971 00fc 12F801BB 		ldrb	fp, [r2], #1	@ zero_extendqisi2
 972 0100 0CF801BB 		strb	fp, [ip], #1
 973 0104 E9E7     		b	.L198
 974              	.L200:
 975 0106 0A36     		adds	r6, r6, #10
 976 0108 B6B2     		uxth	r6, r6
 977 010a B5E7     		b	.L196
 978              	.L208:
 979              		.align	2
 980              	.L207:
 981 010c 00000000 		.word	.LANCHOR0
 982 0110 00000000 		.word	.LANCHOR2
 983 0114 00000000 		.word	.LANCHOR3
 985              		.section	.text.IK_CFG_KLT_HasKey,"ax",%progbits
 986              		.align	1
 987              		.global	IK_CFG_KLT_HasKey
 988              		.syntax unified
 989              		.thumb
 990              		.thumb_func
 991              		.fpu softvfp
 993              	IK_CFG_KLT_HasKey:
 994              		@ args = 0, pretend = 0, frame = 0
 995              		@ frame_needed = 0, uses_anonymous_args = 0
 996 0000 0A4A     		ldr	r2, .L217
 997 0002 0146     		mov	r1, r0
 998 0004 5368     		ldr	r3, [r2, #4]
 999 0006 10B5     		push	{r4, lr}
 1000 0008 33B1     		cbz	r3, .L216
ARM GAS  /tmp/ccfSym5n.s 			page 18


 1001 000a 1088     		ldrh	r0, [r2]
 1002 000c 28B1     		cbz	r0, .L210
 1003 000e 0022     		movs	r2, #0
 1004 0010 083B     		subs	r3, r3, #8
 1005              	.L211:
 1006 0012 94B2     		uxth	r4, r2
 1007 0014 A042     		cmp	r0, r4
 1008 0016 01D8     		bhi	.L212
 1009              	.L216:
 1010 0018 0020     		movs	r0, #0
 1011              	.L210:
 1012 001a 10BD     		pop	{r4, pc}
 1013              	.L212:
 1014 001c 0132     		adds	r2, r2, #1
 1015 001e 53F83240 		ldr	r4, [r3, r2, lsl #3]
 1016 0022 8C42     		cmp	r4, r1
 1017 0024 F5D1     		bne	.L211
 1018 0026 0120     		movs	r0, #1
 1019 0028 F7E7     		b	.L210
 1020              	.L218:
 1021 002a 00BF     		.align	2
 1022              	.L217:
 1023 002c 00000000 		.word	.LANCHOR1
 1025              		.section	.text.IK_CFG_KLT_AddItem,"ax",%progbits
 1026              		.align	1
 1027              		.global	IK_CFG_KLT_AddItem
 1028              		.syntax unified
 1029              		.thumb
 1030              		.thumb_func
 1031              		.fpu softvfp
 1033              	IK_CFG_KLT_AddItem:
 1034              		@ args = 0, pretend = 0, frame = 8
 1035              		@ frame_needed = 0, uses_anonymous_args = 0
 1036 0000 2DE9F347 		push	{r0, r1, r4, r5, r6, r7, r8, r9, r10, lr}
 1037 0004 6E46     		mov	r6, sp
 1038 0006 204C     		ldr	r4, .L239
 1039 0008 86E80300 		stm	r6, {r0, r1}
 1040 000c 6368     		ldr	r3, [r4, #4]
 1041 000e 03B3     		cbz	r3, .L220
 1042 0010 2388     		ldrh	r3, [r4]
 1043 0012 F3B1     		cbz	r3, .L220
 1044 0014 8146     		mov	r9, r0
 1045 0016 E0B1     		cbz	r0, .L220
 1046 0018 FFF7FEFF 		bl	IK_CFG_KLT_HasKey
 1047 001c 0546     		mov	r5, r0
 1048 001e C0B9     		cbnz	r0, .L220
 1049 0020 BDF804A0 		ldrh	r10, [sp, #4]
 1050 0024 0AF1FF33 		add	r3, r10, #-1
 1051 0028 7F2B     		cmp	r3, #127
 1052 002a 12D8     		bhi	.L220
 1053 002c 8046     		mov	r8, r0
 1054              	.L226:
 1055 002e 0023     		movs	r3, #0
 1056 0030 6168     		ldr	r1, [r4, #4]
 1057 0032 2088     		ldrh	r0, [r4]
 1058 0034 A1F1080E 		sub	lr, r1, #8
 1059              	.L221:
ARM GAS  /tmp/ccfSym5n.s 			page 19


 1060 0038 9FB2     		uxth	r7, r3
 1061 003a B842     		cmp	r0, r7
 1062 003c 0BD8     		bhi	.L223
 1063 003e 19D1     		bne	.L222
 1064 0040 18F0FF0F 		tst	r8, #255
 1065 0044 05D1     		bne	.L220
 1066 0046 07F12000 		add	r0, r7, #32
 1067 004a 80B2     		uxth	r0, r0
 1068 004c FFF7FEFF 		bl	_IK_CFG_ReallocCfgKeyLookupBuf
 1069 0050 80B1     		cbz	r0, .L222
 1070              	.L220:
 1071 0052 0125     		movs	r5, #1
 1072 0054 13E0     		b	.L227
 1073              	.L223:
 1074 0056 01EBC30C 		add	ip, r1, r3, lsl #3
 1075 005a 0133     		adds	r3, r3, #1
 1076 005c 5EF83320 		ldr	r2, [lr, r3, lsl #3]
 1077 0060 002A     		cmp	r2, #0
 1078 0062 E9D1     		bne	.L221
 1079 0064 CDF80090 		str	r9, [sp]
 1080 0068 ADF804A0 		strh	r10, [sp, #4]	@ movhi
 1081 006c 96E80300 		ldm	r6, {r0, r1}
 1082 0070 8CE80300 		stm	ip, {r0, r1}
 1083              	.L222:
 1084 0074 2388     		ldrh	r3, [r4]
 1085 0076 08F10108 		add	r8, r8, #1
 1086 007a BB42     		cmp	r3, r7
 1087 007c D7D0     		beq	.L226
 1088              	.L227:
 1089 007e 2846     		mov	r0, r5
 1090 0080 02B0     		add	sp, sp, #8
 1091              		@ sp needed
 1092 0082 BDE8F087 		pop	{r4, r5, r6, r7, r8, r9, r10, pc}
 1093              	.L240:
 1094 0086 00BF     		.align	2
 1095              	.L239:
 1096 0088 00000000 		.word	.LANCHOR1
 1098              		.section	.text.IK_CFG_KLT_ForceCompactification,"ax",%progbits
 1099              		.align	1
 1100              		.global	IK_CFG_KLT_ForceCompactification
 1101              		.syntax unified
 1102              		.thumb
 1103              		.thumb_func
 1104              		.fpu softvfp
 1106              	IK_CFG_KLT_ForceCompactification:
 1107              		@ args = 0, pretend = 0, frame = 0
 1108              		@ frame_needed = 0, uses_anonymous_args = 0
 1109 0000 1D4B     		ldr	r3, .L252
 1110 0002 2DE9F041 		push	{r4, r5, r6, r7, r8, lr}
 1111 0006 5C68     		ldr	r4, [r3, #4]
 1112 0008 9CB3     		cbz	r4, .L250
 1113 000a 1F88     		ldrh	r7, [r3]
 1114 000c 8FB3     		cbz	r7, .L250
 1115 000e 0023     		movs	r3, #0
 1116 0010 9C46     		mov	ip, r3
 1117 0012 7D1E     		subs	r5, r7, #1
 1118 0014 ADB2     		uxth	r5, r5
ARM GAS  /tmp/ccfSym5n.s 			page 20


 1119 0016 04EBC50E 		add	lr, r4, r5, lsl #3
 1120              	.L243:
 1121 001a 9EB2     		uxth	r6, r3
 1122 001c B742     		cmp	r7, r6
 1123 001e 01D8     		bhi	.L248
 1124 0020 0020     		movs	r0, #0
 1125 0022 24E0     		b	.L242
 1126              	.L248:
 1127 0024 54F83320 		ldr	r2, [r4, r3, lsl #3]
 1128 0028 A2B9     		cbnz	r2, .L245
 1129 002a 7146     		mov	r1, lr
 1130 002c 2846     		mov	r0, r5
 1131 002e 15E0     		b	.L244
 1132              	.L247:
 1133 0030 0A46     		mov	r2, r1
 1134 0032 51F80889 		ldr	r8, [r1], #-8
 1135 0036 B8F1000F 		cmp	r8, #0
 1136 003a 0DD0     		beq	.L246
 1137 003c 04EBC306 		add	r6, r4, r3, lsl #3
 1138 0040 92E80300 		ldm	r2, {r0, r1}
 1139 0044 86E80300 		stm	r6, {r0, r1}
 1140 0048 C2F800C0 		str	ip, [r2]
 1141 004c A2F804C0 		strh	ip, [r2, #4]	@ movhi
 1142 0050 82F806C0 		strb	ip, [r2, #6]
 1143              	.L245:
 1144 0054 0133     		adds	r3, r3, #1
 1145 0056 E0E7     		b	.L243
 1146              	.L246:
 1147 0058 0138     		subs	r0, r0, #1
 1148 005a 80B2     		uxth	r0, r0
 1149              	.L244:
 1150 005c B042     		cmp	r0, r6
 1151 005e E7D1     		bne	.L247
 1152 0060 0B30     		adds	r0, r0, #11
 1153 0062 80B2     		uxth	r0, r0
 1154 0064 FFF7FEFF 		bl	_IK_CFG_ReallocCfgKeyLookupBuf
 1155 0068 0020     		movs	r0, #0
 1156 006a 044B     		ldr	r3, .L252+4
 1157 006c 1870     		strb	r0, [r3]
 1158              	.L242:
 1159 006e BDE8F081 		pop	{r4, r5, r6, r7, r8, pc}
 1160              	.L250:
 1161 0072 0120     		movs	r0, #1
 1162 0074 FBE7     		b	.L242
 1163              	.L253:
 1164 0076 00BF     		.align	2
 1165              	.L252:
 1166 0078 00000000 		.word	.LANCHOR1
 1167 007c 00000000 		.word	.LANCHOR4
 1169              		.section	.text.IK_CFG_Tick,"ax",%progbits
 1170              		.align	1
 1171              		.global	IK_CFG_Tick
 1172              		.syntax unified
 1173              		.thumb
 1174              		.thumb_func
 1175              		.fpu softvfp
 1177              	IK_CFG_Tick:
ARM GAS  /tmp/ccfSym5n.s 			page 21


 1178              		@ args = 0, pretend = 0, frame = 0
 1179              		@ frame_needed = 0, uses_anonymous_args = 0
 1180 0000 08B5     		push	{r3, lr}
 1181 0002 074B     		ldr	r3, .L257
 1182 0004 1B78     		ldrb	r3, [r3]	@ zero_extendqisi2
 1183 0006 092B     		cmp	r3, #9
 1184 0008 01D9     		bls	.L255
 1185 000a FFF7FEFF 		bl	IK_CFG_KLT_ForceCompactification
 1186              	.L255:
 1187 000e 054B     		ldr	r3, .L257+4
 1188 0010 1B78     		ldrb	r3, [r3]	@ zero_extendqisi2
 1189 0012 092B     		cmp	r3, #9
 1190 0014 03D9     		bls	.L254
 1191 0016 BDE80840 		pop	{r3, lr}
 1192 001a FFF7FEBF 		b	IK_CFG_ForceCompactification
 1193              	.L254:
 1194 001e 08BD     		pop	{r3, pc}
 1195              	.L258:
 1196              		.align	2
 1197              	.L257:
 1198 0020 00000000 		.word	.LANCHOR4
 1199 0024 00000000 		.word	.LANCHOR3
 1201              		.section	.bss._cfg,"aw",%nobits
 1202              		.align	2
 1203              		.set	.LANCHOR0,. + 0
 1206              	_cfg:
 1207 0000 00000000 		.space	8
 1207      00000000 
 1208              		.section	.bss._cfg_fract_val,"aw",%nobits
 1209              		.set	.LANCHOR3,. + 0
 1212              	_cfg_fract_val:
 1213 0000 00       		.space	1
 1214              		.section	.bss._cfg_init,"aw",%nobits
 1215              		.align	2
 1216              		.set	.LANCHOR2,. + 0
 1219              	_cfg_init:
 1220 0000 00000000 		.space	4
 1221              		.section	.bss._cfg_key_lookup,"aw",%nobits
 1222              		.align	2
 1223              		.set	.LANCHOR1,. + 0
 1226              	_cfg_key_lookup:
 1227 0000 00000000 		.space	8
 1227      00000000 
 1228              		.section	.bss._cfg_key_lookup_fract_val,"aw",%nobits
 1229              		.set	.LANCHOR4,. + 0
 1232              	_cfg_key_lookup_fract_val:
 1233 0000 00       		.space	1
 1234              		.ident	"GCC: (GNU Tools for Arm Embedded Processors 9-2019-q4-major) 9.2.1 20191025 (release) [ARM
ARM GAS  /tmp/ccfSym5n.s 			page 22


DEFINED SYMBOLS
                            *ABS*:0000000000000000 infinikeys_cfg.c
     /tmp/ccfSym5n.s:14     .text._IK_CFG_FreeCfgBuf:0000000000000000 $t
     /tmp/ccfSym5n.s:21     .text._IK_CFG_FreeCfgBuf:0000000000000000 _IK_CFG_FreeCfgBuf
     /tmp/ccfSym5n.s:50     .text._IK_CFG_FreeCfgBuf:0000000000000030 $d
     /tmp/ccfSym5n.s:53     .text._IK_CFG_ReallocCfgBuf:0000000000000000 $t
     /tmp/ccfSym5n.s:59     .text._IK_CFG_ReallocCfgBuf:0000000000000000 _IK_CFG_ReallocCfgBuf
     /tmp/ccfSym5n.s:100    .text._IK_CFG_ReallocCfgBuf:0000000000000050 $d
     /tmp/ccfSym5n.s:103    .text._IK_CFG_ReallocCfgKeyLookupBuf:0000000000000000 $t
     /tmp/ccfSym5n.s:109    .text._IK_CFG_ReallocCfgKeyLookupBuf:0000000000000000 _IK_CFG_ReallocCfgKeyLookupBuf
     /tmp/ccfSym5n.s:149    .text._IK_CFG_ReallocCfgKeyLookupBuf:0000000000000044 $d
     /tmp/ccfSym5n.s:152    .text.IK_CFG_Init:0000000000000000 $t
     /tmp/ccfSym5n.s:159    .text.IK_CFG_Init:0000000000000000 IK_CFG_Init
     /tmp/ccfSym5n.s:202    .text.IK_CFG_Init:000000000000004c $d
     /tmp/ccfSym5n.s:209    .text.IK_CFG_DeInit:0000000000000000 $t
     /tmp/ccfSym5n.s:216    .text.IK_CFG_DeInit:0000000000000000 IK_CFG_DeInit
     /tmp/ccfSym5n.s:239    .text.IK_CFG_DeInit:0000000000000024 $d
     /tmp/ccfSym5n.s:243    .text.IK_CFG_SaveToMemory:0000000000000000 $t
     /tmp/ccfSym5n.s:250    .text.IK_CFG_SaveToMemory:0000000000000000 IK_CFG_SaveToMemory
     /tmp/ccfSym5n.s:382    .text.IK_CFG_SaveToMemory:0000000000000134 $d
     /tmp/ccfSym5n.s:386    .text.IK_CFG_ClearConfig:0000000000000000 $t
     /tmp/ccfSym5n.s:393    .text.IK_CFG_ClearConfig:0000000000000000 IK_CFG_ClearConfig
     /tmp/ccfSym5n.s:437    .text.IK_CFG_ClearConfig:0000000000000054 $d
     /tmp/ccfSym5n.s:441    .text.IK_CFG_GetConfig:0000000000000000 $t
     /tmp/ccfSym5n.s:448    .text.IK_CFG_GetConfig:0000000000000000 IK_CFG_GetConfig
     /tmp/ccfSym5n.s:489    .text.IK_CFG_GetConfig:0000000000000048 $d
     /tmp/ccfSym5n.s:492    .text.IK_CFG_IsConfigSet:0000000000000000 $t
     /tmp/ccfSym5n.s:499    .text.IK_CFG_IsConfigSet:0000000000000000 IK_CFG_IsConfigSet
     /tmp/ccfSym5n.s:531    .text.IK_CFG_IsConfigSet:0000000000000030 $d
     /tmp/ccfSym5n.s:534    .text.IK_CFG_ForceCompactification:0000000000000000 $t
     /tmp/ccfSym5n.s:541    .text.IK_CFG_ForceCompactification:0000000000000000 IK_CFG_ForceCompactification
     /tmp/ccfSym5n.s:605    .text.IK_CFG_ForceCompactification:0000000000000088 $d
     /tmp/ccfSym5n.s:609    .text.IK_CFG_KLT_RemoveItem:0000000000000000 $t
     /tmp/ccfSym5n.s:616    .text.IK_CFG_KLT_RemoveItem:0000000000000000 IK_CFG_KLT_RemoveItem
     /tmp/ccfSym5n.s:663    .text.IK_CFG_KLT_RemoveItem:000000000000005c $d
     /tmp/ccfSym5n.s:667    .text.IK_CFG_KLT_LookupKey:0000000000000000 $t
     /tmp/ccfSym5n.s:674    .text.IK_CFG_KLT_LookupKey:0000000000000000 IK_CFG_KLT_LookupKey
     /tmp/ccfSym5n.s:712    .text.IK_CFG_KLT_LookupKey:0000000000000044 $d
     /tmp/ccfSym5n.s:715    .text.IK_CFG_IsValueSizeValid:0000000000000000 $t
     /tmp/ccfSym5n.s:722    .text.IK_CFG_IsValueSizeValid:0000000000000000 IK_CFG_IsValueSizeValid
     /tmp/ccfSym5n.s:761    .text.IK_CFG_SetConfig:0000000000000000 $t
     /tmp/ccfSym5n.s:768    .text.IK_CFG_SetConfig:0000000000000000 IK_CFG_SetConfig
     /tmp/ccfSym5n.s:848    .text.IK_CFG_SetConfig:00000000000000a4 $d
     /tmp/ccfSym5n.s:851    .text.IK_CFG_LoadConfigFromMemory:0000000000000000 $t
     /tmp/ccfSym5n.s:858    .text.IK_CFG_LoadConfigFromMemory:0000000000000000 IK_CFG_LoadConfigFromMemory
     /tmp/ccfSym5n.s:981    .text.IK_CFG_LoadConfigFromMemory:000000000000010c $d
     /tmp/ccfSym5n.s:986    .text.IK_CFG_KLT_HasKey:0000000000000000 $t
     /tmp/ccfSym5n.s:993    .text.IK_CFG_KLT_HasKey:0000000000000000 IK_CFG_KLT_HasKey
     /tmp/ccfSym5n.s:1023   .text.IK_CFG_KLT_HasKey:000000000000002c $d
     /tmp/ccfSym5n.s:1026   .text.IK_CFG_KLT_AddItem:0000000000000000 $t
     /tmp/ccfSym5n.s:1033   .text.IK_CFG_KLT_AddItem:0000000000000000 IK_CFG_KLT_AddItem
     /tmp/ccfSym5n.s:1096   .text.IK_CFG_KLT_AddItem:0000000000000088 $d
     /tmp/ccfSym5n.s:1099   .text.IK_CFG_KLT_ForceCompactification:0000000000000000 $t
     /tmp/ccfSym5n.s:1106   .text.IK_CFG_KLT_ForceCompactification:0000000000000000 IK_CFG_KLT_ForceCompactification
     /tmp/ccfSym5n.s:1166   .text.IK_CFG_KLT_ForceCompactification:0000000000000078 $d
     /tmp/ccfSym5n.s:1170   .text.IK_CFG_Tick:0000000000000000 $t
     /tmp/ccfSym5n.s:1177   .text.IK_CFG_Tick:0000000000000000 IK_CFG_Tick
ARM GAS  /tmp/ccfSym5n.s 			page 23


     /tmp/ccfSym5n.s:1198   .text.IK_CFG_Tick:0000000000000020 $d
     /tmp/ccfSym5n.s:1202   .bss._cfg:0000000000000000 $d
     /tmp/ccfSym5n.s:1206   .bss._cfg:0000000000000000 _cfg
     /tmp/ccfSym5n.s:1212   .bss._cfg_fract_val:0000000000000000 _cfg_fract_val
     /tmp/ccfSym5n.s:1213   .bss._cfg_fract_val:0000000000000000 $d
     /tmp/ccfSym5n.s:1215   .bss._cfg_init:0000000000000000 $d
     /tmp/ccfSym5n.s:1219   .bss._cfg_init:0000000000000000 _cfg_init
     /tmp/ccfSym5n.s:1222   .bss._cfg_key_lookup:0000000000000000 $d
     /tmp/ccfSym5n.s:1226   .bss._cfg_key_lookup:0000000000000000 _cfg_key_lookup
     /tmp/ccfSym5n.s:1232   .bss._cfg_key_lookup_fract_val:0000000000000000 _cfg_key_lookup_fract_val
     /tmp/ccfSym5n.s:1233   .bss._cfg_key_lookup_fract_val:0000000000000000 $d

UNDEFINED SYMBOLS
free
realloc
memset
calloc
malloc
