ARM GAS  /tmp/ccUEur94.s 			page 1


   1              		.cpu cortex-m3
   2              		.eabi_attribute 20, 1
   3              		.eabi_attribute 21, 1
   4              		.eabi_attribute 23, 3
   5              		.eabi_attribute 24, 1
   6              		.eabi_attribute 25, 1
   7              		.eabi_attribute 26, 1
   8              		.eabi_attribute 30, 4
   9              		.eabi_attribute 34, 1
  10              		.eabi_attribute 18, 4
  11              		.file	"infinikeys_kbmatrix.c"
  12              		.section	.text.IK_KBM_Init,"ax",%progbits
  13              		.align	1
  14              		.global	IK_KBM_Init
  15              		.syntax unified
  16              		.thumb
  17              		.thumb_func
  18              		.fpu softvfp
  20              	IK_KBM_Init:
  21              		@ args = 0, pretend = 0, frame = 0
  22              		@ frame_needed = 0, uses_anonymous_args = 0
  23 0000 08B5     		push	{r3, lr}
  24 0002 034B     		ldr	r3, .L2
  25 0004 93E80300 		ldm	r3, {r0, r1}
  26 0008 FFF7FEFF 		bl	IK_CFG_KLT_AddItem
  27 000c 0020     		movs	r0, #0
  28 000e 08BD     		pop	{r3, pc}
  29              	.L3:
  30              		.align	2
  31              	.L2:
  32 0010 00000000 		.word	.LANCHOR0
  34              		.section	.text.IK_KBM_DeInit,"ax",%progbits
  35              		.align	1
  36              		.global	IK_KBM_DeInit
  37              		.syntax unified
  38              		.thumb
  39              		.thumb_func
  40              		.fpu softvfp
  42              	IK_KBM_DeInit:
  43              		@ args = 0, pretend = 0, frame = 0
  44              		@ frame_needed = 0, uses_anonymous_args = 0
  45              		@ link register save eliminated.
  46 0000 0020     		movs	r0, #0
  47 0002 7047     		bx	lr
  49              		.section	.text.IK_KBM_RetrieveKeyInfo,"ax",%progbits
  50              		.align	1
  51              		.global	IK_KBM_RetrieveKeyInfo
  52              		.syntax unified
  53              		.thumb
  54              		.thumb_func
  55              		.fpu softvfp
  57              	IK_KBM_RetrieveKeyInfo:
  58              		@ args = 0, pretend = 0, frame = 16
  59              		@ frame_needed = 0, uses_anonymous_args = 0
  60 0000 2DE9FF47 		push	{r0, r1, r2, r3, r4, r5, r6, r7, r8, r9, r10, lr}
  61 0004 0446     		mov	r4, r0
  62 0006 9046     		mov	r8, r2
ARM GAS  /tmp/ccUEur94.s 			page 2


  63 0008 0D46     		mov	r5, r1
  64 000a 31B9     		cbnz	r1, .L6
  65 000c 2180     		strh	r1, [r4]	@ movhi
  66 000e A170     		strb	r1, [r4, #2]
  67 0010 6160     		str	r1, [r4, #4]
  68              	.L5:
  69 0012 2046     		mov	r0, r4
  70 0014 04B0     		add	sp, sp, #16
  71              		@ sp needed
  72 0016 BDE8F087 		pop	{r4, r5, r6, r7, r8, r9, r10, pc}
  73              	.L6:
  74 001a 2E49     		ldr	r1, .L25
  75 001c 01A8     		add	r0, sp, #4
  76 001e FFF7FEFF 		bl	IK_CFG_GetConfig
  77 0022 019B     		ldr	r3, [sp, #4]
  78 0024 13B1     		cbz	r3, .L8
  79 0026 BDF80860 		ldrh	r6, [sp, #8]
  80 002a 26B9     		cbnz	r6, .L9
  81              	.L8:
  82 002c 0023     		movs	r3, #0
  83 002e 2380     		strh	r3, [r4]	@ movhi
  84 0030 A370     		strb	r3, [r4, #2]
  85              	.L24:
  86 0032 6360     		str	r3, [r4, #4]
  87 0034 EDE7     		b	.L5
  88              	.L9:
  89 0036 DDF80CE0 		ldr	lr, [sp, #12]
  90 003a BEF1000F 		cmp	lr, #0
  91 003e F5D0     		beq	.L8
  92 0040 0023     		movs	r3, #0
  93 0042 A6F1030C 		sub	ip, r6, #3
  94              	.L11:
  95 0046 6345     		cmp	r3, ip
  96 0048 F0DA     		bge	.L8
  97 004a 0027     		movs	r7, #0
  98 004c 9A1C     		adds	r2, r3, #2
  99 004e 591C     		adds	r1, r3, #1
 100 0050 92B2     		uxth	r2, r2
 101 0052 89B2     		uxth	r1, r1
 102 0054 1EF80110 		ldrb	r1, [lr, r1]	@ zero_extendqisi2
 103 0058 1EF80220 		ldrb	r2, [lr, r2]	@ zero_extendqisi2
 104 005c 1EF80390 		ldrb	r9, [lr, r3]	@ zero_extendqisi2
 105 0060 01EB0221 		add	r1, r1, r2, lsl #8
 106 0064 0333     		adds	r3, r3, #3
 107 0066 9BB2     		uxth	r3, r3
 108 0068 89B2     		uxth	r1, r1
 109              	.L12:
 110 006a BAB2     		uxth	r2, r7
 111 006c 9142     		cmp	r1, r2
 112 006e EAD9     		bls	.L11
 113 0070 9E42     		cmp	r6, r3
 114 0072 E8D9     		bls	.L11
 115 0074 C845     		cmp	r8, r9
 116 0076 2AD1     		bne	.L13
 117 0078 581C     		adds	r0, r3, #1
 118 007a 80B2     		uxth	r0, r0
 119 007c 1EF800A0 		ldrb	r10, [lr, r0]	@ zero_extendqisi2
ARM GAS  /tmp/ccUEur94.s 			page 3


 120 0080 1EF80300 		ldrb	r0, [lr, r3]	@ zero_extendqisi2
 121 0084 DA1D     		adds	r2, r3, #7
 122 0086 00EB0A20 		add	r0, r0, r10, lsl #8
 123 008a 80B2     		uxth	r0, r0
 124 008c 8542     		cmp	r5, r0
 125 008e 92B2     		uxth	r2, r2
 126 0090 1CD1     		bne	.L17
 127 0092 9A1C     		adds	r2, r3, #2
 128 0094 92B2     		uxth	r2, r2
 129 0096 1EF80260 		ldrb	r6, [lr, r2]	@ zero_extendqisi2
 130 009a DA1C     		adds	r2, r3, #3
 131 009c 92B2     		uxth	r2, r2
 132 009e 1EF80210 		ldrb	r1, [lr, r2]	@ zero_extendqisi2
 133 00a2 1A1D     		adds	r2, r3, #4
 134 00a4 92B2     		uxth	r2, r2
 135 00a6 1EF80200 		ldrb	r0, [lr, r2]	@ zero_extendqisi2
 136 00aa 5A1D     		adds	r2, r3, #5
 137 00ac 92B2     		uxth	r2, r2
 138 00ae 1EF80270 		ldrb	r7, [lr, r2]	@ zero_extendqisi2
 139 00b2 9A1D     		adds	r2, r3, #6
 140 00b4 92B2     		uxth	r2, r2
 141 00b6 1EF80230 		ldrb	r3, [lr, r2]	@ zero_extendqisi2
 142 00ba 2580     		strh	r5, [r4]	@ movhi
 143 00bc 1B06     		lsls	r3, r3, #24
 144 00be 03EB0743 		add	r3, r3, r7, lsl #16
 145 00c2 0B44     		add	r3, r3, r1
 146 00c4 A670     		strb	r6, [r4, #2]
 147 00c6 03EB0023 		add	r3, r3, r0, lsl #8
 148 00ca B2E7     		b	.L24
 149              	.L17:
 150 00cc 1346     		mov	r3, r2
 151              	.L13:
 152 00ce 0137     		adds	r7, r7, #1
 153 00d0 CBE7     		b	.L12
 154              	.L26:
 155 00d2 00BF     		.align	2
 156              	.L25:
 157 00d4 010000FF 		.word	-16777215
 159              		.section	.text.IK_KBM_KeystrokeEvent,"ax",%progbits
 160              		.align	1
 161              		.global	IK_KBM_KeystrokeEvent
 162              		.syntax unified
 163              		.thumb
 164              		.thumb_func
 165              		.fpu softvfp
 167              	IK_KBM_KeystrokeEvent:
 168              		@ args = 0, pretend = 0, frame = 16
 169              		@ frame_needed = 0, uses_anonymous_args = 0
 170 0000 7FB5     		push	{r0, r1, r2, r3, r4, r5, r6, lr}
 171 0002 86B2     		uxth	r6, r0
 172 0004 C0F30744 		ubfx	r4, r0, #16, #8
 173 0008 314D     		ldr	r5, .L43
 174 000a 0190     		str	r0, [sp, #4]
 175 000c 2246     		mov	r2, r4
 176 000e 3146     		mov	r1, r6
 177 0010 3048     		ldr	r0, .L43+4
 178 0012 FFF7FEFF 		bl	IK_DEBUG_PrintMessage
ARM GAS  /tmp/ccUEur94.s 			page 4


 179 0016 3146     		mov	r1, r6
 180 0018 02A8     		add	r0, sp, #8
 181 001a 2A78     		ldrb	r2, [r5]	@ zero_extendqisi2
 182 001c FFF7FEFF 		bl	IK_KBM_RetrieveKeyInfo
 183 0020 BDF80810 		ldrh	r1, [sp, #8]
 184 0024 2846     		mov	r0, r5
 185 0026 69B1     		cbz	r1, .L28
 186 0028 8E42     		cmp	r6, r1
 187 002a 0BD1     		bne	.L28
 188 002c 2A4B     		ldr	r3, .L43+8
 189 002e 1A88     		ldrh	r2, [r3]
 190 0030 B242     		cmp	r2, r6
 191 0032 1E46     		mov	r6, r3
 192 0034 09D1     		bne	.L29
 193 0036 2A78     		ldrb	r2, [r5]	@ zero_extendqisi2
 194 0038 3AB1     		cbz	r2, .L29
 195 003a 012C     		cmp	r4, #1
 196 003c 02D1     		bne	.L28
 197 003e 0022     		movs	r2, #0
 198 0040 2A70     		strb	r2, [r5]
 199 0042 1A80     		strh	r2, [r3]	@ movhi
 200              	.L28:
 201 0044 0020     		movs	r0, #0
 202 0046 04B0     		add	sp, sp, #16
 203              		@ sp needed
 204 0048 70BD     		pop	{r4, r5, r6, pc}
 205              	.L29:
 206 004a 9DF80A20 		ldrb	r2, [sp, #10]	@ zero_extendqisi2
 207 004e 039B     		ldr	r3, [sp, #12]
 208 0050 022A     		cmp	r2, #2
 209 0052 1CD0     		beq	.L30
 210 0054 032A     		cmp	r2, #3
 211 0056 32D0     		beq	.L31
 212 0058 012A     		cmp	r2, #1
 213 005a F3D1     		bne	.L28
 214 005c 54B9     		cbnz	r4, .L33
 215 005e DBB2     		uxtb	r3, r3
 216 0060 1E48     		ldr	r0, .L43+12
 217 0062 D908     		lsrs	r1, r3, #3
 218 0064 03F00703 		and	r3, r3, #7
 219 0068 02FA03F3 		lsl	r3, r2, r3
 220 006c 425C     		ldrb	r2, [r0, r1]	@ zero_extendqisi2
 221 006e 1343     		orrs	r3, r3, r2
 222              	.L42:
 223 0070 4354     		strb	r3, [r0, r1]
 224 0072 E7E7     		b	.L28
 225              	.L33:
 226 0074 012C     		cmp	r4, #1
 227 0076 E5D1     		bne	.L28
 228 0078 DBB2     		uxtb	r3, r3
 229 007a 1848     		ldr	r0, .L43+12
 230 007c D908     		lsrs	r1, r3, #3
 231 007e 425C     		ldrb	r2, [r0, r1]	@ zero_extendqisi2
 232 0080 03F00703 		and	r3, r3, #7
 233 0084 04FA03F3 		lsl	r3, r4, r3
 234 0088 22EA0303 		bic	r3, r2, r3
 235 008c F0E7     		b	.L42
ARM GAS  /tmp/ccUEur94.s 			page 5


 236              	.L30:
 237 008e 54B9     		cbnz	r4, .L34
 238 0090 DBB2     		uxtb	r3, r3
 239 0092 072B     		cmp	r3, #7
 240 0094 D6D8     		bhi	.L28
 241 0096 0122     		movs	r2, #1
 242 0098 1149     		ldr	r1, .L43+16
 243 009a 02FA03F3 		lsl	r3, r2, r3
 244 009e 0A78     		ldrb	r2, [r1]	@ zero_extendqisi2
 245 00a0 1343     		orrs	r3, r3, r2
 246              	.L41:
 247 00a2 0B70     		strb	r3, [r1]
 248 00a4 CEE7     		b	.L28
 249              	.L34:
 250 00a6 012C     		cmp	r4, #1
 251 00a8 CCD1     		bne	.L28
 252 00aa DBB2     		uxtb	r3, r3
 253 00ac 072B     		cmp	r3, #7
 254 00ae C9D8     		bhi	.L28
 255 00b0 0B49     		ldr	r1, .L43+16
 256 00b2 04FA03F3 		lsl	r3, r4, r3
 257 00b6 0A78     		ldrb	r2, [r1]	@ zero_extendqisi2
 258 00b8 22EA0303 		bic	r3, r2, r3
 259 00bc F1E7     		b	.L41
 260              	.L31:
 261 00be 002C     		cmp	r4, #0
 262 00c0 C0D1     		bne	.L28
 263 00c2 0278     		ldrb	r2, [r0]	@ zero_extendqisi2
 264 00c4 002A     		cmp	r2, #0
 265 00c6 BDD1     		bne	.L28
 266 00c8 0370     		strb	r3, [r0]
 267 00ca 3180     		strh	r1, [r6]	@ movhi
 268 00cc BAE7     		b	.L28
 269              	.L44:
 270 00ce 00BF     		.align	2
 271              	.L43:
 272 00d0 00000000 		.word	.LANCHOR1
 273 00d4 00000000 		.word	.LC0
 274 00d8 00000000 		.word	.LANCHOR2
 275 00dc 00000000 		.word	.LANCHOR3
 276 00e0 00000000 		.word	.LANCHOR4
 278              		.section	.text.IK_KBM_SendHIDReport,"ax",%progbits
 279              		.align	1
 280              		.global	IK_KBM_SendHIDReport
 281              		.syntax unified
 282              		.thumb
 283              		.thumb_func
 284              		.fpu softvfp
 286              	IK_KBM_SendHIDReport:
 287              		@ args = 0, pretend = 0, frame = 8
 288              		@ frame_needed = 0, uses_anonymous_args = 0
 289 0000 37B5     		push	{r0, r1, r2, r4, r5, lr}
 290 0002 2220     		movs	r0, #34
 291 0004 FFF7FEFF 		bl	malloc
 292 0008 0446     		mov	r4, r0
 293 000a F0B1     		cbz	r0, .L48
 294 000c 104B     		ldr	r3, .L50
ARM GAS  /tmp/ccUEur94.s 			page 6


 295 000e 821C     		adds	r2, r0, #2
 296 0010 1B78     		ldrb	r3, [r3]	@ zero_extendqisi2
 297 0012 0370     		strb	r3, [r0]
 298 0014 0023     		movs	r3, #0
 299 0016 4370     		strb	r3, [r0, #1]
 300 0018 0E4B     		ldr	r3, .L50+4
 301 001a 03F12001 		add	r1, r3, #32
 302              	.L47:
 303 001e 53F8040B 		ldr	r0, [r3], #4	@ unaligned
 304 0022 8B42     		cmp	r3, r1
 305 0024 42F8040B 		str	r0, [r2], #4	@ unaligned
 306 0028 F9D1     		bne	.L47
 307 002a 2223     		movs	r3, #34
 308 002c 0094     		str	r4, [sp]
 309 002e 0193     		str	r3, [sp, #4]
 310 0030 02AB     		add	r3, sp, #8
 311 0032 13E90600 		ldmdb	r3, {r1, r2}
 312 0036 0120     		movs	r0, #1
 313 0038 FFF7FEFF 		bl	IK_USB_SendHIDReport
 314 003c 0546     		mov	r5, r0
 315 003e 2046     		mov	r0, r4
 316 0040 FFF7FEFF 		bl	free
 317              	.L46:
 318 0044 2846     		mov	r0, r5
 319 0046 03B0     		add	sp, sp, #12
 320              		@ sp needed
 321 0048 30BD     		pop	{r4, r5, pc}
 322              	.L48:
 323 004a 0125     		movs	r5, #1
 324 004c FAE7     		b	.L46
 325              	.L51:
 326 004e 00BF     		.align	2
 327              	.L50:
 328 0050 00000000 		.word	.LANCHOR4
 329 0054 00000000 		.word	.LANCHOR3
 331              		.section	.bss._cur_keylayer,"aw",%nobits
 332              		.set	.LANCHOR1,. + 0
 335              	_cur_keylayer:
 336 0000 00       		.space	1
 337              		.section	.bss._hid_modifier_byte,"aw",%nobits
 338              		.set	.LANCHOR4,. + 0
 341              	_hid_modifier_byte:
 342 0000 00       		.space	1
 343              		.section	.bss._hid_pressed_bitmap,"aw",%nobits
 344              		.set	.LANCHOR3,. + 0
 347              	_hid_pressed_bitmap:
 348 0000 00000000 		.space	32
 348      00000000 
 348      00000000 
 348      00000000 
 348      00000000 
 349              		.section	.bss._klsw_keycode,"aw",%nobits
 350              		.align	1
 351              		.set	.LANCHOR2,. + 0
 354              	_klsw_keycode:
 355 0000 0000     		.space	2
 356              		.section	.rodata.IK_KBM_KeystrokeEvent.str1.1,"aMS",%progbits,1
ARM GAS  /tmp/ccUEur94.s 			page 7


 357              	.LC0:
 358 0000 4B657973 		.ascii	"KeystrokeEvent INVOKED: K: %i T: %i.\012\000"
 358      74726F6B 
 358      65457665 
 358      6E742049 
 358      4E564F4B 
 359              		.section	.rodata._kbm_cfg_keyboardmatrix_kltitem,"a",%progbits
 360              		.align	2
 361              		.set	.LANCHOR0,. + 0
 364              	_kbm_cfg_keyboardmatrix_kltitem:
 365 0000 010000FF 		.word	-16777215
 366 0004 8000     		.short	128
 367 0006 03       		.byte	3
 368 0007 00       		.space	1
 369              		.ident	"GCC: (15:6.3.1+svn253039-1build1) 6.3.1 20170620"
ARM GAS  /tmp/ccUEur94.s 			page 8


DEFINED SYMBOLS
                            *ABS*:0000000000000000 infinikeys_kbmatrix.c
     /tmp/ccUEur94.s:13     .text.IK_KBM_Init:0000000000000000 $t
     /tmp/ccUEur94.s:20     .text.IK_KBM_Init:0000000000000000 IK_KBM_Init
     /tmp/ccUEur94.s:32     .text.IK_KBM_Init:0000000000000010 $d
     /tmp/ccUEur94.s:35     .text.IK_KBM_DeInit:0000000000000000 $t
     /tmp/ccUEur94.s:42     .text.IK_KBM_DeInit:0000000000000000 IK_KBM_DeInit
     /tmp/ccUEur94.s:50     .text.IK_KBM_RetrieveKeyInfo:0000000000000000 $t
     /tmp/ccUEur94.s:57     .text.IK_KBM_RetrieveKeyInfo:0000000000000000 IK_KBM_RetrieveKeyInfo
     /tmp/ccUEur94.s:157    .text.IK_KBM_RetrieveKeyInfo:00000000000000d4 $d
     /tmp/ccUEur94.s:160    .text.IK_KBM_KeystrokeEvent:0000000000000000 $t
     /tmp/ccUEur94.s:167    .text.IK_KBM_KeystrokeEvent:0000000000000000 IK_KBM_KeystrokeEvent
     /tmp/ccUEur94.s:272    .text.IK_KBM_KeystrokeEvent:00000000000000d0 $d
     /tmp/ccUEur94.s:279    .text.IK_KBM_SendHIDReport:0000000000000000 $t
     /tmp/ccUEur94.s:286    .text.IK_KBM_SendHIDReport:0000000000000000 IK_KBM_SendHIDReport
     /tmp/ccUEur94.s:328    .text.IK_KBM_SendHIDReport:0000000000000050 $d
     /tmp/ccUEur94.s:335    .bss._cur_keylayer:0000000000000000 _cur_keylayer
     /tmp/ccUEur94.s:336    .bss._cur_keylayer:0000000000000000 $d
     /tmp/ccUEur94.s:341    .bss._hid_modifier_byte:0000000000000000 _hid_modifier_byte
     /tmp/ccUEur94.s:342    .bss._hid_modifier_byte:0000000000000000 $d
     /tmp/ccUEur94.s:347    .bss._hid_pressed_bitmap:0000000000000000 _hid_pressed_bitmap
     /tmp/ccUEur94.s:348    .bss._hid_pressed_bitmap:0000000000000000 $d
     /tmp/ccUEur94.s:350    .bss._klsw_keycode:0000000000000000 $d
     /tmp/ccUEur94.s:354    .bss._klsw_keycode:0000000000000000 _klsw_keycode
     /tmp/ccUEur94.s:360    .rodata._kbm_cfg_keyboardmatrix_kltitem:0000000000000000 $d
     /tmp/ccUEur94.s:364    .rodata._kbm_cfg_keyboardmatrix_kltitem:0000000000000000 _kbm_cfg_keyboardmatrix_kltitem

UNDEFINED SYMBOLS
IK_CFG_KLT_AddItem
IK_CFG_GetConfig
IK_DEBUG_PrintMessage
malloc
IK_USB_SendHIDReport
free
