ARM GAS  /tmp/cclZWT86.s 			page 1


   1              		.cpu cortex-m3
   2              		.eabi_attribute 20, 1
   3              		.eabi_attribute 21, 1
   4              		.eabi_attribute 23, 3
   5              		.eabi_attribute 24, 1
   6              		.eabi_attribute 25, 1
   7              		.eabi_attribute 26, 1
   8              		.eabi_attribute 30, 4
   9              		.eabi_attribute 34, 1
  10              		.eabi_attribute 18, 4
  11              		.file	"infinikeys.c"
  12              		.section	.text.IK_Init,"ax",%progbits
  13              		.align	1
  14              		.global	IK_Init
  15              		.syntax unified
  16              		.thumb
  17              		.thumb_func
  18              		.fpu softvfp
  20              	IK_Init:
  21              		@ args = 0, pretend = 0, frame = 0
  22              		@ frame_needed = 0, uses_anonymous_args = 0
  23 0000 10B5     		push	{r4, lr}
  24 0002 10B9     		cbnz	r0, .L2
  25              	.L4:
  26 0004 0124     		movs	r4, #1
  27              	.L3:
  28 0006 2046     		mov	r0, r4
  29 0008 10BD     		pop	{r4, pc}
  30              	.L2:
  31 000a 104C     		ldr	r4, .L5
  32 000c 2060     		str	r0, [r4]
  33 000e FFF7FEFF 		bl	IK_USB_Init
  34 0012 0028     		cmp	r0, #0
  35 0014 F6D1     		bne	.L4
  36 0016 2068     		ldr	r0, [r4]
  37 0018 1830     		adds	r0, r0, #24
  38 001a FFF7FEFF 		bl	IK_CFG_Init
  39 001e 0028     		cmp	r0, #0
  40 0020 F0D1     		bne	.L4
  41 0022 FFF7FEFF 		bl	IK_KBM_Init
  42 0026 0028     		cmp	r0, #0
  43 0028 ECD1     		bne	.L4
  44 002a 2068     		ldr	r0, [r4]
  45 002c 1C30     		adds	r0, r0, #28
  46 002e FFF7FEFF 		bl	IK_SWACQ_Init
  47 0032 0028     		cmp	r0, #0
  48 0034 E6D1     		bne	.L4
  49 0036 2068     		ldr	r0, [r4]
  50 0038 2030     		adds	r0, r0, #32
  51 003a FFF7FEFF 		bl	IK_DEBUG_Init
  52 003e 0446     		mov	r4, r0
  53 0040 0028     		cmp	r0, #0
  54 0042 DFD1     		bne	.L4
  55 0044 0248     		ldr	r0, .L5+4
  56 0046 FFF7FEFF 		bl	IK_DEBUG_PrintMessage
  57 004a DCE7     		b	.L3
  58              	.L6:
ARM GAS  /tmp/cclZWT86.s 			page 2


  59              		.align	2
  60              	.L5:
  61 004c 00000000 		.word	.LANCHOR0
  62 0050 00000000 		.word	.LC0
  64              		.section	.text.IK_DeInit,"ax",%progbits
  65              		.align	1
  66              		.global	IK_DeInit
  67              		.syntax unified
  68              		.thumb
  69              		.thumb_func
  70              		.fpu softvfp
  72              	IK_DeInit:
  73              		@ args = 0, pretend = 0, frame = 0
  74              		@ frame_needed = 0, uses_anonymous_args = 0
  75 0000 08B5     		push	{r3, lr}
  76 0002 0748     		ldr	r0, .L8
  77 0004 FFF7FEFF 		bl	IK_DEBUG_PrintMessage
  78 0008 FFF7FEFF 		bl	IK_DEBUG_DeInit
  79 000c FFF7FEFF 		bl	IK_SWACQ_DeInit
  80 0010 FFF7FEFF 		bl	IK_KBM_DeInit
  81 0014 FFF7FEFF 		bl	IK_CFG_DeInit
  82 0018 BDE80840 		pop	{r3, lr}
  83 001c FFF7FEBF 		b	IK_USB_DeInit
  84              	.L9:
  85              		.align	2
  86              	.L8:
  87 0020 00000000 		.word	.LC1
  89              		.section	.text.IK_Tick,"ax",%progbits
  90              		.align	1
  91              		.global	IK_Tick
  92              		.syntax unified
  93              		.thumb
  94              		.thumb_func
  95              		.fpu softvfp
  97              	IK_Tick:
  98              		@ args = 0, pretend = 0, frame = 0
  99              		@ frame_needed = 0, uses_anonymous_args = 0
 100 0000 08B5     		push	{r3, lr}
 101 0002 FFF7FEFF 		bl	IK_CFG_Tick
 102 0006 BDE80840 		pop	{r3, lr}
 103 000a FFF7FEBF 		b	IK_SWACQ_PollTick
 105              		.section	.bss._init,"aw",%nobits
 106              		.align	2
 107              		.set	.LANCHOR0,. + 0
 110              	_init:
 111 0000 00000000 		.space	4
 112              		.section	.rodata.IK_DeInit.str1.1,"aMS",%progbits,1
 113              	.LC1:
 114 0000 44652D69 		.ascii	"De-initialising Infini-Keys...\012\000"
 114      6E697469 
 114      616C6973 
 114      696E6720 
 114      496E6669 
 115              		.section	.rodata.IK_Init.str1.1,"aMS",%progbits,1
 116              	.LC0:
 117 0000 496E6974 		.ascii	"Initialised Infini-Keys.\012\000"
 117      69616C69 
ARM GAS  /tmp/cclZWT86.s 			page 3


 117      73656420 
 117      496E6669 
 117      6E692D4B 
 118              		.ident	"GCC: (15:6.3.1+svn253039-1build1) 6.3.1 20170620"
ARM GAS  /tmp/cclZWT86.s 			page 4


DEFINED SYMBOLS
                            *ABS*:0000000000000000 infinikeys.c
     /tmp/cclZWT86.s:13     .text.IK_Init:0000000000000000 $t
     /tmp/cclZWT86.s:20     .text.IK_Init:0000000000000000 IK_Init
     /tmp/cclZWT86.s:61     .text.IK_Init:000000000000004c $d
     /tmp/cclZWT86.s:65     .text.IK_DeInit:0000000000000000 $t
     /tmp/cclZWT86.s:72     .text.IK_DeInit:0000000000000000 IK_DeInit
     /tmp/cclZWT86.s:87     .text.IK_DeInit:0000000000000020 $d
     /tmp/cclZWT86.s:90     .text.IK_Tick:0000000000000000 $t
     /tmp/cclZWT86.s:97     .text.IK_Tick:0000000000000000 IK_Tick
     /tmp/cclZWT86.s:106    .bss._init:0000000000000000 $d
     /tmp/cclZWT86.s:110    .bss._init:0000000000000000 _init

UNDEFINED SYMBOLS
IK_USB_Init
IK_CFG_Init
IK_KBM_Init
IK_SWACQ_Init
IK_DEBUG_Init
IK_DEBUG_PrintMessage
IK_DEBUG_DeInit
IK_SWACQ_DeInit
IK_KBM_DeInit
IK_CFG_DeInit
IK_USB_DeInit
IK_CFG_Tick
IK_SWACQ_PollTick
