ARM GAS  /tmp/ccCjfoO5.s 			page 1


   1              		.cpu cortex-m3
   2              		.eabi_attribute 20, 1
   3              		.eabi_attribute 21, 1
   4              		.eabi_attribute 23, 3
   5              		.eabi_attribute 24, 1
   6              		.eabi_attribute 25, 1
   7              		.eabi_attribute 26, 1
   8              		.eabi_attribute 30, 4
   9              		.eabi_attribute 34, 1
  10              		.eabi_attribute 18, 4
  11              		.file	"infinikeys_swacq.c"
  12              		.section	.text.IK_SWACQ_PollTick,"ax",%progbits
  13              		.align	1
  14              		.global	IK_SWACQ_PollTick
  15              		.syntax unified
  16              		.thumb
  17              		.thumb_func
  18              		.fpu softvfp
  20              	IK_SWACQ_PollTick:
  21              		@ args = 0, pretend = 0, frame = 0
  22              		@ frame_needed = 0, uses_anonymous_args = 0
  23 0000 08B5     		push	{r3, lr}
  24 0002 034B     		ldr	r3, .L2
  25 0004 1B68     		ldr	r3, [r3]
  26 0006 1B68     		ldr	r3, [r3]
  27 0008 1B68     		ldr	r3, [r3]
  28 000a 9847     		blx	r3
  29 000c 0020     		movs	r0, #0
  30 000e 08BD     		pop	{r3, pc}
  31              	.L3:
  32              		.align	2
  33              	.L2:
  34 0010 00000000 		.word	.LANCHOR0
  36              		.section	.text.IK_SWACQ_AllocKeyStateBuffer,"ax",%progbits
  37              		.align	1
  38              		.global	IK_SWACQ_AllocKeyStateBuffer
  39              		.syntax unified
  40              		.thumb
  41              		.thumb_func
  42              		.fpu softvfp
  44              	IK_SWACQ_AllocKeyStateBuffer:
  45              		@ args = 0, pretend = 0, frame = 0
  46              		@ frame_needed = 0, uses_anonymous_args = 0
  47 0000 074B     		ldr	r3, .L5
  48 0002 10B5     		push	{r4, lr}
  49 0004 8400     		lsls	r4, r0, #2
  50 0006 1880     		strh	r0, [r3]	@ movhi
  51 0008 2046     		mov	r0, r4
  52 000a FFF7FEFF 		bl	malloc
  53 000e 054B     		ldr	r3, .L5+4
  54 0010 2246     		mov	r2, r4
  55 0012 0021     		movs	r1, #0
  56 0014 1860     		str	r0, [r3]
  57 0016 FFF7FEFF 		bl	memset
  58 001a 0020     		movs	r0, #0
  59 001c 10BD     		pop	{r4, pc}
  60              	.L6:
ARM GAS  /tmp/ccCjfoO5.s 			page 2


  61 001e 00BF     		.align	2
  62              	.L5:
  63 0020 00000000 		.word	.LANCHOR1
  64 0024 00000000 		.word	.LANCHOR2
  66              		.section	.text.IK_SWACQ_Init,"ax",%progbits
  67              		.align	1
  68              		.global	IK_SWACQ_Init
  69              		.syntax unified
  70              		.thumb
  71              		.thumb_func
  72              		.fpu softvfp
  74              	IK_SWACQ_Init:
  75              		@ args = 0, pretend = 0, frame = 0
  76              		@ frame_needed = 0, uses_anonymous_args = 0
  77 0000 08B5     		push	{r3, lr}
  78 0002 08B9     		cbnz	r0, .L8
  79              	.L10:
  80 0004 0120     		movs	r0, #1
  81 0006 08BD     		pop	{r3, pc}
  82              	.L8:
  83 0008 0368     		ldr	r3, [r0]
  84 000a 002B     		cmp	r3, #0
  85 000c FAD0     		beq	.L10
  86 000e 064B     		ldr	r3, .L14
  87 0010 1860     		str	r0, [r3]
  88 0012 8020     		movs	r0, #128
  89 0014 FFF7FEFF 		bl	IK_SWACQ_AllocKeyStateBuffer
  90 0018 0028     		cmp	r0, #0
  91 001a F3D1     		bne	.L10
  92 001c 034B     		ldr	r3, .L14+4
  93 001e 1868     		ldr	r0, [r3]
  94 0020 B0FA80F0 		clz	r0, r0
  95 0024 4009     		lsrs	r0, r0, #5
  96 0026 08BD     		pop	{r3, pc}
  97              	.L15:
  98              		.align	2
  99              	.L14:
 100 0028 00000000 		.word	.LANCHOR0
 101 002c 00000000 		.word	.LANCHOR2
 103              		.section	.text.IK_SWACQ_FreeKeyStateBuffer,"ax",%progbits
 104              		.align	1
 105              		.global	IK_SWACQ_FreeKeyStateBuffer
 106              		.syntax unified
 107              		.thumb
 108              		.thumb_func
 109              		.fpu softvfp
 111              	IK_SWACQ_FreeKeyStateBuffer:
 112              		@ args = 0, pretend = 0, frame = 0
 113              		@ frame_needed = 0, uses_anonymous_args = 0
 114 0000 08B5     		push	{r3, lr}
 115 0002 034B     		ldr	r3, .L17
 116 0004 1868     		ldr	r0, [r3]
 117 0006 FFF7FEFF 		bl	free
 118 000a 0020     		movs	r0, #0
 119 000c 08BD     		pop	{r3, pc}
 120              	.L18:
 121 000e 00BF     		.align	2
ARM GAS  /tmp/ccCjfoO5.s 			page 3


 122              	.L17:
 123 0010 00000000 		.word	.LANCHOR2
 125              		.section	.text.IK_SWACQ_DeInit,"ax",%progbits
 126              		.align	1
 127              		.global	IK_SWACQ_DeInit
 128              		.syntax unified
 129              		.thumb
 130              		.thumb_func
 131              		.fpu softvfp
 133              	IK_SWACQ_DeInit:
 134              		@ args = 0, pretend = 0, frame = 0
 135              		@ frame_needed = 0, uses_anonymous_args = 0
 136 0000 08B5     		push	{r3, lr}
 137 0002 FFF7FEFF 		bl	IK_SWACQ_FreeKeyStateBuffer
 138 0006 0020     		movs	r0, #0
 139 0008 08BD     		pop	{r3, pc}
 141              		.section	.text.IK_SWACQ_ReAllocKeyStateBuffer,"ax",%progbits
 142              		.align	1
 143              		.global	IK_SWACQ_ReAllocKeyStateBuffer
 144              		.syntax unified
 145              		.thumb
 146              		.thumb_func
 147              		.fpu softvfp
 149              	IK_SWACQ_ReAllocKeyStateBuffer:
 150              		@ args = 0, pretend = 0, frame = 0
 151              		@ frame_needed = 0, uses_anonymous_args = 0
 152 0000 70B5     		push	{r4, r5, r6, lr}
 153 0002 0446     		mov	r4, r0
 154 0004 18B9     		cbnz	r0, .L21
 155 0006 BDE87040 		pop	{r4, r5, r6, lr}
 156 000a FFF7FEBF 		b	IK_SWACQ_FreeKeyStateBuffer
 157              	.L21:
 158 000e 0B4B     		ldr	r3, .L25
 159 0010 0B4E     		ldr	r6, .L25+4
 160 0012 1D88     		ldrh	r5, [r3]
 161 0014 8100     		lsls	r1, r0, #2
 162 0016 1880     		strh	r0, [r3]	@ movhi
 163 0018 3068     		ldr	r0, [r6]
 164 001a FFF7FEFF 		bl	realloc
 165 001e 3060     		str	r0, [r6]
 166 0020 50B1     		cbz	r0, .L23
 167 0022 A542     		cmp	r5, r4
 168 0024 06D2     		bcs	.L24
 169 0026 621B     		subs	r2, r4, r5
 170 0028 9200     		lsls	r2, r2, #2
 171 002a 0021     		movs	r1, #0
 172 002c 00EB0510 		add	r0, r0, r5, lsl #4
 173 0030 FFF7FEFF 		bl	memset
 174              	.L24:
 175 0034 0020     		movs	r0, #0
 176 0036 70BD     		pop	{r4, r5, r6, pc}
 177              	.L23:
 178 0038 0120     		movs	r0, #1
 179 003a 70BD     		pop	{r4, r5, r6, pc}
 180              	.L26:
 181              		.align	2
 182              	.L25:
ARM GAS  /tmp/ccCjfoO5.s 			page 4


 183 003c 00000000 		.word	.LANCHOR1
 184 0040 00000000 		.word	.LANCHOR2
 186              		.section	.text.IK_SWACQ_GetBufferedKeyState,"ax",%progbits
 187              		.align	1
 188              		.global	IK_SWACQ_GetBufferedKeyState
 189              		.syntax unified
 190              		.thumb
 191              		.thumb_func
 192              		.fpu softvfp
 194              	IK_SWACQ_GetBufferedKeyState:
 195              		@ args = 0, pretend = 0, frame = 0
 196              		@ frame_needed = 0, uses_anonymous_args = 0
 197 0000 30B5     		push	{r4, r5, lr}
 198 0002 40B1     		cbz	r0, .L36
 199 0004 094B     		ldr	r3, .L37
 200 0006 1B68     		ldr	r3, [r3]
 201 0008 33B1     		cbz	r3, .L27
 202 000a 094A     		ldr	r2, .L37+4
 203 000c 1588     		ldrh	r5, [r2]
 204 000e 0022     		movs	r2, #0
 205              	.L29:
 206 0010 91B2     		uxth	r1, r2
 207 0012 8D42     		cmp	r5, r1
 208 0014 02D8     		bhi	.L30
 209              	.L36:
 210 0016 0023     		movs	r3, #0
 211              	.L27:
 212 0018 1846     		mov	r0, r3
 213 001a 30BD     		pop	{r4, r5, pc}
 214              	.L30:
 215 001c 9100     		lsls	r1, r2, #2
 216 001e 5C18     		adds	r4, r3, r1
 217 0020 595A     		ldrh	r1, [r3, r1]
 218 0022 0132     		adds	r2, r2, #1
 219 0024 8142     		cmp	r1, r0
 220 0026 F3D1     		bne	.L29
 221 0028 2346     		mov	r3, r4
 222 002a F5E7     		b	.L27
 223              	.L38:
 224              		.align	2
 225              	.L37:
 226 002c 00000000 		.word	.LANCHOR2
 227 0030 00000000 		.word	.LANCHOR1
 229              		.section	.text.IK_SWACQ_GetInitialisedBufferedKeyState,"ax",%progbits
 230              		.align	1
 231              		.global	IK_SWACQ_GetInitialisedBufferedKeyState
 232              		.syntax unified
 233              		.thumb
 234              		.thumb_func
 235              		.fpu softvfp
 237              	IK_SWACQ_GetInitialisedBufferedKeyState:
 238              		@ args = 0, pretend = 0, frame = 0
 239              		@ frame_needed = 0, uses_anonymous_args = 0
 240 0000 70B5     		push	{r4, r5, r6, lr}
 241 0002 0646     		mov	r6, r0
 242 0004 E0B1     		cbz	r0, .L43
 243 0006 104B     		ldr	r3, .L46
ARM GAS  /tmp/ccCjfoO5.s 			page 5


 244 0008 1D68     		ldr	r5, [r3]
 245 000a DDB1     		cbz	r5, .L44
 246 000c FFF7FEFF 		bl	IK_SWACQ_GetBufferedKeyState
 247 0010 0446     		mov	r4, r0
 248 0012 98B9     		cbnz	r0, .L39
 249 0014 0D4B     		ldr	r3, .L46+4
 250 0016 1888     		ldrh	r0, [r3]
 251 0018 2346     		mov	r3, r4
 252              	.L41:
 253 001a 9AB2     		uxth	r2, r3
 254 001c 9042     		cmp	r0, r2
 255 001e 04D8     		bhi	.L42
 256 0020 1030     		adds	r0, r0, #16
 257 0022 80B2     		uxth	r0, r0
 258 0024 FFF7FEFF 		bl	IK_SWACQ_ReAllocKeyStateBuffer
 259 0028 08E0     		b	.L39
 260              	.L42:
 261 002a 9900     		lsls	r1, r3, #2
 262 002c 6A18     		adds	r2, r5, r1
 263 002e 695A     		ldrh	r1, [r5, r1]
 264 0030 0133     		adds	r3, r3, #1
 265 0032 0029     		cmp	r1, #0
 266 0034 F1D1     		bne	.L41
 267 0036 1446     		mov	r4, r2
 268 0038 1680     		strh	r6, [r2]	@ movhi
 269 003a 9170     		strb	r1, [r2, #2]
 270              	.L39:
 271 003c 2046     		mov	r0, r4
 272 003e 70BD     		pop	{r4, r5, r6, pc}
 273              	.L43:
 274 0040 0446     		mov	r4, r0
 275 0042 FBE7     		b	.L39
 276              	.L44:
 277 0044 2C46     		mov	r4, r5
 278 0046 F9E7     		b	.L39
 279              	.L47:
 280              		.align	2
 281              	.L46:
 282 0048 00000000 		.word	.LANCHOR2
 283 004c 00000000 		.word	.LANCHOR1
 285              		.section	.text.IK_SWACQ_PollStatusReportCallback,"ax",%progbits
 286              		.align	1
 287              		.global	IK_SWACQ_PollStatusReportCallback
 288              		.syntax unified
 289              		.thumb
 290              		.thumb_func
 291              		.fpu softvfp
 293              	IK_SWACQ_PollStatusReportCallback:
 294              		@ args = 0, pretend = 0, frame = 16
 295              		@ frame_needed = 0, uses_anonymous_args = 0
 296 0000 30B5     		push	{r4, r5, lr}
 297 0002 85B2     		uxth	r5, r0
 298 0004 85B0     		sub	sp, sp, #20
 299 0006 0190     		str	r0, [sp, #4]
 300 0008 15B9     		cbnz	r5, .L49
 301              	.L51:
 302 000a 0120     		movs	r0, #1
ARM GAS  /tmp/ccCjfoO5.s 			page 6


 303              	.L50:
 304 000c 05B0     		add	sp, sp, #20
 305              		@ sp needed
 306 000e 30BD     		pop	{r4, r5, pc}
 307              	.L49:
 308 0010 2846     		mov	r0, r5
 309 0012 9DF80640 		ldrb	r4, [sp, #6]	@ zero_extendqisi2
 310 0016 FFF7FEFF 		bl	IK_SWACQ_GetInitialisedBufferedKeyState
 311 001a 0028     		cmp	r0, #0
 312 001c F5D0     		beq	.L51
 313 001e 8378     		ldrb	r3, [r0, #2]	@ zero_extendqisi2
 314 0020 A342     		cmp	r3, r4
 315 0022 0BD0     		beq	.L52
 316 0024 8470     		strb	r4, [r0, #2]
 317 0026 14F1FF34 		adds	r4, r4, #-1
 318 002a 18BF     		it	ne
 319 002c 0124     		movne	r4, #1
 320 002e ADF80C50 		strh	r5, [sp, #12]	@ movhi
 321 0032 8DF80E40 		strb	r4, [sp, #14]
 322 0036 0398     		ldr	r0, [sp, #12]
 323 0038 FFF7FEFF 		bl	IK_KBM_KeystrokeEvent
 324              	.L52:
 325 003c 0020     		movs	r0, #0
 326 003e E5E7     		b	.L50
 328              		.section	.bss._swacq_init,"aw",%nobits
 329              		.align	2
 330              		.set	.LANCHOR0,. + 0
 333              	_swacq_init:
 334 0000 00000000 		.space	4
 335              		.section	.bss._swacq_ks_buf,"aw",%nobits
 336              		.align	2
 337              		.set	.LANCHOR2,. + 0
 340              	_swacq_ks_buf:
 341 0000 00000000 		.space	4
 342              		.section	.bss._swacq_ks_buf_cur_size,"aw",%nobits
 343              		.align	1
 344              		.set	.LANCHOR1,. + 0
 347              	_swacq_ks_buf_cur_size:
 348 0000 0000     		.space	2
 349              		.ident	"GCC: (15:6.3.1+svn253039-1build1) 6.3.1 20170620"
ARM GAS  /tmp/ccCjfoO5.s 			page 7


DEFINED SYMBOLS
                            *ABS*:0000000000000000 infinikeys_swacq.c
     /tmp/ccCjfoO5.s:13     .text.IK_SWACQ_PollTick:0000000000000000 $t
     /tmp/ccCjfoO5.s:20     .text.IK_SWACQ_PollTick:0000000000000000 IK_SWACQ_PollTick
     /tmp/ccCjfoO5.s:34     .text.IK_SWACQ_PollTick:0000000000000010 $d
     /tmp/ccCjfoO5.s:37     .text.IK_SWACQ_AllocKeyStateBuffer:0000000000000000 $t
     /tmp/ccCjfoO5.s:44     .text.IK_SWACQ_AllocKeyStateBuffer:0000000000000000 IK_SWACQ_AllocKeyStateBuffer
     /tmp/ccCjfoO5.s:63     .text.IK_SWACQ_AllocKeyStateBuffer:0000000000000020 $d
     /tmp/ccCjfoO5.s:67     .text.IK_SWACQ_Init:0000000000000000 $t
     /tmp/ccCjfoO5.s:74     .text.IK_SWACQ_Init:0000000000000000 IK_SWACQ_Init
     /tmp/ccCjfoO5.s:100    .text.IK_SWACQ_Init:0000000000000028 $d
     /tmp/ccCjfoO5.s:104    .text.IK_SWACQ_FreeKeyStateBuffer:0000000000000000 $t
     /tmp/ccCjfoO5.s:111    .text.IK_SWACQ_FreeKeyStateBuffer:0000000000000000 IK_SWACQ_FreeKeyStateBuffer
     /tmp/ccCjfoO5.s:123    .text.IK_SWACQ_FreeKeyStateBuffer:0000000000000010 $d
     /tmp/ccCjfoO5.s:126    .text.IK_SWACQ_DeInit:0000000000000000 $t
     /tmp/ccCjfoO5.s:133    .text.IK_SWACQ_DeInit:0000000000000000 IK_SWACQ_DeInit
     /tmp/ccCjfoO5.s:142    .text.IK_SWACQ_ReAllocKeyStateBuffer:0000000000000000 $t
     /tmp/ccCjfoO5.s:149    .text.IK_SWACQ_ReAllocKeyStateBuffer:0000000000000000 IK_SWACQ_ReAllocKeyStateBuffer
     /tmp/ccCjfoO5.s:183    .text.IK_SWACQ_ReAllocKeyStateBuffer:000000000000003c $d
     /tmp/ccCjfoO5.s:187    .text.IK_SWACQ_GetBufferedKeyState:0000000000000000 $t
     /tmp/ccCjfoO5.s:194    .text.IK_SWACQ_GetBufferedKeyState:0000000000000000 IK_SWACQ_GetBufferedKeyState
     /tmp/ccCjfoO5.s:226    .text.IK_SWACQ_GetBufferedKeyState:000000000000002c $d
     /tmp/ccCjfoO5.s:230    .text.IK_SWACQ_GetInitialisedBufferedKeyState:0000000000000000 $t
     /tmp/ccCjfoO5.s:237    .text.IK_SWACQ_GetInitialisedBufferedKeyState:0000000000000000 IK_SWACQ_GetInitialisedBufferedKeyState
     /tmp/ccCjfoO5.s:282    .text.IK_SWACQ_GetInitialisedBufferedKeyState:0000000000000048 $d
     /tmp/ccCjfoO5.s:286    .text.IK_SWACQ_PollStatusReportCallback:0000000000000000 $t
     /tmp/ccCjfoO5.s:293    .text.IK_SWACQ_PollStatusReportCallback:0000000000000000 IK_SWACQ_PollStatusReportCallback
     /tmp/ccCjfoO5.s:329    .bss._swacq_init:0000000000000000 $d
     /tmp/ccCjfoO5.s:333    .bss._swacq_init:0000000000000000 _swacq_init
     /tmp/ccCjfoO5.s:336    .bss._swacq_ks_buf:0000000000000000 $d
     /tmp/ccCjfoO5.s:340    .bss._swacq_ks_buf:0000000000000000 _swacq_ks_buf
     /tmp/ccCjfoO5.s:343    .bss._swacq_ks_buf_cur_size:0000000000000000 $d
     /tmp/ccCjfoO5.s:347    .bss._swacq_ks_buf_cur_size:0000000000000000 _swacq_ks_buf_cur_size

UNDEFINED SYMBOLS
malloc
memset
free
realloc
IK_KBM_KeystrokeEvent
